

================================================================
== Vitis HLS Report for 'krnl_bp_Pipeline_l_main'
================================================================
* Date:           Wed Aug  7 14:54:10 2024

* Version:        2022.2 (Build 3670227 on Oct 13 2022)
* Project:        krnl_bp
* Solution:       solution (Vitis Kernel Flow Target)
* Product family: virtexuplus
* Target device:  xcu250-figd2104-2L-e


================================================================
== Performance Estimates
================================================================
+ Timing: 
    * Summary: 
    +--------+---------+----------+------------+
    |  Clock |  Target | Estimated| Uncertainty|
    +--------+---------+----------+------------+
    |ap_clk  |  3.33 ns|  2.692 ns|     0.90 ns|
    +--------+---------+----------+------------+

+ Latency: 
    * Summary: 
    +---------+---------+----------+----------+-----+-----+---------+
    |  Latency (cycles) |  Latency (absolute) |  Interval | Pipeline|
    |   min   |   max   |    min   |    max   | min | max |   Type  |
    +---------+---------+----------+----------+-----+-----+---------+
    |      869|      869|  2.896 us|  2.896 us|  869|  869|       no|
    +---------+---------+----------+----------+-----+-----+---------+

    + Detail: 
        * Instance: 
        +-----------------------------+------------------+---------+---------+-----------+-----------+-----+-----+---------+
        |                             |                  |  Latency (cycles) |   Latency (absolute)  |  Interval | Pipeline|
        |           Instance          |      Module      |   min   |   max   |    min    |    max    | min | max |   Type  |
        +-----------------------------+------------------+---------+---------+-----------+-----------+-----+-----+---------+
        |grp_replicate_stream_fu_358  |replicate_stream  |        7|        7|  23.331 ns|  23.331 ns|    8|    8|      yes|
        |grp_mac_fu_378               |mac               |      182|      182|   0.607 us|   0.607 us|  127|  127|      yes|
        +-----------------------------+------------------+---------+---------+-----------+-----------+-----+-----+---------+

        * Loop: 
        +----------+---------+---------+----------+-----------+-----------+------+----------+
        |          |  Latency (cycles) | Iteration|  Initiation Interval  | Trip |          |
        | Loop Name|   min   |   max   |  Latency |  achieved |   target  | Count| Pipelined|
        +----------+---------+---------+----------+-----------+-----------+------+----------+
        |- l_main  |      868|      868|       434|          -|          -|     2|        no|
        +----------+---------+---------+----------+-----------+-----------+------+----------+



================================================================
== Utilization Estimates
================================================================
* Summary: 
+---------------------+---------+-------+---------+---------+------+
|         Name        | BRAM_18K|  DSP  |    FF   |   LUT   | URAM |
+---------------------+---------+-------+---------+---------+------+
|DSP                  |        -|      -|        -|        -|     -|
|Expression           |        -|      -|        0|     1074|     -|
|FIFO                 |        0|      -|     1655|     1479|     -|
|Instance             |        -|     23|     3920|     2938|     -|
|Memory               |        -|      -|        -|        -|     -|
|Multiplexer          |        -|      -|        -|     3886|     -|
|Register             |        -|      -|     3095|        -|     -|
+---------------------+---------+-------+---------+---------+------+
|Total                |        0|     23|     8670|     9377|     0|
+---------------------+---------+-------+---------+---------+------+
|Available SLR        |     1344|   3072|   864000|   432000|   320|
+---------------------+---------+-------+---------+---------+------+
|Utilization SLR (%)  |        0|     ~0|        1|        2|     0|
+---------------------+---------+-------+---------+---------+------+
|Available            |     5376|  12288|  3456000|  1728000|  1280|
+---------------------+---------+-------+---------+---------+------+
|Utilization (%)      |        0|     ~0|       ~0|       ~0|     0|
+---------------------+---------+-------+---------+---------+------+

+ Detail: 
    * Instance: 
    +------------------------------------+--------------------------------+---------+----+------+------+-----+
    |              Instance              |             Module             | BRAM_18K| DSP|  FF  |  LUT | URAM|
    +------------------------------------+--------------------------------+---------+----+------+------+-----+
    |fcmp_32ns_32ns_1_2_no_dsp_1_U28     |fcmp_32ns_32ns_1_2_no_dsp_1     |        0|   0|     0|     0|    0|
    |fcmp_32ns_32ns_1_2_no_dsp_1_U29     |fcmp_32ns_32ns_1_2_no_dsp_1     |        0|   0|     0|     0|    0|
    |fmul_32ns_32ns_32_4_max_dsp_1_U21   |fmul_32ns_32ns_32_4_max_dsp_1   |        0|   3|   143|    78|    0|
    |fmul_32ns_32ns_32_4_max_dsp_1_U22   |fmul_32ns_32ns_32_4_max_dsp_1   |        0|   3|   143|    78|    0|
    |fmul_32ns_32ns_32_4_max_dsp_1_U23   |fmul_32ns_32ns_32_4_max_dsp_1   |        0|   3|   143|    78|    0|
    |fmul_32ns_32ns_32_4_max_dsp_1_U24   |fmul_32ns_32ns_32_4_max_dsp_1   |        0|   3|   143|    78|    0|
    |fmul_32ns_32ns_32_4_max_dsp_1_U25   |fmul_32ns_32ns_32_4_max_dsp_1   |        0|   3|   143|    78|    0|
    |fmul_32ns_32ns_32_4_max_dsp_1_U26   |fmul_32ns_32ns_32_4_max_dsp_1   |        0|   3|   143|    78|    0|
    |fmul_32ns_32ns_32_4_max_dsp_1_U27   |fmul_32ns_32ns_32_4_max_dsp_1   |        0|   3|   143|    78|    0|
    |fsub_32ns_32ns_32_7_full_dsp_1_U20  |fsub_32ns_32ns_32_7_full_dsp_1  |        0|   2|   318|   198|    0|
    |grp_mac_fu_378                      |mac                             |        0|   0|  2593|  2099|    0|
    |grp_replicate_stream_fu_358         |replicate_stream                |        0|   0|     8|    95|    0|
    +------------------------------------+--------------------------------+---------+----+------+------+-----+
    |Total                               |                                |        0|  23|  3920|  2938|    0|
    +------------------------------------+--------------------------------+---------+----+------+------+-----+

    * DSP: 
    N/A

    * Memory: 
    N/A

    * FIFO: 
    +----------------------------+---------+-----+----+-----+------+-----+---------+
    |            Name            | BRAM_18K|  FF | LUT| URAM| Depth| Bits| Size:D*B|
    +----------------------------+---------+-----+----+-----+------+-----+---------+
    |p_stream_fifo_U             |        0|  121|   0|    -|    68|   32|     2176|
    |q_stream_fifo_U             |        0|  118|   0|    -|    36|   32|     1152|
    |u_copy_1_stream_fifo_U      |        0|  118|   0|    -|    36|   32|     1152|
    |u_copy_2_stream_fifo_U      |        0|  118|   0|    -|    36|   32|     1152|
    |u_copy_3_stream_fifo_U      |        0|  118|   0|    -|    36|   32|     1152|
    |x_hat_copy_1_stream_fifo_U  |        0|  118|   0|    -|    36|   32|     1152|
    |x_hat_copy_2_stream_fifo_U  |        0|  118|   0|    -|    36|   32|     1152|
    |x_hat_copy_3_stream_fifo_U  |        0|  118|   0|    -|    36|   32|     1152|
    |x_hat_stream_fifo_U         |        0|  118|   0|    -|    36|   32|     1152|
    |x_hat_u_stream_fifo_U       |        0|  118|   0|    -|    36|   32|     1152|
    |x_hat_z_stream_fifo_U       |        0|  118|   0|    -|    36|   32|     1152|
    |x_stream_fifo_U             |        0|  118|   0|    -|    36|   32|     1152|
    |z_copy_1_stream_fifo_U      |        0|  118|   0|    -|    36|   32|     1152|
    |z_stream_fifo_U             |        0|  118|   0|    -|    36|   32|     1152|
    +----------------------------+---------+-----+----+-----+------+-----+---------+
    |Total                       |        0| 1655|   0|    0|   536|  448|    17152|
    +----------------------------+---------+-----+----+-----+------+-----+---------+

    * Expression: 
    +--------------------------+----------+----+---+----+------------+------------+
    |       Variable Name      | Operation| DSP| FF| LUT| Bitwidth P0| Bitwidth P1|
    +--------------------------+----------+----+---+----+------------+------------+
    |i_3_fu_522_p2             |         +|   0|  0|   9|           2|           1|
    |and_ln185_1_fu_1287_p2    |       and|   0|  0|   2|           1|           1|
    |and_ln185_2_fu_1387_p2    |       and|   0|  0|   2|           1|           1|
    |and_ln185_3_fu_1487_p2    |       and|   0|  0|   2|           1|           1|
    |and_ln185_4_fu_1587_p2    |       and|   0|  0|   2|           1|           1|
    |and_ln185_5_fu_1687_p2    |       and|   0|  0|   2|           1|           1|
    |and_ln185_6_fu_1787_p2    |       and|   0|  0|   2|           1|           1|
    |and_ln185_7_fu_1887_p2    |       and|   0|  0|   2|           1|           1|
    |and_ln185_fu_1187_p2      |       and|   0|  0|   2|           1|           1|
    |and_ln187_1_fu_1337_p2    |       and|   0|  0|   2|           1|           1|
    |and_ln187_2_fu_1437_p2    |       and|   0|  0|   2|           1|           1|
    |and_ln187_3_fu_1537_p2    |       and|   0|  0|   2|           1|           1|
    |and_ln187_4_fu_1637_p2    |       and|   0|  0|   2|           1|           1|
    |and_ln187_5_fu_1737_p2    |       and|   0|  0|   2|           1|           1|
    |and_ln187_6_fu_1837_p2    |       and|   0|  0|   2|           1|           1|
    |and_ln187_7_fu_1937_p2    |       and|   0|  0|   2|           1|           1|
    |and_ln187_fu_1237_p2      |       and|   0|  0|   2|           1|           1|
    |ap_ext_blocking_n         |       and|   0|  0|   2|           1|           2|
    |ap_int_blocking_n         |       and|   0|  0|   2|           1|           2|
    |ap_str_blocking_n         |       and|   0|  0|   2|           1|           2|
    |icmp_ln185_10_fu_1669_p2  |      icmp|   0|  0|  11|           8|           2|
    |icmp_ln185_11_fu_1675_p2  |      icmp|   0|  0|  16|          23|           1|
    |icmp_ln185_12_fu_1769_p2  |      icmp|   0|  0|  11|           8|           2|
    |icmp_ln185_13_fu_1775_p2  |      icmp|   0|  0|  16|          23|           1|
    |icmp_ln185_14_fu_1869_p2  |      icmp|   0|  0|  11|           8|           2|
    |icmp_ln185_15_fu_1875_p2  |      icmp|   0|  0|  16|          23|           1|
    |icmp_ln185_1_fu_1175_p2   |      icmp|   0|  0|  16|          23|           1|
    |icmp_ln185_2_fu_1269_p2   |      icmp|   0|  0|  11|           8|           2|
    |icmp_ln185_3_fu_1275_p2   |      icmp|   0|  0|  16|          23|           1|
    |icmp_ln185_4_fu_1369_p2   |      icmp|   0|  0|  11|           8|           2|
    |icmp_ln185_5_fu_1375_p2   |      icmp|   0|  0|  16|          23|           1|
    |icmp_ln185_6_fu_1469_p2   |      icmp|   0|  0|  11|           8|           2|
    |icmp_ln185_7_fu_1475_p2   |      icmp|   0|  0|  16|          23|           1|
    |icmp_ln185_8_fu_1569_p2   |      icmp|   0|  0|  11|           8|           2|
    |icmp_ln185_9_fu_1575_p2   |      icmp|   0|  0|  16|          23|           1|
    |icmp_ln185_fu_1169_p2     |      icmp|   0|  0|  11|           8|           2|
    |icmp_ln187_10_fu_1719_p2  |      icmp|   0|  0|  11|           8|           2|
    |icmp_ln187_11_fu_1725_p2  |      icmp|   0|  0|  16|          23|           1|
    |icmp_ln187_12_fu_1819_p2  |      icmp|   0|  0|  11|           8|           2|
    |icmp_ln187_13_fu_1825_p2  |      icmp|   0|  0|  16|          23|           1|
    |icmp_ln187_14_fu_1919_p2  |      icmp|   0|  0|  11|           8|           2|
    |icmp_ln187_15_fu_1925_p2  |      icmp|   0|  0|  16|          23|           1|
    |icmp_ln187_1_fu_1225_p2   |      icmp|   0|  0|  16|          23|           1|
    |icmp_ln187_2_fu_1319_p2   |      icmp|   0|  0|  11|           8|           2|
    |icmp_ln187_3_fu_1325_p2   |      icmp|   0|  0|  16|          23|           1|
    |icmp_ln187_4_fu_1419_p2   |      icmp|   0|  0|  11|           8|           2|
    |icmp_ln187_5_fu_1425_p2   |      icmp|   0|  0|  16|          23|           1|
    |icmp_ln187_6_fu_1519_p2   |      icmp|   0|  0|  11|           8|           2|
    |icmp_ln187_7_fu_1525_p2   |      icmp|   0|  0|  16|          23|           1|
    |icmp_ln187_8_fu_1619_p2   |      icmp|   0|  0|  11|           8|           2|
    |icmp_ln187_9_fu_1625_p2   |      icmp|   0|  0|  16|          23|           1|
    |icmp_ln187_fu_1219_p2     |      icmp|   0|  0|  11|           8|           2|
    |icmp_ln433_fu_516_p2      |      icmp|   0|  0|   8|           2|           3|
    |ap_block_state10          |        or|   0|  0|   2|           1|           1|
    |ap_block_state112         |        or|   0|  0|   2|           1|           1|
    |ap_block_state129         |        or|   0|  0|   2|           1|           1|
    |ap_block_state347         |        or|   0|  0|   2|           1|           1|
    |ap_block_state355         |        or|   0|  0|   2|           1|           1|
    |or_ln185_1_fu_1281_p2     |        or|   0|  0|   2|           1|           1|
    |or_ln185_2_fu_1381_p2     |        or|   0|  0|   2|           1|           1|
    |or_ln185_3_fu_1481_p2     |        or|   0|  0|   2|           1|           1|
    |or_ln185_4_fu_1581_p2     |        or|   0|  0|   2|           1|           1|
    |or_ln185_5_fu_1681_p2     |        or|   0|  0|   2|           1|           1|
    |or_ln185_6_fu_1781_p2     |        or|   0|  0|   2|           1|           1|
    |or_ln185_7_fu_1881_p2     |        or|   0|  0|   2|           1|           1|
    |or_ln185_fu_1181_p2       |        or|   0|  0|   2|           1|           1|
    |or_ln187_1_fu_1331_p2     |        or|   0|  0|   2|           1|           1|
    |or_ln187_2_fu_1431_p2     |        or|   0|  0|   2|           1|           1|
    |or_ln187_3_fu_1531_p2     |        or|   0|  0|   2|           1|           1|
    |or_ln187_4_fu_1631_p2     |        or|   0|  0|   2|           1|           1|
    |or_ln187_5_fu_1731_p2     |        or|   0|  0|   2|           1|           1|
    |or_ln187_6_fu_1831_p2     |        or|   0|  0|   2|           1|           1|
    |or_ln187_7_fu_1931_p2     |        or|   0|  0|   2|           1|           1|
    |or_ln187_fu_1231_p2       |        or|   0|  0|   2|           1|           1|
    |abs0_11_fu_1693_p3        |    select|   0|  0|  32|           1|          32|
    |abs0_13_fu_1793_p3        |    select|   0|  0|  32|           1|          32|
    |abs0_15_fu_1893_p3        |    select|   0|  0|  32|           1|          32|
    |abs0_1_fu_1193_p3         |    select|   0|  0|  32|           1|          32|
    |abs0_3_fu_1293_p3         |    select|   0|  0|  32|           1|          32|
    |abs0_5_fu_1393_p3         |    select|   0|  0|  32|           1|          32|
    |abs0_7_fu_1493_p3         |    select|   0|  0|  32|           1|          32|
    |abs0_9_fu_1593_p3         |    select|   0|  0|  32|           1|          32|
    |abs1_11_fu_1743_p3        |    select|   0|  0|  32|           1|          32|
    |abs1_13_fu_1843_p3        |    select|   0|  0|  32|           1|          32|
    |abs1_15_fu_1943_p3        |    select|   0|  0|  32|           1|          32|
    |abs1_1_fu_1243_p3         |    select|   0|  0|  32|           1|          32|
    |abs1_3_fu_1343_p3         |    select|   0|  0|  32|           1|          32|
    |abs1_5_fu_1443_p3         |    select|   0|  0|  32|           1|          32|
    |abs1_7_fu_1543_p3         |    select|   0|  0|  32|           1|          32|
    |abs1_9_fu_1643_p3         |    select|   0|  0|  32|           1|          32|
    |grp_fu_436_p2             |       xor|   0|  0|  33|          32|          33|
    +--------------------------+----------+----+---+----+------------+------------+
    |Total                     |          |   0|  0|1074|         588|         640|
    +--------------------------+----------+----+---+----+------------+------------+

    * Multiplexer: 
    +------------------------------------------------------------+------+-----------+-----+-----------+
    |                            Name                            |  LUT | Input Size| Bits| Total Bits|
    +------------------------------------------------------------+------+-----------+-----+-----------+
    |ap_NS_fsm                                                   |  2297|        436|    1|        436|
    |grp_fu_390_ce                                               |    14|          3|    1|          3|
    |grp_fu_390_opcode                                           |    20|          4|    2|          8|
    |grp_fu_390_p0                                               |   286|         66|   32|       2112|
    |grp_fu_390_p1                                               |   253|         59|   32|       1888|
    |grp_fu_394_p0                                               |    49|          9|   32|        288|
    |grp_fu_398_ce                                               |    14|          3|    1|          3|
    |grp_fu_398_p0                                               |    59|         11|   32|        352|
    |grp_fu_398_p1                                               |    26|          5|   32|        160|
    |grp_fu_426_p0                                               |    14|          3|   32|         96|
    |grp_fu_431_p0                                               |    14|          3|   32|         96|
    |grp_replicate_stream_fu_358_krnl_bp_u_copy_1_stream_full_n  |    14|          3|    1|          3|
    |grp_replicate_stream_fu_358_krnl_bp_u_copy_2_stream_full_n  |    14|          3|    1|          3|
    |grp_replicate_stream_fu_358_krnl_bp_u_copy_3_stream_full_n  |    14|          3|    1|          3|
    |grp_replicate_stream_fu_358_krnl_bp_u_stream_dout           |    14|          3|   32|         96|
    |grp_replicate_stream_fu_358_krnl_bp_u_stream_empty_n        |    14|          3|    1|          3|
    |i_fu_170                                                    |     9|          2|    2|          4|
    |mac_res_stream_i_blk_n                                      |    14|          3|    1|          3|
    |mac_res_stream_write                                        |     9|          2|    1|          2|
    |p_stream_read                                               |     9|          2|    1|          2|
    |p_stream_write                                              |     9|          2|    1|          2|
    |q_stream_din                                                |    49|          9|   32|        288|
    |u_copy_1_stream_write                                       |     9|          2|    1|          2|
    |u_copy_2_stream_write                                       |     9|          2|    1|          2|
    |u_copy_3_stream_write                                       |     9|          2|    1|          2|
    |u_stream_din                                                |    49|          9|   32|        288|
    |u_stream_i_blk_n                                            |     9|          2|    1|          2|
    |u_stream_o_blk_n                                            |     9|          2|    1|          2|
    |u_stream_read                                               |     9|          2|    1|          2|
    |vec_q_bram_address0                                         |    49|          9|    3|         27|
    |x_bram_address0                                             |    49|          9|    3|         27|
    |x_bram_d0                                                   |    49|          9|   32|        288|
    |x_hat_copy_1_stream_write                                   |     9|          2|    1|          2|
    |x_hat_copy_2_stream_write                                   |     9|          2|    1|          2|
    |x_hat_copy_3_stream_write                                   |     9|          2|    1|          2|
    |x_hat_stream_din                                            |    49|          9|   32|        288|
    |x_hat_stream_read                                           |     9|          2|    1|          2|
    |x_hat_u_stream_din                                          |    49|          9|   32|        288|
    |x_hat_z_stream_din                                          |    49|          9|   32|        288|
    |x_stream_din                                                |    49|          9|   32|        288|
    |z_copy_1_stream_write                                       |     9|          2|    1|          2|
    |z_copy_2_stream_i_blk_n                                     |    14|          3|    1|          3|
    |z_copy_2_stream_write                                       |     9|          2|    1|          2|
    |z_old_stream_i_blk_n                                        |    14|          3|    1|          3|
    |z_old_stream_write                                          |     9|          2|    1|          2|
    |z_stream_din                                                |    49|          9|   32|        288|
    |z_stream_read                                               |     9|          2|    1|          2|
    |z_u_stream_din                                              |    49|          9|   32|        288|
    |z_u_stream_i_blk_n                                          |     9|          2|    1|          2|
    |z_u_stream_o_blk_n                                          |     9|          2|    1|          2|
    |z_u_stream_read                                             |     9|          2|    1|          2|
    +------------------------------------------------------------+------+-----------+-----+-----------+
    |Total                                                       |  3886|        767|  584|       8249|
    +------------------------------------------------------------+------+-----------+-----+-----------+

    * Register: 
    +------------------------------------------+-----+----+-----+-----------+
    |                   Name                   |  FF | LUT| Bits| Const Bits|
    +------------------------------------------+-----+----+-----+-----------+
    |abs0_11_reg_2957                          |   32|   0|   32|          0|
    |abs0_13_reg_2967                          |   32|   0|   32|          0|
    |abs0_15_reg_2977                          |   32|   0|   32|          0|
    |abs0_1_reg_2907                           |   32|   0|   32|          0|
    |abs0_3_reg_2917                           |   32|   0|   32|          0|
    |abs0_5_reg_2927                           |   32|   0|   32|          0|
    |abs0_7_reg_2937                           |   32|   0|   32|          0|
    |abs0_9_reg_2947                           |   32|   0|   32|          0|
    |abs1_11_reg_2962                          |   32|   0|   32|          0|
    |abs1_13_reg_2972                          |   32|   0|   32|          0|
    |abs1_15_reg_2982                          |   32|   0|   32|          0|
    |abs1_1_reg_2912                           |   32|   0|   32|          0|
    |abs1_3_reg_2922                           |   32|   0|   32|          0|
    |abs1_5_reg_2932                           |   32|   0|   32|          0|
    |abs1_7_reg_2942                           |   32|   0|   32|          0|
    |abs1_9_reg_2952                           |   32|   0|   32|          0|
    |ap_CS_fsm                                 |  435|   0|  435|          0|
    |grp_mac_fu_378_ap_start_reg               |    1|   0|    1|          0|
    |grp_replicate_stream_fu_358_ap_start_reg  |    1|   0|    1|          0|
    |i_fu_170                                  |    2|   0|    2|          0|
    |q_stream_read_1_reg_2277                  |   32|   0|   32|          0|
    |q_stream_read_2_reg_2302                  |   32|   0|   32|          0|
    |q_stream_read_3_reg_2332                  |   32|   0|   32|          0|
    |q_stream_read_4_reg_2362                  |   32|   0|   32|          0|
    |q_stream_read_5_reg_2392                  |   32|   0|   32|          0|
    |q_stream_read_6_reg_2427                  |   32|   0|   32|          0|
    |q_stream_read_7_reg_2457                  |   32|   0|   32|          0|
    |q_stream_read_reg_2247                    |   32|   0|   32|          0|
    |reg_442                                   |   32|   0|   32|          0|
    |reg_446                                   |   32|   0|   32|          0|
    |reg_450                                   |   32|   0|   32|          0|
    |reg_454                                   |   32|   0|   32|          0|
    |reg_459                                   |   32|   0|   32|          0|
    |reg_465                                   |   32|   0|   32|          0|
    |reg_469                                   |   32|   0|   32|          0|
    |reg_473                                   |   32|   0|   32|          0|
    |reg_477                                   |   32|   0|   32|          0|
    |reg_481                                   |   32|   0|   32|          0|
    |reg_485                                   |   32|   0|   32|          0|
    |reg_490                                   |   32|   0|   32|          0|
    |reg_495                                   |   32|   0|   32|          0|
    |reg_500                                   |   32|   0|   32|          0|
    |reg_504                                   |   32|   0|   32|          0|
    |tmp_1_1_reg_2657                          |   32|   0|   32|          0|
    |tmp_1_2_reg_2667                          |   32|   0|   32|          0|
    |tmp_1_3_reg_2677                          |   32|   0|   32|          0|
    |tmp_1_4_reg_2687                          |   32|   0|   32|          0|
    |tmp_1_5_reg_2697                          |   32|   0|   32|          0|
    |tmp_1_6_reg_2702                          |   32|   0|   32|          0|
    |tmp_1_reg_2647                            |   32|   0|   32|          0|
    |tmp_2_1_reg_2397                          |   32|   0|   32|          0|
    |tmp_2_2_reg_2522                          |   32|   0|   32|          0|
    |tmp_2_3_reg_2527                          |   32|   0|   32|          0|
    |tmp_2_4_reg_2532                          |   32|   0|   32|          0|
    |tmp_2_5_reg_2537                          |   32|   0|   32|          0|
    |tmp_2_6_reg_2542                          |   32|   0|   32|          0|
    |tmp_2_7_reg_2547                          |   32|   0|   32|          0|
    |u_copy_2_stream_read_1_reg_2282           |   32|   0|   32|          0|
    |u_copy_2_stream_read_2_reg_2312           |   32|   0|   32|          0|
    |u_copy_2_stream_read_3_reg_2342           |   32|   0|   32|          0|
    |u_copy_2_stream_read_4_reg_2372           |   32|   0|   32|          0|
    |u_copy_2_stream_read_5_reg_2407           |   32|   0|   32|          0|
    |u_copy_2_stream_read_6_reg_2437           |   32|   0|   32|          0|
    |u_copy_2_stream_read_7_reg_2467           |   32|   0|   32|          0|
    |u_copy_2_stream_read_reg_2257             |   32|   0|   32|          0|
    |u_copy_3_stream_read_1_reg_2287           |   32|   0|   32|          0|
    |u_copy_3_stream_read_2_reg_2317           |   32|   0|   32|          0|
    |u_copy_3_stream_read_3_reg_2347           |   32|   0|   32|          0|
    |u_copy_3_stream_read_4_reg_2377           |   32|   0|   32|          0|
    |u_copy_3_stream_read_5_reg_2412           |   32|   0|   32|          0|
    |u_copy_3_stream_read_6_reg_2442           |   32|   0|   32|          0|
    |u_copy_3_stream_read_7_reg_2472           |   32|   0|   32|          0|
    |u_copy_3_stream_read_reg_2262             |   32|   0|   32|          0|
    |x_hat_copy_2_stream_read_1_reg_2722       |   32|   0|   32|          0|
    |x_hat_copy_2_stream_read_2_reg_2737       |   32|   0|   32|          0|
    |x_hat_copy_2_stream_read_3_reg_2752       |   32|   0|   32|          0|
    |x_hat_copy_2_stream_read_4_reg_2767       |   32|   0|   32|          0|
    |x_hat_copy_2_stream_read_5_reg_2782       |   32|   0|   32|          0|
    |x_hat_copy_2_stream_read_6_reg_2797       |   32|   0|   32|          0|
    |x_hat_copy_2_stream_read_7_reg_2812       |   32|   0|   32|          0|
    |x_hat_copy_2_stream_read_reg_2707         |   32|   0|   32|          0|
    |z_old_stream_read_3_reg_2337              |   32|   0|   32|          0|
    |z_old_stream_read_4_reg_2367              |   32|   0|   32|          0|
    |z_old_stream_read_5_reg_2402              |   32|   0|   32|          0|
    |z_old_stream_read_6_reg_2432              |   32|   0|   32|          0|
    |z_old_stream_read_7_reg_2462              |   32|   0|   32|          0|
    |z_old_stream_read_reg_2252                |   32|   0|   32|          0|
    +------------------------------------------+-----+----+-----+-----------+
    |Total                                     | 3095|   0| 3095|          0|
    +------------------------------------------+-----+----+-----+-----------+



================================================================
== Interface
================================================================
* Summary: 
+-------------------------+-----+-----+------------+-------------------------+--------------+
|        RTL Ports        | Dir | Bits|  Protocol  |      Source Object      |    C Type    |
+-------------------------+-----+-----+------------+-------------------------+--------------+
|ap_clk                   |   in|    1|  ap_ctrl_hs|  krnl_bp_Pipeline_l_main|  return value|
|ap_rst                   |   in|    1|  ap_ctrl_hs|  krnl_bp_Pipeline_l_main|  return value|
|ap_start                 |   in|    1|  ap_ctrl_hs|  krnl_bp_Pipeline_l_main|  return value|
|ap_done                  |  out|    1|  ap_ctrl_hs|  krnl_bp_Pipeline_l_main|  return value|
|ap_idle                  |  out|    1|  ap_ctrl_hs|  krnl_bp_Pipeline_l_main|  return value|
|ap_ready                 |  out|    1|  ap_ctrl_hs|  krnl_bp_Pipeline_l_main|  return value|
|ap_ext_blocking_n        |  out|    1|  ap_ctrl_hs|  krnl_bp_Pipeline_l_main|  return value|
|ap_str_blocking_n        |  out|    1|  ap_ctrl_hs|  krnl_bp_Pipeline_l_main|  return value|
|ap_int_blocking_n        |  out|    1|  ap_ctrl_hs|  krnl_bp_Pipeline_l_main|  return value|
|grp_fu_363_p_din0        |  out|   32|  ap_ctrl_hs|  krnl_bp_Pipeline_l_main|  return value|
|grp_fu_363_p_din1        |  out|   32|  ap_ctrl_hs|  krnl_bp_Pipeline_l_main|  return value|
|grp_fu_363_p_opcode      |  out|    2|  ap_ctrl_hs|  krnl_bp_Pipeline_l_main|  return value|
|grp_fu_363_p_dout0       |   in|   32|  ap_ctrl_hs|  krnl_bp_Pipeline_l_main|  return value|
|grp_fu_363_p_ce          |  out|    1|  ap_ctrl_hs|  krnl_bp_Pipeline_l_main|  return value|
|alpha                    |   in|   32|     ap_none|                    alpha|        scalar|
|reg_alpha                |   in|   32|     ap_none|                reg_alpha|        scalar|
|rho                      |   in|   32|     ap_none|                      rho|        scalar|
|u_stream_dout            |   in|   32|     ap_fifo|                 u_stream|       pointer|
|u_stream_empty_n         |   in|    1|     ap_fifo|                 u_stream|       pointer|
|u_stream_read            |  out|    1|     ap_fifo|                 u_stream|       pointer|
|u_stream_din             |  out|   32|     ap_fifo|                 u_stream|       pointer|
|u_stream_full_n          |   in|    1|     ap_fifo|                 u_stream|       pointer|
|u_stream_write           |  out|    1|     ap_fifo|                 u_stream|       pointer|
|z_copy_2_stream_dout     |   in|   32|     ap_fifo|          z_copy_2_stream|       pointer|
|z_copy_2_stream_empty_n  |   in|    1|     ap_fifo|          z_copy_2_stream|       pointer|
|z_copy_2_stream_read     |  out|    1|     ap_fifo|          z_copy_2_stream|       pointer|
|z_copy_2_stream_din      |  out|   32|     ap_fifo|          z_copy_2_stream|       pointer|
|z_copy_2_stream_full_n   |   in|    1|     ap_fifo|          z_copy_2_stream|       pointer|
|z_copy_2_stream_write    |  out|    1|     ap_fifo|          z_copy_2_stream|       pointer|
|z_u_stream_dout          |   in|   32|     ap_fifo|               z_u_stream|       pointer|
|z_u_stream_empty_n       |   in|    1|     ap_fifo|               z_u_stream|       pointer|
|z_u_stream_read          |  out|    1|     ap_fifo|               z_u_stream|       pointer|
|z_u_stream_din           |  out|   32|     ap_fifo|               z_u_stream|       pointer|
|z_u_stream_full_n        |   in|    1|     ap_fifo|               z_u_stream|       pointer|
|z_u_stream_write         |  out|    1|     ap_fifo|               z_u_stream|       pointer|
|mac_res_stream_dout      |   in|   32|     ap_fifo|           mac_res_stream|       pointer|
|mac_res_stream_empty_n   |   in|    1|     ap_fifo|           mac_res_stream|       pointer|
|mac_res_stream_read      |  out|    1|     ap_fifo|           mac_res_stream|       pointer|
|mac_res_stream_din       |  out|   32|     ap_fifo|           mac_res_stream|       pointer|
|mac_res_stream_full_n    |   in|    1|     ap_fifo|           mac_res_stream|       pointer|
|mac_res_stream_write     |  out|    1|     ap_fifo|           mac_res_stream|       pointer|
|mat_p_bram_address0      |  out|    6|   ap_memory|               mat_p_bram|         array|
|mat_p_bram_ce0           |  out|    1|   ap_memory|               mat_p_bram|         array|
|mat_p_bram_q0            |   in|   32|   ap_memory|               mat_p_bram|         array|
|mat_p_bram_address1      |  out|    6|   ap_memory|               mat_p_bram|         array|
|mat_p_bram_ce1           |  out|    1|   ap_memory|               mat_p_bram|         array|
|mat_p_bram_q1            |   in|   32|   ap_memory|               mat_p_bram|         array|
|z_old_stream_dout        |   in|   32|     ap_fifo|             z_old_stream|       pointer|
|z_old_stream_empty_n     |   in|    1|     ap_fifo|             z_old_stream|       pointer|
|z_old_stream_read        |  out|    1|     ap_fifo|             z_old_stream|       pointer|
|z_old_stream_din         |  out|   32|     ap_fifo|             z_old_stream|       pointer|
|z_old_stream_full_n      |   in|    1|     ap_fifo|             z_old_stream|       pointer|
|z_old_stream_write       |  out|    1|     ap_fifo|             z_old_stream|       pointer|
|vec_q_bram_address0      |  out|    3|   ap_memory|               vec_q_bram|         array|
|vec_q_bram_ce0           |  out|    1|   ap_memory|               vec_q_bram|         array|
|vec_q_bram_q0            |   in|   32|   ap_memory|               vec_q_bram|         array|
|x_bram_address0          |  out|    3|   ap_memory|                   x_bram|         array|
|x_bram_ce0               |  out|    1|   ap_memory|                   x_bram|         array|
|x_bram_we0               |  out|    1|   ap_memory|                   x_bram|         array|
|x_bram_d0                |  out|   32|   ap_memory|                   x_bram|         array|
+-------------------------+-----+-----+------------+-------------------------+--------------+

