

================================================================
== Vitis HLS Report for 'pow_generic_double_s'
================================================================
* Date:           Tue Apr 15 09:07:47 2025

* Version:        2022.2 (Build 3670227 on Oct 13 2022)
* Project:        krnl_bp
* Solution:       solution (Vitis Kernel Flow Target)
* Product family: virtexuplus
* Target device:  xcu280-fsvh2892-2L-e


================================================================
== Performance Estimates
================================================================
+ Timing: 
    * Summary: 
    +--------+---------+----------+------------+
    |  Clock |  Target | Estimated| Uncertainty|
    +--------+---------+----------+------------+
    |ap_clk  |  3.33 ns|  2.420 ns|     0.90 ns|
    +--------+---------+----------+------------+

+ Latency: 
    * Summary: 
    +---------+---------+----------+----------+-----+-----+---------+
    |  Latency (cycles) |  Latency (absolute) |  Interval | Pipeline|
    |   min   |   max   |    min   |    max   | min | max |   Type  |
    +---------+---------+----------+----------+-----+-----+---------+
    |       78|       78|  0.260 us|  0.260 us|    1|    1|      yes|
    +---------+---------+----------+----------+-----+-----+---------+

    + Detail: 
        * Instance: 
        N/A

        * Loop: 
        N/A



================================================================
== Utilization Estimates
================================================================
* Summary: 
+---------------------+---------+------+---------+---------+-----+
|         Name        | BRAM_18K|  DSP |    FF   |   LUT   | URAM|
+---------------------+---------+------+---------+---------+-----+
|DSP                  |        -|     1|        -|        -|    -|
|Expression           |        -|     -|        0|     4234|    -|
|FIFO                 |        -|     -|        -|        -|    -|
|Instance             |        -|    57|     5365|     2726|    -|
|Memory               |        5|     -|     1032|     1041|    -|
|Multiplexer          |        -|     -|        -|        -|    -|
|Register             |        -|     -|     6565|     1280|    -|
+---------------------+---------+------+---------+---------+-----+
|Total                |        5|    58|    12962|     9281|    0|
+---------------------+---------+------+---------+---------+-----+
|Available SLR        |     1344|  3008|   869120|   434560|  320|
+---------------------+---------+------+---------+---------+-----+
|Utilization SLR (%)  |       ~0|     1|        1|        2|    0|
+---------------------+---------+------+---------+---------+-----+
|Available            |     4032|  9024|  2607360|  1303680|  960|
+---------------------+---------+------+---------+---------+-----+
|Utilization (%)      |       ~0|    ~0|       ~0|       ~0|    0|
+---------------------+---------+------+---------+---------+-----+

+ Detail: 
    * Instance: 
    +---------------------------+-----------------------+---------+----+-----+-----+-----+
    |          Instance         |         Module        | BRAM_18K| DSP|  FF | LUT | URAM|
    +---------------------------+-----------------------+---------+----+-----+-----+-----+
    |mul_12s_80ns_90_5_1_U79    |mul_12s_80ns_90_5_1    |        0|   5|  441|  249|    0|
    |mul_13s_71s_71_5_1_U81     |mul_13s_71s_71_5_1     |        0|   4|  441|  249|    0|
    |mul_40ns_40ns_80_2_1_U80   |mul_40ns_40ns_80_2_1   |        0|   4|  197|   80|    0|
    |mul_43ns_36ns_79_2_1_U82   |mul_43ns_36ns_79_2_1   |        0|   4|  209|   89|    0|
    |mul_49ns_44ns_93_5_1_U83   |mul_49ns_44ns_93_5_1   |        0|   5|  236|   87|    0|
    |mul_50ns_50ns_100_5_1_U84  |mul_50ns_50ns_100_5_1  |        0|   8|  340|   86|    0|
    |mul_54s_6ns_54_5_1_U71     |mul_54s_6ns_54_5_1     |        0|   2|  414|  143|    0|
    |mul_71ns_4ns_75_5_1_U72    |mul_71ns_4ns_75_5_1    |        0|   0|  441|  249|    0|
    |mul_73ns_6ns_79_5_1_U73    |mul_73ns_6ns_79_5_1    |        0|   4|  441|  249|    0|
    |mul_77ns_6ns_83_5_1_U78    |mul_77ns_6ns_83_5_1    |        0|   4|  441|  249|    0|
    |mul_82ns_6ns_88_5_1_U77    |mul_82ns_6ns_88_5_1    |        0|   4|  441|  249|    0|
    |mul_83ns_6ns_89_5_1_U74    |mul_83ns_6ns_89_5_1    |        0|   4|  441|  249|    0|
    |mul_87ns_6ns_93_5_1_U76    |mul_87ns_6ns_93_5_1    |        0|   4|  441|  249|    0|
    |mul_92ns_6ns_98_5_1_U75    |mul_92ns_6ns_98_5_1    |        0|   5|  441|  249|    0|
    +---------------------------+-----------------------+---------+----+-----+-----+-----+
    |Total                      |                       |        0|  57| 5365| 2726|    0|
    +---------------------------+-----------------------+---------+----+-----+-----+-----+

    * DSP: 
    +------------------------------------+--------------------------------+--------------+
    |              Instance              |             Module             |  Expression  |
    +------------------------------------+--------------------------------+--------------+
    |mac_muladd_16s_15ns_19s_31_4_1_U85  |mac_muladd_16s_15ns_19s_31_4_1  |  i0 + i1 * i2|
    +------------------------------------+--------------------------------+--------------+

    * Memory: 
    +---------------------------------------------------------------------------+----------------------------------------------------------------------------------+---------+-----+-----+-----+------+-----+------+-------------+
    |                                   Memory                                  |                                      Module                                      | BRAM_18K|  FF | LUT | URAM| Words| Bits| Banks| W*Bits*Banks|
    +---------------------------------------------------------------------------+----------------------------------------------------------------------------------+---------+-----+-----+-----+------+-----+------+-------------+
    |pow_reduce_anonymous_namespace_log0_lut_table_array_V_U                    |pow_generic_double_s_pow_reduce_anonymous_namespace_log0_lut_table_array_V_ROcud  |        0|  128|  129|    0|    64|  109|     1|         6976|
    |pow_reduce_anonymous_namespace_log_inverse_lut_table_pow_0_5_64_array_V_U  |pow_generic_double_s_pow_reduce_anonymous_namespace_log_inverse_lut_table_powbkb  |        0|    8|    9|    0|    64|    6|     1|          384|
    |pow_reduce_anonymous_namespace_log_lut_table_ap_fixed_12_6_64_array_V_U    |pow_generic_double_s_pow_reduce_anonymous_namespace_log_lut_table_ap_fixed_12fYi  |        0|  128|  129|    0|    64|   97|     1|         6208|
    |pow_reduce_anonymous_namespace_log_lut_table_ap_fixed_17_6_64_array_V_U    |pow_generic_double_s_pow_reduce_anonymous_namespace_log_lut_table_ap_fixed_17g8j  |        0|  128|  129|    0|    64|   92|     1|         5888|
    |pow_reduce_anonymous_namespace_log_lut_table_ap_fixed_22_6_64_array_V_U    |pow_generic_double_s_pow_reduce_anonymous_namespace_log_lut_table_ap_fixed_22hbi  |        0|  128|  129|    0|    64|   87|     1|         5568|
    |pow_reduce_anonymous_namespace_log_lut_table_ap_fixed_27_6_64_array_V_U    |pow_generic_double_s_pow_reduce_anonymous_namespace_log_lut_table_ap_fixed_27ibs  |        0|  128|  129|    0|    64|   82|     1|         5248|
    |pow_reduce_anonymous_namespace_log_lut_table_ap_fixed_32_6_64_array_V_U    |pow_generic_double_s_pow_reduce_anonymous_namespace_log_lut_table_ap_fixed_32jbC  |        0|  128|  129|    0|    64|   77|     1|         4928|
    |pow_reduce_anonymous_namespace_log_lut_table_ap_fixed_4_4_16_array_V_U     |pow_generic_double_s_pow_reduce_anonymous_namespace_log_lut_table_ap_fixed_4_dEe  |        0|  128|  129|    0|    16|  105|     1|         1680|
    |pow_reduce_anonymous_namespace_log_lut_table_ap_fixed_7_6_64_array_V_U     |pow_generic_double_s_pow_reduce_anonymous_namespace_log_lut_table_ap_fixed_7_eOg  |        0|  128|  129|    0|    64|  102|     1|         6528|
    |pow_reduce_anonymous_namespace_table_exp_Z1_ap_ufixed_array_V_U            |pow_generic_double_s_pow_reduce_anonymous_namespace_table_exp_Z1_ap_ufixed_arkbM  |        2|    0|    0|    0|   256|   58|     1|        14848|
    |pow_reduce_anonymous_namespace_table_f_Z2_ap_ufixed_array_V_U              |pow_generic_double_s_pow_reduce_anonymous_namespace_table_f_Z2_ap_ufixed_arramb6  |        2|    0|    0|    0|   256|   42|     1|        10752|
    |pow_reduce_anonymous_namespace_table_f_Z3_ap_ufixed_array_V_U              |pow_generic_double_s_pow_reduce_anonymous_namespace_table_f_Z3_ap_ufixed_arralbW  |        1|    0|    0|    0|   256|   26|     1|         6656|
    +---------------------------------------------------------------------------+----------------------------------------------------------------------------------+---------+-----+-----+-----+------+-----+------+-------------+
    |Total                                                                      |                                                                                  |        5| 1032| 1041|    0|  1296|  883|    12|        75664|
    +---------------------------------------------------------------------------+----------------------------------------------------------------------------------+---------+-----+-----+-----+------+-----+------+-------------+

    * FIFO: 
    N/A

    * Expression: 
    +----------------------------+----------+----+---+-----+------------+------------+
    |        Variable Name       | Operation| DSP| FF| LUT | Bitwidth P0| Bitwidth P1|
    +----------------------------+----------+----+---+-----+------------+------------+
    |add_ln1347_1_fu_2068_p2     |         +|   0|  0|  112|         105|         105|
    |add_ln813_1_fu_1474_p2      |         +|   0|  0|  110|         103|         103|
    |add_ln813_2_fu_1508_p2      |         +|   0|  0|  109|         109|         109|
    |add_ln813_3_fu_1480_p2      |         +|   0|  0|   93|          93|          93|
    |add_ln813_4_fu_1433_p2      |         +|   0|  0|  107|          83|          83|
    |add_ln813_5_fu_1489_p2      |         +|   0|  0|   93|          93|          93|
    |add_ln813_7_fu_1808_p2      |         +|   0|  0|   43|          36|          36|
    |add_ln813_9_fu_1885_p2      |         +|   0|  0|   51|          44|          44|
    |add_ln813_fu_1468_p2        |         +|   0|  0|  116|         109|         109|
    |b_exp_1_fu_656_p2           |         +|   0|  0|   19|          12|          11|
    |b_exp_fu_584_p2             |         +|   0|  0|   19|          12|          11|
    |exp_Z1P_m_1_l_V_fu_1894_p2  |         +|   0|  0|   59|          52|          52|
    |exp_Z2P_m_1_V_fu_1817_p2    |         +|   0|  0|   51|          44|          44|
    |log_sum_V_1_fu_1516_p2      |         +|   0|  0|  109|         109|         109|
    |out_exp_V_fu_2115_p2        |         +|   0|  0|   18|          11|          10|
    |r_exp_V_fu_1965_p2          |         +|   0|  0|   20|          13|           2|
    |ret_V_15_fu_1562_p2         |         +|   0|  0|  120|         120|         120|
    |ret_V_16_fu_1571_p2         |         +|   0|  0|  120|         120|         120|
    |ret_V_18_fu_1645_p2         |         +|   0|  0|   20|          13|           1|
    |ret_V_23_fu_1951_p2         |         +|   0|  0|  114|         107|         107|
    |ret_V_24_fu_829_p2          |         +|   0|  0|   76|          76|          76|
    |ret_V_25_fu_912_p2          |         +|   0|  0|   82|          82|          82|
    |ret_V_26_fu_993_p2          |         +|   0|  0|  102|         102|         102|
    |ret_V_27_fu_1084_p2         |         +|   0|  0|  121|         121|         121|
    |ret_V_28_fu_1171_p2         |         +|   0|  0|  126|         126|         126|
    |ret_V_29_fu_1258_p2         |         +|   0|  0|  131|         131|         131|
    |ret_V_30_fu_1358_p2         |         +|   0|  0|  136|         136|         136|
    |ret_V_33_fu_1761_p2         |         +|   0|  0|   43|          36|          36|
    |ret_V_35_fu_1932_p2         |         +|   0|  0|   65|          58|           5|
    |m_diff_V_fu_1686_p2         |         -|   0|  0|   66|          59|          59|
    |ret_V_10_fu_1188_p2         |         -|   0|  0|  126|         126|         126|
    |ret_V_12_fu_1275_p2         |         -|   0|  0|  131|         131|         131|
    |ret_V_14_fu_1375_p2         |         -|   0|  0|  136|         136|         136|
    |ret_V_2_fu_838_p2           |         -|   0|  0|   76|          76|          76|
    |ret_V_4_fu_929_p2           |         -|   0|  0|   82|          82|          82|
    |ret_V_6_fu_1010_p2          |         -|   0|  0|  102|         102|         102|
    |ret_V_8_fu_1101_p2          |         -|   0|  0|  121|         121|         121|
    |ret_V_fu_1536_p2            |         -|   0|  0|  125|         118|         118|
    |and_ln1039_1_fu_2169_p2     |       and|   0|  0|    2|           1|           1|
    |and_ln1039_fu_2164_p2       |       and|   0|  0|    2|           1|           1|
    |and_ln407_1_fu_699_p2       |       and|   0|  0|    2|           1|           1|
    |and_ln407_fu_693_p2         |       and|   0|  0|    2|           1|           1|
    |and_ln657_fu_2134_p2        |       and|   0|  0|    2|           1|           1|
    |ap_ext_blocking_n           |       and|   0|  0|    2|           2|           2|
    |ap_int_blocking_n           |       and|   0|  0|    2|           2|           2|
    |ap_str_blocking_n           |       and|   0|  0|    2|           2|           2|
    |x_is_1_fu_602_p2            |       and|   0|  0|    2|           1|           1|
    |x_is_NaN_fu_2008_p2         |       and|   0|  0|    2|           1|           1|
    |x_is_p1_fu_622_p2           |       and|   0|  0|    2|           1|           1|
    |icmp_ln1003_fu_1639_p2      |      icmp|   0|  0|   13|          18|           1|
    |icmp_ln1019_1_fu_628_p2     |      icmp|   0|  0|   11|          11|           2|
    |icmp_ln1019_fu_596_p2       |      icmp|   0|  0|   24|          52|           1|
    |icmp_ln1035_fu_1987_p2      |      icmp|   0|  0|    8|           3|           1|
    |icmp_ln1039_fu_1993_p2      |      icmp|   0|  0|   12|          13|          11|
    |icmp_ln369_fu_590_p2        |      icmp|   0|  0|   12|          12|           1|
    |icmp_ln407_1_fu_687_p2      |      icmp|   0|  0|   11|          11|           1|
    |icmp_ln407_2_fu_705_p2      |      icmp|   0|  0|   11|          11|           1|
    |icmp_ln407_fu_681_p2        |      icmp|   0|  0|   11|          11|           2|
    |or_ln407_1_fu_2025_p2       |        or|   0|  0|    2|           1|           1|
    |or_ln407_2_fu_2038_p2       |        or|   0|  0|    2|           1|           1|
    |or_ln407_3_fu_2146_p2       |        or|   0|  0|    2|           1|           1|
    |or_ln407_fu_2013_p2         |        or|   0|  0|    2|           1|           1|
    |ap_return                   |    select|   0|  0|   63|           1|           1|
    |b_exp_2_fu_662_p3           |    select|   0|  0|   12|           1|          12|
    |grp_fu_741_p0               |    select|   0|  0|   54|           1|          54|
    |r_exp_V_2_fu_1970_p3        |    select|   0|  0|   13|           1|          13|
    |ret_V_32_fu_1659_p3         |    select|   0|  0|   13|           1|          13|
    |select_ln1002_fu_1651_p3    |    select|   0|  0|   13|           1|          13|
    |select_ln1488_fu_811_p3     |    select|   0|  0|   72|           1|          76|
    |select_ln407_1_fu_2030_p3   |    select|   0|  0|   63|           1|          64|
    |select_ln407_2_fu_2042_p3   |    select|   0|  0|   63|           1|          64|
    |select_ln407_3_fu_2050_p3   |    select|   0|  0|   63|           1|          64|
    |select_ln407_4_fu_2151_p3   |    select|   0|  0|   63|           1|          64|
    |select_ln407_fu_2018_p3     |    select|   0|  0|   62|           1|          62|
    |select_ln657_fu_2138_p3     |    select|   0|  0|   63|           1|          64|
    |select_ln658_fu_2081_p3     |    select|   0|  0|   62|           1|           1|
    |tmp_24_fu_2108_p3           |    select|   0|  0|   52|           1|          52|
    |ap_enable_pp0               |       xor|   0|  0|    2|           1|           2|
    |xor_ln1023_fu_2003_p2       |       xor|   0|  0|    2|           1|           2|
    |xor_ln369_fu_675_p2         |       xor|   0|  0|    2|           1|           2|
    |xor_ln657_fu_2159_p2        |       xor|   0|  0|    2|           1|           2|
    |xor_ln970_fu_616_p2         |       xor|   0|  0|    2|           1|           2|
    +----------------------------+----------+----+---+-----+------------+------------+
    |Total                       |          |   0|  0| 4234|        3387|        3794|
    +----------------------------+----------+----+---+-----+------------+------------+

    * Multiplexer: 
    N/A

    * Register: 
    +--------------------------------------+-----+----+-----+-----------+
    |                 Name                 |  FF | LUT| Bits| Const Bits|
    +--------------------------------------+-----+----+-----+-----------+
    |Elog2_V_reg_2584                      |   90|   0|   90|          0|
    |Z2_V_reg_2646                         |    8|   0|    8|          0|
    |Z3_V_reg_2653                         |    8|   0|    8|          0|
    |Z3_V_reg_2653_pp0_iter62_reg          |    8|   0|    8|          0|
    |Z4_reg_2658                           |   35|   0|   35|          0|
    |a_V_1_reg_2312                        |    6|   0|    6|          0|
    |a_V_2_reg_2344                        |    6|   0|    6|          0|
    |a_V_reg_2275                          |    4|   0|    4|          0|
    |add_ln813_1_reg_2569                  |  103|   0|  103|          0|
    |add_ln813_4_reg_2553                  |   83|   0|   83|          0|
    |add_ln813_5_reg_2574                  |   93|   0|   93|          0|
    |add_ln813_reg_2564                    |  109|   0|  109|          0|
    |and_ln407_1_reg_2242                  |    1|   0|    1|          0|
    |ap_CS_fsm                             |    1|   0|    1|          0|
    |ap_enable_reg_pp0_iter1               |    1|   0|    1|          0|
    |ap_enable_reg_pp0_iter10              |    1|   0|    1|          0|
    |ap_enable_reg_pp0_iter11              |    1|   0|    1|          0|
    |ap_enable_reg_pp0_iter12              |    1|   0|    1|          0|
    |ap_enable_reg_pp0_iter13              |    1|   0|    1|          0|
    |ap_enable_reg_pp0_iter14              |    1|   0|    1|          0|
    |ap_enable_reg_pp0_iter15              |    1|   0|    1|          0|
    |ap_enable_reg_pp0_iter16              |    1|   0|    1|          0|
    |ap_enable_reg_pp0_iter17              |    1|   0|    1|          0|
    |ap_enable_reg_pp0_iter18              |    1|   0|    1|          0|
    |ap_enable_reg_pp0_iter19              |    1|   0|    1|          0|
    |ap_enable_reg_pp0_iter2               |    1|   0|    1|          0|
    |ap_enable_reg_pp0_iter20              |    1|   0|    1|          0|
    |ap_enable_reg_pp0_iter21              |    1|   0|    1|          0|
    |ap_enable_reg_pp0_iter22              |    1|   0|    1|          0|
    |ap_enable_reg_pp0_iter23              |    1|   0|    1|          0|
    |ap_enable_reg_pp0_iter24              |    1|   0|    1|          0|
    |ap_enable_reg_pp0_iter25              |    1|   0|    1|          0|
    |ap_enable_reg_pp0_iter26              |    1|   0|    1|          0|
    |ap_enable_reg_pp0_iter27              |    1|   0|    1|          0|
    |ap_enable_reg_pp0_iter28              |    1|   0|    1|          0|
    |ap_enable_reg_pp0_iter29              |    1|   0|    1|          0|
    |ap_enable_reg_pp0_iter3               |    1|   0|    1|          0|
    |ap_enable_reg_pp0_iter30              |    1|   0|    1|          0|
    |ap_enable_reg_pp0_iter31              |    1|   0|    1|          0|
    |ap_enable_reg_pp0_iter32              |    1|   0|    1|          0|
    |ap_enable_reg_pp0_iter33              |    1|   0|    1|          0|
    |ap_enable_reg_pp0_iter34              |    1|   0|    1|          0|
    |ap_enable_reg_pp0_iter35              |    1|   0|    1|          0|
    |ap_enable_reg_pp0_iter36              |    1|   0|    1|          0|
    |ap_enable_reg_pp0_iter37              |    1|   0|    1|          0|
    |ap_enable_reg_pp0_iter38              |    1|   0|    1|          0|
    |ap_enable_reg_pp0_iter39              |    1|   0|    1|          0|
    |ap_enable_reg_pp0_iter4               |    1|   0|    1|          0|
    |ap_enable_reg_pp0_iter40              |    1|   0|    1|          0|
    |ap_enable_reg_pp0_iter41              |    1|   0|    1|          0|
    |ap_enable_reg_pp0_iter42              |    1|   0|    1|          0|
    |ap_enable_reg_pp0_iter43              |    1|   0|    1|          0|
    |ap_enable_reg_pp0_iter44              |    1|   0|    1|          0|
    |ap_enable_reg_pp0_iter45              |    1|   0|    1|          0|
    |ap_enable_reg_pp0_iter46              |    1|   0|    1|          0|
    |ap_enable_reg_pp0_iter47              |    1|   0|    1|          0|
    |ap_enable_reg_pp0_iter48              |    1|   0|    1|          0|
    |ap_enable_reg_pp0_iter49              |    1|   0|    1|          0|
    |ap_enable_reg_pp0_iter5               |    1|   0|    1|          0|
    |ap_enable_reg_pp0_iter50              |    1|   0|    1|          0|
    |ap_enable_reg_pp0_iter51              |    1|   0|    1|          0|
    |ap_enable_reg_pp0_iter52              |    1|   0|    1|          0|
    |ap_enable_reg_pp0_iter53              |    1|   0|    1|          0|
    |ap_enable_reg_pp0_iter54              |    1|   0|    1|          0|
    |ap_enable_reg_pp0_iter55              |    1|   0|    1|          0|
    |ap_enable_reg_pp0_iter56              |    1|   0|    1|          0|
    |ap_enable_reg_pp0_iter57              |    1|   0|    1|          0|
    |ap_enable_reg_pp0_iter58              |    1|   0|    1|          0|
    |ap_enable_reg_pp0_iter59              |    1|   0|    1|          0|
    |ap_enable_reg_pp0_iter6               |    1|   0|    1|          0|
    |ap_enable_reg_pp0_iter60              |    1|   0|    1|          0|
    |ap_enable_reg_pp0_iter61              |    1|   0|    1|          0|
    |ap_enable_reg_pp0_iter62              |    1|   0|    1|          0|
    |ap_enable_reg_pp0_iter63              |    1|   0|    1|          0|
    |ap_enable_reg_pp0_iter64              |    1|   0|    1|          0|
    |ap_enable_reg_pp0_iter65              |    1|   0|    1|          0|
    |ap_enable_reg_pp0_iter66              |    1|   0|    1|          0|
    |ap_enable_reg_pp0_iter67              |    1|   0|    1|          0|
    |ap_enable_reg_pp0_iter68              |    1|   0|    1|          0|
    |ap_enable_reg_pp0_iter69              |    1|   0|    1|          0|
    |ap_enable_reg_pp0_iter7               |    1|   0|    1|          0|
    |ap_enable_reg_pp0_iter70              |    1|   0|    1|          0|
    |ap_enable_reg_pp0_iter71              |    1|   0|    1|          0|
    |ap_enable_reg_pp0_iter72              |    1|   0|    1|          0|
    |ap_enable_reg_pp0_iter73              |    1|   0|    1|          0|
    |ap_enable_reg_pp0_iter74              |    1|   0|    1|          0|
    |ap_enable_reg_pp0_iter75              |    1|   0|    1|          0|
    |ap_enable_reg_pp0_iter76              |    1|   0|    1|          0|
    |ap_enable_reg_pp0_iter77              |    1|   0|    1|          0|
    |ap_enable_reg_pp0_iter78              |    1|   0|    1|          0|
    |ap_enable_reg_pp0_iter8               |    1|   0|    1|          0|
    |ap_enable_reg_pp0_iter9               |    1|   0|    1|          0|
    |b_exp_2_reg_2227                      |   12|   0|   12|          0|
    |b_frac_tilde_inverse_V_reg_2253       |    6|   0|    6|          0|
    |exp_Z1P_m_1_V_reg_2746                |   50|   0|   50|          0|
    |exp_Z1_V_reg_2741                     |   58|   0|   58|          0|
    |exp_Z1_hi_V_reg_2751                  |   50|   0|   50|          0|
    |exp_Z2P_m_1_V_reg_2709                |   44|   0|   44|          0|
    |f_Z3_reg_2679                         |   26|   0|   26|          0|
    |icmp_ln1019_1_reg_2210                |    1|   0|    1|          0|
    |icmp_ln1019_reg_2193                  |    1|   0|    1|          0|
    |icmp_ln1035_reg_2792                  |    1|   0|    1|          0|
    |icmp_ln1039_reg_2798                  |    1|   0|    1|          0|
    |icmp_ln407_2_reg_2248                 |    1|   0|    1|          0|
    |log_sum_V_1_reg_2589                  |  109|   0|  109|          0|
    |m_diff_hi_V_reg_2641                  |    8|   0|    8|          0|
    |mul_ln838_reg_2268                    |   54|   0|   54|          0|
    |p_Result_12_reg_2221                  |   52|   0|   52|          0|
    |p_Result_12_reg_2221_pp0_iter1_reg    |   52|   0|   52|          0|
    |p_Result_14_reg_2604                  |    1|   0|    1|          0|
    |p_Result_14_reg_2604_pp0_iter53_reg   |    1|   0|    1|          0|
    |p_Result_8_reg_2787                   |    1|   0|    1|          0|
    |p_Result_s_reg_2216                   |    1|   0|    1|          0|
    |p_Result_s_reg_2216_pp0_iter1_reg     |    1|   0|    1|          0|
    |r_V_22_reg_2301                       |   75|   0|   75|          0|
    |r_V_23_reg_2333                       |   79|   0|   79|          0|
    |r_V_24_reg_2365                       |   89|   0|   89|          0|
    |r_V_25_reg_2397                       |   98|   0|   98|          0|
    |r_V_26_reg_2429                       |   93|   0|   93|          0|
    |r_V_27_reg_2461                       |   88|   0|   88|          0|
    |r_V_28_reg_2498                       |   83|   0|   83|          0|
    |r_V_reg_2771                          |  100|   0|  100|          0|
    |r_V_reg_2771_pp0_iter77_reg           |  100|   0|  100|          0|
    |ret_V_16_reg_2599                     |  120|   0|  120|          0|
    |ret_V_23_reg_2782                     |  107|   0|  107|          0|
    |ret_V_32_reg_2624                     |   13|   0|   13|          0|
    |ret_V_33_reg_2673                     |   36|   0|   36|          0|
    |ret_V_34_reg_2684                     |   34|   0|   43|          9|
    |ret_V_34_reg_2684_pp0_iter64_reg      |   34|   0|   43|          9|
    |ret_V_35_reg_2766                     |   58|   0|   58|          0|
    |ret_V_4_reg_2338                      |   82|   0|   82|          0|
    |rhs_s_reg_2579                        |   79|   0|   79|          0|
    |tmp_10_reg_2434                       |   82|   0|   82|          0|
    |tmp_11_reg_2440                       |   76|   0|   76|          0|
    |tmp_12_reg_2445                       |    6|   0|    6|          0|
    |tmp_13_reg_2466                       |   77|   0|   77|          0|
    |tmp_14_reg_2472                       |   71|   0|   71|          0|
    |tmp_15_reg_2477                       |    6|   0|    6|          0|
    |tmp_16_reg_2513                       |   72|   0|   72|          0|
    |tmp_17_reg_2518                       |   40|   0|   40|          0|
    |tmp_18_reg_2715                       |   40|   0|   40|          0|
    |tmp_3_reg_2381                        |    6|   0|    6|          0|
    |tmp_4_reg_2402                        |   87|   0|   87|          0|
    |tmp_6_reg_2318                        |   67|   0|   67|          0|
    |tmp_7_reg_2286                        |    1|   0|    1|          0|
    |tmp_8_reg_2408                        |   81|   0|   81|          0|
    |tmp_9_reg_2413                        |    6|   0|    6|          0|
    |tmp_s_reg_2376                        |   86|   0|   86|          0|
    |trunc_ln1347_reg_2777                 |   56|   0|   56|          0|
    |trunc_ln1347_reg_2777_pp0_iter77_reg  |   56|   0|   56|          0|
    |trunc_ln186_reg_2803                  |   11|   0|   11|          0|
    |trunc_ln1_reg_2594                    |   73|   0|   73|          0|
    |trunc_ln2_reg_2614                    |   59|   0|   59|          0|
    |trunc_ln813_1_reg_2636                |   59|   0|   59|          0|
    |trunc_ln813_2_reg_2736                |   36|   0|   36|          0|
    |trunc_ln813_3_reg_2350                |   76|   0|   76|          0|
    |trunc_ln813_reg_2281                  |   50|   0|   50|          0|
    |trunc_ln813_s_reg_2699                |   20|   0|   20|          0|
    |x_is_1_reg_2198                       |    1|   0|    1|          0|
    |x_is_p1_reg_2204                      |    1|   0|    1|          0|
    |z2_V_reg_2306                         |   73|   0|   73|          0|
    |z4_V_reg_2370                         |   92|   0|   92|          0|
    |zext_ln541_reg_2232                   |    6|   0|   64|         58|
    |Z2_V_reg_2646                         |   64|  32|    8|          0|
    |a_V_1_reg_2312                        |   64|  32|    6|          0|
    |a_V_2_reg_2344                        |   64|  32|    6|          0|
    |a_V_reg_2275                          |   64|  32|    4|          0|
    |and_ln407_1_reg_2242                  |   64|  32|    1|          0|
    |b_exp_2_reg_2227                      |   64|  32|   12|          0|
    |exp_Z1_V_reg_2741                     |   64|  32|   58|          0|
    |exp_Z2P_m_1_V_reg_2709                |   64|  32|   44|          0|
    |icmp_ln1019_1_reg_2210                |   64|  32|    1|          0|
    |icmp_ln1019_reg_2193                  |   64|  32|    1|          0|
    |icmp_ln407_2_reg_2248                 |   64|  32|    1|          0|
    |m_diff_hi_V_reg_2641                  |   64|  32|    8|          0|
    |mul_ln838_reg_2268                    |   64|  32|   54|          0|
    |ret_V_16_reg_2599                     |   64|  32|  120|          0|
    |ret_V_32_reg_2624                     |   64|  32|   13|          0|
    |ret_V_33_reg_2673                     |   64|  32|   36|          0|
    |ret_V_4_reg_2338                      |   64|  32|   82|          0|
    |tmp_10_reg_2434                       |   64|  32|   82|          0|
    |tmp_11_reg_2440                       |   64|  32|   76|          0|
    |tmp_12_reg_2445                       |   64|  32|    6|          0|
    |tmp_13_reg_2466                       |   64|  32|   77|          0|
    |tmp_14_reg_2472                       |   64|  32|   71|          0|
    |tmp_15_reg_2477                       |   64|  32|    6|          0|
    |tmp_16_reg_2513                       |   64|  32|   72|          0|
    |tmp_18_reg_2715                       |   64|  32|   40|          0|
    |tmp_3_reg_2381                        |   64|  32|    6|          0|
    |tmp_4_reg_2402                        |   64|  32|   87|          0|
    |tmp_6_reg_2318                        |   64|  32|   67|          0|
    |tmp_7_reg_2286                        |   64|  32|    1|          0|
    |tmp_8_reg_2408                        |   64|  32|   81|          0|
    |tmp_9_reg_2413                        |   64|  32|    6|          0|
    |tmp_s_reg_2376                        |   64|  32|   86|          0|
    |trunc_ln2_reg_2614                    |   64|  32|   59|          0|
    |trunc_ln813_3_reg_2350                |   64|  32|   76|          0|
    |trunc_ln813_reg_2281                  |   64|  32|   50|          0|
    |x_is_1_reg_2198                       |   64|  32|    1|          0|
    |x_is_p1_reg_2204                      |   64|  32|    1|          0|
    |z2_V_reg_2306                         |   64|  32|   73|          0|
    |z4_V_reg_2370                         |   64|  32|   92|          0|
    |zext_ln541_reg_2232                   |   64|  32|   64|         58|
    +--------------------------------------+-----+----+-----+-----------+
    |Total                                 | 6565|1280| 5716|        134|
    +--------------------------------------+-----+----+-----+-----------+



================================================================
== Interface
================================================================
* Summary: 
+-------------------+-----+-----+------------+---------------------+--------------+
|     RTL Ports     | Dir | Bits|  Protocol  |    Source Object    |    C Type    |
+-------------------+-----+-----+------------+---------------------+--------------+
|ap_clk             |   in|    1|  ap_ctrl_hs|  pow_generic<double>|  return value|
|ap_rst             |   in|    1|  ap_ctrl_hs|  pow_generic<double>|  return value|
|ap_start           |   in|    1|  ap_ctrl_hs|  pow_generic<double>|  return value|
|ap_done            |  out|    1|  ap_ctrl_hs|  pow_generic<double>|  return value|
|ap_idle            |  out|    1|  ap_ctrl_hs|  pow_generic<double>|  return value|
|ap_ready           |  out|    1|  ap_ctrl_hs|  pow_generic<double>|  return value|
|ap_ce              |   in|    1|  ap_ctrl_hs|  pow_generic<double>|  return value|
|ap_return          |  out|   64|  ap_ctrl_hs|  pow_generic<double>|  return value|
|ap_ext_blocking_n  |  out|    1|  ap_ctrl_hs|  pow_generic<double>|  return value|
|ap_str_blocking_n  |  out|    1|  ap_ctrl_hs|  pow_generic<double>|  return value|
|ap_int_blocking_n  |  out|    1|  ap_ctrl_hs|  pow_generic<double>|  return value|
|base_r             |   in|   64|     ap_none|               base_r|        scalar|
+-------------------+-----+-----+------------+---------------------+--------------+

