

================================================================
== Vitis HLS Report for 'replicate_stream'
================================================================
* Date:           Tue Apr 15 09:07:41 2025

* Version:        2022.2 (Build 3670227 on Oct 13 2022)
* Project:        krnl_bp
* Solution:       solution (Vitis Kernel Flow Target)
* Product family: virtexuplus
* Target device:  xcu280-fsvh2892-2L-e


================================================================
== Performance Estimates
================================================================
+ Timing: 
    * Summary: 
    +--------+---------+----------+------------+
    |  Clock |  Target | Estimated| Uncertainty|
    +--------+---------+----------+------------+
    |ap_clk  |  3.33 ns|  1.140 ns|     0.90 ns|
    +--------+---------+----------+------------+

+ Latency: 
    * Summary: 
    +---------+---------+-----------+-----------+-----+-----+---------+
    |  Latency (cycles) |   Latency (absolute)  |  Interval | Pipeline|
    |   min   |   max   |    min    |    max    | min | max |   Type  |
    +---------+---------+-----------+-----------+-----+-----+---------+
    |       11|       11|  36.663 ns|  36.663 ns|   11|   11|       no|
    +---------+---------+-----------+-----------+-----+-----+---------+

    + Detail: 
        * Instance: 
        N/A

        * Loop: 
        +------------------+---------+---------+----------+-----------+-----------+------+----------+
        |                  |  Latency (cycles) | Iteration|  Initiation Interval  | Trip |          |
        |     Loop Name    |   min   |   max   |  Latency |  achieved |   target  | Count| Pipelined|
        +------------------+---------+---------+----------+-----------+-----------+------+----------+
        |- l_rep_stream_1  |        9|        9|         3|          1|          1|     8|       yes|
        +------------------+---------+---------+----------+-----------+-----------+------+----------+



================================================================
== Utilization Estimates
================================================================
* Summary: 
+---------------------+---------+------+---------+---------+-----+
|         Name        | BRAM_18K|  DSP |    FF   |   LUT   | URAM|
+---------------------+---------+------+---------+---------+-----+
|DSP                  |        -|     -|        -|        -|    -|
|Expression           |        -|     -|        0|       37|    -|
|FIFO                 |        -|     -|        -|        -|    -|
|Instance             |        -|     -|        -|        -|    -|
|Memory               |        -|     -|        -|        -|    -|
|Multiplexer          |        -|     -|        -|       72|    -|
|Register             |        -|     -|       42|        -|    -|
+---------------------+---------+------+---------+---------+-----+
|Total                |        0|     0|       42|      109|    0|
+---------------------+---------+------+---------+---------+-----+
|Available SLR        |     1344|  3008|   869120|   434560|  320|
+---------------------+---------+------+---------+---------+-----+
|Utilization SLR (%)  |        0|     0|       ~0|       ~0|    0|
+---------------------+---------+------+---------+---------+-----+
|Available            |     4032|  9024|  2607360|  1303680|  960|
+---------------------+---------+------+---------+---------+-----+
|Utilization (%)      |        0|     0|       ~0|       ~0|    0|
+---------------------+---------+------+---------+---------+-----+

+ Detail: 
    * Instance: 
    N/A

    * DSP: 
    N/A

    * Memory: 
    N/A

    * FIFO: 
    N/A

    * Expression: 
    +----------------------------------+----------+----+---+----+------------+------------+
    |           Variable Name          | Operation| DSP| FF| LUT| Bitwidth P0| Bitwidth P1|
    +----------------------------------+----------+----+---+----+------------+------------+
    |ii_2_fu_95_p2                     |         +|   0|  0|  12|           4|           1|
    |ap_block_state2_pp0_stage0_iter1  |       and|   0|  0|   2|           1|           1|
    |ap_ext_blocking_n                 |       and|   0|  0|   2|           2|           2|
    |ap_int_blocking_n                 |       and|   0|  0|   2|           2|           2|
    |ap_str_blocking_n                 |       and|   0|  0|   2|           2|           2|
    |tmp_nbreadreq_fu_46_p3            |       and|   0|  0|   2|           1|           0|
    |icmp_ln653_fu_89_p2               |      icmp|   0|  0|   9|           4|           5|
    |ap_block_pp0_stage0_01001         |        or|   0|  0|   2|           1|           1|
    |ap_block_state3_pp0_stage0_iter2  |        or|   0|  0|   2|           1|           1|
    |ap_enable_pp0                     |       xor|   0|  0|   2|           1|           2|
    +----------------------------------+----------+----+---+----+------------+------------+
    |Total                             |          |   0|  0|  37|          19|          17|
    +----------------------------------+----------+----+---+----+------------+------------+

    * Multiplexer: 
    +-------------------------------+----+-----------+-----+-----------+
    |              Name             | LUT| Input Size| Bits| Total Bits|
    +-------------------------------+----+-----------+-----+-----------+
    |ap_done_int                    |   9|          2|    1|          2|
    |ap_enable_reg_pp0_iter1        |   9|          2|    1|          2|
    |ap_sig_allocacmp_ii_1          |   9|          2|    4|          8|
    |ii_fu_42                       |   9|          2|    4|          8|
    |krnl_bp_u_copy_1_stream_blk_n  |   9|          2|    1|          2|
    |krnl_bp_u_copy_2_stream_blk_n  |   9|          2|    1|          2|
    |krnl_bp_u_copy_3_stream_blk_n  |   9|          2|    1|          2|
    |krnl_bp_u_stream_blk_n         |   9|          2|    1|          2|
    +-------------------------------+----+-----------+-----+-----------+
    |Total                          |  72|         16|   14|         28|
    +-------------------------------+----+-----------+-----+-----------+

    * Register: 
    +----------------------------------+----+----+-----+-----------+
    |               Name               | FF | LUT| Bits| Const Bits|
    +----------------------------------+----+----+-----+-----------+
    |ap_CS_fsm                         |   1|   0|    1|          0|
    |ap_done_reg                       |   1|   0|    1|          0|
    |ap_enable_reg_pp0_iter1           |   1|   0|    1|          0|
    |ap_enable_reg_pp0_iter2           |   1|   0|    1|          0|
    |ap_loop_exit_ready_pp0_iter1_reg  |   1|   0|    1|          0|
    |ii_fu_42                          |   4|   0|    4|          0|
    |tmp_reg_117                       |   1|   0|    1|          0|
    |val_reg_121                       |  32|   0|   32|          0|
    +----------------------------------+----+----+-----+-----------+
    |Total                             |  42|   0|   42|          0|
    +----------------------------------+----+----+-----+-----------+



================================================================
== Interface
================================================================
* Summary: 
+--------------------------------+-----+-----+------------+-------------------------+--------------+
|            RTL Ports           | Dir | Bits|  Protocol  |      Source Object      |    C Type    |
+--------------------------------+-----+-----+------------+-------------------------+--------------+
|ap_clk                          |   in|    1|  ap_ctrl_hs|         replicate_stream|  return value|
|ap_rst                          |   in|    1|  ap_ctrl_hs|         replicate_stream|  return value|
|ap_start                        |   in|    1|  ap_ctrl_hs|         replicate_stream|  return value|
|ap_done                         |  out|    1|  ap_ctrl_hs|         replicate_stream|  return value|
|ap_idle                         |  out|    1|  ap_ctrl_hs|         replicate_stream|  return value|
|ap_ready                        |  out|    1|  ap_ctrl_hs|         replicate_stream|  return value|
|ap_ext_blocking_n               |  out|    1|  ap_ctrl_hs|         replicate_stream|  return value|
|ap_str_blocking_n               |  out|    1|  ap_ctrl_hs|         replicate_stream|  return value|
|ap_int_blocking_n               |  out|    1|  ap_ctrl_hs|         replicate_stream|  return value|
|krnl_bp_u_stream_dout           |   in|   32|     ap_fifo|         krnl_bp_u_stream|       pointer|
|krnl_bp_u_stream_empty_n        |   in|    1|     ap_fifo|         krnl_bp_u_stream|       pointer|
|krnl_bp_u_stream_read           |  out|    1|     ap_fifo|         krnl_bp_u_stream|       pointer|
|krnl_bp_u_copy_1_stream_din     |  out|   32|     ap_fifo|  krnl_bp_u_copy_1_stream|       pointer|
|krnl_bp_u_copy_1_stream_full_n  |   in|    1|     ap_fifo|  krnl_bp_u_copy_1_stream|       pointer|
|krnl_bp_u_copy_1_stream_write   |  out|    1|     ap_fifo|  krnl_bp_u_copy_1_stream|       pointer|
|krnl_bp_u_copy_2_stream_din     |  out|   32|     ap_fifo|  krnl_bp_u_copy_2_stream|       pointer|
|krnl_bp_u_copy_2_stream_full_n  |   in|    1|     ap_fifo|  krnl_bp_u_copy_2_stream|       pointer|
|krnl_bp_u_copy_2_stream_write   |  out|    1|     ap_fifo|  krnl_bp_u_copy_2_stream|       pointer|
|krnl_bp_u_copy_3_stream_din     |  out|   32|     ap_fifo|  krnl_bp_u_copy_3_stream|       pointer|
|krnl_bp_u_copy_3_stream_full_n  |   in|    1|     ap_fifo|  krnl_bp_u_copy_3_stream|       pointer|
|krnl_bp_u_copy_3_stream_write   |  out|    1|     ap_fifo|  krnl_bp_u_copy_3_stream|       pointer|
+--------------------------------+-----+-----+------------+-------------------------+--------------+

