

================================================================
== Vitis HLS Report for 'krnl_bp_Pipeline_VITIS_LOOP_636_7'
================================================================
* Date:           Mon Aug 18 15:42:08 2025

* Version:        2023.2 (Build 4023990 on Oct 11 2023)
* Project:        krnl_bp
* Solution:       solution (Vitis Kernel Flow Target)
* Product family: virtexuplusHBM
* Target device:  xcu280-fsvh2892-2L-e


================================================================
== Performance Estimates
================================================================
+ Timing: 
    * Summary: 
    +--------+---------+----------+------------+
    |  Clock |  Target | Estimated| Uncertainty|
    +--------+---------+----------+------------+
    |ap_clk  |  3.33 ns|  2.433 ns|     0.90 ns|
    +--------+---------+----------+------------+

+ Latency: 
    * Summary: 
    +---------+---------+-----------+----------+-----+-----+---------+
    |  Latency (cycles) |  Latency (absolute)  |  Interval | Pipeline|
    |   min   |   max   |    min    |    max   | min | max |   Type  |
    +---------+---------+-----------+----------+-----+-----+---------+
    |       11|        ?|  36.663 ns|         ?|   11|    ?|       no|
    +---------+---------+-----------+----------+-----+-----+---------+

    + Detail: 
        * Instance: 
        N/A

        * Loop: 
        +--------------------+---------+---------+----------+-----------+-----------+-------+----------+
        |                    |  Latency (cycles) | Iteration|  Initiation Interval  |  Trip |          |
        |      Loop Name     |   min   |   max   |  Latency |  achieved |   target  | Count | Pipelined|
        +--------------------+---------+---------+----------+-----------+-----------+-------+----------+
        |- VITIS_LOOP_636_7  |        9|        ?|        10|          1|          1|  1 ~ ?|       yes|
        +--------------------+---------+---------+----------+-----------+-----------+-------+----------+

============================================================
+ Verbose Summary: Synthesis Manager
============================================================
InlineROM: 1
ExposeGlobal: 0
============================================================
+ Verbose Summary: CDFG Model
============================================================
IsTopModel: 0
ResetActiveHigh: 1
IsCombinational: 0
IsDatapathOnly: 0
HasWiredReturn: 1
HasMFsm: 2
HasVarLatency: 1
IsPipeline: 0
IsRtlPipelined: 0
IsInstanceOverlapped: 0
IsDontTouch: 0
HasImplIP: 0
IsGatedGlobalClock: 0

+ Individual pipeline summary: 
  * Pipeline-0: initiation interval (II) = 1, depth = 10


============================================================
+ Verbose Summary: Schedule
============================================================
* Number of FSM states : 10
* Pipeline : 1
  Pipeline-0 : II = 1, D = 10, States = { 1 2 3 4 5 6 7 8 9 10 }
* Dataflow Pipeline: 0

* FSM state transitions: 
1 --> 2 
2 --> 3 
3 --> 4 
4 --> 5 
5 --> 6 
6 --> 7 
7 --> 8 
8 --> 9 
9 --> 10 
10 --> 

* FSM state operations: 

State 1 <SV = 0> <Delay = 1.64>
ST_1 : Operation 13 [1/1] (0.00ns)   --->   "%i_4 = alloca i32 1" [/home/bsheh002/ADMM07/alveo/src/bp.cpp:636]   --->   Operation 13 'alloca' 'i_4' <Predicate = true> <Delay = 0.00>
ST_1 : Operation 14 [1/1] (0.00ns)   --->   "%sext_ln636_read = read i62 @_ssdm_op_Read.ap_auto.i62, i62 %sext_ln636"   --->   Operation 14 'read' 'sext_ln636_read' <Predicate = true> <Delay = 0.00>
ST_1 : Operation 15 [1/1] (0.00ns)   --->   "%chunk_read = read i31 @_ssdm_op_Read.ap_auto.i31, i31 %chunk"   --->   Operation 15 'read' 'chunk_read' <Predicate = true> <Delay = 0.00>
ST_1 : Operation 16 [1/1] (0.00ns)   --->   "%sext_ln636_cast = sext i62 %sext_ln636_read"   --->   Operation 16 'sext' 'sext_ln636_cast' <Predicate = true> <Delay = 0.00>
ST_1 : Operation 17 [1/1] (0.00ns)   --->   "%specinterface_ln0 = specinterface void @_ssdm_op_SpecInterface, i32 %gmem1, void @empty_5, i32 0, i32 0, void @empty_31, i32 64, i32 0, void @empty_9, void @empty_23, void @empty_31, i32 16, i32 16, i32 64, i32 16, void @empty_31, void @empty_31, i32 4294967295, i32 0"   --->   Operation 17 'specinterface' 'specinterface_ln0' <Predicate = true> <Delay = 0.00>
ST_1 : Operation 18 [1/1] (0.38ns)   --->   "%store_ln636 = store i31 0, i31 %i_4" [/home/bsheh002/ADMM07/alveo/src/bp.cpp:636]   --->   Operation 18 'store' 'store_ln636' <Predicate = true> <Delay = 0.38>
ST_1 : Operation 19 [1/1] (0.00ns)   --->   "%br_ln0 = br void %for.inc69"   --->   Operation 19 'br' 'br_ln0' <Predicate = true> <Delay = 0.00>
ST_1 : Operation 20 [1/1] (0.00ns)   --->   "%i = load i31 %i_4" [/home/bsheh002/ADMM07/alveo/src/bp.cpp:636]   --->   Operation 20 'load' 'i' <Predicate = true> <Delay = 0.00>
ST_1 : Operation 21 [1/1] (0.00ns)   --->   "%specbitsmap_ln0 = specbitsmap void @_ssdm_op_SpecBitsMap, i32 %gmem1"   --->   Operation 21 'specbitsmap' 'specbitsmap_ln0' <Predicate = true> <Delay = 0.00>
ST_1 : Operation 22 [1/1] (0.87ns)   --->   "%icmp_ln636 = icmp_eq  i31 %i, i31 %chunk_read" [/home/bsheh002/ADMM07/alveo/src/bp.cpp:636]   --->   Operation 22 'icmp' 'icmp_ln636' <Predicate = true> <Delay = 0.87> <CoreInst = "Cmp">   --->   Core 9 'Cmp' <Latency = 0> <II = 1> <Delay = 0.87> <FuncUnit> <Opcode : 'icmp'> <InPorts = 2> <OutPorts = 1>
ST_1 : Operation 23 [1/1] (0.00ns)   --->   "%speclooptripcount_ln0 = speclooptripcount void @_ssdm_op_SpecLoopTripCount, i64 1, i64 18446744073709551615, i64 0"   --->   Operation 23 'speclooptripcount' 'speclooptripcount_ln0' <Predicate = true> <Delay = 0.00>
ST_1 : Operation 24 [1/1] (0.87ns)   --->   "%add_ln636 = add i31 %i, i31 1" [/home/bsheh002/ADMM07/alveo/src/bp.cpp:636]   --->   Operation 24 'add' 'add_ln636' <Predicate = true> <Delay = 0.87> <CoreInst = "Adder">   --->   Core 1 'Adder' <Latency = 0> <II = 1> <Delay = 0.87> <FuncUnit> <Opcode : 'add' 'sub'> <InPorts = 2> <OutPorts = 1>
ST_1 : Operation 25 [1/1] (0.00ns)   --->   "%br_ln636 = br i1 %icmp_ln636, void %for.inc69.split, void %for.inc81.preheader.exitStub" [/home/bsheh002/ADMM07/alveo/src/bp.cpp:636]   --->   Operation 25 'br' 'br_ln636' <Predicate = true> <Delay = 0.00>
ST_1 : Operation 26 [1/1] (0.00ns)   --->   "%trunc_ln636 = trunc i31 %i" [/home/bsheh002/ADMM07/alveo/src/bp.cpp:636]   --->   Operation 26 'trunc' 'trunc_ln636' <Predicate = (!icmp_ln636)> <Delay = 0.00>
ST_1 : Operation 27 [1/1] (0.00ns)   --->   "%lshr_ln4 = partselect i3 @_ssdm_op_PartSelect.i3.i31.i32.i32, i31 %i, i32 4, i32 6" [/home/bsheh002/ADMM07/alveo/src/bp.cpp:636]   --->   Operation 27 'partselect' 'lshr_ln4' <Predicate = (!icmp_ln636)> <Delay = 0.00>
ST_1 : Operation 28 [1/1] (0.00ns)   --->   "%zext_ln636 = zext i3 %lshr_ln4" [/home/bsheh002/ADMM07/alveo/src/bp.cpp:636]   --->   Operation 28 'zext' 'zext_ln636' <Predicate = (!icmp_ln636)> <Delay = 0.00>
ST_1 : Operation 29 [1/1] (0.00ns)   --->   "%mac_res_addr = getelementptr i32 %mac_res, i64 0, i64 %zext_ln636" [/home/bsheh002/ADMM07/alveo/src/bp.cpp:638]   --->   Operation 29 'getelementptr' 'mac_res_addr' <Predicate = (!icmp_ln636)> <Delay = 0.00>
ST_1 : Operation 30 [1/1] (0.00ns)   --->   "%mac_res_1_addr = getelementptr i32 %mac_res_1, i64 0, i64 %zext_ln636" [/home/bsheh002/ADMM07/alveo/src/bp.cpp:638]   --->   Operation 30 'getelementptr' 'mac_res_1_addr' <Predicate = (!icmp_ln636)> <Delay = 0.00>
ST_1 : Operation 31 [1/1] (0.00ns)   --->   "%mac_res_2_addr = getelementptr i32 %mac_res_2, i64 0, i64 %zext_ln636" [/home/bsheh002/ADMM07/alveo/src/bp.cpp:638]   --->   Operation 31 'getelementptr' 'mac_res_2_addr' <Predicate = (!icmp_ln636)> <Delay = 0.00>
ST_1 : Operation 32 [1/1] (0.00ns)   --->   "%mac_res_3_addr = getelementptr i32 %mac_res_3, i64 0, i64 %zext_ln636" [/home/bsheh002/ADMM07/alveo/src/bp.cpp:638]   --->   Operation 32 'getelementptr' 'mac_res_3_addr' <Predicate = (!icmp_ln636)> <Delay = 0.00>
ST_1 : Operation 33 [1/1] (0.00ns)   --->   "%mac_res_4_addr = getelementptr i32 %mac_res_4, i64 0, i64 %zext_ln636" [/home/bsheh002/ADMM07/alveo/src/bp.cpp:638]   --->   Operation 33 'getelementptr' 'mac_res_4_addr' <Predicate = (!icmp_ln636)> <Delay = 0.00>
ST_1 : Operation 34 [1/1] (0.00ns)   --->   "%mac_res_5_addr = getelementptr i32 %mac_res_5, i64 0, i64 %zext_ln636" [/home/bsheh002/ADMM07/alveo/src/bp.cpp:638]   --->   Operation 34 'getelementptr' 'mac_res_5_addr' <Predicate = (!icmp_ln636)> <Delay = 0.00>
ST_1 : Operation 35 [1/1] (0.00ns)   --->   "%mac_res_6_addr = getelementptr i32 %mac_res_6, i64 0, i64 %zext_ln636" [/home/bsheh002/ADMM07/alveo/src/bp.cpp:638]   --->   Operation 35 'getelementptr' 'mac_res_6_addr' <Predicate = (!icmp_ln636)> <Delay = 0.00>
ST_1 : Operation 36 [1/1] (0.00ns)   --->   "%mac_res_7_addr = getelementptr i32 %mac_res_7, i64 0, i64 %zext_ln636" [/home/bsheh002/ADMM07/alveo/src/bp.cpp:638]   --->   Operation 36 'getelementptr' 'mac_res_7_addr' <Predicate = (!icmp_ln636)> <Delay = 0.00>
ST_1 : Operation 37 [1/1] (0.00ns)   --->   "%mac_res_8_addr = getelementptr i32 %mac_res_8, i64 0, i64 %zext_ln636" [/home/bsheh002/ADMM07/alveo/src/bp.cpp:638]   --->   Operation 37 'getelementptr' 'mac_res_8_addr' <Predicate = (!icmp_ln636)> <Delay = 0.00>
ST_1 : Operation 38 [1/1] (0.00ns)   --->   "%mac_res_9_addr = getelementptr i32 %mac_res_9, i64 0, i64 %zext_ln636" [/home/bsheh002/ADMM07/alveo/src/bp.cpp:638]   --->   Operation 38 'getelementptr' 'mac_res_9_addr' <Predicate = (!icmp_ln636)> <Delay = 0.00>
ST_1 : Operation 39 [1/1] (0.00ns)   --->   "%mac_res_10_addr = getelementptr i32 %mac_res_10, i64 0, i64 %zext_ln636" [/home/bsheh002/ADMM07/alveo/src/bp.cpp:638]   --->   Operation 39 'getelementptr' 'mac_res_10_addr' <Predicate = (!icmp_ln636)> <Delay = 0.00>
ST_1 : Operation 40 [1/1] (0.00ns)   --->   "%mac_res_11_addr = getelementptr i32 %mac_res_11, i64 0, i64 %zext_ln636" [/home/bsheh002/ADMM07/alveo/src/bp.cpp:638]   --->   Operation 40 'getelementptr' 'mac_res_11_addr' <Predicate = (!icmp_ln636)> <Delay = 0.00>
ST_1 : Operation 41 [1/1] (0.00ns)   --->   "%mac_res_12_addr = getelementptr i32 %mac_res_12, i64 0, i64 %zext_ln636" [/home/bsheh002/ADMM07/alveo/src/bp.cpp:638]   --->   Operation 41 'getelementptr' 'mac_res_12_addr' <Predicate = (!icmp_ln636)> <Delay = 0.00>
ST_1 : Operation 42 [1/1] (0.00ns)   --->   "%mac_res_13_addr = getelementptr i32 %mac_res_13, i64 0, i64 %zext_ln636" [/home/bsheh002/ADMM07/alveo/src/bp.cpp:638]   --->   Operation 42 'getelementptr' 'mac_res_13_addr' <Predicate = (!icmp_ln636)> <Delay = 0.00>
ST_1 : Operation 43 [1/1] (0.00ns)   --->   "%mac_res_14_addr = getelementptr i32 %mac_res_14, i64 0, i64 %zext_ln636" [/home/bsheh002/ADMM07/alveo/src/bp.cpp:638]   --->   Operation 43 'getelementptr' 'mac_res_14_addr' <Predicate = (!icmp_ln636)> <Delay = 0.00>
ST_1 : Operation 44 [1/1] (0.00ns)   --->   "%mac_res_15_addr = getelementptr i32 %mac_res_15, i64 0, i64 %zext_ln636" [/home/bsheh002/ADMM07/alveo/src/bp.cpp:638]   --->   Operation 44 'getelementptr' 'mac_res_15_addr' <Predicate = (!icmp_ln636)> <Delay = 0.00>
ST_1 : Operation 45 [2/2] (0.69ns)   --->   "%mac_res_load = load i3 %mac_res_addr" [/home/bsheh002/ADMM07/alveo/src/bp.cpp:638]   --->   Operation 45 'load' 'mac_res_load' <Predicate = (!icmp_ln636)> <Delay = 0.69> <CoreInst = "RAM">   --->   Core 83 'RAM' <Latency = 1> <II = 1> <Delay = 0.69> <Storage> <Opcode : 'load' 'store'> <Ports = 2> <Width = 32> <Depth = 8> <RAM>
ST_1 : Operation 46 [2/2] (0.69ns)   --->   "%mac_res_1_load = load i3 %mac_res_1_addr" [/home/bsheh002/ADMM07/alveo/src/bp.cpp:638]   --->   Operation 46 'load' 'mac_res_1_load' <Predicate = (!icmp_ln636)> <Delay = 0.69> <CoreInst = "RAM">   --->   Core 83 'RAM' <Latency = 1> <II = 1> <Delay = 0.69> <Storage> <Opcode : 'load' 'store'> <Ports = 2> <Width = 32> <Depth = 8> <RAM>
ST_1 : Operation 47 [2/2] (0.69ns)   --->   "%mac_res_2_load = load i3 %mac_res_2_addr" [/home/bsheh002/ADMM07/alveo/src/bp.cpp:638]   --->   Operation 47 'load' 'mac_res_2_load' <Predicate = (!icmp_ln636)> <Delay = 0.69> <CoreInst = "RAM">   --->   Core 83 'RAM' <Latency = 1> <II = 1> <Delay = 0.69> <Storage> <Opcode : 'load' 'store'> <Ports = 2> <Width = 32> <Depth = 8> <RAM>
ST_1 : Operation 48 [2/2] (0.69ns)   --->   "%mac_res_3_load = load i3 %mac_res_3_addr" [/home/bsheh002/ADMM07/alveo/src/bp.cpp:638]   --->   Operation 48 'load' 'mac_res_3_load' <Predicate = (!icmp_ln636)> <Delay = 0.69> <CoreInst = "RAM">   --->   Core 83 'RAM' <Latency = 1> <II = 1> <Delay = 0.69> <Storage> <Opcode : 'load' 'store'> <Ports = 2> <Width = 32> <Depth = 8> <RAM>
ST_1 : Operation 49 [2/2] (0.69ns)   --->   "%mac_res_4_load = load i3 %mac_res_4_addr" [/home/bsheh002/ADMM07/alveo/src/bp.cpp:638]   --->   Operation 49 'load' 'mac_res_4_load' <Predicate = (!icmp_ln636)> <Delay = 0.69> <CoreInst = "RAM">   --->   Core 83 'RAM' <Latency = 1> <II = 1> <Delay = 0.69> <Storage> <Opcode : 'load' 'store'> <Ports = 2> <Width = 32> <Depth = 8> <RAM>
ST_1 : Operation 50 [2/2] (0.69ns)   --->   "%mac_res_5_load = load i3 %mac_res_5_addr" [/home/bsheh002/ADMM07/alveo/src/bp.cpp:638]   --->   Operation 50 'load' 'mac_res_5_load' <Predicate = (!icmp_ln636)> <Delay = 0.69> <CoreInst = "RAM">   --->   Core 83 'RAM' <Latency = 1> <II = 1> <Delay = 0.69> <Storage> <Opcode : 'load' 'store'> <Ports = 2> <Width = 32> <Depth = 8> <RAM>
ST_1 : Operation 51 [2/2] (0.69ns)   --->   "%mac_res_6_load = load i3 %mac_res_6_addr" [/home/bsheh002/ADMM07/alveo/src/bp.cpp:638]   --->   Operation 51 'load' 'mac_res_6_load' <Predicate = (!icmp_ln636)> <Delay = 0.69> <CoreInst = "RAM">   --->   Core 83 'RAM' <Latency = 1> <II = 1> <Delay = 0.69> <Storage> <Opcode : 'load' 'store'> <Ports = 2> <Width = 32> <Depth = 8> <RAM>
ST_1 : Operation 52 [2/2] (0.69ns)   --->   "%mac_res_7_load = load i3 %mac_res_7_addr" [/home/bsheh002/ADMM07/alveo/src/bp.cpp:638]   --->   Operation 52 'load' 'mac_res_7_load' <Predicate = (!icmp_ln636)> <Delay = 0.69> <CoreInst = "RAM">   --->   Core 83 'RAM' <Latency = 1> <II = 1> <Delay = 0.69> <Storage> <Opcode : 'load' 'store'> <Ports = 2> <Width = 32> <Depth = 8> <RAM>
ST_1 : Operation 53 [2/2] (0.69ns)   --->   "%mac_res_8_load = load i3 %mac_res_8_addr" [/home/bsheh002/ADMM07/alveo/src/bp.cpp:638]   --->   Operation 53 'load' 'mac_res_8_load' <Predicate = (!icmp_ln636)> <Delay = 0.69> <CoreInst = "RAM">   --->   Core 83 'RAM' <Latency = 1> <II = 1> <Delay = 0.69> <Storage> <Opcode : 'load' 'store'> <Ports = 2> <Width = 32> <Depth = 8> <RAM>
ST_1 : Operation 54 [2/2] (0.69ns)   --->   "%mac_res_9_load = load i3 %mac_res_9_addr" [/home/bsheh002/ADMM07/alveo/src/bp.cpp:638]   --->   Operation 54 'load' 'mac_res_9_load' <Predicate = (!icmp_ln636)> <Delay = 0.69> <CoreInst = "RAM">   --->   Core 83 'RAM' <Latency = 1> <II = 1> <Delay = 0.69> <Storage> <Opcode : 'load' 'store'> <Ports = 2> <Width = 32> <Depth = 8> <RAM>
ST_1 : Operation 55 [2/2] (0.69ns)   --->   "%mac_res_10_load = load i3 %mac_res_10_addr" [/home/bsheh002/ADMM07/alveo/src/bp.cpp:638]   --->   Operation 55 'load' 'mac_res_10_load' <Predicate = (!icmp_ln636)> <Delay = 0.69> <CoreInst = "RAM">   --->   Core 83 'RAM' <Latency = 1> <II = 1> <Delay = 0.69> <Storage> <Opcode : 'load' 'store'> <Ports = 2> <Width = 32> <Depth = 8> <RAM>
ST_1 : Operation 56 [2/2] (0.69ns)   --->   "%mac_res_11_load = load i3 %mac_res_11_addr" [/home/bsheh002/ADMM07/alveo/src/bp.cpp:638]   --->   Operation 56 'load' 'mac_res_11_load' <Predicate = (!icmp_ln636)> <Delay = 0.69> <CoreInst = "RAM">   --->   Core 83 'RAM' <Latency = 1> <II = 1> <Delay = 0.69> <Storage> <Opcode : 'load' 'store'> <Ports = 2> <Width = 32> <Depth = 8> <RAM>
ST_1 : Operation 57 [2/2] (0.69ns)   --->   "%mac_res_12_load = load i3 %mac_res_12_addr" [/home/bsheh002/ADMM07/alveo/src/bp.cpp:638]   --->   Operation 57 'load' 'mac_res_12_load' <Predicate = (!icmp_ln636)> <Delay = 0.69> <CoreInst = "RAM">   --->   Core 83 'RAM' <Latency = 1> <II = 1> <Delay = 0.69> <Storage> <Opcode : 'load' 'store'> <Ports = 2> <Width = 32> <Depth = 8> <RAM>
ST_1 : Operation 58 [2/2] (0.69ns)   --->   "%mac_res_13_load = load i3 %mac_res_13_addr" [/home/bsheh002/ADMM07/alveo/src/bp.cpp:638]   --->   Operation 58 'load' 'mac_res_13_load' <Predicate = (!icmp_ln636)> <Delay = 0.69> <CoreInst = "RAM">   --->   Core 83 'RAM' <Latency = 1> <II = 1> <Delay = 0.69> <Storage> <Opcode : 'load' 'store'> <Ports = 2> <Width = 32> <Depth = 8> <RAM>
ST_1 : Operation 59 [2/2] (0.69ns)   --->   "%mac_res_14_load = load i3 %mac_res_14_addr" [/home/bsheh002/ADMM07/alveo/src/bp.cpp:638]   --->   Operation 59 'load' 'mac_res_14_load' <Predicate = (!icmp_ln636)> <Delay = 0.69> <CoreInst = "RAM">   --->   Core 83 'RAM' <Latency = 1> <II = 1> <Delay = 0.69> <Storage> <Opcode : 'load' 'store'> <Ports = 2> <Width = 32> <Depth = 8> <RAM>
ST_1 : Operation 60 [2/2] (0.69ns)   --->   "%mac_res_15_load = load i3 %mac_res_15_addr" [/home/bsheh002/ADMM07/alveo/src/bp.cpp:638]   --->   Operation 60 'load' 'mac_res_15_load' <Predicate = (!icmp_ln636)> <Delay = 0.69> <CoreInst = "RAM">   --->   Core 83 'RAM' <Latency = 1> <II = 1> <Delay = 0.69> <Storage> <Opcode : 'load' 'store'> <Ports = 2> <Width = 32> <Depth = 8> <RAM>
ST_1 : Operation 61 [1/1] (0.00ns)   --->   "%x_addr = getelementptr i32 %x, i64 0, i64 %zext_ln636" [/home/bsheh002/ADMM07/alveo/src/bp.cpp:638]   --->   Operation 61 'getelementptr' 'x_addr' <Predicate = (!icmp_ln636)> <Delay = 0.00>
ST_1 : Operation 62 [1/1] (0.00ns)   --->   "%x_1_addr = getelementptr i32 %x_1, i64 0, i64 %zext_ln636" [/home/bsheh002/ADMM07/alveo/src/bp.cpp:638]   --->   Operation 62 'getelementptr' 'x_1_addr' <Predicate = (!icmp_ln636)> <Delay = 0.00>
ST_1 : Operation 63 [1/1] (0.00ns)   --->   "%x_2_addr = getelementptr i32 %x_2, i64 0, i64 %zext_ln636" [/home/bsheh002/ADMM07/alveo/src/bp.cpp:638]   --->   Operation 63 'getelementptr' 'x_2_addr' <Predicate = (!icmp_ln636)> <Delay = 0.00>
ST_1 : Operation 64 [1/1] (0.00ns)   --->   "%x_3_addr = getelementptr i32 %x_3, i64 0, i64 %zext_ln636" [/home/bsheh002/ADMM07/alveo/src/bp.cpp:638]   --->   Operation 64 'getelementptr' 'x_3_addr' <Predicate = (!icmp_ln636)> <Delay = 0.00>
ST_1 : Operation 65 [1/1] (0.00ns)   --->   "%x_4_addr = getelementptr i32 %x_4, i64 0, i64 %zext_ln636" [/home/bsheh002/ADMM07/alveo/src/bp.cpp:638]   --->   Operation 65 'getelementptr' 'x_4_addr' <Predicate = (!icmp_ln636)> <Delay = 0.00>
ST_1 : Operation 66 [1/1] (0.00ns)   --->   "%x_5_addr = getelementptr i32 %x_5, i64 0, i64 %zext_ln636" [/home/bsheh002/ADMM07/alveo/src/bp.cpp:638]   --->   Operation 66 'getelementptr' 'x_5_addr' <Predicate = (!icmp_ln636)> <Delay = 0.00>
ST_1 : Operation 67 [1/1] (0.00ns)   --->   "%x_6_addr = getelementptr i32 %x_6, i64 0, i64 %zext_ln636" [/home/bsheh002/ADMM07/alveo/src/bp.cpp:638]   --->   Operation 67 'getelementptr' 'x_6_addr' <Predicate = (!icmp_ln636)> <Delay = 0.00>
ST_1 : Operation 68 [1/1] (0.00ns)   --->   "%x_7_addr = getelementptr i32 %x_7, i64 0, i64 %zext_ln636" [/home/bsheh002/ADMM07/alveo/src/bp.cpp:638]   --->   Operation 68 'getelementptr' 'x_7_addr' <Predicate = (!icmp_ln636)> <Delay = 0.00>
ST_1 : Operation 69 [1/1] (0.00ns)   --->   "%x_8_addr = getelementptr i32 %x_8, i64 0, i64 %zext_ln636" [/home/bsheh002/ADMM07/alveo/src/bp.cpp:638]   --->   Operation 69 'getelementptr' 'x_8_addr' <Predicate = (!icmp_ln636)> <Delay = 0.00>
ST_1 : Operation 70 [1/1] (0.00ns)   --->   "%x_9_addr = getelementptr i32 %x_9, i64 0, i64 %zext_ln636" [/home/bsheh002/ADMM07/alveo/src/bp.cpp:638]   --->   Operation 70 'getelementptr' 'x_9_addr' <Predicate = (!icmp_ln636)> <Delay = 0.00>
ST_1 : Operation 71 [1/1] (0.00ns)   --->   "%x_10_addr = getelementptr i32 %x_10, i64 0, i64 %zext_ln636" [/home/bsheh002/ADMM07/alveo/src/bp.cpp:638]   --->   Operation 71 'getelementptr' 'x_10_addr' <Predicate = (!icmp_ln636)> <Delay = 0.00>
ST_1 : Operation 72 [1/1] (0.00ns)   --->   "%x_11_addr = getelementptr i32 %x_11, i64 0, i64 %zext_ln636" [/home/bsheh002/ADMM07/alveo/src/bp.cpp:638]   --->   Operation 72 'getelementptr' 'x_11_addr' <Predicate = (!icmp_ln636)> <Delay = 0.00>
ST_1 : Operation 73 [1/1] (0.00ns)   --->   "%x_12_addr = getelementptr i32 %x_12, i64 0, i64 %zext_ln636" [/home/bsheh002/ADMM07/alveo/src/bp.cpp:638]   --->   Operation 73 'getelementptr' 'x_12_addr' <Predicate = (!icmp_ln636)> <Delay = 0.00>
ST_1 : Operation 74 [1/1] (0.00ns)   --->   "%x_13_addr = getelementptr i32 %x_13, i64 0, i64 %zext_ln636" [/home/bsheh002/ADMM07/alveo/src/bp.cpp:638]   --->   Operation 74 'getelementptr' 'x_13_addr' <Predicate = (!icmp_ln636)> <Delay = 0.00>
ST_1 : Operation 75 [1/1] (0.00ns)   --->   "%x_14_addr = getelementptr i32 %x_14, i64 0, i64 %zext_ln636" [/home/bsheh002/ADMM07/alveo/src/bp.cpp:638]   --->   Operation 75 'getelementptr' 'x_14_addr' <Predicate = (!icmp_ln636)> <Delay = 0.00>
ST_1 : Operation 76 [1/1] (0.00ns)   --->   "%x_15_addr = getelementptr i32 %x_15, i64 0, i64 %zext_ln636" [/home/bsheh002/ADMM07/alveo/src/bp.cpp:638]   --->   Operation 76 'getelementptr' 'x_15_addr' <Predicate = (!icmp_ln636)> <Delay = 0.00>
ST_1 : Operation 77 [1/1] (0.67ns)   --->   "%switch_ln638 = switch i4 %trunc_ln636, void %arrayidx68.case.15, i4 0, void %arrayidx68.case.0, i4 1, void %arrayidx68.case.1, i4 2, void %arrayidx68.case.2, i4 3, void %arrayidx68.case.3, i4 4, void %arrayidx68.case.4, i4 5, void %arrayidx68.case.5, i4 6, void %arrayidx68.case.6, i4 7, void %arrayidx68.case.7, i4 8, void %arrayidx68.case.8, i4 9, void %arrayidx68.case.9, i4 10, void %arrayidx68.case.10, i4 11, void %arrayidx68.case.11, i4 12, void %arrayidx68.case.12, i4 13, void %arrayidx68.case.13, i4 14, void %arrayidx68.case.14" [/home/bsheh002/ADMM07/alveo/src/bp.cpp:638]   --->   Operation 77 'switch' 'switch_ln638' <Predicate = (!icmp_ln636)> <Delay = 0.67>
ST_1 : Operation 78 [1/1] (0.38ns)   --->   "%store_ln636 = store i31 %add_ln636, i31 %i_4" [/home/bsheh002/ADMM07/alveo/src/bp.cpp:636]   --->   Operation 78 'store' 'store_ln636' <Predicate = (!icmp_ln636)> <Delay = 0.38>
ST_1 : Operation 79 [1/1] (0.00ns)   --->   "%br_ln636 = br void %for.inc69" [/home/bsheh002/ADMM07/alveo/src/bp.cpp:636]   --->   Operation 79 'br' 'br_ln636' <Predicate = (!icmp_ln636)> <Delay = 0.00>

State 2 <SV = 1> <Delay = 2.43>
ST_2 : Operation 80 [1/1] (0.00ns)   --->   "%gmem1_addr = getelementptr i32 %gmem1, i64 %sext_ln636_cast" [/home/bsheh002/ADMM07/alveo/src/bp.cpp:636]   --->   Operation 80 'getelementptr' 'gmem1_addr' <Predicate = true> <Delay = 0.00>
ST_2 : Operation 81 [1/2] (0.69ns)   --->   "%mac_res_load = load i3 %mac_res_addr" [/home/bsheh002/ADMM07/alveo/src/bp.cpp:638]   --->   Operation 81 'load' 'mac_res_load' <Predicate = true> <Delay = 0.69> <CoreInst = "RAM">   --->   Core 83 'RAM' <Latency = 1> <II = 1> <Delay = 0.69> <Storage> <Opcode : 'load' 'store'> <Ports = 2> <Width = 32> <Depth = 8> <RAM>
ST_2 : Operation 82 [1/2] (0.69ns)   --->   "%mac_res_1_load = load i3 %mac_res_1_addr" [/home/bsheh002/ADMM07/alveo/src/bp.cpp:638]   --->   Operation 82 'load' 'mac_res_1_load' <Predicate = true> <Delay = 0.69> <CoreInst = "RAM">   --->   Core 83 'RAM' <Latency = 1> <II = 1> <Delay = 0.69> <Storage> <Opcode : 'load' 'store'> <Ports = 2> <Width = 32> <Depth = 8> <RAM>
ST_2 : Operation 83 [1/2] (0.69ns)   --->   "%mac_res_2_load = load i3 %mac_res_2_addr" [/home/bsheh002/ADMM07/alveo/src/bp.cpp:638]   --->   Operation 83 'load' 'mac_res_2_load' <Predicate = true> <Delay = 0.69> <CoreInst = "RAM">   --->   Core 83 'RAM' <Latency = 1> <II = 1> <Delay = 0.69> <Storage> <Opcode : 'load' 'store'> <Ports = 2> <Width = 32> <Depth = 8> <RAM>
ST_2 : Operation 84 [1/2] (0.69ns)   --->   "%mac_res_3_load = load i3 %mac_res_3_addr" [/home/bsheh002/ADMM07/alveo/src/bp.cpp:638]   --->   Operation 84 'load' 'mac_res_3_load' <Predicate = true> <Delay = 0.69> <CoreInst = "RAM">   --->   Core 83 'RAM' <Latency = 1> <II = 1> <Delay = 0.69> <Storage> <Opcode : 'load' 'store'> <Ports = 2> <Width = 32> <Depth = 8> <RAM>
ST_2 : Operation 85 [1/2] (0.69ns)   --->   "%mac_res_4_load = load i3 %mac_res_4_addr" [/home/bsheh002/ADMM07/alveo/src/bp.cpp:638]   --->   Operation 85 'load' 'mac_res_4_load' <Predicate = true> <Delay = 0.69> <CoreInst = "RAM">   --->   Core 83 'RAM' <Latency = 1> <II = 1> <Delay = 0.69> <Storage> <Opcode : 'load' 'store'> <Ports = 2> <Width = 32> <Depth = 8> <RAM>
ST_2 : Operation 86 [1/2] (0.69ns)   --->   "%mac_res_5_load = load i3 %mac_res_5_addr" [/home/bsheh002/ADMM07/alveo/src/bp.cpp:638]   --->   Operation 86 'load' 'mac_res_5_load' <Predicate = true> <Delay = 0.69> <CoreInst = "RAM">   --->   Core 83 'RAM' <Latency = 1> <II = 1> <Delay = 0.69> <Storage> <Opcode : 'load' 'store'> <Ports = 2> <Width = 32> <Depth = 8> <RAM>
ST_2 : Operation 87 [1/2] (0.69ns)   --->   "%mac_res_6_load = load i3 %mac_res_6_addr" [/home/bsheh002/ADMM07/alveo/src/bp.cpp:638]   --->   Operation 87 'load' 'mac_res_6_load' <Predicate = true> <Delay = 0.69> <CoreInst = "RAM">   --->   Core 83 'RAM' <Latency = 1> <II = 1> <Delay = 0.69> <Storage> <Opcode : 'load' 'store'> <Ports = 2> <Width = 32> <Depth = 8> <RAM>
ST_2 : Operation 88 [1/2] (0.69ns)   --->   "%mac_res_7_load = load i3 %mac_res_7_addr" [/home/bsheh002/ADMM07/alveo/src/bp.cpp:638]   --->   Operation 88 'load' 'mac_res_7_load' <Predicate = true> <Delay = 0.69> <CoreInst = "RAM">   --->   Core 83 'RAM' <Latency = 1> <II = 1> <Delay = 0.69> <Storage> <Opcode : 'load' 'store'> <Ports = 2> <Width = 32> <Depth = 8> <RAM>
ST_2 : Operation 89 [1/2] (0.69ns)   --->   "%mac_res_8_load = load i3 %mac_res_8_addr" [/home/bsheh002/ADMM07/alveo/src/bp.cpp:638]   --->   Operation 89 'load' 'mac_res_8_load' <Predicate = true> <Delay = 0.69> <CoreInst = "RAM">   --->   Core 83 'RAM' <Latency = 1> <II = 1> <Delay = 0.69> <Storage> <Opcode : 'load' 'store'> <Ports = 2> <Width = 32> <Depth = 8> <RAM>
ST_2 : Operation 90 [1/2] (0.69ns)   --->   "%mac_res_9_load = load i3 %mac_res_9_addr" [/home/bsheh002/ADMM07/alveo/src/bp.cpp:638]   --->   Operation 90 'load' 'mac_res_9_load' <Predicate = true> <Delay = 0.69> <CoreInst = "RAM">   --->   Core 83 'RAM' <Latency = 1> <II = 1> <Delay = 0.69> <Storage> <Opcode : 'load' 'store'> <Ports = 2> <Width = 32> <Depth = 8> <RAM>
ST_2 : Operation 91 [1/2] (0.69ns)   --->   "%mac_res_10_load = load i3 %mac_res_10_addr" [/home/bsheh002/ADMM07/alveo/src/bp.cpp:638]   --->   Operation 91 'load' 'mac_res_10_load' <Predicate = true> <Delay = 0.69> <CoreInst = "RAM">   --->   Core 83 'RAM' <Latency = 1> <II = 1> <Delay = 0.69> <Storage> <Opcode : 'load' 'store'> <Ports = 2> <Width = 32> <Depth = 8> <RAM>
ST_2 : Operation 92 [1/2] (0.69ns)   --->   "%mac_res_11_load = load i3 %mac_res_11_addr" [/home/bsheh002/ADMM07/alveo/src/bp.cpp:638]   --->   Operation 92 'load' 'mac_res_11_load' <Predicate = true> <Delay = 0.69> <CoreInst = "RAM">   --->   Core 83 'RAM' <Latency = 1> <II = 1> <Delay = 0.69> <Storage> <Opcode : 'load' 'store'> <Ports = 2> <Width = 32> <Depth = 8> <RAM>
ST_2 : Operation 93 [1/2] (0.69ns)   --->   "%mac_res_12_load = load i3 %mac_res_12_addr" [/home/bsheh002/ADMM07/alveo/src/bp.cpp:638]   --->   Operation 93 'load' 'mac_res_12_load' <Predicate = true> <Delay = 0.69> <CoreInst = "RAM">   --->   Core 83 'RAM' <Latency = 1> <II = 1> <Delay = 0.69> <Storage> <Opcode : 'load' 'store'> <Ports = 2> <Width = 32> <Depth = 8> <RAM>
ST_2 : Operation 94 [1/2] (0.69ns)   --->   "%mac_res_13_load = load i3 %mac_res_13_addr" [/home/bsheh002/ADMM07/alveo/src/bp.cpp:638]   --->   Operation 94 'load' 'mac_res_13_load' <Predicate = true> <Delay = 0.69> <CoreInst = "RAM">   --->   Core 83 'RAM' <Latency = 1> <II = 1> <Delay = 0.69> <Storage> <Opcode : 'load' 'store'> <Ports = 2> <Width = 32> <Depth = 8> <RAM>
ST_2 : Operation 95 [1/2] (0.69ns)   --->   "%mac_res_14_load = load i3 %mac_res_14_addr" [/home/bsheh002/ADMM07/alveo/src/bp.cpp:638]   --->   Operation 95 'load' 'mac_res_14_load' <Predicate = true> <Delay = 0.69> <CoreInst = "RAM">   --->   Core 83 'RAM' <Latency = 1> <II = 1> <Delay = 0.69> <Storage> <Opcode : 'load' 'store'> <Ports = 2> <Width = 32> <Depth = 8> <RAM>
ST_2 : Operation 96 [1/2] (0.69ns)   --->   "%mac_res_15_load = load i3 %mac_res_15_addr" [/home/bsheh002/ADMM07/alveo/src/bp.cpp:638]   --->   Operation 96 'load' 'mac_res_15_load' <Predicate = true> <Delay = 0.69> <CoreInst = "RAM">   --->   Core 83 'RAM' <Latency = 1> <II = 1> <Delay = 0.69> <Storage> <Opcode : 'load' 'store'> <Ports = 2> <Width = 32> <Depth = 8> <RAM>
ST_2 : Operation 97 [1/1] (0.49ns)   --->   "%tmp_3 = sparsemux i32 @_ssdm_op_SparseMux.ap_auto.16float.float.i4, i4 0, i32 %mac_res_load, i4 1, i32 %mac_res_1_load, i4 2, i32 %mac_res_2_load, i4 3, i32 %mac_res_3_load, i4 4, i32 %mac_res_4_load, i4 5, i32 %mac_res_5_load, i4 6, i32 %mac_res_6_load, i4 7, i32 %mac_res_7_load, i4 8, i32 %mac_res_8_load, i4 9, i32 %mac_res_9_load, i4 10, i32 %mac_res_10_load, i4 11, i32 %mac_res_11_load, i4 12, i32 %mac_res_12_load, i4 13, i32 %mac_res_13_load, i4 14, i32 %mac_res_14_load, i4 15, i32 %mac_res_15_load, i32 <undef>, i4 %trunc_ln636" [/home/bsheh002/ADMM07/alveo/src/bp.cpp:638]   --->   Operation 97 'sparsemux' 'tmp_3' <Predicate = true> <Delay = 0.49> <CoreInst = "SparseMux">   --->   Core 147 'SparseMux' <Latency = 0> <II = 1> <Delay = 0.49> <FuncUnit> <Opcode : 'sparsemux'> <InPorts = 2> <OutPorts = 1>
ST_2 : Operation 98 [1/1] (2.43ns)   --->   "%gmem1_addr_read = read i32 @_ssdm_op_Read.m_axi.p1i32, i32 %gmem1_addr" [/home/bsheh002/ADMM07/alveo/src/bp.cpp:638]   --->   Operation 98 'read' 'gmem1_addr_read' <Predicate = true> <Delay = 2.43> <CoreInst = "m_axi">   --->   Core 121 'm_axi' <Latency = 0> <II = 1> <Delay = 1.00> <Adapter> <Opcode : 'read' 'write' 'readreq' 'writereq' 'writeresp'>

State 3 <SV = 2> <Delay = 2.34>
ST_3 : Operation 99 [1/1] (0.00ns)   --->   "%bitcast_ln638 = bitcast i32 %gmem1_addr_read" [/home/bsheh002/ADMM07/alveo/src/bp.cpp:638]   --->   Operation 99 'bitcast' 'bitcast_ln638' <Predicate = true> <Delay = 0.00>
ST_3 : Operation 100 [7/7] (2.34ns)   --->   "%add = fadd i32 %tmp_3, i32 %bitcast_ln638" [/home/bsheh002/ADMM07/alveo/src/bp.cpp:638]   --->   Operation 100 'fadd' 'add' <Predicate = true> <Delay = 2.34> <CoreInst = "FAddSub_fulldsp">   --->   Core 18 'FAddSub_fulldsp' <Latency = 6> <II = 1> <Delay = 2.34> <FuncUnit> <Opcode : 'fadd' 'fsub'> <InPorts = 2> <OutPorts = 1>

State 4 <SV = 3> <Delay = 2.34>
ST_4 : Operation 101 [6/7] (2.34ns)   --->   "%add = fadd i32 %tmp_3, i32 %bitcast_ln638" [/home/bsheh002/ADMM07/alveo/src/bp.cpp:638]   --->   Operation 101 'fadd' 'add' <Predicate = true> <Delay = 2.34> <CoreInst = "FAddSub_fulldsp">   --->   Core 18 'FAddSub_fulldsp' <Latency = 6> <II = 1> <Delay = 2.34> <FuncUnit> <Opcode : 'fadd' 'fsub'> <InPorts = 2> <OutPorts = 1>

State 5 <SV = 4> <Delay = 2.34>
ST_5 : Operation 102 [5/7] (2.34ns)   --->   "%add = fadd i32 %tmp_3, i32 %bitcast_ln638" [/home/bsheh002/ADMM07/alveo/src/bp.cpp:638]   --->   Operation 102 'fadd' 'add' <Predicate = true> <Delay = 2.34> <CoreInst = "FAddSub_fulldsp">   --->   Core 18 'FAddSub_fulldsp' <Latency = 6> <II = 1> <Delay = 2.34> <FuncUnit> <Opcode : 'fadd' 'fsub'> <InPorts = 2> <OutPorts = 1>

State 6 <SV = 5> <Delay = 2.34>
ST_6 : Operation 103 [4/7] (2.34ns)   --->   "%add = fadd i32 %tmp_3, i32 %bitcast_ln638" [/home/bsheh002/ADMM07/alveo/src/bp.cpp:638]   --->   Operation 103 'fadd' 'add' <Predicate = true> <Delay = 2.34> <CoreInst = "FAddSub_fulldsp">   --->   Core 18 'FAddSub_fulldsp' <Latency = 6> <II = 1> <Delay = 2.34> <FuncUnit> <Opcode : 'fadd' 'fsub'> <InPorts = 2> <OutPorts = 1>

State 7 <SV = 6> <Delay = 2.34>
ST_7 : Operation 104 [3/7] (2.34ns)   --->   "%add = fadd i32 %tmp_3, i32 %bitcast_ln638" [/home/bsheh002/ADMM07/alveo/src/bp.cpp:638]   --->   Operation 104 'fadd' 'add' <Predicate = true> <Delay = 2.34> <CoreInst = "FAddSub_fulldsp">   --->   Core 18 'FAddSub_fulldsp' <Latency = 6> <II = 1> <Delay = 2.34> <FuncUnit> <Opcode : 'fadd' 'fsub'> <InPorts = 2> <OutPorts = 1>

State 8 <SV = 7> <Delay = 2.34>
ST_8 : Operation 105 [2/7] (2.34ns)   --->   "%add = fadd i32 %tmp_3, i32 %bitcast_ln638" [/home/bsheh002/ADMM07/alveo/src/bp.cpp:638]   --->   Operation 105 'fadd' 'add' <Predicate = true> <Delay = 2.34> <CoreInst = "FAddSub_fulldsp">   --->   Core 18 'FAddSub_fulldsp' <Latency = 6> <II = 1> <Delay = 2.34> <FuncUnit> <Opcode : 'fadd' 'fsub'> <InPorts = 2> <OutPorts = 1>

State 9 <SV = 8> <Delay = 2.34>
ST_9 : Operation 106 [1/1] (0.00ns)   --->   "%specpipeline_ln637 = specpipeline void @_ssdm_op_SpecPipeline, i32 1, i32 0, i32 0, i32 0, void @empty_31" [/home/bsheh002/ADMM07/alveo/src/bp.cpp:637]   --->   Operation 106 'specpipeline' 'specpipeline_ln637' <Predicate = true> <Delay = 0.00>
ST_9 : Operation 107 [1/1] (0.00ns)   --->   "%specloopname_ln636 = specloopname void @_ssdm_op_SpecLoopName, void @empty_22" [/home/bsheh002/ADMM07/alveo/src/bp.cpp:636]   --->   Operation 107 'specloopname' 'specloopname_ln636' <Predicate = true> <Delay = 0.00>
ST_9 : Operation 108 [1/7] (2.34ns)   --->   "%add = fadd i32 %tmp_3, i32 %bitcast_ln638" [/home/bsheh002/ADMM07/alveo/src/bp.cpp:638]   --->   Operation 108 'fadd' 'add' <Predicate = true> <Delay = 2.34> <CoreInst = "FAddSub_fulldsp">   --->   Core 18 'FAddSub_fulldsp' <Latency = 6> <II = 1> <Delay = 2.34> <FuncUnit> <Opcode : 'fadd' 'fsub'> <InPorts = 2> <OutPorts = 1>
ST_9 : Operation 141 [1/1] (0.00ns)   --->   "%ret_ln0 = ret"   --->   Operation 141 'ret' 'ret_ln0' <Predicate = (icmp_ln636)> <Delay = 0.00>

State 10 <SV = 9> <Delay = 0.69>
ST_10 : Operation 109 [1/1] (0.69ns)   --->   "%store_ln638 = store i32 %add, i3 %x_14_addr" [/home/bsheh002/ADMM07/alveo/src/bp.cpp:638]   --->   Operation 109 'store' 'store_ln638' <Predicate = (trunc_ln636 == 14)> <Delay = 0.69> <CoreInst = "RAM">   --->   Core 83 'RAM' <Latency = 1> <II = 1> <Delay = 0.69> <Storage> <Opcode : 'load' 'store'> <Ports = 2> <Width = 32> <Depth = 8> <RAM>
ST_10 : Operation 110 [1/1] (0.00ns)   --->   "%br_ln638 = br void %arrayidx68.exit" [/home/bsheh002/ADMM07/alveo/src/bp.cpp:638]   --->   Operation 110 'br' 'br_ln638' <Predicate = (trunc_ln636 == 14)> <Delay = 0.00>
ST_10 : Operation 111 [1/1] (0.69ns)   --->   "%store_ln638 = store i32 %add, i3 %x_13_addr" [/home/bsheh002/ADMM07/alveo/src/bp.cpp:638]   --->   Operation 111 'store' 'store_ln638' <Predicate = (trunc_ln636 == 13)> <Delay = 0.69> <CoreInst = "RAM">   --->   Core 83 'RAM' <Latency = 1> <II = 1> <Delay = 0.69> <Storage> <Opcode : 'load' 'store'> <Ports = 2> <Width = 32> <Depth = 8> <RAM>
ST_10 : Operation 112 [1/1] (0.00ns)   --->   "%br_ln638 = br void %arrayidx68.exit" [/home/bsheh002/ADMM07/alveo/src/bp.cpp:638]   --->   Operation 112 'br' 'br_ln638' <Predicate = (trunc_ln636 == 13)> <Delay = 0.00>
ST_10 : Operation 113 [1/1] (0.69ns)   --->   "%store_ln638 = store i32 %add, i3 %x_12_addr" [/home/bsheh002/ADMM07/alveo/src/bp.cpp:638]   --->   Operation 113 'store' 'store_ln638' <Predicate = (trunc_ln636 == 12)> <Delay = 0.69> <CoreInst = "RAM">   --->   Core 83 'RAM' <Latency = 1> <II = 1> <Delay = 0.69> <Storage> <Opcode : 'load' 'store'> <Ports = 2> <Width = 32> <Depth = 8> <RAM>
ST_10 : Operation 114 [1/1] (0.00ns)   --->   "%br_ln638 = br void %arrayidx68.exit" [/home/bsheh002/ADMM07/alveo/src/bp.cpp:638]   --->   Operation 114 'br' 'br_ln638' <Predicate = (trunc_ln636 == 12)> <Delay = 0.00>
ST_10 : Operation 115 [1/1] (0.69ns)   --->   "%store_ln638 = store i32 %add, i3 %x_11_addr" [/home/bsheh002/ADMM07/alveo/src/bp.cpp:638]   --->   Operation 115 'store' 'store_ln638' <Predicate = (trunc_ln636 == 11)> <Delay = 0.69> <CoreInst = "RAM">   --->   Core 83 'RAM' <Latency = 1> <II = 1> <Delay = 0.69> <Storage> <Opcode : 'load' 'store'> <Ports = 2> <Width = 32> <Depth = 8> <RAM>
ST_10 : Operation 116 [1/1] (0.00ns)   --->   "%br_ln638 = br void %arrayidx68.exit" [/home/bsheh002/ADMM07/alveo/src/bp.cpp:638]   --->   Operation 116 'br' 'br_ln638' <Predicate = (trunc_ln636 == 11)> <Delay = 0.00>
ST_10 : Operation 117 [1/1] (0.69ns)   --->   "%store_ln638 = store i32 %add, i3 %x_10_addr" [/home/bsheh002/ADMM07/alveo/src/bp.cpp:638]   --->   Operation 117 'store' 'store_ln638' <Predicate = (trunc_ln636 == 10)> <Delay = 0.69> <CoreInst = "RAM">   --->   Core 83 'RAM' <Latency = 1> <II = 1> <Delay = 0.69> <Storage> <Opcode : 'load' 'store'> <Ports = 2> <Width = 32> <Depth = 8> <RAM>
ST_10 : Operation 118 [1/1] (0.00ns)   --->   "%br_ln638 = br void %arrayidx68.exit" [/home/bsheh002/ADMM07/alveo/src/bp.cpp:638]   --->   Operation 118 'br' 'br_ln638' <Predicate = (trunc_ln636 == 10)> <Delay = 0.00>
ST_10 : Operation 119 [1/1] (0.69ns)   --->   "%store_ln638 = store i32 %add, i3 %x_9_addr" [/home/bsheh002/ADMM07/alveo/src/bp.cpp:638]   --->   Operation 119 'store' 'store_ln638' <Predicate = (trunc_ln636 == 9)> <Delay = 0.69> <CoreInst = "RAM">   --->   Core 83 'RAM' <Latency = 1> <II = 1> <Delay = 0.69> <Storage> <Opcode : 'load' 'store'> <Ports = 2> <Width = 32> <Depth = 8> <RAM>
ST_10 : Operation 120 [1/1] (0.00ns)   --->   "%br_ln638 = br void %arrayidx68.exit" [/home/bsheh002/ADMM07/alveo/src/bp.cpp:638]   --->   Operation 120 'br' 'br_ln638' <Predicate = (trunc_ln636 == 9)> <Delay = 0.00>
ST_10 : Operation 121 [1/1] (0.69ns)   --->   "%store_ln638 = store i32 %add, i3 %x_8_addr" [/home/bsheh002/ADMM07/alveo/src/bp.cpp:638]   --->   Operation 121 'store' 'store_ln638' <Predicate = (trunc_ln636 == 8)> <Delay = 0.69> <CoreInst = "RAM">   --->   Core 83 'RAM' <Latency = 1> <II = 1> <Delay = 0.69> <Storage> <Opcode : 'load' 'store'> <Ports = 2> <Width = 32> <Depth = 8> <RAM>
ST_10 : Operation 122 [1/1] (0.00ns)   --->   "%br_ln638 = br void %arrayidx68.exit" [/home/bsheh002/ADMM07/alveo/src/bp.cpp:638]   --->   Operation 122 'br' 'br_ln638' <Predicate = (trunc_ln636 == 8)> <Delay = 0.00>
ST_10 : Operation 123 [1/1] (0.69ns)   --->   "%store_ln638 = store i32 %add, i3 %x_7_addr" [/home/bsheh002/ADMM07/alveo/src/bp.cpp:638]   --->   Operation 123 'store' 'store_ln638' <Predicate = (trunc_ln636 == 7)> <Delay = 0.69> <CoreInst = "RAM">   --->   Core 83 'RAM' <Latency = 1> <II = 1> <Delay = 0.69> <Storage> <Opcode : 'load' 'store'> <Ports = 2> <Width = 32> <Depth = 8> <RAM>
ST_10 : Operation 124 [1/1] (0.00ns)   --->   "%br_ln638 = br void %arrayidx68.exit" [/home/bsheh002/ADMM07/alveo/src/bp.cpp:638]   --->   Operation 124 'br' 'br_ln638' <Predicate = (trunc_ln636 == 7)> <Delay = 0.00>
ST_10 : Operation 125 [1/1] (0.69ns)   --->   "%store_ln638 = store i32 %add, i3 %x_6_addr" [/home/bsheh002/ADMM07/alveo/src/bp.cpp:638]   --->   Operation 125 'store' 'store_ln638' <Predicate = (trunc_ln636 == 6)> <Delay = 0.69> <CoreInst = "RAM">   --->   Core 83 'RAM' <Latency = 1> <II = 1> <Delay = 0.69> <Storage> <Opcode : 'load' 'store'> <Ports = 2> <Width = 32> <Depth = 8> <RAM>
ST_10 : Operation 126 [1/1] (0.00ns)   --->   "%br_ln638 = br void %arrayidx68.exit" [/home/bsheh002/ADMM07/alveo/src/bp.cpp:638]   --->   Operation 126 'br' 'br_ln638' <Predicate = (trunc_ln636 == 6)> <Delay = 0.00>
ST_10 : Operation 127 [1/1] (0.69ns)   --->   "%store_ln638 = store i32 %add, i3 %x_5_addr" [/home/bsheh002/ADMM07/alveo/src/bp.cpp:638]   --->   Operation 127 'store' 'store_ln638' <Predicate = (trunc_ln636 == 5)> <Delay = 0.69> <CoreInst = "RAM">   --->   Core 83 'RAM' <Latency = 1> <II = 1> <Delay = 0.69> <Storage> <Opcode : 'load' 'store'> <Ports = 2> <Width = 32> <Depth = 8> <RAM>
ST_10 : Operation 128 [1/1] (0.00ns)   --->   "%br_ln638 = br void %arrayidx68.exit" [/home/bsheh002/ADMM07/alveo/src/bp.cpp:638]   --->   Operation 128 'br' 'br_ln638' <Predicate = (trunc_ln636 == 5)> <Delay = 0.00>
ST_10 : Operation 129 [1/1] (0.69ns)   --->   "%store_ln638 = store i32 %add, i3 %x_4_addr" [/home/bsheh002/ADMM07/alveo/src/bp.cpp:638]   --->   Operation 129 'store' 'store_ln638' <Predicate = (trunc_ln636 == 4)> <Delay = 0.69> <CoreInst = "RAM">   --->   Core 83 'RAM' <Latency = 1> <II = 1> <Delay = 0.69> <Storage> <Opcode : 'load' 'store'> <Ports = 2> <Width = 32> <Depth = 8> <RAM>
ST_10 : Operation 130 [1/1] (0.00ns)   --->   "%br_ln638 = br void %arrayidx68.exit" [/home/bsheh002/ADMM07/alveo/src/bp.cpp:638]   --->   Operation 130 'br' 'br_ln638' <Predicate = (trunc_ln636 == 4)> <Delay = 0.00>
ST_10 : Operation 131 [1/1] (0.69ns)   --->   "%store_ln638 = store i32 %add, i3 %x_3_addr" [/home/bsheh002/ADMM07/alveo/src/bp.cpp:638]   --->   Operation 131 'store' 'store_ln638' <Predicate = (trunc_ln636 == 3)> <Delay = 0.69> <CoreInst = "RAM">   --->   Core 83 'RAM' <Latency = 1> <II = 1> <Delay = 0.69> <Storage> <Opcode : 'load' 'store'> <Ports = 2> <Width = 32> <Depth = 8> <RAM>
ST_10 : Operation 132 [1/1] (0.00ns)   --->   "%br_ln638 = br void %arrayidx68.exit" [/home/bsheh002/ADMM07/alveo/src/bp.cpp:638]   --->   Operation 132 'br' 'br_ln638' <Predicate = (trunc_ln636 == 3)> <Delay = 0.00>
ST_10 : Operation 133 [1/1] (0.69ns)   --->   "%store_ln638 = store i32 %add, i3 %x_2_addr" [/home/bsheh002/ADMM07/alveo/src/bp.cpp:638]   --->   Operation 133 'store' 'store_ln638' <Predicate = (trunc_ln636 == 2)> <Delay = 0.69> <CoreInst = "RAM">   --->   Core 83 'RAM' <Latency = 1> <II = 1> <Delay = 0.69> <Storage> <Opcode : 'load' 'store'> <Ports = 2> <Width = 32> <Depth = 8> <RAM>
ST_10 : Operation 134 [1/1] (0.00ns)   --->   "%br_ln638 = br void %arrayidx68.exit" [/home/bsheh002/ADMM07/alveo/src/bp.cpp:638]   --->   Operation 134 'br' 'br_ln638' <Predicate = (trunc_ln636 == 2)> <Delay = 0.00>
ST_10 : Operation 135 [1/1] (0.69ns)   --->   "%store_ln638 = store i32 %add, i3 %x_1_addr" [/home/bsheh002/ADMM07/alveo/src/bp.cpp:638]   --->   Operation 135 'store' 'store_ln638' <Predicate = (trunc_ln636 == 1)> <Delay = 0.69> <CoreInst = "RAM">   --->   Core 83 'RAM' <Latency = 1> <II = 1> <Delay = 0.69> <Storage> <Opcode : 'load' 'store'> <Ports = 2> <Width = 32> <Depth = 8> <RAM>
ST_10 : Operation 136 [1/1] (0.00ns)   --->   "%br_ln638 = br void %arrayidx68.exit" [/home/bsheh002/ADMM07/alveo/src/bp.cpp:638]   --->   Operation 136 'br' 'br_ln638' <Predicate = (trunc_ln636 == 1)> <Delay = 0.00>
ST_10 : Operation 137 [1/1] (0.69ns)   --->   "%store_ln638 = store i32 %add, i3 %x_addr" [/home/bsheh002/ADMM07/alveo/src/bp.cpp:638]   --->   Operation 137 'store' 'store_ln638' <Predicate = (trunc_ln636 == 0)> <Delay = 0.69> <CoreInst = "RAM">   --->   Core 83 'RAM' <Latency = 1> <II = 1> <Delay = 0.69> <Storage> <Opcode : 'load' 'store'> <Ports = 2> <Width = 32> <Depth = 8> <RAM>
ST_10 : Operation 138 [1/1] (0.00ns)   --->   "%br_ln638 = br void %arrayidx68.exit" [/home/bsheh002/ADMM07/alveo/src/bp.cpp:638]   --->   Operation 138 'br' 'br_ln638' <Predicate = (trunc_ln636 == 0)> <Delay = 0.00>
ST_10 : Operation 139 [1/1] (0.69ns)   --->   "%store_ln638 = store i32 %add, i3 %x_15_addr" [/home/bsheh002/ADMM07/alveo/src/bp.cpp:638]   --->   Operation 139 'store' 'store_ln638' <Predicate = (trunc_ln636 == 15)> <Delay = 0.69> <CoreInst = "RAM">   --->   Core 83 'RAM' <Latency = 1> <II = 1> <Delay = 0.69> <Storage> <Opcode : 'load' 'store'> <Ports = 2> <Width = 32> <Depth = 8> <RAM>
ST_10 : Operation 140 [1/1] (0.00ns)   --->   "%br_ln638 = br void %arrayidx68.exit" [/home/bsheh002/ADMM07/alveo/src/bp.cpp:638]   --->   Operation 140 'br' 'br_ln638' <Predicate = (trunc_ln636 == 15)> <Delay = 0.00>


============================================================
+ Verbose Summary: Timing violations
============================================================
Target clock period: 3.333ns, clock uncertainty: 0.900ns.

 <State 1>: 1.648ns
The critical path consists of the following:
	'store' operation 0 bit ('store_ln636', /home/bsheh002/ADMM07/alveo/src/bp.cpp:636) of constant 0 on local variable 'i', /home/bsheh002/ADMM07/alveo/src/bp.cpp:636 [41]  (0.387 ns)
	'load' operation 31 bit ('i', /home/bsheh002/ADMM07/alveo/src/bp.cpp:636) on local variable 'i', /home/bsheh002/ADMM07/alveo/src/bp.cpp:636 [44]  (0.000 ns)
	'add' operation 31 bit ('add_ln636', /home/bsheh002/ADMM07/alveo/src/bp.cpp:636) [48]  (0.874 ns)
	'store' operation 0 bit ('store_ln636', /home/bsheh002/ADMM07/alveo/src/bp.cpp:636) of variable 'add_ln636', /home/bsheh002/ADMM07/alveo/src/bp.cpp:636 on local variable 'i', /home/bsheh002/ADMM07/alveo/src/bp.cpp:636 [159]  (0.387 ns)

 <State 2>: 2.433ns
The critical path consists of the following:
	'getelementptr' operation 32 bit ('gmem1_addr', /home/bsheh002/ADMM07/alveo/src/bp.cpp:636) [51]  (0.000 ns)
	bus read operation ('gmem1_addr_read', /home/bsheh002/ADMM07/alveo/src/bp.cpp:638) on port 'gmem1' (/home/bsheh002/ADMM07/alveo/src/bp.cpp:638) [90]  (2.433 ns)

 <State 3>: 2.342ns
The critical path consists of the following:
	'fadd' operation 32 bit ('add', /home/bsheh002/ADMM07/alveo/src/bp.cpp:638) [92]  (2.342 ns)

 <State 4>: 2.342ns
The critical path consists of the following:
	'fadd' operation 32 bit ('add', /home/bsheh002/ADMM07/alveo/src/bp.cpp:638) [92]  (2.342 ns)

 <State 5>: 2.342ns
The critical path consists of the following:
	'fadd' operation 32 bit ('add', /home/bsheh002/ADMM07/alveo/src/bp.cpp:638) [92]  (2.342 ns)

 <State 6>: 2.342ns
The critical path consists of the following:
	'fadd' operation 32 bit ('add', /home/bsheh002/ADMM07/alveo/src/bp.cpp:638) [92]  (2.342 ns)

 <State 7>: 2.342ns
The critical path consists of the following:
	'fadd' operation 32 bit ('add', /home/bsheh002/ADMM07/alveo/src/bp.cpp:638) [92]  (2.342 ns)

 <State 8>: 2.342ns
The critical path consists of the following:
	'fadd' operation 32 bit ('add', /home/bsheh002/ADMM07/alveo/src/bp.cpp:638) [92]  (2.342 ns)

 <State 9>: 2.342ns
The critical path consists of the following:
	'fadd' operation 32 bit ('add', /home/bsheh002/ADMM07/alveo/src/bp.cpp:638) [92]  (2.342 ns)

 <State 10>: 0.699ns
The critical path consists of the following:
	'store' operation 0 bit ('store_ln638', /home/bsheh002/ADMM07/alveo/src/bp.cpp:638) of variable 'add', /home/bsheh002/ADMM07/alveo/src/bp.cpp:638 on array 'x_14' [111]  (0.699 ns)


============================================================
+ Verbose Summary: Binding
============================================================
N/A
* FSMD analyzer results:
  - Output states:
 - Input state : 
  - Chain level:
	State 1
	State 2
	State 3
	State 4
	State 5
	State 6
	State 7
	State 8
	State 9
	State 10


============================================================
+ Verbose Summary: Datapath Resource usage 
============================================================
N/A
