

================================================================
== Vitis HLS Report for 'krnl_bp_Pipeline_VITIS_LOOP_648_9'
================================================================
* Date:           Mon Aug 18 15:42:08 2025

* Version:        2023.2 (Build 4023990 on Oct 11 2023)
* Project:        krnl_bp
* Solution:       solution (Vitis Kernel Flow Target)
* Product family: virtexuplusHBM
* Target device:  xcu280-fsvh2892-2L-e


================================================================
== Performance Estimates
================================================================
+ Timing: 
    * Summary: 
    +--------+---------+----------+------------+
    |  Clock |  Target | Estimated| Uncertainty|
    +--------+---------+----------+------------+
    |ap_clk  |  3.33 ns|  2.342 ns|     0.90 ns|
    +--------+---------+----------+------------+

+ Latency: 
    * Summary: 
    +---------+---------+-----------+----------+-----+-----+---------+
    |  Latency (cycles) |  Latency (absolute)  |  Interval | Pipeline|
    |   min   |   max   |    min    |    max   | min | max |   Type  |
    +---------+---------+-----------+----------+-----+-----+---------+
    |       15|        ?|  49.995 ns|         ?|   15|    ?|       no|
    +---------+---------+-----------+----------+-----+-----+---------+

    + Detail: 
        * Instance: 
        N/A

        * Loop: 
        +--------------------+---------+---------+----------+-----------+-----------+-------+----------+
        |                    |  Latency (cycles) | Iteration|  Initiation Interval  |  Trip |          |
        |      Loop Name     |   min   |   max   |  Latency |  achieved |   target  | Count | Pipelined|
        +--------------------+---------+---------+----------+-----------+-----------+-------+----------+
        |- VITIS_LOOP_648_9  |       13|        ?|        14|          1|          1|  1 ~ ?|       yes|
        +--------------------+---------+---------+----------+-----------+-----------+-------+----------+

============================================================
+ Verbose Summary: Synthesis Manager
============================================================
InlineROM: 1
ExposeGlobal: 0
============================================================
+ Verbose Summary: CDFG Model
============================================================
IsTopModel: 0
ResetActiveHigh: 1
IsCombinational: 0
IsDatapathOnly: 0
HasWiredReturn: 1
HasMFsm: 2
HasVarLatency: 1
IsPipeline: 0
IsRtlPipelined: 0
IsInstanceOverlapped: 0
IsDontTouch: 0
HasImplIP: 0
IsGatedGlobalClock: 0

+ Individual pipeline summary: 
  * Pipeline-0: initiation interval (II) = 1, depth = 14


============================================================
+ Verbose Summary: Schedule
============================================================
* Number of FSM states : 14
* Pipeline : 1
  Pipeline-0 : II = 1, D = 14, States = { 1 2 3 4 5 6 7 8 9 10 11 12 13 14 }
* Dataflow Pipeline: 0

* FSM state transitions: 
1 --> 2 
2 --> 3 
3 --> 4 
4 --> 5 
5 --> 6 
6 --> 7 
7 --> 8 
8 --> 9 
9 --> 10 
10 --> 11 
11 --> 12 
12 --> 13 
13 --> 14 
14 --> 

* FSM state operations: 

State 1 <SV = 0> <Delay = 1.64>
ST_1 : Operation 17 [1/1] (0.00ns)   --->   "%i = alloca i32 1" [/home/bsheh002/ADMM07/alveo/src/bp.cpp:648]   --->   Operation 17 'alloca' 'i' <Predicate = true> <Delay = 0.00>
ST_1 : Operation 18 [1/1] (0.00ns)   --->   "%sub_read = read i32 @_ssdm_op_Read.ap_auto.float, i32 %sub"   --->   Operation 18 'read' 'sub_read' <Predicate = true> <Delay = 0.00>
ST_1 : Operation 19 [1/1] (0.00ns)   --->   "%alpha_read = read i32 @_ssdm_op_Read.ap_auto.float, i32 %alpha"   --->   Operation 19 'read' 'alpha_read' <Predicate = true> <Delay = 0.00>
ST_1 : Operation 20 [1/1] (0.00ns)   --->   "%chunk_read = read i31 @_ssdm_op_Read.ap_auto.i31, i31 %chunk"   --->   Operation 20 'read' 'chunk_read' <Predicate = true> <Delay = 0.00>
ST_1 : Operation 21 [1/1] (0.38ns)   --->   "%store_ln648 = store i31 0, i31 %i" [/home/bsheh002/ADMM07/alveo/src/bp.cpp:648]   --->   Operation 21 'store' 'store_ln648' <Predicate = true> <Delay = 0.38>
ST_1 : Operation 22 [1/1] (0.00ns)   --->   "%br_ln0 = br void %for.inc99"   --->   Operation 22 'br' 'br_ln0' <Predicate = true> <Delay = 0.00>
ST_1 : Operation 23 [1/1] (0.00ns)   --->   "%i_4 = load i31 %i" [/home/bsheh002/ADMM07/alveo/src/bp.cpp:648]   --->   Operation 23 'load' 'i_4' <Predicate = true> <Delay = 0.00>
ST_1 : Operation 24 [1/1] (0.87ns)   --->   "%icmp_ln648 = icmp_eq  i31 %i_4, i31 %chunk_read" [/home/bsheh002/ADMM07/alveo/src/bp.cpp:648]   --->   Operation 24 'icmp' 'icmp_ln648' <Predicate = true> <Delay = 0.87> <CoreInst = "Cmp">   --->   Core 9 'Cmp' <Latency = 0> <II = 1> <Delay = 0.87> <FuncUnit> <Opcode : 'icmp'> <InPorts = 2> <OutPorts = 1>
ST_1 : Operation 25 [1/1] (0.00ns)   --->   "%speclooptripcount_ln0 = speclooptripcount void @_ssdm_op_SpecLoopTripCount, i64 1, i64 18446744073709551615, i64 0"   --->   Operation 25 'speclooptripcount' 'speclooptripcount_ln0' <Predicate = true> <Delay = 0.00>
ST_1 : Operation 26 [1/1] (0.87ns)   --->   "%add_ln648 = add i31 %i_4, i31 1" [/home/bsheh002/ADMM07/alveo/src/bp.cpp:648]   --->   Operation 26 'add' 'add_ln648' <Predicate = true> <Delay = 0.87> <CoreInst = "Adder">   --->   Core 1 'Adder' <Latency = 0> <II = 1> <Delay = 0.87> <FuncUnit> <Opcode : 'add' 'sub'> <InPorts = 2> <OutPorts = 1>
ST_1 : Operation 27 [1/1] (0.00ns)   --->   "%br_ln648 = br i1 %icmp_ln648, void %for.inc99.split, void %for.body106.preheader.exitStub" [/home/bsheh002/ADMM07/alveo/src/bp.cpp:648]   --->   Operation 27 'br' 'br_ln648' <Predicate = true> <Delay = 0.00>
ST_1 : Operation 28 [1/1] (0.00ns)   --->   "%trunc_ln648 = trunc i31 %i_4" [/home/bsheh002/ADMM07/alveo/src/bp.cpp:648]   --->   Operation 28 'trunc' 'trunc_ln648' <Predicate = (!icmp_ln648)> <Delay = 0.00>
ST_1 : Operation 29 [1/1] (0.00ns)   --->   "%lshr_ln7 = partselect i3 @_ssdm_op_PartSelect.i3.i31.i32.i32, i31 %i_4, i32 4, i32 6" [/home/bsheh002/ADMM07/alveo/src/bp.cpp:648]   --->   Operation 29 'partselect' 'lshr_ln7' <Predicate = (!icmp_ln648)> <Delay = 0.00>
ST_1 : Operation 30 [1/1] (0.00ns)   --->   "%zext_ln648 = zext i3 %lshr_ln7" [/home/bsheh002/ADMM07/alveo/src/bp.cpp:648]   --->   Operation 30 'zext' 'zext_ln648' <Predicate = (!icmp_ln648)> <Delay = 0.00>
ST_1 : Operation 31 [1/1] (0.00ns)   --->   "%x_addr = getelementptr i32 %x, i64 0, i64 %zext_ln648" [/home/bsheh002/ADMM07/alveo/src/bp.cpp:650]   --->   Operation 31 'getelementptr' 'x_addr' <Predicate = (!icmp_ln648)> <Delay = 0.00>
ST_1 : Operation 32 [1/1] (0.00ns)   --->   "%x_1_addr = getelementptr i32 %x_1, i64 0, i64 %zext_ln648" [/home/bsheh002/ADMM07/alveo/src/bp.cpp:650]   --->   Operation 32 'getelementptr' 'x_1_addr' <Predicate = (!icmp_ln648)> <Delay = 0.00>
ST_1 : Operation 33 [1/1] (0.00ns)   --->   "%x_2_addr = getelementptr i32 %x_2, i64 0, i64 %zext_ln648" [/home/bsheh002/ADMM07/alveo/src/bp.cpp:650]   --->   Operation 33 'getelementptr' 'x_2_addr' <Predicate = (!icmp_ln648)> <Delay = 0.00>
ST_1 : Operation 34 [1/1] (0.00ns)   --->   "%x_3_addr = getelementptr i32 %x_3, i64 0, i64 %zext_ln648" [/home/bsheh002/ADMM07/alveo/src/bp.cpp:650]   --->   Operation 34 'getelementptr' 'x_3_addr' <Predicate = (!icmp_ln648)> <Delay = 0.00>
ST_1 : Operation 35 [1/1] (0.00ns)   --->   "%x_4_addr = getelementptr i32 %x_4, i64 0, i64 %zext_ln648" [/home/bsheh002/ADMM07/alveo/src/bp.cpp:650]   --->   Operation 35 'getelementptr' 'x_4_addr' <Predicate = (!icmp_ln648)> <Delay = 0.00>
ST_1 : Operation 36 [1/1] (0.00ns)   --->   "%x_5_addr = getelementptr i32 %x_5, i64 0, i64 %zext_ln648" [/home/bsheh002/ADMM07/alveo/src/bp.cpp:650]   --->   Operation 36 'getelementptr' 'x_5_addr' <Predicate = (!icmp_ln648)> <Delay = 0.00>
ST_1 : Operation 37 [1/1] (0.00ns)   --->   "%x_6_addr = getelementptr i32 %x_6, i64 0, i64 %zext_ln648" [/home/bsheh002/ADMM07/alveo/src/bp.cpp:650]   --->   Operation 37 'getelementptr' 'x_6_addr' <Predicate = (!icmp_ln648)> <Delay = 0.00>
ST_1 : Operation 38 [1/1] (0.00ns)   --->   "%x_7_addr = getelementptr i32 %x_7, i64 0, i64 %zext_ln648" [/home/bsheh002/ADMM07/alveo/src/bp.cpp:650]   --->   Operation 38 'getelementptr' 'x_7_addr' <Predicate = (!icmp_ln648)> <Delay = 0.00>
ST_1 : Operation 39 [1/1] (0.00ns)   --->   "%x_8_addr = getelementptr i32 %x_8, i64 0, i64 %zext_ln648" [/home/bsheh002/ADMM07/alveo/src/bp.cpp:650]   --->   Operation 39 'getelementptr' 'x_8_addr' <Predicate = (!icmp_ln648)> <Delay = 0.00>
ST_1 : Operation 40 [1/1] (0.00ns)   --->   "%x_9_addr = getelementptr i32 %x_9, i64 0, i64 %zext_ln648" [/home/bsheh002/ADMM07/alveo/src/bp.cpp:650]   --->   Operation 40 'getelementptr' 'x_9_addr' <Predicate = (!icmp_ln648)> <Delay = 0.00>
ST_1 : Operation 41 [1/1] (0.00ns)   --->   "%x_10_addr = getelementptr i32 %x_10, i64 0, i64 %zext_ln648" [/home/bsheh002/ADMM07/alveo/src/bp.cpp:650]   --->   Operation 41 'getelementptr' 'x_10_addr' <Predicate = (!icmp_ln648)> <Delay = 0.00>
ST_1 : Operation 42 [1/1] (0.00ns)   --->   "%x_11_addr = getelementptr i32 %x_11, i64 0, i64 %zext_ln648" [/home/bsheh002/ADMM07/alveo/src/bp.cpp:650]   --->   Operation 42 'getelementptr' 'x_11_addr' <Predicate = (!icmp_ln648)> <Delay = 0.00>
ST_1 : Operation 43 [1/1] (0.00ns)   --->   "%x_12_addr = getelementptr i32 %x_12, i64 0, i64 %zext_ln648" [/home/bsheh002/ADMM07/alveo/src/bp.cpp:650]   --->   Operation 43 'getelementptr' 'x_12_addr' <Predicate = (!icmp_ln648)> <Delay = 0.00>
ST_1 : Operation 44 [1/1] (0.00ns)   --->   "%x_13_addr = getelementptr i32 %x_13, i64 0, i64 %zext_ln648" [/home/bsheh002/ADMM07/alveo/src/bp.cpp:650]   --->   Operation 44 'getelementptr' 'x_13_addr' <Predicate = (!icmp_ln648)> <Delay = 0.00>
ST_1 : Operation 45 [1/1] (0.00ns)   --->   "%x_14_addr = getelementptr i32 %x_14, i64 0, i64 %zext_ln648" [/home/bsheh002/ADMM07/alveo/src/bp.cpp:650]   --->   Operation 45 'getelementptr' 'x_14_addr' <Predicate = (!icmp_ln648)> <Delay = 0.00>
ST_1 : Operation 46 [1/1] (0.00ns)   --->   "%x_15_addr = getelementptr i32 %x_15, i64 0, i64 %zext_ln648" [/home/bsheh002/ADMM07/alveo/src/bp.cpp:650]   --->   Operation 46 'getelementptr' 'x_15_addr' <Predicate = (!icmp_ln648)> <Delay = 0.00>
ST_1 : Operation 47 [2/2] (0.69ns)   --->   "%x_load = load i3 %x_addr" [/home/bsheh002/ADMM07/alveo/src/bp.cpp:650]   --->   Operation 47 'load' 'x_load' <Predicate = (!icmp_ln648)> <Delay = 0.69> <CoreInst = "RAM">   --->   Core 83 'RAM' <Latency = 1> <II = 1> <Delay = 0.69> <Storage> <Opcode : 'load' 'store'> <Ports = 2> <Width = 32> <Depth = 8> <RAM>
ST_1 : Operation 48 [2/2] (0.69ns)   --->   "%x_1_load = load i3 %x_1_addr" [/home/bsheh002/ADMM07/alveo/src/bp.cpp:650]   --->   Operation 48 'load' 'x_1_load' <Predicate = (!icmp_ln648)> <Delay = 0.69> <CoreInst = "RAM">   --->   Core 83 'RAM' <Latency = 1> <II = 1> <Delay = 0.69> <Storage> <Opcode : 'load' 'store'> <Ports = 2> <Width = 32> <Depth = 8> <RAM>
ST_1 : Operation 49 [2/2] (0.69ns)   --->   "%x_2_load = load i3 %x_2_addr" [/home/bsheh002/ADMM07/alveo/src/bp.cpp:650]   --->   Operation 49 'load' 'x_2_load' <Predicate = (!icmp_ln648)> <Delay = 0.69> <CoreInst = "RAM">   --->   Core 83 'RAM' <Latency = 1> <II = 1> <Delay = 0.69> <Storage> <Opcode : 'load' 'store'> <Ports = 2> <Width = 32> <Depth = 8> <RAM>
ST_1 : Operation 50 [2/2] (0.69ns)   --->   "%x_3_load = load i3 %x_3_addr" [/home/bsheh002/ADMM07/alveo/src/bp.cpp:650]   --->   Operation 50 'load' 'x_3_load' <Predicate = (!icmp_ln648)> <Delay = 0.69> <CoreInst = "RAM">   --->   Core 83 'RAM' <Latency = 1> <II = 1> <Delay = 0.69> <Storage> <Opcode : 'load' 'store'> <Ports = 2> <Width = 32> <Depth = 8> <RAM>
ST_1 : Operation 51 [2/2] (0.69ns)   --->   "%x_4_load = load i3 %x_4_addr" [/home/bsheh002/ADMM07/alveo/src/bp.cpp:650]   --->   Operation 51 'load' 'x_4_load' <Predicate = (!icmp_ln648)> <Delay = 0.69> <CoreInst = "RAM">   --->   Core 83 'RAM' <Latency = 1> <II = 1> <Delay = 0.69> <Storage> <Opcode : 'load' 'store'> <Ports = 2> <Width = 32> <Depth = 8> <RAM>
ST_1 : Operation 52 [2/2] (0.69ns)   --->   "%x_5_load = load i3 %x_5_addr" [/home/bsheh002/ADMM07/alveo/src/bp.cpp:650]   --->   Operation 52 'load' 'x_5_load' <Predicate = (!icmp_ln648)> <Delay = 0.69> <CoreInst = "RAM">   --->   Core 83 'RAM' <Latency = 1> <II = 1> <Delay = 0.69> <Storage> <Opcode : 'load' 'store'> <Ports = 2> <Width = 32> <Depth = 8> <RAM>
ST_1 : Operation 53 [2/2] (0.69ns)   --->   "%x_6_load = load i3 %x_6_addr" [/home/bsheh002/ADMM07/alveo/src/bp.cpp:650]   --->   Operation 53 'load' 'x_6_load' <Predicate = (!icmp_ln648)> <Delay = 0.69> <CoreInst = "RAM">   --->   Core 83 'RAM' <Latency = 1> <II = 1> <Delay = 0.69> <Storage> <Opcode : 'load' 'store'> <Ports = 2> <Width = 32> <Depth = 8> <RAM>
ST_1 : Operation 54 [2/2] (0.69ns)   --->   "%x_7_load = load i3 %x_7_addr" [/home/bsheh002/ADMM07/alveo/src/bp.cpp:650]   --->   Operation 54 'load' 'x_7_load' <Predicate = (!icmp_ln648)> <Delay = 0.69> <CoreInst = "RAM">   --->   Core 83 'RAM' <Latency = 1> <II = 1> <Delay = 0.69> <Storage> <Opcode : 'load' 'store'> <Ports = 2> <Width = 32> <Depth = 8> <RAM>
ST_1 : Operation 55 [2/2] (0.69ns)   --->   "%x_8_load = load i3 %x_8_addr" [/home/bsheh002/ADMM07/alveo/src/bp.cpp:650]   --->   Operation 55 'load' 'x_8_load' <Predicate = (!icmp_ln648)> <Delay = 0.69> <CoreInst = "RAM">   --->   Core 83 'RAM' <Latency = 1> <II = 1> <Delay = 0.69> <Storage> <Opcode : 'load' 'store'> <Ports = 2> <Width = 32> <Depth = 8> <RAM>
ST_1 : Operation 56 [2/2] (0.69ns)   --->   "%x_9_load = load i3 %x_9_addr" [/home/bsheh002/ADMM07/alveo/src/bp.cpp:650]   --->   Operation 56 'load' 'x_9_load' <Predicate = (!icmp_ln648)> <Delay = 0.69> <CoreInst = "RAM">   --->   Core 83 'RAM' <Latency = 1> <II = 1> <Delay = 0.69> <Storage> <Opcode : 'load' 'store'> <Ports = 2> <Width = 32> <Depth = 8> <RAM>
ST_1 : Operation 57 [2/2] (0.69ns)   --->   "%x_10_load = load i3 %x_10_addr" [/home/bsheh002/ADMM07/alveo/src/bp.cpp:650]   --->   Operation 57 'load' 'x_10_load' <Predicate = (!icmp_ln648)> <Delay = 0.69> <CoreInst = "RAM">   --->   Core 83 'RAM' <Latency = 1> <II = 1> <Delay = 0.69> <Storage> <Opcode : 'load' 'store'> <Ports = 2> <Width = 32> <Depth = 8> <RAM>
ST_1 : Operation 58 [2/2] (0.69ns)   --->   "%x_11_load = load i3 %x_11_addr" [/home/bsheh002/ADMM07/alveo/src/bp.cpp:650]   --->   Operation 58 'load' 'x_11_load' <Predicate = (!icmp_ln648)> <Delay = 0.69> <CoreInst = "RAM">   --->   Core 83 'RAM' <Latency = 1> <II = 1> <Delay = 0.69> <Storage> <Opcode : 'load' 'store'> <Ports = 2> <Width = 32> <Depth = 8> <RAM>
ST_1 : Operation 59 [2/2] (0.69ns)   --->   "%x_12_load = load i3 %x_12_addr" [/home/bsheh002/ADMM07/alveo/src/bp.cpp:650]   --->   Operation 59 'load' 'x_12_load' <Predicate = (!icmp_ln648)> <Delay = 0.69> <CoreInst = "RAM">   --->   Core 83 'RAM' <Latency = 1> <II = 1> <Delay = 0.69> <Storage> <Opcode : 'load' 'store'> <Ports = 2> <Width = 32> <Depth = 8> <RAM>
ST_1 : Operation 60 [2/2] (0.69ns)   --->   "%x_13_load = load i3 %x_13_addr" [/home/bsheh002/ADMM07/alveo/src/bp.cpp:650]   --->   Operation 60 'load' 'x_13_load' <Predicate = (!icmp_ln648)> <Delay = 0.69> <CoreInst = "RAM">   --->   Core 83 'RAM' <Latency = 1> <II = 1> <Delay = 0.69> <Storage> <Opcode : 'load' 'store'> <Ports = 2> <Width = 32> <Depth = 8> <RAM>
ST_1 : Operation 61 [2/2] (0.69ns)   --->   "%x_14_load = load i3 %x_14_addr" [/home/bsheh002/ADMM07/alveo/src/bp.cpp:650]   --->   Operation 61 'load' 'x_14_load' <Predicate = (!icmp_ln648)> <Delay = 0.69> <CoreInst = "RAM">   --->   Core 83 'RAM' <Latency = 1> <II = 1> <Delay = 0.69> <Storage> <Opcode : 'load' 'store'> <Ports = 2> <Width = 32> <Depth = 8> <RAM>
ST_1 : Operation 62 [2/2] (0.69ns)   --->   "%x_15_load = load i3 %x_15_addr" [/home/bsheh002/ADMM07/alveo/src/bp.cpp:650]   --->   Operation 62 'load' 'x_15_load' <Predicate = (!icmp_ln648)> <Delay = 0.69> <CoreInst = "RAM">   --->   Core 83 'RAM' <Latency = 1> <II = 1> <Delay = 0.69> <Storage> <Opcode : 'load' 'store'> <Ports = 2> <Width = 32> <Depth = 8> <RAM>
ST_1 : Operation 63 [1/1] (0.00ns)   --->   "%z_old_addr = getelementptr i32 %z_old, i64 0, i64 %zext_ln648" [/home/bsheh002/ADMM07/alveo/src/bp.cpp:650]   --->   Operation 63 'getelementptr' 'z_old_addr' <Predicate = (!icmp_ln648)> <Delay = 0.00>
ST_1 : Operation 64 [1/1] (0.00ns)   --->   "%z_old_1_addr = getelementptr i32 %z_old_1, i64 0, i64 %zext_ln648" [/home/bsheh002/ADMM07/alveo/src/bp.cpp:650]   --->   Operation 64 'getelementptr' 'z_old_1_addr' <Predicate = (!icmp_ln648)> <Delay = 0.00>
ST_1 : Operation 65 [1/1] (0.00ns)   --->   "%z_old_2_addr = getelementptr i32 %z_old_2, i64 0, i64 %zext_ln648" [/home/bsheh002/ADMM07/alveo/src/bp.cpp:650]   --->   Operation 65 'getelementptr' 'z_old_2_addr' <Predicate = (!icmp_ln648)> <Delay = 0.00>
ST_1 : Operation 66 [1/1] (0.00ns)   --->   "%z_old_3_addr = getelementptr i32 %z_old_3, i64 0, i64 %zext_ln648" [/home/bsheh002/ADMM07/alveo/src/bp.cpp:650]   --->   Operation 66 'getelementptr' 'z_old_3_addr' <Predicate = (!icmp_ln648)> <Delay = 0.00>
ST_1 : Operation 67 [1/1] (0.00ns)   --->   "%z_old_4_addr = getelementptr i32 %z_old_4, i64 0, i64 %zext_ln648" [/home/bsheh002/ADMM07/alveo/src/bp.cpp:650]   --->   Operation 67 'getelementptr' 'z_old_4_addr' <Predicate = (!icmp_ln648)> <Delay = 0.00>
ST_1 : Operation 68 [1/1] (0.00ns)   --->   "%z_old_5_addr = getelementptr i32 %z_old_5, i64 0, i64 %zext_ln648" [/home/bsheh002/ADMM07/alveo/src/bp.cpp:650]   --->   Operation 68 'getelementptr' 'z_old_5_addr' <Predicate = (!icmp_ln648)> <Delay = 0.00>
ST_1 : Operation 69 [1/1] (0.00ns)   --->   "%z_old_6_addr = getelementptr i32 %z_old_6, i64 0, i64 %zext_ln648" [/home/bsheh002/ADMM07/alveo/src/bp.cpp:650]   --->   Operation 69 'getelementptr' 'z_old_6_addr' <Predicate = (!icmp_ln648)> <Delay = 0.00>
ST_1 : Operation 70 [1/1] (0.00ns)   --->   "%z_old_7_addr = getelementptr i32 %z_old_7, i64 0, i64 %zext_ln648" [/home/bsheh002/ADMM07/alveo/src/bp.cpp:650]   --->   Operation 70 'getelementptr' 'z_old_7_addr' <Predicate = (!icmp_ln648)> <Delay = 0.00>
ST_1 : Operation 71 [1/1] (0.00ns)   --->   "%z_old_8_addr = getelementptr i32 %z_old_8, i64 0, i64 %zext_ln648" [/home/bsheh002/ADMM07/alveo/src/bp.cpp:650]   --->   Operation 71 'getelementptr' 'z_old_8_addr' <Predicate = (!icmp_ln648)> <Delay = 0.00>
ST_1 : Operation 72 [1/1] (0.00ns)   --->   "%z_old_9_addr = getelementptr i32 %z_old_9, i64 0, i64 %zext_ln648" [/home/bsheh002/ADMM07/alveo/src/bp.cpp:650]   --->   Operation 72 'getelementptr' 'z_old_9_addr' <Predicate = (!icmp_ln648)> <Delay = 0.00>
ST_1 : Operation 73 [1/1] (0.00ns)   --->   "%z_old_10_addr = getelementptr i32 %z_old_10, i64 0, i64 %zext_ln648" [/home/bsheh002/ADMM07/alveo/src/bp.cpp:650]   --->   Operation 73 'getelementptr' 'z_old_10_addr' <Predicate = (!icmp_ln648)> <Delay = 0.00>
ST_1 : Operation 74 [1/1] (0.00ns)   --->   "%z_old_11_addr = getelementptr i32 %z_old_11, i64 0, i64 %zext_ln648" [/home/bsheh002/ADMM07/alveo/src/bp.cpp:650]   --->   Operation 74 'getelementptr' 'z_old_11_addr' <Predicate = (!icmp_ln648)> <Delay = 0.00>
ST_1 : Operation 75 [1/1] (0.00ns)   --->   "%z_old_12_addr = getelementptr i32 %z_old_12, i64 0, i64 %zext_ln648" [/home/bsheh002/ADMM07/alveo/src/bp.cpp:650]   --->   Operation 75 'getelementptr' 'z_old_12_addr' <Predicate = (!icmp_ln648)> <Delay = 0.00>
ST_1 : Operation 76 [1/1] (0.00ns)   --->   "%z_old_13_addr = getelementptr i32 %z_old_13, i64 0, i64 %zext_ln648" [/home/bsheh002/ADMM07/alveo/src/bp.cpp:650]   --->   Operation 76 'getelementptr' 'z_old_13_addr' <Predicate = (!icmp_ln648)> <Delay = 0.00>
ST_1 : Operation 77 [1/1] (0.00ns)   --->   "%z_old_14_addr = getelementptr i32 %z_old_14, i64 0, i64 %zext_ln648" [/home/bsheh002/ADMM07/alveo/src/bp.cpp:650]   --->   Operation 77 'getelementptr' 'z_old_14_addr' <Predicate = (!icmp_ln648)> <Delay = 0.00>
ST_1 : Operation 78 [1/1] (0.00ns)   --->   "%z_old_15_addr = getelementptr i32 %z_old_15, i64 0, i64 %zext_ln648" [/home/bsheh002/ADMM07/alveo/src/bp.cpp:650]   --->   Operation 78 'getelementptr' 'z_old_15_addr' <Predicate = (!icmp_ln648)> <Delay = 0.00>
ST_1 : Operation 79 [2/2] (0.69ns)   --->   "%z_old_load = load i3 %z_old_addr" [/home/bsheh002/ADMM07/alveo/src/bp.cpp:650]   --->   Operation 79 'load' 'z_old_load' <Predicate = (!icmp_ln648)> <Delay = 0.69> <CoreInst = "RAM">   --->   Core 83 'RAM' <Latency = 1> <II = 1> <Delay = 0.69> <Storage> <Opcode : 'load' 'store'> <Ports = 2> <Width = 32> <Depth = 8> <RAM>
ST_1 : Operation 80 [2/2] (0.69ns)   --->   "%z_old_1_load = load i3 %z_old_1_addr" [/home/bsheh002/ADMM07/alveo/src/bp.cpp:650]   --->   Operation 80 'load' 'z_old_1_load' <Predicate = (!icmp_ln648)> <Delay = 0.69> <CoreInst = "RAM">   --->   Core 83 'RAM' <Latency = 1> <II = 1> <Delay = 0.69> <Storage> <Opcode : 'load' 'store'> <Ports = 2> <Width = 32> <Depth = 8> <RAM>
ST_1 : Operation 81 [2/2] (0.69ns)   --->   "%z_old_2_load = load i3 %z_old_2_addr" [/home/bsheh002/ADMM07/alveo/src/bp.cpp:650]   --->   Operation 81 'load' 'z_old_2_load' <Predicate = (!icmp_ln648)> <Delay = 0.69> <CoreInst = "RAM">   --->   Core 83 'RAM' <Latency = 1> <II = 1> <Delay = 0.69> <Storage> <Opcode : 'load' 'store'> <Ports = 2> <Width = 32> <Depth = 8> <RAM>
ST_1 : Operation 82 [2/2] (0.69ns)   --->   "%z_old_3_load = load i3 %z_old_3_addr" [/home/bsheh002/ADMM07/alveo/src/bp.cpp:650]   --->   Operation 82 'load' 'z_old_3_load' <Predicate = (!icmp_ln648)> <Delay = 0.69> <CoreInst = "RAM">   --->   Core 83 'RAM' <Latency = 1> <II = 1> <Delay = 0.69> <Storage> <Opcode : 'load' 'store'> <Ports = 2> <Width = 32> <Depth = 8> <RAM>
ST_1 : Operation 83 [2/2] (0.69ns)   --->   "%z_old_4_load = load i3 %z_old_4_addr" [/home/bsheh002/ADMM07/alveo/src/bp.cpp:650]   --->   Operation 83 'load' 'z_old_4_load' <Predicate = (!icmp_ln648)> <Delay = 0.69> <CoreInst = "RAM">   --->   Core 83 'RAM' <Latency = 1> <II = 1> <Delay = 0.69> <Storage> <Opcode : 'load' 'store'> <Ports = 2> <Width = 32> <Depth = 8> <RAM>
ST_1 : Operation 84 [2/2] (0.69ns)   --->   "%z_old_5_load = load i3 %z_old_5_addr" [/home/bsheh002/ADMM07/alveo/src/bp.cpp:650]   --->   Operation 84 'load' 'z_old_5_load' <Predicate = (!icmp_ln648)> <Delay = 0.69> <CoreInst = "RAM">   --->   Core 83 'RAM' <Latency = 1> <II = 1> <Delay = 0.69> <Storage> <Opcode : 'load' 'store'> <Ports = 2> <Width = 32> <Depth = 8> <RAM>
ST_1 : Operation 85 [2/2] (0.69ns)   --->   "%z_old_6_load = load i3 %z_old_6_addr" [/home/bsheh002/ADMM07/alveo/src/bp.cpp:650]   --->   Operation 85 'load' 'z_old_6_load' <Predicate = (!icmp_ln648)> <Delay = 0.69> <CoreInst = "RAM">   --->   Core 83 'RAM' <Latency = 1> <II = 1> <Delay = 0.69> <Storage> <Opcode : 'load' 'store'> <Ports = 2> <Width = 32> <Depth = 8> <RAM>
ST_1 : Operation 86 [2/2] (0.69ns)   --->   "%z_old_7_load = load i3 %z_old_7_addr" [/home/bsheh002/ADMM07/alveo/src/bp.cpp:650]   --->   Operation 86 'load' 'z_old_7_load' <Predicate = (!icmp_ln648)> <Delay = 0.69> <CoreInst = "RAM">   --->   Core 83 'RAM' <Latency = 1> <II = 1> <Delay = 0.69> <Storage> <Opcode : 'load' 'store'> <Ports = 2> <Width = 32> <Depth = 8> <RAM>
ST_1 : Operation 87 [2/2] (0.69ns)   --->   "%z_old_8_load = load i3 %z_old_8_addr" [/home/bsheh002/ADMM07/alveo/src/bp.cpp:650]   --->   Operation 87 'load' 'z_old_8_load' <Predicate = (!icmp_ln648)> <Delay = 0.69> <CoreInst = "RAM">   --->   Core 83 'RAM' <Latency = 1> <II = 1> <Delay = 0.69> <Storage> <Opcode : 'load' 'store'> <Ports = 2> <Width = 32> <Depth = 8> <RAM>
ST_1 : Operation 88 [2/2] (0.69ns)   --->   "%z_old_9_load = load i3 %z_old_9_addr" [/home/bsheh002/ADMM07/alveo/src/bp.cpp:650]   --->   Operation 88 'load' 'z_old_9_load' <Predicate = (!icmp_ln648)> <Delay = 0.69> <CoreInst = "RAM">   --->   Core 83 'RAM' <Latency = 1> <II = 1> <Delay = 0.69> <Storage> <Opcode : 'load' 'store'> <Ports = 2> <Width = 32> <Depth = 8> <RAM>
ST_1 : Operation 89 [2/2] (0.69ns)   --->   "%z_old_10_load = load i3 %z_old_10_addr" [/home/bsheh002/ADMM07/alveo/src/bp.cpp:650]   --->   Operation 89 'load' 'z_old_10_load' <Predicate = (!icmp_ln648)> <Delay = 0.69> <CoreInst = "RAM">   --->   Core 83 'RAM' <Latency = 1> <II = 1> <Delay = 0.69> <Storage> <Opcode : 'load' 'store'> <Ports = 2> <Width = 32> <Depth = 8> <RAM>
ST_1 : Operation 90 [2/2] (0.69ns)   --->   "%z_old_11_load = load i3 %z_old_11_addr" [/home/bsheh002/ADMM07/alveo/src/bp.cpp:650]   --->   Operation 90 'load' 'z_old_11_load' <Predicate = (!icmp_ln648)> <Delay = 0.69> <CoreInst = "RAM">   --->   Core 83 'RAM' <Latency = 1> <II = 1> <Delay = 0.69> <Storage> <Opcode : 'load' 'store'> <Ports = 2> <Width = 32> <Depth = 8> <RAM>
ST_1 : Operation 91 [2/2] (0.69ns)   --->   "%z_old_12_load = load i3 %z_old_12_addr" [/home/bsheh002/ADMM07/alveo/src/bp.cpp:650]   --->   Operation 91 'load' 'z_old_12_load' <Predicate = (!icmp_ln648)> <Delay = 0.69> <CoreInst = "RAM">   --->   Core 83 'RAM' <Latency = 1> <II = 1> <Delay = 0.69> <Storage> <Opcode : 'load' 'store'> <Ports = 2> <Width = 32> <Depth = 8> <RAM>
ST_1 : Operation 92 [2/2] (0.69ns)   --->   "%z_old_13_load = load i3 %z_old_13_addr" [/home/bsheh002/ADMM07/alveo/src/bp.cpp:650]   --->   Operation 92 'load' 'z_old_13_load' <Predicate = (!icmp_ln648)> <Delay = 0.69> <CoreInst = "RAM">   --->   Core 83 'RAM' <Latency = 1> <II = 1> <Delay = 0.69> <Storage> <Opcode : 'load' 'store'> <Ports = 2> <Width = 32> <Depth = 8> <RAM>
ST_1 : Operation 93 [2/2] (0.69ns)   --->   "%z_old_14_load = load i3 %z_old_14_addr" [/home/bsheh002/ADMM07/alveo/src/bp.cpp:650]   --->   Operation 93 'load' 'z_old_14_load' <Predicate = (!icmp_ln648)> <Delay = 0.69> <CoreInst = "RAM">   --->   Core 83 'RAM' <Latency = 1> <II = 1> <Delay = 0.69> <Storage> <Opcode : 'load' 'store'> <Ports = 2> <Width = 32> <Depth = 8> <RAM>
ST_1 : Operation 94 [2/2] (0.69ns)   --->   "%z_old_15_load = load i3 %z_old_15_addr" [/home/bsheh002/ADMM07/alveo/src/bp.cpp:650]   --->   Operation 94 'load' 'z_old_15_load' <Predicate = (!icmp_ln648)> <Delay = 0.69> <CoreInst = "RAM">   --->   Core 83 'RAM' <Latency = 1> <II = 1> <Delay = 0.69> <Storage> <Opcode : 'load' 'store'> <Ports = 2> <Width = 32> <Depth = 8> <RAM>
ST_1 : Operation 95 [1/1] (0.00ns)   --->   "%x_hat_addr = getelementptr i32 %x_hat, i64 0, i64 %zext_ln648" [/home/bsheh002/ADMM07/alveo/src/bp.cpp:650]   --->   Operation 95 'getelementptr' 'x_hat_addr' <Predicate = (!icmp_ln648)> <Delay = 0.00>
ST_1 : Operation 96 [1/1] (0.00ns)   --->   "%x_hat_1_addr = getelementptr i32 %x_hat_1, i64 0, i64 %zext_ln648" [/home/bsheh002/ADMM07/alveo/src/bp.cpp:650]   --->   Operation 96 'getelementptr' 'x_hat_1_addr' <Predicate = (!icmp_ln648)> <Delay = 0.00>
ST_1 : Operation 97 [1/1] (0.00ns)   --->   "%x_hat_2_addr = getelementptr i32 %x_hat_2, i64 0, i64 %zext_ln648" [/home/bsheh002/ADMM07/alveo/src/bp.cpp:650]   --->   Operation 97 'getelementptr' 'x_hat_2_addr' <Predicate = (!icmp_ln648)> <Delay = 0.00>
ST_1 : Operation 98 [1/1] (0.00ns)   --->   "%x_hat_3_addr = getelementptr i32 %x_hat_3, i64 0, i64 %zext_ln648" [/home/bsheh002/ADMM07/alveo/src/bp.cpp:650]   --->   Operation 98 'getelementptr' 'x_hat_3_addr' <Predicate = (!icmp_ln648)> <Delay = 0.00>
ST_1 : Operation 99 [1/1] (0.00ns)   --->   "%x_hat_4_addr = getelementptr i32 %x_hat_4, i64 0, i64 %zext_ln648" [/home/bsheh002/ADMM07/alveo/src/bp.cpp:650]   --->   Operation 99 'getelementptr' 'x_hat_4_addr' <Predicate = (!icmp_ln648)> <Delay = 0.00>
ST_1 : Operation 100 [1/1] (0.00ns)   --->   "%x_hat_5_addr = getelementptr i32 %x_hat_5, i64 0, i64 %zext_ln648" [/home/bsheh002/ADMM07/alveo/src/bp.cpp:650]   --->   Operation 100 'getelementptr' 'x_hat_5_addr' <Predicate = (!icmp_ln648)> <Delay = 0.00>
ST_1 : Operation 101 [1/1] (0.00ns)   --->   "%x_hat_6_addr = getelementptr i32 %x_hat_6, i64 0, i64 %zext_ln648" [/home/bsheh002/ADMM07/alveo/src/bp.cpp:650]   --->   Operation 101 'getelementptr' 'x_hat_6_addr' <Predicate = (!icmp_ln648)> <Delay = 0.00>
ST_1 : Operation 102 [1/1] (0.00ns)   --->   "%x_hat_7_addr = getelementptr i32 %x_hat_7, i64 0, i64 %zext_ln648" [/home/bsheh002/ADMM07/alveo/src/bp.cpp:650]   --->   Operation 102 'getelementptr' 'x_hat_7_addr' <Predicate = (!icmp_ln648)> <Delay = 0.00>
ST_1 : Operation 103 [1/1] (0.00ns)   --->   "%x_hat_8_addr = getelementptr i32 %x_hat_8, i64 0, i64 %zext_ln648" [/home/bsheh002/ADMM07/alveo/src/bp.cpp:650]   --->   Operation 103 'getelementptr' 'x_hat_8_addr' <Predicate = (!icmp_ln648)> <Delay = 0.00>
ST_1 : Operation 104 [1/1] (0.00ns)   --->   "%x_hat_9_addr = getelementptr i32 %x_hat_9, i64 0, i64 %zext_ln648" [/home/bsheh002/ADMM07/alveo/src/bp.cpp:650]   --->   Operation 104 'getelementptr' 'x_hat_9_addr' <Predicate = (!icmp_ln648)> <Delay = 0.00>
ST_1 : Operation 105 [1/1] (0.00ns)   --->   "%x_hat_10_addr = getelementptr i32 %x_hat_10, i64 0, i64 %zext_ln648" [/home/bsheh002/ADMM07/alveo/src/bp.cpp:650]   --->   Operation 105 'getelementptr' 'x_hat_10_addr' <Predicate = (!icmp_ln648)> <Delay = 0.00>
ST_1 : Operation 106 [1/1] (0.00ns)   --->   "%x_hat_11_addr = getelementptr i32 %x_hat_11, i64 0, i64 %zext_ln648" [/home/bsheh002/ADMM07/alveo/src/bp.cpp:650]   --->   Operation 106 'getelementptr' 'x_hat_11_addr' <Predicate = (!icmp_ln648)> <Delay = 0.00>
ST_1 : Operation 107 [1/1] (0.00ns)   --->   "%x_hat_12_addr = getelementptr i32 %x_hat_12, i64 0, i64 %zext_ln648" [/home/bsheh002/ADMM07/alveo/src/bp.cpp:650]   --->   Operation 107 'getelementptr' 'x_hat_12_addr' <Predicate = (!icmp_ln648)> <Delay = 0.00>
ST_1 : Operation 108 [1/1] (0.00ns)   --->   "%x_hat_13_addr = getelementptr i32 %x_hat_13, i64 0, i64 %zext_ln648" [/home/bsheh002/ADMM07/alveo/src/bp.cpp:650]   --->   Operation 108 'getelementptr' 'x_hat_13_addr' <Predicate = (!icmp_ln648)> <Delay = 0.00>
ST_1 : Operation 109 [1/1] (0.00ns)   --->   "%x_hat_14_addr = getelementptr i32 %x_hat_14, i64 0, i64 %zext_ln648" [/home/bsheh002/ADMM07/alveo/src/bp.cpp:650]   --->   Operation 109 'getelementptr' 'x_hat_14_addr' <Predicate = (!icmp_ln648)> <Delay = 0.00>
ST_1 : Operation 110 [1/1] (0.00ns)   --->   "%x_hat_15_addr = getelementptr i32 %x_hat_15, i64 0, i64 %zext_ln648" [/home/bsheh002/ADMM07/alveo/src/bp.cpp:650]   --->   Operation 110 'getelementptr' 'x_hat_15_addr' <Predicate = (!icmp_ln648)> <Delay = 0.00>
ST_1 : Operation 111 [1/1] (0.67ns)   --->   "%switch_ln650 = switch i4 %trunc_ln648, void %arrayidx98.case.15, i4 0, void %arrayidx98.case.0, i4 1, void %arrayidx98.case.1, i4 2, void %arrayidx98.case.2, i4 3, void %arrayidx98.case.3, i4 4, void %arrayidx98.case.4, i4 5, void %arrayidx98.case.5, i4 6, void %arrayidx98.case.6, i4 7, void %arrayidx98.case.7, i4 8, void %arrayidx98.case.8, i4 9, void %arrayidx98.case.9, i4 10, void %arrayidx98.case.10, i4 11, void %arrayidx98.case.11, i4 12, void %arrayidx98.case.12, i4 13, void %arrayidx98.case.13, i4 14, void %arrayidx98.case.14" [/home/bsheh002/ADMM07/alveo/src/bp.cpp:650]   --->   Operation 111 'switch' 'switch_ln650' <Predicate = (!icmp_ln648)> <Delay = 0.67>
ST_1 : Operation 112 [1/1] (0.38ns)   --->   "%store_ln648 = store i31 %add_ln648, i31 %i" [/home/bsheh002/ADMM07/alveo/src/bp.cpp:648]   --->   Operation 112 'store' 'store_ln648' <Predicate = (!icmp_ln648)> <Delay = 0.38>
ST_1 : Operation 113 [1/1] (0.00ns)   --->   "%br_ln648 = br void %for.inc99" [/home/bsheh002/ADMM07/alveo/src/bp.cpp:648]   --->   Operation 113 'br' 'br_ln648' <Predicate = (!icmp_ln648)> <Delay = 0.00>

State 2 <SV = 1> <Delay = 1.19>
ST_2 : Operation 114 [1/2] (0.69ns)   --->   "%x_load = load i3 %x_addr" [/home/bsheh002/ADMM07/alveo/src/bp.cpp:650]   --->   Operation 114 'load' 'x_load' <Predicate = true> <Delay = 0.69> <CoreInst = "RAM">   --->   Core 83 'RAM' <Latency = 1> <II = 1> <Delay = 0.69> <Storage> <Opcode : 'load' 'store'> <Ports = 2> <Width = 32> <Depth = 8> <RAM>
ST_2 : Operation 115 [1/2] (0.69ns)   --->   "%x_1_load = load i3 %x_1_addr" [/home/bsheh002/ADMM07/alveo/src/bp.cpp:650]   --->   Operation 115 'load' 'x_1_load' <Predicate = true> <Delay = 0.69> <CoreInst = "RAM">   --->   Core 83 'RAM' <Latency = 1> <II = 1> <Delay = 0.69> <Storage> <Opcode : 'load' 'store'> <Ports = 2> <Width = 32> <Depth = 8> <RAM>
ST_2 : Operation 116 [1/2] (0.69ns)   --->   "%x_2_load = load i3 %x_2_addr" [/home/bsheh002/ADMM07/alveo/src/bp.cpp:650]   --->   Operation 116 'load' 'x_2_load' <Predicate = true> <Delay = 0.69> <CoreInst = "RAM">   --->   Core 83 'RAM' <Latency = 1> <II = 1> <Delay = 0.69> <Storage> <Opcode : 'load' 'store'> <Ports = 2> <Width = 32> <Depth = 8> <RAM>
ST_2 : Operation 117 [1/2] (0.69ns)   --->   "%x_3_load = load i3 %x_3_addr" [/home/bsheh002/ADMM07/alveo/src/bp.cpp:650]   --->   Operation 117 'load' 'x_3_load' <Predicate = true> <Delay = 0.69> <CoreInst = "RAM">   --->   Core 83 'RAM' <Latency = 1> <II = 1> <Delay = 0.69> <Storage> <Opcode : 'load' 'store'> <Ports = 2> <Width = 32> <Depth = 8> <RAM>
ST_2 : Operation 118 [1/2] (0.69ns)   --->   "%x_4_load = load i3 %x_4_addr" [/home/bsheh002/ADMM07/alveo/src/bp.cpp:650]   --->   Operation 118 'load' 'x_4_load' <Predicate = true> <Delay = 0.69> <CoreInst = "RAM">   --->   Core 83 'RAM' <Latency = 1> <II = 1> <Delay = 0.69> <Storage> <Opcode : 'load' 'store'> <Ports = 2> <Width = 32> <Depth = 8> <RAM>
ST_2 : Operation 119 [1/2] (0.69ns)   --->   "%x_5_load = load i3 %x_5_addr" [/home/bsheh002/ADMM07/alveo/src/bp.cpp:650]   --->   Operation 119 'load' 'x_5_load' <Predicate = true> <Delay = 0.69> <CoreInst = "RAM">   --->   Core 83 'RAM' <Latency = 1> <II = 1> <Delay = 0.69> <Storage> <Opcode : 'load' 'store'> <Ports = 2> <Width = 32> <Depth = 8> <RAM>
ST_2 : Operation 120 [1/2] (0.69ns)   --->   "%x_6_load = load i3 %x_6_addr" [/home/bsheh002/ADMM07/alveo/src/bp.cpp:650]   --->   Operation 120 'load' 'x_6_load' <Predicate = true> <Delay = 0.69> <CoreInst = "RAM">   --->   Core 83 'RAM' <Latency = 1> <II = 1> <Delay = 0.69> <Storage> <Opcode : 'load' 'store'> <Ports = 2> <Width = 32> <Depth = 8> <RAM>
ST_2 : Operation 121 [1/2] (0.69ns)   --->   "%x_7_load = load i3 %x_7_addr" [/home/bsheh002/ADMM07/alveo/src/bp.cpp:650]   --->   Operation 121 'load' 'x_7_load' <Predicate = true> <Delay = 0.69> <CoreInst = "RAM">   --->   Core 83 'RAM' <Latency = 1> <II = 1> <Delay = 0.69> <Storage> <Opcode : 'load' 'store'> <Ports = 2> <Width = 32> <Depth = 8> <RAM>
ST_2 : Operation 122 [1/2] (0.69ns)   --->   "%x_8_load = load i3 %x_8_addr" [/home/bsheh002/ADMM07/alveo/src/bp.cpp:650]   --->   Operation 122 'load' 'x_8_load' <Predicate = true> <Delay = 0.69> <CoreInst = "RAM">   --->   Core 83 'RAM' <Latency = 1> <II = 1> <Delay = 0.69> <Storage> <Opcode : 'load' 'store'> <Ports = 2> <Width = 32> <Depth = 8> <RAM>
ST_2 : Operation 123 [1/2] (0.69ns)   --->   "%x_9_load = load i3 %x_9_addr" [/home/bsheh002/ADMM07/alveo/src/bp.cpp:650]   --->   Operation 123 'load' 'x_9_load' <Predicate = true> <Delay = 0.69> <CoreInst = "RAM">   --->   Core 83 'RAM' <Latency = 1> <II = 1> <Delay = 0.69> <Storage> <Opcode : 'load' 'store'> <Ports = 2> <Width = 32> <Depth = 8> <RAM>
ST_2 : Operation 124 [1/2] (0.69ns)   --->   "%x_10_load = load i3 %x_10_addr" [/home/bsheh002/ADMM07/alveo/src/bp.cpp:650]   --->   Operation 124 'load' 'x_10_load' <Predicate = true> <Delay = 0.69> <CoreInst = "RAM">   --->   Core 83 'RAM' <Latency = 1> <II = 1> <Delay = 0.69> <Storage> <Opcode : 'load' 'store'> <Ports = 2> <Width = 32> <Depth = 8> <RAM>
ST_2 : Operation 125 [1/2] (0.69ns)   --->   "%x_11_load = load i3 %x_11_addr" [/home/bsheh002/ADMM07/alveo/src/bp.cpp:650]   --->   Operation 125 'load' 'x_11_load' <Predicate = true> <Delay = 0.69> <CoreInst = "RAM">   --->   Core 83 'RAM' <Latency = 1> <II = 1> <Delay = 0.69> <Storage> <Opcode : 'load' 'store'> <Ports = 2> <Width = 32> <Depth = 8> <RAM>
ST_2 : Operation 126 [1/2] (0.69ns)   --->   "%x_12_load = load i3 %x_12_addr" [/home/bsheh002/ADMM07/alveo/src/bp.cpp:650]   --->   Operation 126 'load' 'x_12_load' <Predicate = true> <Delay = 0.69> <CoreInst = "RAM">   --->   Core 83 'RAM' <Latency = 1> <II = 1> <Delay = 0.69> <Storage> <Opcode : 'load' 'store'> <Ports = 2> <Width = 32> <Depth = 8> <RAM>
ST_2 : Operation 127 [1/2] (0.69ns)   --->   "%x_13_load = load i3 %x_13_addr" [/home/bsheh002/ADMM07/alveo/src/bp.cpp:650]   --->   Operation 127 'load' 'x_13_load' <Predicate = true> <Delay = 0.69> <CoreInst = "RAM">   --->   Core 83 'RAM' <Latency = 1> <II = 1> <Delay = 0.69> <Storage> <Opcode : 'load' 'store'> <Ports = 2> <Width = 32> <Depth = 8> <RAM>
ST_2 : Operation 128 [1/2] (0.69ns)   --->   "%x_14_load = load i3 %x_14_addr" [/home/bsheh002/ADMM07/alveo/src/bp.cpp:650]   --->   Operation 128 'load' 'x_14_load' <Predicate = true> <Delay = 0.69> <CoreInst = "RAM">   --->   Core 83 'RAM' <Latency = 1> <II = 1> <Delay = 0.69> <Storage> <Opcode : 'load' 'store'> <Ports = 2> <Width = 32> <Depth = 8> <RAM>
ST_2 : Operation 129 [1/2] (0.69ns)   --->   "%x_15_load = load i3 %x_15_addr" [/home/bsheh002/ADMM07/alveo/src/bp.cpp:650]   --->   Operation 129 'load' 'x_15_load' <Predicate = true> <Delay = 0.69> <CoreInst = "RAM">   --->   Core 83 'RAM' <Latency = 1> <II = 1> <Delay = 0.69> <Storage> <Opcode : 'load' 'store'> <Ports = 2> <Width = 32> <Depth = 8> <RAM>
ST_2 : Operation 130 [1/1] (0.49ns)   --->   "%tmp_6 = sparsemux i32 @_ssdm_op_SparseMux.ap_auto.16float.float.i4, i4 0, i32 %x_load, i4 1, i32 %x_1_load, i4 2, i32 %x_2_load, i4 3, i32 %x_3_load, i4 4, i32 %x_4_load, i4 5, i32 %x_5_load, i4 6, i32 %x_6_load, i4 7, i32 %x_7_load, i4 8, i32 %x_8_load, i4 9, i32 %x_9_load, i4 10, i32 %x_10_load, i4 11, i32 %x_11_load, i4 12, i32 %x_12_load, i4 13, i32 %x_13_load, i4 14, i32 %x_14_load, i4 15, i32 %x_15_load, i32 <undef>, i4 %trunc_ln648" [/home/bsheh002/ADMM07/alveo/src/bp.cpp:650]   --->   Operation 130 'sparsemux' 'tmp_6' <Predicate = true> <Delay = 0.49> <CoreInst = "SparseMux">   --->   Core 147 'SparseMux' <Latency = 0> <II = 1> <Delay = 0.49> <FuncUnit> <Opcode : 'sparsemux'> <InPorts = 2> <OutPorts = 1>
ST_2 : Operation 131 [1/2] (0.69ns)   --->   "%z_old_load = load i3 %z_old_addr" [/home/bsheh002/ADMM07/alveo/src/bp.cpp:650]   --->   Operation 131 'load' 'z_old_load' <Predicate = true> <Delay = 0.69> <CoreInst = "RAM">   --->   Core 83 'RAM' <Latency = 1> <II = 1> <Delay = 0.69> <Storage> <Opcode : 'load' 'store'> <Ports = 2> <Width = 32> <Depth = 8> <RAM>
ST_2 : Operation 132 [1/2] (0.69ns)   --->   "%z_old_1_load = load i3 %z_old_1_addr" [/home/bsheh002/ADMM07/alveo/src/bp.cpp:650]   --->   Operation 132 'load' 'z_old_1_load' <Predicate = true> <Delay = 0.69> <CoreInst = "RAM">   --->   Core 83 'RAM' <Latency = 1> <II = 1> <Delay = 0.69> <Storage> <Opcode : 'load' 'store'> <Ports = 2> <Width = 32> <Depth = 8> <RAM>
ST_2 : Operation 133 [1/2] (0.69ns)   --->   "%z_old_2_load = load i3 %z_old_2_addr" [/home/bsheh002/ADMM07/alveo/src/bp.cpp:650]   --->   Operation 133 'load' 'z_old_2_load' <Predicate = true> <Delay = 0.69> <CoreInst = "RAM">   --->   Core 83 'RAM' <Latency = 1> <II = 1> <Delay = 0.69> <Storage> <Opcode : 'load' 'store'> <Ports = 2> <Width = 32> <Depth = 8> <RAM>
ST_2 : Operation 134 [1/2] (0.69ns)   --->   "%z_old_3_load = load i3 %z_old_3_addr" [/home/bsheh002/ADMM07/alveo/src/bp.cpp:650]   --->   Operation 134 'load' 'z_old_3_load' <Predicate = true> <Delay = 0.69> <CoreInst = "RAM">   --->   Core 83 'RAM' <Latency = 1> <II = 1> <Delay = 0.69> <Storage> <Opcode : 'load' 'store'> <Ports = 2> <Width = 32> <Depth = 8> <RAM>
ST_2 : Operation 135 [1/2] (0.69ns)   --->   "%z_old_4_load = load i3 %z_old_4_addr" [/home/bsheh002/ADMM07/alveo/src/bp.cpp:650]   --->   Operation 135 'load' 'z_old_4_load' <Predicate = true> <Delay = 0.69> <CoreInst = "RAM">   --->   Core 83 'RAM' <Latency = 1> <II = 1> <Delay = 0.69> <Storage> <Opcode : 'load' 'store'> <Ports = 2> <Width = 32> <Depth = 8> <RAM>
ST_2 : Operation 136 [1/2] (0.69ns)   --->   "%z_old_5_load = load i3 %z_old_5_addr" [/home/bsheh002/ADMM07/alveo/src/bp.cpp:650]   --->   Operation 136 'load' 'z_old_5_load' <Predicate = true> <Delay = 0.69> <CoreInst = "RAM">   --->   Core 83 'RAM' <Latency = 1> <II = 1> <Delay = 0.69> <Storage> <Opcode : 'load' 'store'> <Ports = 2> <Width = 32> <Depth = 8> <RAM>
ST_2 : Operation 137 [1/2] (0.69ns)   --->   "%z_old_6_load = load i3 %z_old_6_addr" [/home/bsheh002/ADMM07/alveo/src/bp.cpp:650]   --->   Operation 137 'load' 'z_old_6_load' <Predicate = true> <Delay = 0.69> <CoreInst = "RAM">   --->   Core 83 'RAM' <Latency = 1> <II = 1> <Delay = 0.69> <Storage> <Opcode : 'load' 'store'> <Ports = 2> <Width = 32> <Depth = 8> <RAM>
ST_2 : Operation 138 [1/2] (0.69ns)   --->   "%z_old_7_load = load i3 %z_old_7_addr" [/home/bsheh002/ADMM07/alveo/src/bp.cpp:650]   --->   Operation 138 'load' 'z_old_7_load' <Predicate = true> <Delay = 0.69> <CoreInst = "RAM">   --->   Core 83 'RAM' <Latency = 1> <II = 1> <Delay = 0.69> <Storage> <Opcode : 'load' 'store'> <Ports = 2> <Width = 32> <Depth = 8> <RAM>
ST_2 : Operation 139 [1/2] (0.69ns)   --->   "%z_old_8_load = load i3 %z_old_8_addr" [/home/bsheh002/ADMM07/alveo/src/bp.cpp:650]   --->   Operation 139 'load' 'z_old_8_load' <Predicate = true> <Delay = 0.69> <CoreInst = "RAM">   --->   Core 83 'RAM' <Latency = 1> <II = 1> <Delay = 0.69> <Storage> <Opcode : 'load' 'store'> <Ports = 2> <Width = 32> <Depth = 8> <RAM>
ST_2 : Operation 140 [1/2] (0.69ns)   --->   "%z_old_9_load = load i3 %z_old_9_addr" [/home/bsheh002/ADMM07/alveo/src/bp.cpp:650]   --->   Operation 140 'load' 'z_old_9_load' <Predicate = true> <Delay = 0.69> <CoreInst = "RAM">   --->   Core 83 'RAM' <Latency = 1> <II = 1> <Delay = 0.69> <Storage> <Opcode : 'load' 'store'> <Ports = 2> <Width = 32> <Depth = 8> <RAM>
ST_2 : Operation 141 [1/2] (0.69ns)   --->   "%z_old_10_load = load i3 %z_old_10_addr" [/home/bsheh002/ADMM07/alveo/src/bp.cpp:650]   --->   Operation 141 'load' 'z_old_10_load' <Predicate = true> <Delay = 0.69> <CoreInst = "RAM">   --->   Core 83 'RAM' <Latency = 1> <II = 1> <Delay = 0.69> <Storage> <Opcode : 'load' 'store'> <Ports = 2> <Width = 32> <Depth = 8> <RAM>
ST_2 : Operation 142 [1/2] (0.69ns)   --->   "%z_old_11_load = load i3 %z_old_11_addr" [/home/bsheh002/ADMM07/alveo/src/bp.cpp:650]   --->   Operation 142 'load' 'z_old_11_load' <Predicate = true> <Delay = 0.69> <CoreInst = "RAM">   --->   Core 83 'RAM' <Latency = 1> <II = 1> <Delay = 0.69> <Storage> <Opcode : 'load' 'store'> <Ports = 2> <Width = 32> <Depth = 8> <RAM>
ST_2 : Operation 143 [1/2] (0.69ns)   --->   "%z_old_12_load = load i3 %z_old_12_addr" [/home/bsheh002/ADMM07/alveo/src/bp.cpp:650]   --->   Operation 143 'load' 'z_old_12_load' <Predicate = true> <Delay = 0.69> <CoreInst = "RAM">   --->   Core 83 'RAM' <Latency = 1> <II = 1> <Delay = 0.69> <Storage> <Opcode : 'load' 'store'> <Ports = 2> <Width = 32> <Depth = 8> <RAM>
ST_2 : Operation 144 [1/2] (0.69ns)   --->   "%z_old_13_load = load i3 %z_old_13_addr" [/home/bsheh002/ADMM07/alveo/src/bp.cpp:650]   --->   Operation 144 'load' 'z_old_13_load' <Predicate = true> <Delay = 0.69> <CoreInst = "RAM">   --->   Core 83 'RAM' <Latency = 1> <II = 1> <Delay = 0.69> <Storage> <Opcode : 'load' 'store'> <Ports = 2> <Width = 32> <Depth = 8> <RAM>
ST_2 : Operation 145 [1/2] (0.69ns)   --->   "%z_old_14_load = load i3 %z_old_14_addr" [/home/bsheh002/ADMM07/alveo/src/bp.cpp:650]   --->   Operation 145 'load' 'z_old_14_load' <Predicate = true> <Delay = 0.69> <CoreInst = "RAM">   --->   Core 83 'RAM' <Latency = 1> <II = 1> <Delay = 0.69> <Storage> <Opcode : 'load' 'store'> <Ports = 2> <Width = 32> <Depth = 8> <RAM>
ST_2 : Operation 146 [1/2] (0.69ns)   --->   "%z_old_15_load = load i3 %z_old_15_addr" [/home/bsheh002/ADMM07/alveo/src/bp.cpp:650]   --->   Operation 146 'load' 'z_old_15_load' <Predicate = true> <Delay = 0.69> <CoreInst = "RAM">   --->   Core 83 'RAM' <Latency = 1> <II = 1> <Delay = 0.69> <Storage> <Opcode : 'load' 'store'> <Ports = 2> <Width = 32> <Depth = 8> <RAM>
ST_2 : Operation 147 [1/1] (0.49ns)   --->   "%tmp_7 = sparsemux i32 @_ssdm_op_SparseMux.ap_auto.16float.float.i4, i4 0, i32 %z_old_load, i4 1, i32 %z_old_1_load, i4 2, i32 %z_old_2_load, i4 3, i32 %z_old_3_load, i4 4, i32 %z_old_4_load, i4 5, i32 %z_old_5_load, i4 6, i32 %z_old_6_load, i4 7, i32 %z_old_7_load, i4 8, i32 %z_old_8_load, i4 9, i32 %z_old_9_load, i4 10, i32 %z_old_10_load, i4 11, i32 %z_old_11_load, i4 12, i32 %z_old_12_load, i4 13, i32 %z_old_13_load, i4 14, i32 %z_old_14_load, i4 15, i32 %z_old_15_load, i32 <undef>, i4 %trunc_ln648" [/home/bsheh002/ADMM07/alveo/src/bp.cpp:650]   --->   Operation 147 'sparsemux' 'tmp_7' <Predicate = true> <Delay = 0.49> <CoreInst = "SparseMux">   --->   Core 147 'SparseMux' <Latency = 0> <II = 1> <Delay = 0.49> <FuncUnit> <Opcode : 'sparsemux'> <InPorts = 2> <OutPorts = 1>

State 3 <SV = 2> <Delay = 2.32>
ST_3 : Operation 148 [4/4] (2.32ns)   --->   "%mul1 = fmul i32 %tmp_6, i32 %alpha_read" [/home/bsheh002/ADMM07/alveo/src/bp.cpp:650]   --->   Operation 148 'fmul' 'mul1' <Predicate = true> <Delay = 2.32> <CoreInst = "FMul_maxdsp">   --->   Core 30 'FMul_maxdsp' <Latency = 3> <II = 1> <Delay = 2.32> <FuncUnit> <Opcode : 'fmul'> <InPorts = 2> <OutPorts = 1>
ST_3 : Operation 149 [4/4] (2.32ns)   --->   "%mul2 = fmul i32 %sub_read, i32 %tmp_7" [/home/bsheh002/ADMM07/alveo/src/bp.cpp:650]   --->   Operation 149 'fmul' 'mul2' <Predicate = true> <Delay = 2.32> <CoreInst = "FMul_maxdsp">   --->   Core 30 'FMul_maxdsp' <Latency = 3> <II = 1> <Delay = 2.32> <FuncUnit> <Opcode : 'fmul'> <InPorts = 2> <OutPorts = 1>

State 4 <SV = 3> <Delay = 2.32>
ST_4 : Operation 150 [3/4] (2.32ns)   --->   "%mul1 = fmul i32 %tmp_6, i32 %alpha_read" [/home/bsheh002/ADMM07/alveo/src/bp.cpp:650]   --->   Operation 150 'fmul' 'mul1' <Predicate = true> <Delay = 2.32> <CoreInst = "FMul_maxdsp">   --->   Core 30 'FMul_maxdsp' <Latency = 3> <II = 1> <Delay = 2.32> <FuncUnit> <Opcode : 'fmul'> <InPorts = 2> <OutPorts = 1>
ST_4 : Operation 151 [3/4] (2.32ns)   --->   "%mul2 = fmul i32 %sub_read, i32 %tmp_7" [/home/bsheh002/ADMM07/alveo/src/bp.cpp:650]   --->   Operation 151 'fmul' 'mul2' <Predicate = true> <Delay = 2.32> <CoreInst = "FMul_maxdsp">   --->   Core 30 'FMul_maxdsp' <Latency = 3> <II = 1> <Delay = 2.32> <FuncUnit> <Opcode : 'fmul'> <InPorts = 2> <OutPorts = 1>

State 5 <SV = 4> <Delay = 2.32>
ST_5 : Operation 152 [2/4] (2.32ns)   --->   "%mul1 = fmul i32 %tmp_6, i32 %alpha_read" [/home/bsheh002/ADMM07/alveo/src/bp.cpp:650]   --->   Operation 152 'fmul' 'mul1' <Predicate = true> <Delay = 2.32> <CoreInst = "FMul_maxdsp">   --->   Core 30 'FMul_maxdsp' <Latency = 3> <II = 1> <Delay = 2.32> <FuncUnit> <Opcode : 'fmul'> <InPorts = 2> <OutPorts = 1>
ST_5 : Operation 153 [2/4] (2.32ns)   --->   "%mul2 = fmul i32 %sub_read, i32 %tmp_7" [/home/bsheh002/ADMM07/alveo/src/bp.cpp:650]   --->   Operation 153 'fmul' 'mul2' <Predicate = true> <Delay = 2.32> <CoreInst = "FMul_maxdsp">   --->   Core 30 'FMul_maxdsp' <Latency = 3> <II = 1> <Delay = 2.32> <FuncUnit> <Opcode : 'fmul'> <InPorts = 2> <OutPorts = 1>

State 6 <SV = 5> <Delay = 2.32>
ST_6 : Operation 154 [1/4] (2.32ns)   --->   "%mul1 = fmul i32 %tmp_6, i32 %alpha_read" [/home/bsheh002/ADMM07/alveo/src/bp.cpp:650]   --->   Operation 154 'fmul' 'mul1' <Predicate = true> <Delay = 2.32> <CoreInst = "FMul_maxdsp">   --->   Core 30 'FMul_maxdsp' <Latency = 3> <II = 1> <Delay = 2.32> <FuncUnit> <Opcode : 'fmul'> <InPorts = 2> <OutPorts = 1>
ST_6 : Operation 155 [1/4] (2.32ns)   --->   "%mul2 = fmul i32 %sub_read, i32 %tmp_7" [/home/bsheh002/ADMM07/alveo/src/bp.cpp:650]   --->   Operation 155 'fmul' 'mul2' <Predicate = true> <Delay = 2.32> <CoreInst = "FMul_maxdsp">   --->   Core 30 'FMul_maxdsp' <Latency = 3> <II = 1> <Delay = 2.32> <FuncUnit> <Opcode : 'fmul'> <InPorts = 2> <OutPorts = 1>

State 7 <SV = 6> <Delay = 2.34>
ST_7 : Operation 156 [7/7] (2.34ns)   --->   "%add2 = fadd i32 %mul1, i32 %mul2" [/home/bsheh002/ADMM07/alveo/src/bp.cpp:650]   --->   Operation 156 'fadd' 'add2' <Predicate = true> <Delay = 2.34> <CoreInst = "FAddSub_fulldsp">   --->   Core 18 'FAddSub_fulldsp' <Latency = 6> <II = 1> <Delay = 2.34> <FuncUnit> <Opcode : 'fadd' 'fsub'> <InPorts = 2> <OutPorts = 1>

State 8 <SV = 7> <Delay = 2.34>
ST_8 : Operation 157 [6/7] (2.34ns)   --->   "%add2 = fadd i32 %mul1, i32 %mul2" [/home/bsheh002/ADMM07/alveo/src/bp.cpp:650]   --->   Operation 157 'fadd' 'add2' <Predicate = true> <Delay = 2.34> <CoreInst = "FAddSub_fulldsp">   --->   Core 18 'FAddSub_fulldsp' <Latency = 6> <II = 1> <Delay = 2.34> <FuncUnit> <Opcode : 'fadd' 'fsub'> <InPorts = 2> <OutPorts = 1>

State 9 <SV = 8> <Delay = 2.34>
ST_9 : Operation 158 [5/7] (2.34ns)   --->   "%add2 = fadd i32 %mul1, i32 %mul2" [/home/bsheh002/ADMM07/alveo/src/bp.cpp:650]   --->   Operation 158 'fadd' 'add2' <Predicate = true> <Delay = 2.34> <CoreInst = "FAddSub_fulldsp">   --->   Core 18 'FAddSub_fulldsp' <Latency = 6> <II = 1> <Delay = 2.34> <FuncUnit> <Opcode : 'fadd' 'fsub'> <InPorts = 2> <OutPorts = 1>

State 10 <SV = 9> <Delay = 2.34>
ST_10 : Operation 159 [4/7] (2.34ns)   --->   "%add2 = fadd i32 %mul1, i32 %mul2" [/home/bsheh002/ADMM07/alveo/src/bp.cpp:650]   --->   Operation 159 'fadd' 'add2' <Predicate = true> <Delay = 2.34> <CoreInst = "FAddSub_fulldsp">   --->   Core 18 'FAddSub_fulldsp' <Latency = 6> <II = 1> <Delay = 2.34> <FuncUnit> <Opcode : 'fadd' 'fsub'> <InPorts = 2> <OutPorts = 1>

State 11 <SV = 10> <Delay = 2.34>
ST_11 : Operation 160 [3/7] (2.34ns)   --->   "%add2 = fadd i32 %mul1, i32 %mul2" [/home/bsheh002/ADMM07/alveo/src/bp.cpp:650]   --->   Operation 160 'fadd' 'add2' <Predicate = true> <Delay = 2.34> <CoreInst = "FAddSub_fulldsp">   --->   Core 18 'FAddSub_fulldsp' <Latency = 6> <II = 1> <Delay = 2.34> <FuncUnit> <Opcode : 'fadd' 'fsub'> <InPorts = 2> <OutPorts = 1>

State 12 <SV = 11> <Delay = 2.34>
ST_12 : Operation 161 [2/7] (2.34ns)   --->   "%add2 = fadd i32 %mul1, i32 %mul2" [/home/bsheh002/ADMM07/alveo/src/bp.cpp:650]   --->   Operation 161 'fadd' 'add2' <Predicate = true> <Delay = 2.34> <CoreInst = "FAddSub_fulldsp">   --->   Core 18 'FAddSub_fulldsp' <Latency = 6> <II = 1> <Delay = 2.34> <FuncUnit> <Opcode : 'fadd' 'fsub'> <InPorts = 2> <OutPorts = 1>

State 13 <SV = 12> <Delay = 2.34>
ST_13 : Operation 162 [1/1] (0.00ns)   --->   "%specpipeline_ln649 = specpipeline void @_ssdm_op_SpecPipeline, i32 1, i32 0, i32 0, i32 0, void @empty_31" [/home/bsheh002/ADMM07/alveo/src/bp.cpp:649]   --->   Operation 162 'specpipeline' 'specpipeline_ln649' <Predicate = true> <Delay = 0.00>
ST_13 : Operation 163 [1/1] (0.00ns)   --->   "%specloopname_ln648 = specloopname void @_ssdm_op_SpecLoopName, void @empty_15" [/home/bsheh002/ADMM07/alveo/src/bp.cpp:648]   --->   Operation 163 'specloopname' 'specloopname_ln648' <Predicate = true> <Delay = 0.00>
ST_13 : Operation 164 [1/7] (2.34ns)   --->   "%add2 = fadd i32 %mul1, i32 %mul2" [/home/bsheh002/ADMM07/alveo/src/bp.cpp:650]   --->   Operation 164 'fadd' 'add2' <Predicate = true> <Delay = 2.34> <CoreInst = "FAddSub_fulldsp">   --->   Core 18 'FAddSub_fulldsp' <Latency = 6> <II = 1> <Delay = 2.34> <FuncUnit> <Opcode : 'fadd' 'fsub'> <InPorts = 2> <OutPorts = 1>
ST_13 : Operation 197 [1/1] (0.00ns)   --->   "%ret_ln0 = ret"   --->   Operation 197 'ret' 'ret_ln0' <Predicate = (icmp_ln648)> <Delay = 0.00>

State 14 <SV = 13> <Delay = 0.69>
ST_14 : Operation 165 [1/1] (0.69ns)   --->   "%store_ln650 = store i32 %add2, i3 %x_hat_14_addr" [/home/bsheh002/ADMM07/alveo/src/bp.cpp:650]   --->   Operation 165 'store' 'store_ln650' <Predicate = (trunc_ln648 == 14)> <Delay = 0.69> <CoreInst = "RAM">   --->   Core 83 'RAM' <Latency = 1> <II = 1> <Delay = 0.69> <Storage> <Opcode : 'load' 'store'> <Ports = 2> <Width = 32> <Depth = 8> <RAM>
ST_14 : Operation 166 [1/1] (0.00ns)   --->   "%br_ln650 = br void %arrayidx98.exit" [/home/bsheh002/ADMM07/alveo/src/bp.cpp:650]   --->   Operation 166 'br' 'br_ln650' <Predicate = (trunc_ln648 == 14)> <Delay = 0.00>
ST_14 : Operation 167 [1/1] (0.69ns)   --->   "%store_ln650 = store i32 %add2, i3 %x_hat_13_addr" [/home/bsheh002/ADMM07/alveo/src/bp.cpp:650]   --->   Operation 167 'store' 'store_ln650' <Predicate = (trunc_ln648 == 13)> <Delay = 0.69> <CoreInst = "RAM">   --->   Core 83 'RAM' <Latency = 1> <II = 1> <Delay = 0.69> <Storage> <Opcode : 'load' 'store'> <Ports = 2> <Width = 32> <Depth = 8> <RAM>
ST_14 : Operation 168 [1/1] (0.00ns)   --->   "%br_ln650 = br void %arrayidx98.exit" [/home/bsheh002/ADMM07/alveo/src/bp.cpp:650]   --->   Operation 168 'br' 'br_ln650' <Predicate = (trunc_ln648 == 13)> <Delay = 0.00>
ST_14 : Operation 169 [1/1] (0.69ns)   --->   "%store_ln650 = store i32 %add2, i3 %x_hat_12_addr" [/home/bsheh002/ADMM07/alveo/src/bp.cpp:650]   --->   Operation 169 'store' 'store_ln650' <Predicate = (trunc_ln648 == 12)> <Delay = 0.69> <CoreInst = "RAM">   --->   Core 83 'RAM' <Latency = 1> <II = 1> <Delay = 0.69> <Storage> <Opcode : 'load' 'store'> <Ports = 2> <Width = 32> <Depth = 8> <RAM>
ST_14 : Operation 170 [1/1] (0.00ns)   --->   "%br_ln650 = br void %arrayidx98.exit" [/home/bsheh002/ADMM07/alveo/src/bp.cpp:650]   --->   Operation 170 'br' 'br_ln650' <Predicate = (trunc_ln648 == 12)> <Delay = 0.00>
ST_14 : Operation 171 [1/1] (0.69ns)   --->   "%store_ln650 = store i32 %add2, i3 %x_hat_11_addr" [/home/bsheh002/ADMM07/alveo/src/bp.cpp:650]   --->   Operation 171 'store' 'store_ln650' <Predicate = (trunc_ln648 == 11)> <Delay = 0.69> <CoreInst = "RAM">   --->   Core 83 'RAM' <Latency = 1> <II = 1> <Delay = 0.69> <Storage> <Opcode : 'load' 'store'> <Ports = 2> <Width = 32> <Depth = 8> <RAM>
ST_14 : Operation 172 [1/1] (0.00ns)   --->   "%br_ln650 = br void %arrayidx98.exit" [/home/bsheh002/ADMM07/alveo/src/bp.cpp:650]   --->   Operation 172 'br' 'br_ln650' <Predicate = (trunc_ln648 == 11)> <Delay = 0.00>
ST_14 : Operation 173 [1/1] (0.69ns)   --->   "%store_ln650 = store i32 %add2, i3 %x_hat_10_addr" [/home/bsheh002/ADMM07/alveo/src/bp.cpp:650]   --->   Operation 173 'store' 'store_ln650' <Predicate = (trunc_ln648 == 10)> <Delay = 0.69> <CoreInst = "RAM">   --->   Core 83 'RAM' <Latency = 1> <II = 1> <Delay = 0.69> <Storage> <Opcode : 'load' 'store'> <Ports = 2> <Width = 32> <Depth = 8> <RAM>
ST_14 : Operation 174 [1/1] (0.00ns)   --->   "%br_ln650 = br void %arrayidx98.exit" [/home/bsheh002/ADMM07/alveo/src/bp.cpp:650]   --->   Operation 174 'br' 'br_ln650' <Predicate = (trunc_ln648 == 10)> <Delay = 0.00>
ST_14 : Operation 175 [1/1] (0.69ns)   --->   "%store_ln650 = store i32 %add2, i3 %x_hat_9_addr" [/home/bsheh002/ADMM07/alveo/src/bp.cpp:650]   --->   Operation 175 'store' 'store_ln650' <Predicate = (trunc_ln648 == 9)> <Delay = 0.69> <CoreInst = "RAM">   --->   Core 83 'RAM' <Latency = 1> <II = 1> <Delay = 0.69> <Storage> <Opcode : 'load' 'store'> <Ports = 2> <Width = 32> <Depth = 8> <RAM>
ST_14 : Operation 176 [1/1] (0.00ns)   --->   "%br_ln650 = br void %arrayidx98.exit" [/home/bsheh002/ADMM07/alveo/src/bp.cpp:650]   --->   Operation 176 'br' 'br_ln650' <Predicate = (trunc_ln648 == 9)> <Delay = 0.00>
ST_14 : Operation 177 [1/1] (0.69ns)   --->   "%store_ln650 = store i32 %add2, i3 %x_hat_8_addr" [/home/bsheh002/ADMM07/alveo/src/bp.cpp:650]   --->   Operation 177 'store' 'store_ln650' <Predicate = (trunc_ln648 == 8)> <Delay = 0.69> <CoreInst = "RAM">   --->   Core 83 'RAM' <Latency = 1> <II = 1> <Delay = 0.69> <Storage> <Opcode : 'load' 'store'> <Ports = 2> <Width = 32> <Depth = 8> <RAM>
ST_14 : Operation 178 [1/1] (0.00ns)   --->   "%br_ln650 = br void %arrayidx98.exit" [/home/bsheh002/ADMM07/alveo/src/bp.cpp:650]   --->   Operation 178 'br' 'br_ln650' <Predicate = (trunc_ln648 == 8)> <Delay = 0.00>
ST_14 : Operation 179 [1/1] (0.69ns)   --->   "%store_ln650 = store i32 %add2, i3 %x_hat_7_addr" [/home/bsheh002/ADMM07/alveo/src/bp.cpp:650]   --->   Operation 179 'store' 'store_ln650' <Predicate = (trunc_ln648 == 7)> <Delay = 0.69> <CoreInst = "RAM">   --->   Core 83 'RAM' <Latency = 1> <II = 1> <Delay = 0.69> <Storage> <Opcode : 'load' 'store'> <Ports = 2> <Width = 32> <Depth = 8> <RAM>
ST_14 : Operation 180 [1/1] (0.00ns)   --->   "%br_ln650 = br void %arrayidx98.exit" [/home/bsheh002/ADMM07/alveo/src/bp.cpp:650]   --->   Operation 180 'br' 'br_ln650' <Predicate = (trunc_ln648 == 7)> <Delay = 0.00>
ST_14 : Operation 181 [1/1] (0.69ns)   --->   "%store_ln650 = store i32 %add2, i3 %x_hat_6_addr" [/home/bsheh002/ADMM07/alveo/src/bp.cpp:650]   --->   Operation 181 'store' 'store_ln650' <Predicate = (trunc_ln648 == 6)> <Delay = 0.69> <CoreInst = "RAM">   --->   Core 83 'RAM' <Latency = 1> <II = 1> <Delay = 0.69> <Storage> <Opcode : 'load' 'store'> <Ports = 2> <Width = 32> <Depth = 8> <RAM>
ST_14 : Operation 182 [1/1] (0.00ns)   --->   "%br_ln650 = br void %arrayidx98.exit" [/home/bsheh002/ADMM07/alveo/src/bp.cpp:650]   --->   Operation 182 'br' 'br_ln650' <Predicate = (trunc_ln648 == 6)> <Delay = 0.00>
ST_14 : Operation 183 [1/1] (0.69ns)   --->   "%store_ln650 = store i32 %add2, i3 %x_hat_5_addr" [/home/bsheh002/ADMM07/alveo/src/bp.cpp:650]   --->   Operation 183 'store' 'store_ln650' <Predicate = (trunc_ln648 == 5)> <Delay = 0.69> <CoreInst = "RAM">   --->   Core 83 'RAM' <Latency = 1> <II = 1> <Delay = 0.69> <Storage> <Opcode : 'load' 'store'> <Ports = 2> <Width = 32> <Depth = 8> <RAM>
ST_14 : Operation 184 [1/1] (0.00ns)   --->   "%br_ln650 = br void %arrayidx98.exit" [/home/bsheh002/ADMM07/alveo/src/bp.cpp:650]   --->   Operation 184 'br' 'br_ln650' <Predicate = (trunc_ln648 == 5)> <Delay = 0.00>
ST_14 : Operation 185 [1/1] (0.69ns)   --->   "%store_ln650 = store i32 %add2, i3 %x_hat_4_addr" [/home/bsheh002/ADMM07/alveo/src/bp.cpp:650]   --->   Operation 185 'store' 'store_ln650' <Predicate = (trunc_ln648 == 4)> <Delay = 0.69> <CoreInst = "RAM">   --->   Core 83 'RAM' <Latency = 1> <II = 1> <Delay = 0.69> <Storage> <Opcode : 'load' 'store'> <Ports = 2> <Width = 32> <Depth = 8> <RAM>
ST_14 : Operation 186 [1/1] (0.00ns)   --->   "%br_ln650 = br void %arrayidx98.exit" [/home/bsheh002/ADMM07/alveo/src/bp.cpp:650]   --->   Operation 186 'br' 'br_ln650' <Predicate = (trunc_ln648 == 4)> <Delay = 0.00>
ST_14 : Operation 187 [1/1] (0.69ns)   --->   "%store_ln650 = store i32 %add2, i3 %x_hat_3_addr" [/home/bsheh002/ADMM07/alveo/src/bp.cpp:650]   --->   Operation 187 'store' 'store_ln650' <Predicate = (trunc_ln648 == 3)> <Delay = 0.69> <CoreInst = "RAM">   --->   Core 83 'RAM' <Latency = 1> <II = 1> <Delay = 0.69> <Storage> <Opcode : 'load' 'store'> <Ports = 2> <Width = 32> <Depth = 8> <RAM>
ST_14 : Operation 188 [1/1] (0.00ns)   --->   "%br_ln650 = br void %arrayidx98.exit" [/home/bsheh002/ADMM07/alveo/src/bp.cpp:650]   --->   Operation 188 'br' 'br_ln650' <Predicate = (trunc_ln648 == 3)> <Delay = 0.00>
ST_14 : Operation 189 [1/1] (0.69ns)   --->   "%store_ln650 = store i32 %add2, i3 %x_hat_2_addr" [/home/bsheh002/ADMM07/alveo/src/bp.cpp:650]   --->   Operation 189 'store' 'store_ln650' <Predicate = (trunc_ln648 == 2)> <Delay = 0.69> <CoreInst = "RAM">   --->   Core 83 'RAM' <Latency = 1> <II = 1> <Delay = 0.69> <Storage> <Opcode : 'load' 'store'> <Ports = 2> <Width = 32> <Depth = 8> <RAM>
ST_14 : Operation 190 [1/1] (0.00ns)   --->   "%br_ln650 = br void %arrayidx98.exit" [/home/bsheh002/ADMM07/alveo/src/bp.cpp:650]   --->   Operation 190 'br' 'br_ln650' <Predicate = (trunc_ln648 == 2)> <Delay = 0.00>
ST_14 : Operation 191 [1/1] (0.69ns)   --->   "%store_ln650 = store i32 %add2, i3 %x_hat_1_addr" [/home/bsheh002/ADMM07/alveo/src/bp.cpp:650]   --->   Operation 191 'store' 'store_ln650' <Predicate = (trunc_ln648 == 1)> <Delay = 0.69> <CoreInst = "RAM">   --->   Core 83 'RAM' <Latency = 1> <II = 1> <Delay = 0.69> <Storage> <Opcode : 'load' 'store'> <Ports = 2> <Width = 32> <Depth = 8> <RAM>
ST_14 : Operation 192 [1/1] (0.00ns)   --->   "%br_ln650 = br void %arrayidx98.exit" [/home/bsheh002/ADMM07/alveo/src/bp.cpp:650]   --->   Operation 192 'br' 'br_ln650' <Predicate = (trunc_ln648 == 1)> <Delay = 0.00>
ST_14 : Operation 193 [1/1] (0.69ns)   --->   "%store_ln650 = store i32 %add2, i3 %x_hat_addr" [/home/bsheh002/ADMM07/alveo/src/bp.cpp:650]   --->   Operation 193 'store' 'store_ln650' <Predicate = (trunc_ln648 == 0)> <Delay = 0.69> <CoreInst = "RAM">   --->   Core 83 'RAM' <Latency = 1> <II = 1> <Delay = 0.69> <Storage> <Opcode : 'load' 'store'> <Ports = 2> <Width = 32> <Depth = 8> <RAM>
ST_14 : Operation 194 [1/1] (0.00ns)   --->   "%br_ln650 = br void %arrayidx98.exit" [/home/bsheh002/ADMM07/alveo/src/bp.cpp:650]   --->   Operation 194 'br' 'br_ln650' <Predicate = (trunc_ln648 == 0)> <Delay = 0.00>
ST_14 : Operation 195 [1/1] (0.69ns)   --->   "%store_ln650 = store i32 %add2, i3 %x_hat_15_addr" [/home/bsheh002/ADMM07/alveo/src/bp.cpp:650]   --->   Operation 195 'store' 'store_ln650' <Predicate = (trunc_ln648 == 15)> <Delay = 0.69> <CoreInst = "RAM">   --->   Core 83 'RAM' <Latency = 1> <II = 1> <Delay = 0.69> <Storage> <Opcode : 'load' 'store'> <Ports = 2> <Width = 32> <Depth = 8> <RAM>
ST_14 : Operation 196 [1/1] (0.00ns)   --->   "%br_ln650 = br void %arrayidx98.exit" [/home/bsheh002/ADMM07/alveo/src/bp.cpp:650]   --->   Operation 196 'br' 'br_ln650' <Predicate = (trunc_ln648 == 15)> <Delay = 0.00>


============================================================
+ Verbose Summary: Timing violations
============================================================
Target clock period: 3.333ns, clock uncertainty: 0.900ns.

 <State 1>: 1.648ns
The critical path consists of the following:
	'store' operation 0 bit ('store_ln648', /home/bsheh002/ADMM07/alveo/src/bp.cpp:648) of constant 0 on local variable 'i', /home/bsheh002/ADMM07/alveo/src/bp.cpp:648 [56]  (0.387 ns)
	'load' operation 31 bit ('i', /home/bsheh002/ADMM07/alveo/src/bp.cpp:648) on local variable 'i', /home/bsheh002/ADMM07/alveo/src/bp.cpp:648 [59]  (0.000 ns)
	'icmp' operation 1 bit ('icmp_ln648', /home/bsheh002/ADMM07/alveo/src/bp.cpp:648) [60]  (0.874 ns)
	'store' operation 0 bit ('store_ln648', /home/bsheh002/ADMM07/alveo/src/bp.cpp:648) of variable 'add_ln648', /home/bsheh002/ADMM07/alveo/src/bp.cpp:648 on local variable 'i', /home/bsheh002/ADMM07/alveo/src/bp.cpp:648 [205]  (0.387 ns)

 <State 2>: 1.192ns
The critical path consists of the following:
	'load' operation 32 bit ('x_load', /home/bsheh002/ADMM07/alveo/src/bp.cpp:650) on array 'x' [86]  (0.699 ns)
	'sparsemux' operation 32 bit ('tmp_6', /home/bsheh002/ADMM07/alveo/src/bp.cpp:650) [102]  (0.493 ns)

 <State 3>: 2.322ns
The critical path consists of the following:
	'fmul' operation 32 bit ('mul1', /home/bsheh002/ADMM07/alveo/src/bp.cpp:650) [103]  (2.322 ns)

 <State 4>: 2.322ns
The critical path consists of the following:
	'fmul' operation 32 bit ('mul1', /home/bsheh002/ADMM07/alveo/src/bp.cpp:650) [103]  (2.322 ns)

 <State 5>: 2.322ns
The critical path consists of the following:
	'fmul' operation 32 bit ('mul1', /home/bsheh002/ADMM07/alveo/src/bp.cpp:650) [103]  (2.322 ns)

 <State 6>: 2.322ns
The critical path consists of the following:
	'fmul' operation 32 bit ('mul1', /home/bsheh002/ADMM07/alveo/src/bp.cpp:650) [103]  (2.322 ns)

 <State 7>: 2.342ns
The critical path consists of the following:
	'fadd' operation 32 bit ('add2', /home/bsheh002/ADMM07/alveo/src/bp.cpp:650) [138]  (2.342 ns)

 <State 8>: 2.342ns
The critical path consists of the following:
	'fadd' operation 32 bit ('add2', /home/bsheh002/ADMM07/alveo/src/bp.cpp:650) [138]  (2.342 ns)

 <State 9>: 2.342ns
The critical path consists of the following:
	'fadd' operation 32 bit ('add2', /home/bsheh002/ADMM07/alveo/src/bp.cpp:650) [138]  (2.342 ns)

 <State 10>: 2.342ns
The critical path consists of the following:
	'fadd' operation 32 bit ('add2', /home/bsheh002/ADMM07/alveo/src/bp.cpp:650) [138]  (2.342 ns)

 <State 11>: 2.342ns
The critical path consists of the following:
	'fadd' operation 32 bit ('add2', /home/bsheh002/ADMM07/alveo/src/bp.cpp:650) [138]  (2.342 ns)

 <State 12>: 2.342ns
The critical path consists of the following:
	'fadd' operation 32 bit ('add2', /home/bsheh002/ADMM07/alveo/src/bp.cpp:650) [138]  (2.342 ns)

 <State 13>: 2.342ns
The critical path consists of the following:
	'fadd' operation 32 bit ('add2', /home/bsheh002/ADMM07/alveo/src/bp.cpp:650) [138]  (2.342 ns)

 <State 14>: 0.699ns
The critical path consists of the following:
	'store' operation 0 bit ('store_ln650', /home/bsheh002/ADMM07/alveo/src/bp.cpp:650) of variable 'add2', /home/bsheh002/ADMM07/alveo/src/bp.cpp:650 on array 'x_hat_14' [157]  (0.699 ns)


============================================================
+ Verbose Summary: Binding
============================================================
N/A
* FSMD analyzer results:
  - Output states:
 - Input state : 
  - Chain level:
	State 1
	State 2
	State 3
	State 4
	State 5
	State 6
	State 7
	State 8
	State 9
	State 10
	State 11
	State 12
	State 13
	State 14


============================================================
+ Verbose Summary: Datapath Resource usage 
============================================================
N/A
