

================================================================
== Vitis HLS Report for 'krnl_bp_Pipeline_VITIS_LOOP_606_2'
================================================================
* Date:           Mon Aug 18 15:42:07 2025

* Version:        2023.2 (Build 4023990 on Oct 11 2023)
* Project:        krnl_bp
* Solution:       solution (Vitis Kernel Flow Target)
* Product family: virtexuplusHBM
* Target device:  xcu280-fsvh2892-2L-e


================================================================
== Performance Estimates
================================================================
+ Timing: 
    * Summary: 
    +--------+---------+----------+------------+
    |  Clock |  Target | Estimated| Uncertainty|
    +--------+---------+----------+------------+
    |ap_clk  |  3.33 ns|  1.966 ns|     0.90 ns|
    +--------+---------+----------+------------+

+ Latency: 
    * Summary: 
    +---------+---------+----------+----------+-----+-----+---------+
    |  Latency (cycles) |  Latency (absolute) |  Interval | Pipeline|
    |   min   |   max   |    min   |    max   | min | max |   Type  |
    +---------+---------+----------+----------+-----+-----+---------+
    |        ?|        ?|         ?|         ?|    ?|    ?|       no|
    +---------+---------+----------+----------+-----+-----+---------+

    + Detail: 
        * Instance: 
        N/A

        * Loop: 
        +--------------------+---------+---------+----------+-----------+-----------+------+----------+
        |                    |  Latency (cycles) | Iteration|  Initiation Interval  | Trip |          |
        |      Loop Name     |   min   |   max   |  Latency |  achieved |   target  | Count| Pipelined|
        +--------------------+---------+---------+----------+-----------+-----------+------+----------+
        |- VITIS_LOOP_606_2  |        ?|        ?|         1|          1|          1|     ?|       yes|
        +--------------------+---------+---------+----------+-----------+-----------+------+----------+

============================================================
+ Verbose Summary: Synthesis Manager
============================================================
InlineROM: 1
ExposeGlobal: 0
============================================================
+ Verbose Summary: CDFG Model
============================================================
IsTopModel: 0
ResetActiveHigh: 1
IsCombinational: 0
IsDatapathOnly: 0
HasWiredReturn: 1
HasMFsm: 2
HasVarLatency: 1
IsPipeline: 0
IsRtlPipelined: 0
IsInstanceOverlapped: 0
IsDontTouch: 0
HasImplIP: 0
IsGatedGlobalClock: 0

+ Individual pipeline summary: 
  * Pipeline-0: initiation interval (II) = 1, depth = 1


============================================================
+ Verbose Summary: Schedule
============================================================
* Number of FSM states : 1
* Pipeline : 1
  Pipeline-0 : II = 1, D = 1, States = { 1 }
* Dataflow Pipeline: 0

* FSM state transitions: 
1 --> 

* FSM state operations: 

State 1 <SV = 0> <Delay = 1.96>
ST_1 : Operation 4 [1/1] (0.00ns)   --->   "%i = alloca i32 1" [/home/bsheh002/ADMM07/alveo/src/bp.cpp:606]   --->   Operation 4 'alloca' 'i' <Predicate = true> <Delay = 0.00>
ST_1 : Operation 5 [1/1] (0.00ns)   --->   "%chunk_read = read i32 @_ssdm_op_Read.ap_auto.i32, i32 %chunk"   --->   Operation 5 'read' 'chunk_read' <Predicate = true> <Delay = 0.00>
ST_1 : Operation 6 [1/1] (0.38ns)   --->   "%store_ln606 = store i31 0, i31 %i" [/home/bsheh002/ADMM07/alveo/src/bp.cpp:606]   --->   Operation 6 'store' 'store_ln606' <Predicate = true> <Delay = 0.38>
ST_1 : Operation 7 [1/1] (0.00ns)   --->   "%br_ln0 = br void %for.inc"   --->   Operation 7 'br' 'br_ln0' <Predicate = true> <Delay = 0.00>
ST_1 : Operation 8 [1/1] (0.00ns)   --->   "%i_6 = load i31 %i" [/home/bsheh002/ADMM07/alveo/src/bp.cpp:606]   --->   Operation 8 'load' 'i_6' <Predicate = true> <Delay = 0.00>
ST_1 : Operation 9 [1/1] (0.00ns)   --->   "%zext_ln606 = zext i31 %i_6" [/home/bsheh002/ADMM07/alveo/src/bp.cpp:606]   --->   Operation 9 'zext' 'zext_ln606' <Predicate = true> <Delay = 0.00>
ST_1 : Operation 10 [1/1] (0.88ns)   --->   "%icmp_ln606 = icmp_slt  i32 %zext_ln606, i32 %chunk_read" [/home/bsheh002/ADMM07/alveo/src/bp.cpp:606]   --->   Operation 10 'icmp' 'icmp_ln606' <Predicate = true> <Delay = 0.88> <CoreInst = "Cmp">   --->   Core 9 'Cmp' <Latency = 0> <II = 1> <Delay = 0.88> <FuncUnit> <Opcode : 'icmp'> <InPorts = 2> <OutPorts = 1>
ST_1 : Operation 11 [1/1] (0.87ns)   --->   "%add_ln606 = add i31 %i_6, i31 1" [/home/bsheh002/ADMM07/alveo/src/bp.cpp:606]   --->   Operation 11 'add' 'add_ln606' <Predicate = true> <Delay = 0.87> <CoreInst = "Adder">   --->   Core 1 'Adder' <Latency = 0> <II = 1> <Delay = 0.87> <FuncUnit> <Opcode : 'add' 'sub'> <InPorts = 2> <OutPorts = 1>
ST_1 : Operation 12 [1/1] (0.00ns)   --->   "%br_ln606 = br i1 %icmp_ln606, void %VITIS_LOOP_616_3.loopexit.exitStub, void %for.inc.split" [/home/bsheh002/ADMM07/alveo/src/bp.cpp:606]   --->   Operation 12 'br' 'br_ln606' <Predicate = true> <Delay = 0.00>
ST_1 : Operation 13 [1/1] (0.00ns)   --->   "%trunc_ln606 = trunc i31 %i_6" [/home/bsheh002/ADMM07/alveo/src/bp.cpp:606]   --->   Operation 13 'trunc' 'trunc_ln606' <Predicate = (icmp_ln606)> <Delay = 0.00>
ST_1 : Operation 14 [1/1] (0.00ns)   --->   "%specpipeline_ln607 = specpipeline void @_ssdm_op_SpecPipeline, i32 1, i32 0, i32 0, i32 0, void @empty_31" [/home/bsheh002/ADMM07/alveo/src/bp.cpp:607]   --->   Operation 14 'specpipeline' 'specpipeline_ln607' <Predicate = (icmp_ln606)> <Delay = 0.00>
ST_1 : Operation 15 [1/1] (0.00ns)   --->   "%specloopname_ln606 = specloopname void @_ssdm_op_SpecLoopName, void @empty_18" [/home/bsheh002/ADMM07/alveo/src/bp.cpp:606]   --->   Operation 15 'specloopname' 'specloopname_ln606' <Predicate = (icmp_ln606)> <Delay = 0.00>
ST_1 : Operation 16 [1/1] (0.00ns)   --->   "%lshr_ln = partselect i3 @_ssdm_op_PartSelect.i3.i31.i32.i32, i31 %i_6, i32 4, i32 6" [/home/bsheh002/ADMM07/alveo/src/bp.cpp:606]   --->   Operation 16 'partselect' 'lshr_ln' <Predicate = (icmp_ln606)> <Delay = 0.00>
ST_1 : Operation 17 [1/1] (0.00ns)   --->   "%zext_ln606_1 = zext i3 %lshr_ln" [/home/bsheh002/ADMM07/alveo/src/bp.cpp:606]   --->   Operation 17 'zext' 'zext_ln606_1' <Predicate = (icmp_ln606)> <Delay = 0.00>
ST_1 : Operation 18 [1/1] (0.00ns)   --->   "%x_addr = getelementptr i32 %x, i64 0, i64 %zext_ln606_1" [/home/bsheh002/ADMM07/alveo/src/bp.cpp:608]   --->   Operation 18 'getelementptr' 'x_addr' <Predicate = (icmp_ln606)> <Delay = 0.00>
ST_1 : Operation 19 [1/1] (0.00ns)   --->   "%x_1_addr = getelementptr i32 %x_1, i64 0, i64 %zext_ln606_1" [/home/bsheh002/ADMM07/alveo/src/bp.cpp:608]   --->   Operation 19 'getelementptr' 'x_1_addr' <Predicate = (icmp_ln606)> <Delay = 0.00>
ST_1 : Operation 20 [1/1] (0.00ns)   --->   "%x_2_addr = getelementptr i32 %x_2, i64 0, i64 %zext_ln606_1" [/home/bsheh002/ADMM07/alveo/src/bp.cpp:608]   --->   Operation 20 'getelementptr' 'x_2_addr' <Predicate = (icmp_ln606)> <Delay = 0.00>
ST_1 : Operation 21 [1/1] (0.00ns)   --->   "%x_3_addr = getelementptr i32 %x_3, i64 0, i64 %zext_ln606_1" [/home/bsheh002/ADMM07/alveo/src/bp.cpp:608]   --->   Operation 21 'getelementptr' 'x_3_addr' <Predicate = (icmp_ln606)> <Delay = 0.00>
ST_1 : Operation 22 [1/1] (0.00ns)   --->   "%x_4_addr = getelementptr i32 %x_4, i64 0, i64 %zext_ln606_1" [/home/bsheh002/ADMM07/alveo/src/bp.cpp:608]   --->   Operation 22 'getelementptr' 'x_4_addr' <Predicate = (icmp_ln606)> <Delay = 0.00>
ST_1 : Operation 23 [1/1] (0.00ns)   --->   "%x_5_addr = getelementptr i32 %x_5, i64 0, i64 %zext_ln606_1" [/home/bsheh002/ADMM07/alveo/src/bp.cpp:608]   --->   Operation 23 'getelementptr' 'x_5_addr' <Predicate = (icmp_ln606)> <Delay = 0.00>
ST_1 : Operation 24 [1/1] (0.00ns)   --->   "%x_6_addr = getelementptr i32 %x_6, i64 0, i64 %zext_ln606_1" [/home/bsheh002/ADMM07/alveo/src/bp.cpp:608]   --->   Operation 24 'getelementptr' 'x_6_addr' <Predicate = (icmp_ln606)> <Delay = 0.00>
ST_1 : Operation 25 [1/1] (0.00ns)   --->   "%x_7_addr = getelementptr i32 %x_7, i64 0, i64 %zext_ln606_1" [/home/bsheh002/ADMM07/alveo/src/bp.cpp:608]   --->   Operation 25 'getelementptr' 'x_7_addr' <Predicate = (icmp_ln606)> <Delay = 0.00>
ST_1 : Operation 26 [1/1] (0.00ns)   --->   "%x_8_addr = getelementptr i32 %x_8, i64 0, i64 %zext_ln606_1" [/home/bsheh002/ADMM07/alveo/src/bp.cpp:608]   --->   Operation 26 'getelementptr' 'x_8_addr' <Predicate = (icmp_ln606)> <Delay = 0.00>
ST_1 : Operation 27 [1/1] (0.00ns)   --->   "%x_9_addr = getelementptr i32 %x_9, i64 0, i64 %zext_ln606_1" [/home/bsheh002/ADMM07/alveo/src/bp.cpp:608]   --->   Operation 27 'getelementptr' 'x_9_addr' <Predicate = (icmp_ln606)> <Delay = 0.00>
ST_1 : Operation 28 [1/1] (0.00ns)   --->   "%x_10_addr = getelementptr i32 %x_10, i64 0, i64 %zext_ln606_1" [/home/bsheh002/ADMM07/alveo/src/bp.cpp:608]   --->   Operation 28 'getelementptr' 'x_10_addr' <Predicate = (icmp_ln606)> <Delay = 0.00>
ST_1 : Operation 29 [1/1] (0.00ns)   --->   "%x_11_addr = getelementptr i32 %x_11, i64 0, i64 %zext_ln606_1" [/home/bsheh002/ADMM07/alveo/src/bp.cpp:608]   --->   Operation 29 'getelementptr' 'x_11_addr' <Predicate = (icmp_ln606)> <Delay = 0.00>
ST_1 : Operation 30 [1/1] (0.00ns)   --->   "%x_12_addr = getelementptr i32 %x_12, i64 0, i64 %zext_ln606_1" [/home/bsheh002/ADMM07/alveo/src/bp.cpp:608]   --->   Operation 30 'getelementptr' 'x_12_addr' <Predicate = (icmp_ln606)> <Delay = 0.00>
ST_1 : Operation 31 [1/1] (0.00ns)   --->   "%x_13_addr = getelementptr i32 %x_13, i64 0, i64 %zext_ln606_1" [/home/bsheh002/ADMM07/alveo/src/bp.cpp:608]   --->   Operation 31 'getelementptr' 'x_13_addr' <Predicate = (icmp_ln606)> <Delay = 0.00>
ST_1 : Operation 32 [1/1] (0.00ns)   --->   "%x_14_addr = getelementptr i32 %x_14, i64 0, i64 %zext_ln606_1" [/home/bsheh002/ADMM07/alveo/src/bp.cpp:608]   --->   Operation 32 'getelementptr' 'x_14_addr' <Predicate = (icmp_ln606)> <Delay = 0.00>
ST_1 : Operation 33 [1/1] (0.00ns)   --->   "%x_15_addr = getelementptr i32 %x_15, i64 0, i64 %zext_ln606_1" [/home/bsheh002/ADMM07/alveo/src/bp.cpp:608]   --->   Operation 33 'getelementptr' 'x_15_addr' <Predicate = (icmp_ln606)> <Delay = 0.00>
ST_1 : Operation 34 [1/1] (0.00ns)   --->   "%z_addr = getelementptr i32 %z, i64 0, i64 %zext_ln606_1" [/home/bsheh002/ADMM07/alveo/src/bp.cpp:609]   --->   Operation 34 'getelementptr' 'z_addr' <Predicate = (icmp_ln606)> <Delay = 0.00>
ST_1 : Operation 35 [1/1] (0.00ns)   --->   "%z_1_addr = getelementptr i32 %z_1, i64 0, i64 %zext_ln606_1" [/home/bsheh002/ADMM07/alveo/src/bp.cpp:609]   --->   Operation 35 'getelementptr' 'z_1_addr' <Predicate = (icmp_ln606)> <Delay = 0.00>
ST_1 : Operation 36 [1/1] (0.00ns)   --->   "%z_2_addr = getelementptr i32 %z_2, i64 0, i64 %zext_ln606_1" [/home/bsheh002/ADMM07/alveo/src/bp.cpp:609]   --->   Operation 36 'getelementptr' 'z_2_addr' <Predicate = (icmp_ln606)> <Delay = 0.00>
ST_1 : Operation 37 [1/1] (0.00ns)   --->   "%z_3_addr = getelementptr i32 %z_3, i64 0, i64 %zext_ln606_1" [/home/bsheh002/ADMM07/alveo/src/bp.cpp:609]   --->   Operation 37 'getelementptr' 'z_3_addr' <Predicate = (icmp_ln606)> <Delay = 0.00>
ST_1 : Operation 38 [1/1] (0.00ns)   --->   "%z_4_addr = getelementptr i32 %z_4, i64 0, i64 %zext_ln606_1" [/home/bsheh002/ADMM07/alveo/src/bp.cpp:609]   --->   Operation 38 'getelementptr' 'z_4_addr' <Predicate = (icmp_ln606)> <Delay = 0.00>
ST_1 : Operation 39 [1/1] (0.00ns)   --->   "%z_5_addr = getelementptr i32 %z_5, i64 0, i64 %zext_ln606_1" [/home/bsheh002/ADMM07/alveo/src/bp.cpp:609]   --->   Operation 39 'getelementptr' 'z_5_addr' <Predicate = (icmp_ln606)> <Delay = 0.00>
ST_1 : Operation 40 [1/1] (0.00ns)   --->   "%z_6_addr = getelementptr i32 %z_6, i64 0, i64 %zext_ln606_1" [/home/bsheh002/ADMM07/alveo/src/bp.cpp:609]   --->   Operation 40 'getelementptr' 'z_6_addr' <Predicate = (icmp_ln606)> <Delay = 0.00>
ST_1 : Operation 41 [1/1] (0.00ns)   --->   "%z_7_addr = getelementptr i32 %z_7, i64 0, i64 %zext_ln606_1" [/home/bsheh002/ADMM07/alveo/src/bp.cpp:609]   --->   Operation 41 'getelementptr' 'z_7_addr' <Predicate = (icmp_ln606)> <Delay = 0.00>
ST_1 : Operation 42 [1/1] (0.00ns)   --->   "%z_8_addr = getelementptr i32 %z_8, i64 0, i64 %zext_ln606_1" [/home/bsheh002/ADMM07/alveo/src/bp.cpp:609]   --->   Operation 42 'getelementptr' 'z_8_addr' <Predicate = (icmp_ln606)> <Delay = 0.00>
ST_1 : Operation 43 [1/1] (0.00ns)   --->   "%z_9_addr = getelementptr i32 %z_9, i64 0, i64 %zext_ln606_1" [/home/bsheh002/ADMM07/alveo/src/bp.cpp:609]   --->   Operation 43 'getelementptr' 'z_9_addr' <Predicate = (icmp_ln606)> <Delay = 0.00>
ST_1 : Operation 44 [1/1] (0.00ns)   --->   "%z_10_addr = getelementptr i32 %z_10, i64 0, i64 %zext_ln606_1" [/home/bsheh002/ADMM07/alveo/src/bp.cpp:609]   --->   Operation 44 'getelementptr' 'z_10_addr' <Predicate = (icmp_ln606)> <Delay = 0.00>
ST_1 : Operation 45 [1/1] (0.00ns)   --->   "%z_11_addr = getelementptr i32 %z_11, i64 0, i64 %zext_ln606_1" [/home/bsheh002/ADMM07/alveo/src/bp.cpp:609]   --->   Operation 45 'getelementptr' 'z_11_addr' <Predicate = (icmp_ln606)> <Delay = 0.00>
ST_1 : Operation 46 [1/1] (0.00ns)   --->   "%z_12_addr = getelementptr i32 %z_12, i64 0, i64 %zext_ln606_1" [/home/bsheh002/ADMM07/alveo/src/bp.cpp:609]   --->   Operation 46 'getelementptr' 'z_12_addr' <Predicate = (icmp_ln606)> <Delay = 0.00>
ST_1 : Operation 47 [1/1] (0.00ns)   --->   "%z_13_addr = getelementptr i32 %z_13, i64 0, i64 %zext_ln606_1" [/home/bsheh002/ADMM07/alveo/src/bp.cpp:609]   --->   Operation 47 'getelementptr' 'z_13_addr' <Predicate = (icmp_ln606)> <Delay = 0.00>
ST_1 : Operation 48 [1/1] (0.00ns)   --->   "%z_14_addr = getelementptr i32 %z_14, i64 0, i64 %zext_ln606_1" [/home/bsheh002/ADMM07/alveo/src/bp.cpp:609]   --->   Operation 48 'getelementptr' 'z_14_addr' <Predicate = (icmp_ln606)> <Delay = 0.00>
ST_1 : Operation 49 [1/1] (0.00ns)   --->   "%z_15_addr = getelementptr i32 %z_15, i64 0, i64 %zext_ln606_1" [/home/bsheh002/ADMM07/alveo/src/bp.cpp:609]   --->   Operation 49 'getelementptr' 'z_15_addr' <Predicate = (icmp_ln606)> <Delay = 0.00>
ST_1 : Operation 50 [1/1] (0.00ns)   --->   "%u_addr = getelementptr i32 %u, i64 0, i64 %zext_ln606_1" [/home/bsheh002/ADMM07/alveo/src/bp.cpp:610]   --->   Operation 50 'getelementptr' 'u_addr' <Predicate = (icmp_ln606)> <Delay = 0.00>
ST_1 : Operation 51 [1/1] (0.00ns)   --->   "%u_1_addr = getelementptr i32 %u_1, i64 0, i64 %zext_ln606_1" [/home/bsheh002/ADMM07/alveo/src/bp.cpp:610]   --->   Operation 51 'getelementptr' 'u_1_addr' <Predicate = (icmp_ln606)> <Delay = 0.00>
ST_1 : Operation 52 [1/1] (0.00ns)   --->   "%u_2_addr = getelementptr i32 %u_2, i64 0, i64 %zext_ln606_1" [/home/bsheh002/ADMM07/alveo/src/bp.cpp:610]   --->   Operation 52 'getelementptr' 'u_2_addr' <Predicate = (icmp_ln606)> <Delay = 0.00>
ST_1 : Operation 53 [1/1] (0.00ns)   --->   "%u_3_addr = getelementptr i32 %u_3, i64 0, i64 %zext_ln606_1" [/home/bsheh002/ADMM07/alveo/src/bp.cpp:610]   --->   Operation 53 'getelementptr' 'u_3_addr' <Predicate = (icmp_ln606)> <Delay = 0.00>
ST_1 : Operation 54 [1/1] (0.00ns)   --->   "%u_4_addr = getelementptr i32 %u_4, i64 0, i64 %zext_ln606_1" [/home/bsheh002/ADMM07/alveo/src/bp.cpp:610]   --->   Operation 54 'getelementptr' 'u_4_addr' <Predicate = (icmp_ln606)> <Delay = 0.00>
ST_1 : Operation 55 [1/1] (0.00ns)   --->   "%u_5_addr = getelementptr i32 %u_5, i64 0, i64 %zext_ln606_1" [/home/bsheh002/ADMM07/alveo/src/bp.cpp:610]   --->   Operation 55 'getelementptr' 'u_5_addr' <Predicate = (icmp_ln606)> <Delay = 0.00>
ST_1 : Operation 56 [1/1] (0.00ns)   --->   "%u_6_addr = getelementptr i32 %u_6, i64 0, i64 %zext_ln606_1" [/home/bsheh002/ADMM07/alveo/src/bp.cpp:610]   --->   Operation 56 'getelementptr' 'u_6_addr' <Predicate = (icmp_ln606)> <Delay = 0.00>
ST_1 : Operation 57 [1/1] (0.00ns)   --->   "%u_7_addr = getelementptr i32 %u_7, i64 0, i64 %zext_ln606_1" [/home/bsheh002/ADMM07/alveo/src/bp.cpp:610]   --->   Operation 57 'getelementptr' 'u_7_addr' <Predicate = (icmp_ln606)> <Delay = 0.00>
ST_1 : Operation 58 [1/1] (0.00ns)   --->   "%u_8_addr = getelementptr i32 %u_8, i64 0, i64 %zext_ln606_1" [/home/bsheh002/ADMM07/alveo/src/bp.cpp:610]   --->   Operation 58 'getelementptr' 'u_8_addr' <Predicate = (icmp_ln606)> <Delay = 0.00>
ST_1 : Operation 59 [1/1] (0.00ns)   --->   "%u_9_addr = getelementptr i32 %u_9, i64 0, i64 %zext_ln606_1" [/home/bsheh002/ADMM07/alveo/src/bp.cpp:610]   --->   Operation 59 'getelementptr' 'u_9_addr' <Predicate = (icmp_ln606)> <Delay = 0.00>
ST_1 : Operation 60 [1/1] (0.00ns)   --->   "%u_10_addr = getelementptr i32 %u_10, i64 0, i64 %zext_ln606_1" [/home/bsheh002/ADMM07/alveo/src/bp.cpp:610]   --->   Operation 60 'getelementptr' 'u_10_addr' <Predicate = (icmp_ln606)> <Delay = 0.00>
ST_1 : Operation 61 [1/1] (0.00ns)   --->   "%u_11_addr = getelementptr i32 %u_11, i64 0, i64 %zext_ln606_1" [/home/bsheh002/ADMM07/alveo/src/bp.cpp:610]   --->   Operation 61 'getelementptr' 'u_11_addr' <Predicate = (icmp_ln606)> <Delay = 0.00>
ST_1 : Operation 62 [1/1] (0.00ns)   --->   "%u_12_addr = getelementptr i32 %u_12, i64 0, i64 %zext_ln606_1" [/home/bsheh002/ADMM07/alveo/src/bp.cpp:610]   --->   Operation 62 'getelementptr' 'u_12_addr' <Predicate = (icmp_ln606)> <Delay = 0.00>
ST_1 : Operation 63 [1/1] (0.00ns)   --->   "%u_13_addr = getelementptr i32 %u_13, i64 0, i64 %zext_ln606_1" [/home/bsheh002/ADMM07/alveo/src/bp.cpp:610]   --->   Operation 63 'getelementptr' 'u_13_addr' <Predicate = (icmp_ln606)> <Delay = 0.00>
ST_1 : Operation 64 [1/1] (0.00ns)   --->   "%u_14_addr = getelementptr i32 %u_14, i64 0, i64 %zext_ln606_1" [/home/bsheh002/ADMM07/alveo/src/bp.cpp:610]   --->   Operation 64 'getelementptr' 'u_14_addr' <Predicate = (icmp_ln606)> <Delay = 0.00>
ST_1 : Operation 65 [1/1] (0.00ns)   --->   "%u_15_addr = getelementptr i32 %u_15, i64 0, i64 %zext_ln606_1" [/home/bsheh002/ADMM07/alveo/src/bp.cpp:610]   --->   Operation 65 'getelementptr' 'u_15_addr' <Predicate = (icmp_ln606)> <Delay = 0.00>
ST_1 : Operation 66 [1/1] (0.00ns)   --->   "%z_old_addr = getelementptr i32 %z_old, i64 0, i64 %zext_ln606_1" [/home/bsheh002/ADMM07/alveo/src/bp.cpp:612]   --->   Operation 66 'getelementptr' 'z_old_addr' <Predicate = (icmp_ln606)> <Delay = 0.00>
ST_1 : Operation 67 [1/1] (0.00ns)   --->   "%z_old_1_addr = getelementptr i32 %z_old_1, i64 0, i64 %zext_ln606_1" [/home/bsheh002/ADMM07/alveo/src/bp.cpp:612]   --->   Operation 67 'getelementptr' 'z_old_1_addr' <Predicate = (icmp_ln606)> <Delay = 0.00>
ST_1 : Operation 68 [1/1] (0.00ns)   --->   "%z_old_2_addr = getelementptr i32 %z_old_2, i64 0, i64 %zext_ln606_1" [/home/bsheh002/ADMM07/alveo/src/bp.cpp:612]   --->   Operation 68 'getelementptr' 'z_old_2_addr' <Predicate = (icmp_ln606)> <Delay = 0.00>
ST_1 : Operation 69 [1/1] (0.00ns)   --->   "%z_old_3_addr = getelementptr i32 %z_old_3, i64 0, i64 %zext_ln606_1" [/home/bsheh002/ADMM07/alveo/src/bp.cpp:612]   --->   Operation 69 'getelementptr' 'z_old_3_addr' <Predicate = (icmp_ln606)> <Delay = 0.00>
ST_1 : Operation 70 [1/1] (0.00ns)   --->   "%z_old_4_addr = getelementptr i32 %z_old_4, i64 0, i64 %zext_ln606_1" [/home/bsheh002/ADMM07/alveo/src/bp.cpp:612]   --->   Operation 70 'getelementptr' 'z_old_4_addr' <Predicate = (icmp_ln606)> <Delay = 0.00>
ST_1 : Operation 71 [1/1] (0.00ns)   --->   "%z_old_5_addr = getelementptr i32 %z_old_5, i64 0, i64 %zext_ln606_1" [/home/bsheh002/ADMM07/alveo/src/bp.cpp:612]   --->   Operation 71 'getelementptr' 'z_old_5_addr' <Predicate = (icmp_ln606)> <Delay = 0.00>
ST_1 : Operation 72 [1/1] (0.00ns)   --->   "%z_old_6_addr = getelementptr i32 %z_old_6, i64 0, i64 %zext_ln606_1" [/home/bsheh002/ADMM07/alveo/src/bp.cpp:612]   --->   Operation 72 'getelementptr' 'z_old_6_addr' <Predicate = (icmp_ln606)> <Delay = 0.00>
ST_1 : Operation 73 [1/1] (0.00ns)   --->   "%z_old_7_addr = getelementptr i32 %z_old_7, i64 0, i64 %zext_ln606_1" [/home/bsheh002/ADMM07/alveo/src/bp.cpp:612]   --->   Operation 73 'getelementptr' 'z_old_7_addr' <Predicate = (icmp_ln606)> <Delay = 0.00>
ST_1 : Operation 74 [1/1] (0.00ns)   --->   "%z_old_8_addr = getelementptr i32 %z_old_8, i64 0, i64 %zext_ln606_1" [/home/bsheh002/ADMM07/alveo/src/bp.cpp:612]   --->   Operation 74 'getelementptr' 'z_old_8_addr' <Predicate = (icmp_ln606)> <Delay = 0.00>
ST_1 : Operation 75 [1/1] (0.00ns)   --->   "%z_old_9_addr = getelementptr i32 %z_old_9, i64 0, i64 %zext_ln606_1" [/home/bsheh002/ADMM07/alveo/src/bp.cpp:612]   --->   Operation 75 'getelementptr' 'z_old_9_addr' <Predicate = (icmp_ln606)> <Delay = 0.00>
ST_1 : Operation 76 [1/1] (0.00ns)   --->   "%z_old_10_addr = getelementptr i32 %z_old_10, i64 0, i64 %zext_ln606_1" [/home/bsheh002/ADMM07/alveo/src/bp.cpp:612]   --->   Operation 76 'getelementptr' 'z_old_10_addr' <Predicate = (icmp_ln606)> <Delay = 0.00>
ST_1 : Operation 77 [1/1] (0.00ns)   --->   "%z_old_11_addr = getelementptr i32 %z_old_11, i64 0, i64 %zext_ln606_1" [/home/bsheh002/ADMM07/alveo/src/bp.cpp:612]   --->   Operation 77 'getelementptr' 'z_old_11_addr' <Predicate = (icmp_ln606)> <Delay = 0.00>
ST_1 : Operation 78 [1/1] (0.00ns)   --->   "%z_old_12_addr = getelementptr i32 %z_old_12, i64 0, i64 %zext_ln606_1" [/home/bsheh002/ADMM07/alveo/src/bp.cpp:612]   --->   Operation 78 'getelementptr' 'z_old_12_addr' <Predicate = (icmp_ln606)> <Delay = 0.00>
ST_1 : Operation 79 [1/1] (0.00ns)   --->   "%z_old_13_addr = getelementptr i32 %z_old_13, i64 0, i64 %zext_ln606_1" [/home/bsheh002/ADMM07/alveo/src/bp.cpp:612]   --->   Operation 79 'getelementptr' 'z_old_13_addr' <Predicate = (icmp_ln606)> <Delay = 0.00>
ST_1 : Operation 80 [1/1] (0.00ns)   --->   "%z_old_14_addr = getelementptr i32 %z_old_14, i64 0, i64 %zext_ln606_1" [/home/bsheh002/ADMM07/alveo/src/bp.cpp:612]   --->   Operation 80 'getelementptr' 'z_old_14_addr' <Predicate = (icmp_ln606)> <Delay = 0.00>
ST_1 : Operation 81 [1/1] (0.00ns)   --->   "%z_old_15_addr = getelementptr i32 %z_old_15, i64 0, i64 %zext_ln606_1" [/home/bsheh002/ADMM07/alveo/src/bp.cpp:612]   --->   Operation 81 'getelementptr' 'z_old_15_addr' <Predicate = (icmp_ln606)> <Delay = 0.00>
ST_1 : Operation 82 [1/1] (0.67ns)   --->   "%switch_ln608 = switch i4 %trunc_ln606, void %arrayidx11.case.15, i4 0, void %arrayidx11.case.0, i4 1, void %arrayidx11.case.1, i4 2, void %arrayidx11.case.2, i4 3, void %arrayidx11.case.3, i4 4, void %arrayidx11.case.4, i4 5, void %arrayidx11.case.5, i4 6, void %arrayidx11.case.6, i4 7, void %arrayidx11.case.7, i4 8, void %arrayidx11.case.8, i4 9, void %arrayidx11.case.9, i4 10, void %arrayidx11.case.10, i4 11, void %arrayidx11.case.11, i4 12, void %arrayidx11.case.12, i4 13, void %arrayidx11.case.13, i4 14, void %arrayidx11.case.14" [/home/bsheh002/ADMM07/alveo/src/bp.cpp:608]   --->   Operation 82 'switch' 'switch_ln608' <Predicate = (icmp_ln606)> <Delay = 0.67>
ST_1 : Operation 83 [1/1] (0.69ns)   --->   "%store_ln608 = store i32 0, i3 %x_14_addr" [/home/bsheh002/ADMM07/alveo/src/bp.cpp:608]   --->   Operation 83 'store' 'store_ln608' <Predicate = (icmp_ln606 & trunc_ln606 == 14)> <Delay = 0.69> <CoreInst = "RAM">   --->   Core 83 'RAM' <Latency = 1> <II = 1> <Delay = 0.69> <Storage> <Opcode : 'load' 'store'> <Ports = 2> <Width = 32> <Depth = 8> <RAM>
ST_1 : Operation 84 [1/1] (0.69ns)   --->   "%store_ln609 = store i32 0, i3 %z_14_addr" [/home/bsheh002/ADMM07/alveo/src/bp.cpp:609]   --->   Operation 84 'store' 'store_ln609' <Predicate = (icmp_ln606 & trunc_ln606 == 14)> <Delay = 0.69> <CoreInst = "RAM">   --->   Core 83 'RAM' <Latency = 1> <II = 1> <Delay = 0.69> <Storage> <Opcode : 'load' 'store'> <Ports = 2> <Width = 32> <Depth = 8> <RAM>
ST_1 : Operation 85 [1/1] (0.69ns)   --->   "%store_ln610 = store i32 0, i3 %u_14_addr" [/home/bsheh002/ADMM07/alveo/src/bp.cpp:610]   --->   Operation 85 'store' 'store_ln610' <Predicate = (icmp_ln606 & trunc_ln606 == 14)> <Delay = 0.69> <CoreInst = "RAM">   --->   Core 83 'RAM' <Latency = 1> <II = 1> <Delay = 0.69> <Storage> <Opcode : 'load' 'store'> <Ports = 2> <Width = 32> <Depth = 8> <RAM>
ST_1 : Operation 86 [1/1] (0.69ns)   --->   "%store_ln612 = store i32 0, i3 %z_old_14_addr" [/home/bsheh002/ADMM07/alveo/src/bp.cpp:612]   --->   Operation 86 'store' 'store_ln612' <Predicate = (icmp_ln606 & trunc_ln606 == 14)> <Delay = 0.69> <CoreInst = "RAM">   --->   Core 83 'RAM' <Latency = 1> <II = 1> <Delay = 0.69> <Storage> <Opcode : 'load' 'store'> <Ports = 2> <Width = 32> <Depth = 8> <RAM>
ST_1 : Operation 87 [1/1] (0.00ns)   --->   "%br_ln612 = br void %arrayidx11.exit" [/home/bsheh002/ADMM07/alveo/src/bp.cpp:612]   --->   Operation 87 'br' 'br_ln612' <Predicate = (icmp_ln606 & trunc_ln606 == 14)> <Delay = 0.00>
ST_1 : Operation 88 [1/1] (0.69ns)   --->   "%store_ln608 = store i32 0, i3 %x_13_addr" [/home/bsheh002/ADMM07/alveo/src/bp.cpp:608]   --->   Operation 88 'store' 'store_ln608' <Predicate = (icmp_ln606 & trunc_ln606 == 13)> <Delay = 0.69> <CoreInst = "RAM">   --->   Core 83 'RAM' <Latency = 1> <II = 1> <Delay = 0.69> <Storage> <Opcode : 'load' 'store'> <Ports = 2> <Width = 32> <Depth = 8> <RAM>
ST_1 : Operation 89 [1/1] (0.69ns)   --->   "%store_ln609 = store i32 0, i3 %z_13_addr" [/home/bsheh002/ADMM07/alveo/src/bp.cpp:609]   --->   Operation 89 'store' 'store_ln609' <Predicate = (icmp_ln606 & trunc_ln606 == 13)> <Delay = 0.69> <CoreInst = "RAM">   --->   Core 83 'RAM' <Latency = 1> <II = 1> <Delay = 0.69> <Storage> <Opcode : 'load' 'store'> <Ports = 2> <Width = 32> <Depth = 8> <RAM>
ST_1 : Operation 90 [1/1] (0.69ns)   --->   "%store_ln610 = store i32 0, i3 %u_13_addr" [/home/bsheh002/ADMM07/alveo/src/bp.cpp:610]   --->   Operation 90 'store' 'store_ln610' <Predicate = (icmp_ln606 & trunc_ln606 == 13)> <Delay = 0.69> <CoreInst = "RAM">   --->   Core 83 'RAM' <Latency = 1> <II = 1> <Delay = 0.69> <Storage> <Opcode : 'load' 'store'> <Ports = 2> <Width = 32> <Depth = 8> <RAM>
ST_1 : Operation 91 [1/1] (0.69ns)   --->   "%store_ln612 = store i32 0, i3 %z_old_13_addr" [/home/bsheh002/ADMM07/alveo/src/bp.cpp:612]   --->   Operation 91 'store' 'store_ln612' <Predicate = (icmp_ln606 & trunc_ln606 == 13)> <Delay = 0.69> <CoreInst = "RAM">   --->   Core 83 'RAM' <Latency = 1> <II = 1> <Delay = 0.69> <Storage> <Opcode : 'load' 'store'> <Ports = 2> <Width = 32> <Depth = 8> <RAM>
ST_1 : Operation 92 [1/1] (0.00ns)   --->   "%br_ln612 = br void %arrayidx11.exit" [/home/bsheh002/ADMM07/alveo/src/bp.cpp:612]   --->   Operation 92 'br' 'br_ln612' <Predicate = (icmp_ln606 & trunc_ln606 == 13)> <Delay = 0.00>
ST_1 : Operation 93 [1/1] (0.69ns)   --->   "%store_ln608 = store i32 0, i3 %x_12_addr" [/home/bsheh002/ADMM07/alveo/src/bp.cpp:608]   --->   Operation 93 'store' 'store_ln608' <Predicate = (icmp_ln606 & trunc_ln606 == 12)> <Delay = 0.69> <CoreInst = "RAM">   --->   Core 83 'RAM' <Latency = 1> <II = 1> <Delay = 0.69> <Storage> <Opcode : 'load' 'store'> <Ports = 2> <Width = 32> <Depth = 8> <RAM>
ST_1 : Operation 94 [1/1] (0.69ns)   --->   "%store_ln609 = store i32 0, i3 %z_12_addr" [/home/bsheh002/ADMM07/alveo/src/bp.cpp:609]   --->   Operation 94 'store' 'store_ln609' <Predicate = (icmp_ln606 & trunc_ln606 == 12)> <Delay = 0.69> <CoreInst = "RAM">   --->   Core 83 'RAM' <Latency = 1> <II = 1> <Delay = 0.69> <Storage> <Opcode : 'load' 'store'> <Ports = 2> <Width = 32> <Depth = 8> <RAM>
ST_1 : Operation 95 [1/1] (0.69ns)   --->   "%store_ln610 = store i32 0, i3 %u_12_addr" [/home/bsheh002/ADMM07/alveo/src/bp.cpp:610]   --->   Operation 95 'store' 'store_ln610' <Predicate = (icmp_ln606 & trunc_ln606 == 12)> <Delay = 0.69> <CoreInst = "RAM">   --->   Core 83 'RAM' <Latency = 1> <II = 1> <Delay = 0.69> <Storage> <Opcode : 'load' 'store'> <Ports = 2> <Width = 32> <Depth = 8> <RAM>
ST_1 : Operation 96 [1/1] (0.69ns)   --->   "%store_ln612 = store i32 0, i3 %z_old_12_addr" [/home/bsheh002/ADMM07/alveo/src/bp.cpp:612]   --->   Operation 96 'store' 'store_ln612' <Predicate = (icmp_ln606 & trunc_ln606 == 12)> <Delay = 0.69> <CoreInst = "RAM">   --->   Core 83 'RAM' <Latency = 1> <II = 1> <Delay = 0.69> <Storage> <Opcode : 'load' 'store'> <Ports = 2> <Width = 32> <Depth = 8> <RAM>
ST_1 : Operation 97 [1/1] (0.00ns)   --->   "%br_ln612 = br void %arrayidx11.exit" [/home/bsheh002/ADMM07/alveo/src/bp.cpp:612]   --->   Operation 97 'br' 'br_ln612' <Predicate = (icmp_ln606 & trunc_ln606 == 12)> <Delay = 0.00>
ST_1 : Operation 98 [1/1] (0.69ns)   --->   "%store_ln608 = store i32 0, i3 %x_11_addr" [/home/bsheh002/ADMM07/alveo/src/bp.cpp:608]   --->   Operation 98 'store' 'store_ln608' <Predicate = (icmp_ln606 & trunc_ln606 == 11)> <Delay = 0.69> <CoreInst = "RAM">   --->   Core 83 'RAM' <Latency = 1> <II = 1> <Delay = 0.69> <Storage> <Opcode : 'load' 'store'> <Ports = 2> <Width = 32> <Depth = 8> <RAM>
ST_1 : Operation 99 [1/1] (0.69ns)   --->   "%store_ln609 = store i32 0, i3 %z_11_addr" [/home/bsheh002/ADMM07/alveo/src/bp.cpp:609]   --->   Operation 99 'store' 'store_ln609' <Predicate = (icmp_ln606 & trunc_ln606 == 11)> <Delay = 0.69> <CoreInst = "RAM">   --->   Core 83 'RAM' <Latency = 1> <II = 1> <Delay = 0.69> <Storage> <Opcode : 'load' 'store'> <Ports = 2> <Width = 32> <Depth = 8> <RAM>
ST_1 : Operation 100 [1/1] (0.69ns)   --->   "%store_ln610 = store i32 0, i3 %u_11_addr" [/home/bsheh002/ADMM07/alveo/src/bp.cpp:610]   --->   Operation 100 'store' 'store_ln610' <Predicate = (icmp_ln606 & trunc_ln606 == 11)> <Delay = 0.69> <CoreInst = "RAM">   --->   Core 83 'RAM' <Latency = 1> <II = 1> <Delay = 0.69> <Storage> <Opcode : 'load' 'store'> <Ports = 2> <Width = 32> <Depth = 8> <RAM>
ST_1 : Operation 101 [1/1] (0.69ns)   --->   "%store_ln612 = store i32 0, i3 %z_old_11_addr" [/home/bsheh002/ADMM07/alveo/src/bp.cpp:612]   --->   Operation 101 'store' 'store_ln612' <Predicate = (icmp_ln606 & trunc_ln606 == 11)> <Delay = 0.69> <CoreInst = "RAM">   --->   Core 83 'RAM' <Latency = 1> <II = 1> <Delay = 0.69> <Storage> <Opcode : 'load' 'store'> <Ports = 2> <Width = 32> <Depth = 8> <RAM>
ST_1 : Operation 102 [1/1] (0.00ns)   --->   "%br_ln612 = br void %arrayidx11.exit" [/home/bsheh002/ADMM07/alveo/src/bp.cpp:612]   --->   Operation 102 'br' 'br_ln612' <Predicate = (icmp_ln606 & trunc_ln606 == 11)> <Delay = 0.00>
ST_1 : Operation 103 [1/1] (0.69ns)   --->   "%store_ln608 = store i32 0, i3 %x_10_addr" [/home/bsheh002/ADMM07/alveo/src/bp.cpp:608]   --->   Operation 103 'store' 'store_ln608' <Predicate = (icmp_ln606 & trunc_ln606 == 10)> <Delay = 0.69> <CoreInst = "RAM">   --->   Core 83 'RAM' <Latency = 1> <II = 1> <Delay = 0.69> <Storage> <Opcode : 'load' 'store'> <Ports = 2> <Width = 32> <Depth = 8> <RAM>
ST_1 : Operation 104 [1/1] (0.69ns)   --->   "%store_ln609 = store i32 0, i3 %z_10_addr" [/home/bsheh002/ADMM07/alveo/src/bp.cpp:609]   --->   Operation 104 'store' 'store_ln609' <Predicate = (icmp_ln606 & trunc_ln606 == 10)> <Delay = 0.69> <CoreInst = "RAM">   --->   Core 83 'RAM' <Latency = 1> <II = 1> <Delay = 0.69> <Storage> <Opcode : 'load' 'store'> <Ports = 2> <Width = 32> <Depth = 8> <RAM>
ST_1 : Operation 105 [1/1] (0.69ns)   --->   "%store_ln610 = store i32 0, i3 %u_10_addr" [/home/bsheh002/ADMM07/alveo/src/bp.cpp:610]   --->   Operation 105 'store' 'store_ln610' <Predicate = (icmp_ln606 & trunc_ln606 == 10)> <Delay = 0.69> <CoreInst = "RAM">   --->   Core 83 'RAM' <Latency = 1> <II = 1> <Delay = 0.69> <Storage> <Opcode : 'load' 'store'> <Ports = 2> <Width = 32> <Depth = 8> <RAM>
ST_1 : Operation 106 [1/1] (0.69ns)   --->   "%store_ln612 = store i32 0, i3 %z_old_10_addr" [/home/bsheh002/ADMM07/alveo/src/bp.cpp:612]   --->   Operation 106 'store' 'store_ln612' <Predicate = (icmp_ln606 & trunc_ln606 == 10)> <Delay = 0.69> <CoreInst = "RAM">   --->   Core 83 'RAM' <Latency = 1> <II = 1> <Delay = 0.69> <Storage> <Opcode : 'load' 'store'> <Ports = 2> <Width = 32> <Depth = 8> <RAM>
ST_1 : Operation 107 [1/1] (0.00ns)   --->   "%br_ln612 = br void %arrayidx11.exit" [/home/bsheh002/ADMM07/alveo/src/bp.cpp:612]   --->   Operation 107 'br' 'br_ln612' <Predicate = (icmp_ln606 & trunc_ln606 == 10)> <Delay = 0.00>
ST_1 : Operation 108 [1/1] (0.69ns)   --->   "%store_ln608 = store i32 0, i3 %x_9_addr" [/home/bsheh002/ADMM07/alveo/src/bp.cpp:608]   --->   Operation 108 'store' 'store_ln608' <Predicate = (icmp_ln606 & trunc_ln606 == 9)> <Delay = 0.69> <CoreInst = "RAM">   --->   Core 83 'RAM' <Latency = 1> <II = 1> <Delay = 0.69> <Storage> <Opcode : 'load' 'store'> <Ports = 2> <Width = 32> <Depth = 8> <RAM>
ST_1 : Operation 109 [1/1] (0.69ns)   --->   "%store_ln609 = store i32 0, i3 %z_9_addr" [/home/bsheh002/ADMM07/alveo/src/bp.cpp:609]   --->   Operation 109 'store' 'store_ln609' <Predicate = (icmp_ln606 & trunc_ln606 == 9)> <Delay = 0.69> <CoreInst = "RAM">   --->   Core 83 'RAM' <Latency = 1> <II = 1> <Delay = 0.69> <Storage> <Opcode : 'load' 'store'> <Ports = 2> <Width = 32> <Depth = 8> <RAM>
ST_1 : Operation 110 [1/1] (0.69ns)   --->   "%store_ln610 = store i32 0, i3 %u_9_addr" [/home/bsheh002/ADMM07/alveo/src/bp.cpp:610]   --->   Operation 110 'store' 'store_ln610' <Predicate = (icmp_ln606 & trunc_ln606 == 9)> <Delay = 0.69> <CoreInst = "RAM">   --->   Core 83 'RAM' <Latency = 1> <II = 1> <Delay = 0.69> <Storage> <Opcode : 'load' 'store'> <Ports = 2> <Width = 32> <Depth = 8> <RAM>
ST_1 : Operation 111 [1/1] (0.69ns)   --->   "%store_ln612 = store i32 0, i3 %z_old_9_addr" [/home/bsheh002/ADMM07/alveo/src/bp.cpp:612]   --->   Operation 111 'store' 'store_ln612' <Predicate = (icmp_ln606 & trunc_ln606 == 9)> <Delay = 0.69> <CoreInst = "RAM">   --->   Core 83 'RAM' <Latency = 1> <II = 1> <Delay = 0.69> <Storage> <Opcode : 'load' 'store'> <Ports = 2> <Width = 32> <Depth = 8> <RAM>
ST_1 : Operation 112 [1/1] (0.00ns)   --->   "%br_ln612 = br void %arrayidx11.exit" [/home/bsheh002/ADMM07/alveo/src/bp.cpp:612]   --->   Operation 112 'br' 'br_ln612' <Predicate = (icmp_ln606 & trunc_ln606 == 9)> <Delay = 0.00>
ST_1 : Operation 113 [1/1] (0.69ns)   --->   "%store_ln608 = store i32 0, i3 %x_8_addr" [/home/bsheh002/ADMM07/alveo/src/bp.cpp:608]   --->   Operation 113 'store' 'store_ln608' <Predicate = (icmp_ln606 & trunc_ln606 == 8)> <Delay = 0.69> <CoreInst = "RAM">   --->   Core 83 'RAM' <Latency = 1> <II = 1> <Delay = 0.69> <Storage> <Opcode : 'load' 'store'> <Ports = 2> <Width = 32> <Depth = 8> <RAM>
ST_1 : Operation 114 [1/1] (0.69ns)   --->   "%store_ln609 = store i32 0, i3 %z_8_addr" [/home/bsheh002/ADMM07/alveo/src/bp.cpp:609]   --->   Operation 114 'store' 'store_ln609' <Predicate = (icmp_ln606 & trunc_ln606 == 8)> <Delay = 0.69> <CoreInst = "RAM">   --->   Core 83 'RAM' <Latency = 1> <II = 1> <Delay = 0.69> <Storage> <Opcode : 'load' 'store'> <Ports = 2> <Width = 32> <Depth = 8> <RAM>
ST_1 : Operation 115 [1/1] (0.69ns)   --->   "%store_ln610 = store i32 0, i3 %u_8_addr" [/home/bsheh002/ADMM07/alveo/src/bp.cpp:610]   --->   Operation 115 'store' 'store_ln610' <Predicate = (icmp_ln606 & trunc_ln606 == 8)> <Delay = 0.69> <CoreInst = "RAM">   --->   Core 83 'RAM' <Latency = 1> <II = 1> <Delay = 0.69> <Storage> <Opcode : 'load' 'store'> <Ports = 2> <Width = 32> <Depth = 8> <RAM>
ST_1 : Operation 116 [1/1] (0.69ns)   --->   "%store_ln612 = store i32 0, i3 %z_old_8_addr" [/home/bsheh002/ADMM07/alveo/src/bp.cpp:612]   --->   Operation 116 'store' 'store_ln612' <Predicate = (icmp_ln606 & trunc_ln606 == 8)> <Delay = 0.69> <CoreInst = "RAM">   --->   Core 83 'RAM' <Latency = 1> <II = 1> <Delay = 0.69> <Storage> <Opcode : 'load' 'store'> <Ports = 2> <Width = 32> <Depth = 8> <RAM>
ST_1 : Operation 117 [1/1] (0.00ns)   --->   "%br_ln612 = br void %arrayidx11.exit" [/home/bsheh002/ADMM07/alveo/src/bp.cpp:612]   --->   Operation 117 'br' 'br_ln612' <Predicate = (icmp_ln606 & trunc_ln606 == 8)> <Delay = 0.00>
ST_1 : Operation 118 [1/1] (0.69ns)   --->   "%store_ln608 = store i32 0, i3 %x_7_addr" [/home/bsheh002/ADMM07/alveo/src/bp.cpp:608]   --->   Operation 118 'store' 'store_ln608' <Predicate = (icmp_ln606 & trunc_ln606 == 7)> <Delay = 0.69> <CoreInst = "RAM">   --->   Core 83 'RAM' <Latency = 1> <II = 1> <Delay = 0.69> <Storage> <Opcode : 'load' 'store'> <Ports = 2> <Width = 32> <Depth = 8> <RAM>
ST_1 : Operation 119 [1/1] (0.69ns)   --->   "%store_ln609 = store i32 0, i3 %z_7_addr" [/home/bsheh002/ADMM07/alveo/src/bp.cpp:609]   --->   Operation 119 'store' 'store_ln609' <Predicate = (icmp_ln606 & trunc_ln606 == 7)> <Delay = 0.69> <CoreInst = "RAM">   --->   Core 83 'RAM' <Latency = 1> <II = 1> <Delay = 0.69> <Storage> <Opcode : 'load' 'store'> <Ports = 2> <Width = 32> <Depth = 8> <RAM>
ST_1 : Operation 120 [1/1] (0.69ns)   --->   "%store_ln610 = store i32 0, i3 %u_7_addr" [/home/bsheh002/ADMM07/alveo/src/bp.cpp:610]   --->   Operation 120 'store' 'store_ln610' <Predicate = (icmp_ln606 & trunc_ln606 == 7)> <Delay = 0.69> <CoreInst = "RAM">   --->   Core 83 'RAM' <Latency = 1> <II = 1> <Delay = 0.69> <Storage> <Opcode : 'load' 'store'> <Ports = 2> <Width = 32> <Depth = 8> <RAM>
ST_1 : Operation 121 [1/1] (0.69ns)   --->   "%store_ln612 = store i32 0, i3 %z_old_7_addr" [/home/bsheh002/ADMM07/alveo/src/bp.cpp:612]   --->   Operation 121 'store' 'store_ln612' <Predicate = (icmp_ln606 & trunc_ln606 == 7)> <Delay = 0.69> <CoreInst = "RAM">   --->   Core 83 'RAM' <Latency = 1> <II = 1> <Delay = 0.69> <Storage> <Opcode : 'load' 'store'> <Ports = 2> <Width = 32> <Depth = 8> <RAM>
ST_1 : Operation 122 [1/1] (0.00ns)   --->   "%br_ln612 = br void %arrayidx11.exit" [/home/bsheh002/ADMM07/alveo/src/bp.cpp:612]   --->   Operation 122 'br' 'br_ln612' <Predicate = (icmp_ln606 & trunc_ln606 == 7)> <Delay = 0.00>
ST_1 : Operation 123 [1/1] (0.69ns)   --->   "%store_ln608 = store i32 0, i3 %x_6_addr" [/home/bsheh002/ADMM07/alveo/src/bp.cpp:608]   --->   Operation 123 'store' 'store_ln608' <Predicate = (icmp_ln606 & trunc_ln606 == 6)> <Delay = 0.69> <CoreInst = "RAM">   --->   Core 83 'RAM' <Latency = 1> <II = 1> <Delay = 0.69> <Storage> <Opcode : 'load' 'store'> <Ports = 2> <Width = 32> <Depth = 8> <RAM>
ST_1 : Operation 124 [1/1] (0.69ns)   --->   "%store_ln609 = store i32 0, i3 %z_6_addr" [/home/bsheh002/ADMM07/alveo/src/bp.cpp:609]   --->   Operation 124 'store' 'store_ln609' <Predicate = (icmp_ln606 & trunc_ln606 == 6)> <Delay = 0.69> <CoreInst = "RAM">   --->   Core 83 'RAM' <Latency = 1> <II = 1> <Delay = 0.69> <Storage> <Opcode : 'load' 'store'> <Ports = 2> <Width = 32> <Depth = 8> <RAM>
ST_1 : Operation 125 [1/1] (0.69ns)   --->   "%store_ln610 = store i32 0, i3 %u_6_addr" [/home/bsheh002/ADMM07/alveo/src/bp.cpp:610]   --->   Operation 125 'store' 'store_ln610' <Predicate = (icmp_ln606 & trunc_ln606 == 6)> <Delay = 0.69> <CoreInst = "RAM">   --->   Core 83 'RAM' <Latency = 1> <II = 1> <Delay = 0.69> <Storage> <Opcode : 'load' 'store'> <Ports = 2> <Width = 32> <Depth = 8> <RAM>
ST_1 : Operation 126 [1/1] (0.69ns)   --->   "%store_ln612 = store i32 0, i3 %z_old_6_addr" [/home/bsheh002/ADMM07/alveo/src/bp.cpp:612]   --->   Operation 126 'store' 'store_ln612' <Predicate = (icmp_ln606 & trunc_ln606 == 6)> <Delay = 0.69> <CoreInst = "RAM">   --->   Core 83 'RAM' <Latency = 1> <II = 1> <Delay = 0.69> <Storage> <Opcode : 'load' 'store'> <Ports = 2> <Width = 32> <Depth = 8> <RAM>
ST_1 : Operation 127 [1/1] (0.00ns)   --->   "%br_ln612 = br void %arrayidx11.exit" [/home/bsheh002/ADMM07/alveo/src/bp.cpp:612]   --->   Operation 127 'br' 'br_ln612' <Predicate = (icmp_ln606 & trunc_ln606 == 6)> <Delay = 0.00>
ST_1 : Operation 128 [1/1] (0.69ns)   --->   "%store_ln608 = store i32 0, i3 %x_5_addr" [/home/bsheh002/ADMM07/alveo/src/bp.cpp:608]   --->   Operation 128 'store' 'store_ln608' <Predicate = (icmp_ln606 & trunc_ln606 == 5)> <Delay = 0.69> <CoreInst = "RAM">   --->   Core 83 'RAM' <Latency = 1> <II = 1> <Delay = 0.69> <Storage> <Opcode : 'load' 'store'> <Ports = 2> <Width = 32> <Depth = 8> <RAM>
ST_1 : Operation 129 [1/1] (0.69ns)   --->   "%store_ln609 = store i32 0, i3 %z_5_addr" [/home/bsheh002/ADMM07/alveo/src/bp.cpp:609]   --->   Operation 129 'store' 'store_ln609' <Predicate = (icmp_ln606 & trunc_ln606 == 5)> <Delay = 0.69> <CoreInst = "RAM">   --->   Core 83 'RAM' <Latency = 1> <II = 1> <Delay = 0.69> <Storage> <Opcode : 'load' 'store'> <Ports = 2> <Width = 32> <Depth = 8> <RAM>
ST_1 : Operation 130 [1/1] (0.69ns)   --->   "%store_ln610 = store i32 0, i3 %u_5_addr" [/home/bsheh002/ADMM07/alveo/src/bp.cpp:610]   --->   Operation 130 'store' 'store_ln610' <Predicate = (icmp_ln606 & trunc_ln606 == 5)> <Delay = 0.69> <CoreInst = "RAM">   --->   Core 83 'RAM' <Latency = 1> <II = 1> <Delay = 0.69> <Storage> <Opcode : 'load' 'store'> <Ports = 2> <Width = 32> <Depth = 8> <RAM>
ST_1 : Operation 131 [1/1] (0.69ns)   --->   "%store_ln612 = store i32 0, i3 %z_old_5_addr" [/home/bsheh002/ADMM07/alveo/src/bp.cpp:612]   --->   Operation 131 'store' 'store_ln612' <Predicate = (icmp_ln606 & trunc_ln606 == 5)> <Delay = 0.69> <CoreInst = "RAM">   --->   Core 83 'RAM' <Latency = 1> <II = 1> <Delay = 0.69> <Storage> <Opcode : 'load' 'store'> <Ports = 2> <Width = 32> <Depth = 8> <RAM>
ST_1 : Operation 132 [1/1] (0.00ns)   --->   "%br_ln612 = br void %arrayidx11.exit" [/home/bsheh002/ADMM07/alveo/src/bp.cpp:612]   --->   Operation 132 'br' 'br_ln612' <Predicate = (icmp_ln606 & trunc_ln606 == 5)> <Delay = 0.00>
ST_1 : Operation 133 [1/1] (0.69ns)   --->   "%store_ln608 = store i32 0, i3 %x_4_addr" [/home/bsheh002/ADMM07/alveo/src/bp.cpp:608]   --->   Operation 133 'store' 'store_ln608' <Predicate = (icmp_ln606 & trunc_ln606 == 4)> <Delay = 0.69> <CoreInst = "RAM">   --->   Core 83 'RAM' <Latency = 1> <II = 1> <Delay = 0.69> <Storage> <Opcode : 'load' 'store'> <Ports = 2> <Width = 32> <Depth = 8> <RAM>
ST_1 : Operation 134 [1/1] (0.69ns)   --->   "%store_ln609 = store i32 0, i3 %z_4_addr" [/home/bsheh002/ADMM07/alveo/src/bp.cpp:609]   --->   Operation 134 'store' 'store_ln609' <Predicate = (icmp_ln606 & trunc_ln606 == 4)> <Delay = 0.69> <CoreInst = "RAM">   --->   Core 83 'RAM' <Latency = 1> <II = 1> <Delay = 0.69> <Storage> <Opcode : 'load' 'store'> <Ports = 2> <Width = 32> <Depth = 8> <RAM>
ST_1 : Operation 135 [1/1] (0.69ns)   --->   "%store_ln610 = store i32 0, i3 %u_4_addr" [/home/bsheh002/ADMM07/alveo/src/bp.cpp:610]   --->   Operation 135 'store' 'store_ln610' <Predicate = (icmp_ln606 & trunc_ln606 == 4)> <Delay = 0.69> <CoreInst = "RAM">   --->   Core 83 'RAM' <Latency = 1> <II = 1> <Delay = 0.69> <Storage> <Opcode : 'load' 'store'> <Ports = 2> <Width = 32> <Depth = 8> <RAM>
ST_1 : Operation 136 [1/1] (0.69ns)   --->   "%store_ln612 = store i32 0, i3 %z_old_4_addr" [/home/bsheh002/ADMM07/alveo/src/bp.cpp:612]   --->   Operation 136 'store' 'store_ln612' <Predicate = (icmp_ln606 & trunc_ln606 == 4)> <Delay = 0.69> <CoreInst = "RAM">   --->   Core 83 'RAM' <Latency = 1> <II = 1> <Delay = 0.69> <Storage> <Opcode : 'load' 'store'> <Ports = 2> <Width = 32> <Depth = 8> <RAM>
ST_1 : Operation 137 [1/1] (0.00ns)   --->   "%br_ln612 = br void %arrayidx11.exit" [/home/bsheh002/ADMM07/alveo/src/bp.cpp:612]   --->   Operation 137 'br' 'br_ln612' <Predicate = (icmp_ln606 & trunc_ln606 == 4)> <Delay = 0.00>
ST_1 : Operation 138 [1/1] (0.69ns)   --->   "%store_ln608 = store i32 0, i3 %x_3_addr" [/home/bsheh002/ADMM07/alveo/src/bp.cpp:608]   --->   Operation 138 'store' 'store_ln608' <Predicate = (icmp_ln606 & trunc_ln606 == 3)> <Delay = 0.69> <CoreInst = "RAM">   --->   Core 83 'RAM' <Latency = 1> <II = 1> <Delay = 0.69> <Storage> <Opcode : 'load' 'store'> <Ports = 2> <Width = 32> <Depth = 8> <RAM>
ST_1 : Operation 139 [1/1] (0.69ns)   --->   "%store_ln609 = store i32 0, i3 %z_3_addr" [/home/bsheh002/ADMM07/alveo/src/bp.cpp:609]   --->   Operation 139 'store' 'store_ln609' <Predicate = (icmp_ln606 & trunc_ln606 == 3)> <Delay = 0.69> <CoreInst = "RAM">   --->   Core 83 'RAM' <Latency = 1> <II = 1> <Delay = 0.69> <Storage> <Opcode : 'load' 'store'> <Ports = 2> <Width = 32> <Depth = 8> <RAM>
ST_1 : Operation 140 [1/1] (0.69ns)   --->   "%store_ln610 = store i32 0, i3 %u_3_addr" [/home/bsheh002/ADMM07/alveo/src/bp.cpp:610]   --->   Operation 140 'store' 'store_ln610' <Predicate = (icmp_ln606 & trunc_ln606 == 3)> <Delay = 0.69> <CoreInst = "RAM">   --->   Core 83 'RAM' <Latency = 1> <II = 1> <Delay = 0.69> <Storage> <Opcode : 'load' 'store'> <Ports = 2> <Width = 32> <Depth = 8> <RAM>
ST_1 : Operation 141 [1/1] (0.69ns)   --->   "%store_ln612 = store i32 0, i3 %z_old_3_addr" [/home/bsheh002/ADMM07/alveo/src/bp.cpp:612]   --->   Operation 141 'store' 'store_ln612' <Predicate = (icmp_ln606 & trunc_ln606 == 3)> <Delay = 0.69> <CoreInst = "RAM">   --->   Core 83 'RAM' <Latency = 1> <II = 1> <Delay = 0.69> <Storage> <Opcode : 'load' 'store'> <Ports = 2> <Width = 32> <Depth = 8> <RAM>
ST_1 : Operation 142 [1/1] (0.00ns)   --->   "%br_ln612 = br void %arrayidx11.exit" [/home/bsheh002/ADMM07/alveo/src/bp.cpp:612]   --->   Operation 142 'br' 'br_ln612' <Predicate = (icmp_ln606 & trunc_ln606 == 3)> <Delay = 0.00>
ST_1 : Operation 143 [1/1] (0.69ns)   --->   "%store_ln608 = store i32 0, i3 %x_2_addr" [/home/bsheh002/ADMM07/alveo/src/bp.cpp:608]   --->   Operation 143 'store' 'store_ln608' <Predicate = (icmp_ln606 & trunc_ln606 == 2)> <Delay = 0.69> <CoreInst = "RAM">   --->   Core 83 'RAM' <Latency = 1> <II = 1> <Delay = 0.69> <Storage> <Opcode : 'load' 'store'> <Ports = 2> <Width = 32> <Depth = 8> <RAM>
ST_1 : Operation 144 [1/1] (0.69ns)   --->   "%store_ln609 = store i32 0, i3 %z_2_addr" [/home/bsheh002/ADMM07/alveo/src/bp.cpp:609]   --->   Operation 144 'store' 'store_ln609' <Predicate = (icmp_ln606 & trunc_ln606 == 2)> <Delay = 0.69> <CoreInst = "RAM">   --->   Core 83 'RAM' <Latency = 1> <II = 1> <Delay = 0.69> <Storage> <Opcode : 'load' 'store'> <Ports = 2> <Width = 32> <Depth = 8> <RAM>
ST_1 : Operation 145 [1/1] (0.69ns)   --->   "%store_ln610 = store i32 0, i3 %u_2_addr" [/home/bsheh002/ADMM07/alveo/src/bp.cpp:610]   --->   Operation 145 'store' 'store_ln610' <Predicate = (icmp_ln606 & trunc_ln606 == 2)> <Delay = 0.69> <CoreInst = "RAM">   --->   Core 83 'RAM' <Latency = 1> <II = 1> <Delay = 0.69> <Storage> <Opcode : 'load' 'store'> <Ports = 2> <Width = 32> <Depth = 8> <RAM>
ST_1 : Operation 146 [1/1] (0.69ns)   --->   "%store_ln612 = store i32 0, i3 %z_old_2_addr" [/home/bsheh002/ADMM07/alveo/src/bp.cpp:612]   --->   Operation 146 'store' 'store_ln612' <Predicate = (icmp_ln606 & trunc_ln606 == 2)> <Delay = 0.69> <CoreInst = "RAM">   --->   Core 83 'RAM' <Latency = 1> <II = 1> <Delay = 0.69> <Storage> <Opcode : 'load' 'store'> <Ports = 2> <Width = 32> <Depth = 8> <RAM>
ST_1 : Operation 147 [1/1] (0.00ns)   --->   "%br_ln612 = br void %arrayidx11.exit" [/home/bsheh002/ADMM07/alveo/src/bp.cpp:612]   --->   Operation 147 'br' 'br_ln612' <Predicate = (icmp_ln606 & trunc_ln606 == 2)> <Delay = 0.00>
ST_1 : Operation 148 [1/1] (0.69ns)   --->   "%store_ln608 = store i32 0, i3 %x_1_addr" [/home/bsheh002/ADMM07/alveo/src/bp.cpp:608]   --->   Operation 148 'store' 'store_ln608' <Predicate = (icmp_ln606 & trunc_ln606 == 1)> <Delay = 0.69> <CoreInst = "RAM">   --->   Core 83 'RAM' <Latency = 1> <II = 1> <Delay = 0.69> <Storage> <Opcode : 'load' 'store'> <Ports = 2> <Width = 32> <Depth = 8> <RAM>
ST_1 : Operation 149 [1/1] (0.69ns)   --->   "%store_ln609 = store i32 0, i3 %z_1_addr" [/home/bsheh002/ADMM07/alveo/src/bp.cpp:609]   --->   Operation 149 'store' 'store_ln609' <Predicate = (icmp_ln606 & trunc_ln606 == 1)> <Delay = 0.69> <CoreInst = "RAM">   --->   Core 83 'RAM' <Latency = 1> <II = 1> <Delay = 0.69> <Storage> <Opcode : 'load' 'store'> <Ports = 2> <Width = 32> <Depth = 8> <RAM>
ST_1 : Operation 150 [1/1] (0.69ns)   --->   "%store_ln610 = store i32 0, i3 %u_1_addr" [/home/bsheh002/ADMM07/alveo/src/bp.cpp:610]   --->   Operation 150 'store' 'store_ln610' <Predicate = (icmp_ln606 & trunc_ln606 == 1)> <Delay = 0.69> <CoreInst = "RAM">   --->   Core 83 'RAM' <Latency = 1> <II = 1> <Delay = 0.69> <Storage> <Opcode : 'load' 'store'> <Ports = 2> <Width = 32> <Depth = 8> <RAM>
ST_1 : Operation 151 [1/1] (0.69ns)   --->   "%store_ln612 = store i32 0, i3 %z_old_1_addr" [/home/bsheh002/ADMM07/alveo/src/bp.cpp:612]   --->   Operation 151 'store' 'store_ln612' <Predicate = (icmp_ln606 & trunc_ln606 == 1)> <Delay = 0.69> <CoreInst = "RAM">   --->   Core 83 'RAM' <Latency = 1> <II = 1> <Delay = 0.69> <Storage> <Opcode : 'load' 'store'> <Ports = 2> <Width = 32> <Depth = 8> <RAM>
ST_1 : Operation 152 [1/1] (0.00ns)   --->   "%br_ln612 = br void %arrayidx11.exit" [/home/bsheh002/ADMM07/alveo/src/bp.cpp:612]   --->   Operation 152 'br' 'br_ln612' <Predicate = (icmp_ln606 & trunc_ln606 == 1)> <Delay = 0.00>
ST_1 : Operation 153 [1/1] (0.69ns)   --->   "%store_ln608 = store i32 0, i3 %x_addr" [/home/bsheh002/ADMM07/alveo/src/bp.cpp:608]   --->   Operation 153 'store' 'store_ln608' <Predicate = (icmp_ln606 & trunc_ln606 == 0)> <Delay = 0.69> <CoreInst = "RAM">   --->   Core 83 'RAM' <Latency = 1> <II = 1> <Delay = 0.69> <Storage> <Opcode : 'load' 'store'> <Ports = 2> <Width = 32> <Depth = 8> <RAM>
ST_1 : Operation 154 [1/1] (0.69ns)   --->   "%store_ln609 = store i32 0, i3 %z_addr" [/home/bsheh002/ADMM07/alveo/src/bp.cpp:609]   --->   Operation 154 'store' 'store_ln609' <Predicate = (icmp_ln606 & trunc_ln606 == 0)> <Delay = 0.69> <CoreInst = "RAM">   --->   Core 83 'RAM' <Latency = 1> <II = 1> <Delay = 0.69> <Storage> <Opcode : 'load' 'store'> <Ports = 2> <Width = 32> <Depth = 8> <RAM>
ST_1 : Operation 155 [1/1] (0.69ns)   --->   "%store_ln610 = store i32 0, i3 %u_addr" [/home/bsheh002/ADMM07/alveo/src/bp.cpp:610]   --->   Operation 155 'store' 'store_ln610' <Predicate = (icmp_ln606 & trunc_ln606 == 0)> <Delay = 0.69> <CoreInst = "RAM">   --->   Core 83 'RAM' <Latency = 1> <II = 1> <Delay = 0.69> <Storage> <Opcode : 'load' 'store'> <Ports = 2> <Width = 32> <Depth = 8> <RAM>
ST_1 : Operation 156 [1/1] (0.69ns)   --->   "%store_ln612 = store i32 0, i3 %z_old_addr" [/home/bsheh002/ADMM07/alveo/src/bp.cpp:612]   --->   Operation 156 'store' 'store_ln612' <Predicate = (icmp_ln606 & trunc_ln606 == 0)> <Delay = 0.69> <CoreInst = "RAM">   --->   Core 83 'RAM' <Latency = 1> <II = 1> <Delay = 0.69> <Storage> <Opcode : 'load' 'store'> <Ports = 2> <Width = 32> <Depth = 8> <RAM>
ST_1 : Operation 157 [1/1] (0.00ns)   --->   "%br_ln612 = br void %arrayidx11.exit" [/home/bsheh002/ADMM07/alveo/src/bp.cpp:612]   --->   Operation 157 'br' 'br_ln612' <Predicate = (icmp_ln606 & trunc_ln606 == 0)> <Delay = 0.00>
ST_1 : Operation 158 [1/1] (0.69ns)   --->   "%store_ln608 = store i32 0, i3 %x_15_addr" [/home/bsheh002/ADMM07/alveo/src/bp.cpp:608]   --->   Operation 158 'store' 'store_ln608' <Predicate = (icmp_ln606 & trunc_ln606 == 15)> <Delay = 0.69> <CoreInst = "RAM">   --->   Core 83 'RAM' <Latency = 1> <II = 1> <Delay = 0.69> <Storage> <Opcode : 'load' 'store'> <Ports = 2> <Width = 32> <Depth = 8> <RAM>
ST_1 : Operation 159 [1/1] (0.69ns)   --->   "%store_ln609 = store i32 0, i3 %z_15_addr" [/home/bsheh002/ADMM07/alveo/src/bp.cpp:609]   --->   Operation 159 'store' 'store_ln609' <Predicate = (icmp_ln606 & trunc_ln606 == 15)> <Delay = 0.69> <CoreInst = "RAM">   --->   Core 83 'RAM' <Latency = 1> <II = 1> <Delay = 0.69> <Storage> <Opcode : 'load' 'store'> <Ports = 2> <Width = 32> <Depth = 8> <RAM>
ST_1 : Operation 160 [1/1] (0.69ns)   --->   "%store_ln610 = store i32 0, i3 %u_15_addr" [/home/bsheh002/ADMM07/alveo/src/bp.cpp:610]   --->   Operation 160 'store' 'store_ln610' <Predicate = (icmp_ln606 & trunc_ln606 == 15)> <Delay = 0.69> <CoreInst = "RAM">   --->   Core 83 'RAM' <Latency = 1> <II = 1> <Delay = 0.69> <Storage> <Opcode : 'load' 'store'> <Ports = 2> <Width = 32> <Depth = 8> <RAM>
ST_1 : Operation 161 [1/1] (0.69ns)   --->   "%store_ln612 = store i32 0, i3 %z_old_15_addr" [/home/bsheh002/ADMM07/alveo/src/bp.cpp:612]   --->   Operation 161 'store' 'store_ln612' <Predicate = (icmp_ln606 & trunc_ln606 == 15)> <Delay = 0.69> <CoreInst = "RAM">   --->   Core 83 'RAM' <Latency = 1> <II = 1> <Delay = 0.69> <Storage> <Opcode : 'load' 'store'> <Ports = 2> <Width = 32> <Depth = 8> <RAM>
ST_1 : Operation 162 [1/1] (0.00ns)   --->   "%br_ln612 = br void %arrayidx11.exit" [/home/bsheh002/ADMM07/alveo/src/bp.cpp:612]   --->   Operation 162 'br' 'br_ln612' <Predicate = (icmp_ln606 & trunc_ln606 == 15)> <Delay = 0.00>
ST_1 : Operation 163 [1/1] (0.38ns)   --->   "%store_ln606 = store i31 %add_ln606, i31 %i" [/home/bsheh002/ADMM07/alveo/src/bp.cpp:606]   --->   Operation 163 'store' 'store_ln606' <Predicate = (icmp_ln606)> <Delay = 0.38>
ST_1 : Operation 164 [1/1] (0.00ns)   --->   "%br_ln606 = br void %for.inc" [/home/bsheh002/ADMM07/alveo/src/bp.cpp:606]   --->   Operation 164 'br' 'br_ln606' <Predicate = (icmp_ln606)> <Delay = 0.00>
ST_1 : Operation 165 [1/1] (0.00ns)   --->   "%ret_ln0 = ret"   --->   Operation 165 'ret' 'ret_ln0' <Predicate = (!icmp_ln606)> <Delay = 0.00>


============================================================
+ Verbose Summary: Timing violations
============================================================
Target clock period: 3.333ns, clock uncertainty: 0.900ns.

 <State 1>: 1.966ns
The critical path consists of the following:
	'store' operation 0 bit ('store_ln606', /home/bsheh002/ADMM07/alveo/src/bp.cpp:606) of constant 0 on local variable 'i', /home/bsheh002/ADMM07/alveo/src/bp.cpp:606 [68]  (0.387 ns)
	'load' operation 31 bit ('i', /home/bsheh002/ADMM07/alveo/src/bp.cpp:606) on local variable 'i', /home/bsheh002/ADMM07/alveo/src/bp.cpp:606 [71]  (0.000 ns)
	'icmp' operation 1 bit ('icmp_ln606', /home/bsheh002/ADMM07/alveo/src/bp.cpp:606) [73]  (0.880 ns)
	'store' operation 0 bit ('store_ln608', /home/bsheh002/ADMM07/alveo/src/bp.cpp:608) of constant 0 on array 'x_13' [154]  (0.699 ns)
	blocking operation 2.22045e-16 ns on control path)


============================================================
+ Verbose Summary: Binding
============================================================
N/A
* FSMD analyzer results:
  - Output states:
 - Input state : 
  - Chain level:
	State 1


============================================================
+ Verbose Summary: Datapath Resource usage 
============================================================
N/A
