

================================================================
== Vitis HLS Report for 'krnl_bp_Pipeline_l_load_input'
================================================================
* Date:           Tue Apr 15 09:07:19 2025

* Version:        2022.2 (Build 3670227 on Oct 13 2022)
* Project:        krnl_bp
* Solution:       solution (Vitis Kernel Flow Target)
* Product family: virtexuplus
* Target device:  xcu280-fsvh2892-2L-e


================================================================
== Performance Estimates
================================================================
+ Timing: 
    * Summary: 
    +--------+---------+----------+------------+
    |  Clock |  Target | Estimated| Uncertainty|
    +--------+---------+----------+------------+
    |ap_clk  |  3.33 ns|  2.433 ns|     0.90 ns|
    +--------+---------+----------+------------+

+ Latency: 
    * Summary: 
    +---------+---------+----------+----------+-----+-----+---------+
    |  Latency (cycles) |  Latency (absolute) |  Interval | Pipeline|
    |   min   |   max   |    min   |    max   | min | max |   Type  |
    +---------+---------+----------+----------+-----+-----+---------+
    |       67|       67|  0.223 us|  0.223 us|   67|   67|       no|
    +---------+---------+----------+----------+-----+-----+---------+

    + Detail: 
        * Instance: 
        N/A

        * Loop: 
        +----------------+---------+---------+----------+-----------+-----------+------+----------+
        |                |  Latency (cycles) | Iteration|  Initiation Interval  | Trip |          |
        |    Loop Name   |   min   |   max   |  Latency |  achieved |   target  | Count| Pipelined|
        +----------------+---------+---------+----------+-----------+-----------+------+----------+
        |- l_load_input  |       65|       65|         3|          1|          1|    64|       yes|
        +----------------+---------+---------+----------+-----------+-----------+------+----------+

============================================================
+ Verbose Summary: Synthesis Manager
============================================================
InlineROM: 1
ExposeGlobal: 0
============================================================
+ Verbose Summary: CDFG Model
============================================================
IsTopModel: 0
ResetActiveHigh: 1
IsCombinational: 0
IsDatapathOnly: 0
HasWiredReturn: 1
HasMFsm: 2
HasVarLatency: 1
IsPipeline: 0
IsRtlPipelined: 0
IsInstanceOverlapped: 0
IsDontTouch: 0
HasImplIP: 0
IsGatedGlobalClock: 0

+ Individual pipeline summary: 
  * Pipeline-0: initiation interval (II) = 1, depth = 3


============================================================
+ Verbose Summary: Schedule
============================================================
* Number of FSM states : 3
* Pipeline : 1
  Pipeline-0 : II = 1, D = 3, States = { 1 2 3 }
* Dataflow Pipeline: 0

* FSM state transitions: 
1 --> 2 
2 --> 3 
3 --> 

* FSM state operations: 

State 1 <SV = 0> <Delay = 1.09>
ST_1 : Operation 6 [1/1] (0.00ns)   --->   "%shiftreg229 = alloca i32 1"   --->   Operation 6 'alloca' 'shiftreg229' <Predicate = true> <Delay = 0.00>
ST_1 : Operation 7 [1/1] (0.00ns)   --->   "%i = alloca i32 1"   --->   Operation 7 'alloca' 'i' <Predicate = true> <Delay = 0.00>
ST_1 : Operation 8 [1/1] (0.00ns)   --->   "%sext_ln19_read = read i58 @_ssdm_op_Read.ap_auto.i58, i58 %sext_ln19"   --->   Operation 8 'read' 'sext_ln19_read' <Predicate = true> <Delay = 0.00>
ST_1 : Operation 9 [1/1] (0.00ns)   --->   "%sext_ln19_cast = sext i58 %sext_ln19_read"   --->   Operation 9 'sext' 'sext_ln19_cast' <Predicate = true> <Delay = 0.00>
ST_1 : Operation 10 [1/1] (0.00ns)   --->   "%specinterface_ln0 = specinterface void @_ssdm_op_SpecInterface, i512 %gmem0, void @empty_11, i32 0, i32 0, void @empty_17, i32 64, i32 0, void @empty, void @empty_12, void @empty_17, i32 16, i32 16, i32 16, i32 16, void @empty_17, void @empty_17, i32 4294967295, i32 0"   --->   Operation 10 'specinterface' 'specinterface_ln0' <Predicate = true> <Delay = 0.00>
ST_1 : Operation 11 [1/1] (0.38ns)   --->   "%store_ln0 = store i7 0, i7 %i"   --->   Operation 11 'store' 'store_ln0' <Predicate = true> <Delay = 0.38>
ST_1 : Operation 12 [1/1] (0.38ns)   --->   "%store_ln0 = store i480 0, i480 %shiftreg229"   --->   Operation 12 'store' 'store_ln0' <Predicate = true> <Delay = 0.38>
ST_1 : Operation 13 [1/1] (0.00ns)   --->   "%br_ln0 = br void %for.inc.i"   --->   Operation 13 'br' 'br_ln0' <Predicate = true> <Delay = 0.00>
ST_1 : Operation 14 [1/1] (0.00ns)   --->   "%i_3 = load i7 %i" [/home/bsheh002/ADMM07/alveo/src/bp.cpp:19]   --->   Operation 14 'load' 'i_3' <Predicate = true> <Delay = 0.00>
ST_1 : Operation 15 [1/1] (0.59ns)   --->   "%icmp_ln19 = icmp_eq  i7 %i_3, i7 64" [/home/bsheh002/ADMM07/alveo/src/bp.cpp:19]   --->   Operation 15 'icmp' 'icmp_ln19' <Predicate = true> <Delay = 0.59> <CoreInst = "Cmp">   --->   Core 9 'Cmp' <Latency = 0> <II = 1> <Delay = 0.59> <FuncUnit> <Opcode : 'icmp'> <InPorts = 2> <OutPorts = 1>
ST_1 : Operation 16 [1/1] (0.70ns)   --->   "%add_ln19 = add i7 %i_3, i7 1" [/home/bsheh002/ADMM07/alveo/src/bp.cpp:19]   --->   Operation 16 'add' 'add_ln19' <Predicate = true> <Delay = 0.70> <CoreInst = "Adder">   --->   Core 1 'Adder' <Latency = 0> <II = 1> <Delay = 0.70> <FuncUnit> <Opcode : 'add' 'sub'> <InPorts = 2> <OutPorts = 1>
ST_1 : Operation 17 [1/1] (0.00ns)   --->   "%br_ln19 = br i1 %icmp_ln19, void %for.inc.i.split, void %_ZL10load_inputPfS_i.exit.exitStub" [/home/bsheh002/ADMM07/alveo/src/bp.cpp:19]   --->   Operation 17 'br' 'br_ln19' <Predicate = true> <Delay = 0.00>
ST_1 : Operation 18 [1/1] (0.00ns)   --->   "%trunc_ln19 = trunc i7 %i_3" [/home/bsheh002/ADMM07/alveo/src/bp.cpp:19]   --->   Operation 18 'trunc' 'trunc_ln19' <Predicate = (!icmp_ln19)> <Delay = 0.00>
ST_1 : Operation 19 [1/1] (0.65ns)   --->   "%icmp_ln21 = icmp_eq  i4 %trunc_ln19, i4 0" [/home/bsheh002/ADMM07/alveo/src/bp.cpp:21]   --->   Operation 19 'icmp' 'icmp_ln21' <Predicate = (!icmp_ln19)> <Delay = 0.65> <CoreInst = "Cmp">   --->   Core 9 'Cmp' <Latency = 0> <II = 1> <Delay = 0.65> <FuncUnit> <Opcode : 'icmp'> <InPorts = 2> <OutPorts = 1>
ST_1 : Operation 20 [1/1] (0.38ns)   --->   "%store_ln19 = store i7 %add_ln19, i7 %i" [/home/bsheh002/ADMM07/alveo/src/bp.cpp:19]   --->   Operation 20 'store' 'store_ln19' <Predicate = (!icmp_ln19)> <Delay = 0.38>

State 2 <SV = 1> <Delay = 2.43>
ST_2 : Operation 21 [1/1] (0.00ns)   --->   "%specbitsmap_ln0 = specbitsmap void @_ssdm_op_SpecBitsMap, i512 %gmem0"   --->   Operation 21 'specbitsmap' 'specbitsmap_ln0' <Predicate = true> <Delay = 0.00>
ST_2 : Operation 22 [1/1] (0.00ns)   --->   "%gmem0_addr = getelementptr i512 %gmem0, i64 %sext_ln19_cast" [/home/bsheh002/ADMM07/alveo/src/bp.cpp:19]   --->   Operation 22 'getelementptr' 'gmem0_addr' <Predicate = true> <Delay = 0.00>
ST_2 : Operation 23 [1/1] (0.00ns)   --->   "%empty = speclooptripcount i32 @_ssdm_op_SpecLoopTripCount, i64 64, i64 64, i64 64"   --->   Operation 23 'speclooptripcount' 'empty' <Predicate = true> <Delay = 0.00>
ST_2 : Operation 24 [1/1] (2.43ns)   --->   "%gmem0_addr_read = read i512 @_ssdm_op_Read.m_axi.p1i512, i512 %gmem0_addr" [/home/bsheh002/ADMM07/alveo/src/bp.cpp:21]   --->   Operation 24 'read' 'gmem0_addr_read' <Predicate = (!icmp_ln19 & icmp_ln21)> <Delay = 2.43> <CoreInst = "m_axi">   --->   Core 121 'm_axi' <Latency = 0> <II = 1> <Delay = 1.00> <Adapter> <Opcode : 'read' 'write' 'readreq' 'writereq' 'writeresp'>
ST_2 : Operation 40 [1/1] (0.00ns)   --->   "%ret_ln0 = ret"   --->   Operation 40 'ret' 'ret_ln0' <Predicate = (icmp_ln19)> <Delay = 0.00>

State 3 <SV = 2> <Delay = 1.08>
ST_3 : Operation 25 [1/1] (0.00ns)   --->   "%shiftreg229_load = load i480 %shiftreg229" [/home/bsheh002/ADMM07/alveo/src/bp.cpp:19]   --->   Operation 25 'load' 'shiftreg229_load' <Predicate = (!icmp_ln19)> <Delay = 0.00>
ST_3 : Operation 26 [1/1] (0.00ns)   --->   "%zext_ln19 = zext i480 %shiftreg229_load" [/home/bsheh002/ADMM07/alveo/src/bp.cpp:19]   --->   Operation 26 'zext' 'zext_ln19' <Predicate = (!icmp_ln19)> <Delay = 0.00>
ST_3 : Operation 27 [1/1] (0.00ns)   --->   "%zext_ln19_1 = zext i7 %i_3" [/home/bsheh002/ADMM07/alveo/src/bp.cpp:19]   --->   Operation 27 'zext' 'zext_ln19_1' <Predicate = (!icmp_ln19)> <Delay = 0.00>
ST_3 : Operation 28 [1/1] (0.00ns)   --->   "%specpipeline_ln20 = specpipeline void @_ssdm_op_SpecPipeline, i32 4294967295, i32 0, i32 0, i32 0, void @empty_17" [/home/bsheh002/ADMM07/alveo/src/bp.cpp:20]   --->   Operation 28 'specpipeline' 'specpipeline_ln20' <Predicate = (!icmp_ln19)> <Delay = 0.00>
ST_3 : Operation 29 [1/1] (0.00ns)   --->   "%specloopname_ln19 = specloopname void @_ssdm_op_SpecLoopName, void @empty_4" [/home/bsheh002/ADMM07/alveo/src/bp.cpp:19]   --->   Operation 29 'specloopname' 'specloopname_ln19' <Predicate = (!icmp_ln19)> <Delay = 0.00>
ST_3 : Operation 30 [1/1] (0.38ns)   --->   "%br_ln21 = br i1 %icmp_ln21, void %for.inc.i.split._crit_edge, void" [/home/bsheh002/ADMM07/alveo/src/bp.cpp:21]   --->   Operation 30 'br' 'br_ln21' <Predicate = (!icmp_ln19)> <Delay = 0.38>
ST_3 : Operation 31 [1/1] (0.38ns)   --->   "%br_ln21 = br void %for.inc.i.split._crit_edge" [/home/bsheh002/ADMM07/alveo/src/bp.cpp:21]   --->   Operation 31 'br' 'br_ln21' <Predicate = (!icmp_ln19 & icmp_ln21)> <Delay = 0.38>
ST_3 : Operation 32 [1/1] (0.00ns)   --->   "%empty_120 = phi i512 %gmem0_addr_read, void, i512 %zext_ln19, void %for.inc.i.split" [/home/bsheh002/ADMM07/alveo/src/bp.cpp:21]   --->   Operation 32 'phi' 'empty_120' <Predicate = true> <Delay = 0.00>
ST_3 : Operation 33 [1/1] (0.00ns)   --->   "%trunc_ln21 = trunc i512 %empty_120" [/home/bsheh002/ADMM07/alveo/src/bp.cpp:21]   --->   Operation 33 'trunc' 'trunc_ln21' <Predicate = true> <Delay = 0.00>
ST_3 : Operation 34 [1/1] (0.00ns)   --->   "%bitcast_ln21 = bitcast i32 %trunc_ln21" [/home/bsheh002/ADMM07/alveo/src/bp.cpp:21]   --->   Operation 34 'bitcast' 'bitcast_ln21' <Predicate = true> <Delay = 0.00>
ST_3 : Operation 35 [1/1] (0.00ns)   --->   "%trunc_ln21_2 = partselect i480 @_ssdm_op_PartSelect.i480.i512.i32.i32, i512 %empty_120, i32 32, i32 511" [/home/bsheh002/ADMM07/alveo/src/bp.cpp:21]   --->   Operation 35 'partselect' 'trunc_ln21_2' <Predicate = true> <Delay = 0.00>
ST_3 : Operation 36 [1/1] (0.00ns)   --->   "%mat_p_bram_addr = getelementptr i32 %mat_p_bram, i64 0, i64 %zext_ln19_1" [/home/bsheh002/ADMM07/alveo/src/bp.cpp:21]   --->   Operation 36 'getelementptr' 'mat_p_bram_addr' <Predicate = true> <Delay = 0.00>
ST_3 : Operation 37 [1/1] (0.69ns)   --->   "%store_ln21 = store i32 %bitcast_ln21, i6 %mat_p_bram_addr" [/home/bsheh002/ADMM07/alveo/src/bp.cpp:21]   --->   Operation 37 'store' 'store_ln21' <Predicate = true> <Delay = 0.69> <CoreInst = "RAM">   --->   Core 83 'RAM' <Latency = 1> <II = 1> <Delay = 0.69> <Storage> <Opcode : 'load' 'store'> <Ports = 2> <Width = 32> <Depth = 64> <RAM>
ST_3 : Operation 38 [1/1] (0.38ns)   --->   "%store_ln19 = store i480 %trunc_ln21_2, i480 %shiftreg229" [/home/bsheh002/ADMM07/alveo/src/bp.cpp:19]   --->   Operation 38 'store' 'store_ln19' <Predicate = true> <Delay = 0.38>
ST_3 : Operation 39 [1/1] (0.00ns)   --->   "%br_ln19 = br void %for.inc.i" [/home/bsheh002/ADMM07/alveo/src/bp.cpp:19]   --->   Operation 39 'br' 'br_ln19' <Predicate = true> <Delay = 0.00>


============================================================
+ Verbose Summary: Timing violations
============================================================
Target clock period: 3.33ns, clock uncertainty: 0.9ns.

 <State 1>: 1.09ns
The critical path consists of the following:
	'alloca' operation ('i') [5]  (0 ns)
	'load' operation ('i', /home/bsheh002/ADMM07/alveo/src/bp.cpp:19) on local variable 'i' [13]  (0 ns)
	'add' operation ('add_ln19', /home/bsheh002/ADMM07/alveo/src/bp.cpp:19) [18]  (0.706 ns)
	'store' operation ('store_ln19', /home/bsheh002/ADMM07/alveo/src/bp.cpp:19) of variable 'add_ln19', /home/bsheh002/ADMM07/alveo/src/bp.cpp:19 on local variable 'i' [39]  (0.387 ns)

 <State 2>: 2.43ns
The critical path consists of the following:
	'getelementptr' operation ('gmem0_addr', /home/bsheh002/ADMM07/alveo/src/bp.cpp:19) [15]  (0 ns)
	bus read operation ('gmem0_addr_read', /home/bsheh002/ADMM07/alveo/src/bp.cpp:21) on port 'gmem0' (/home/bsheh002/ADMM07/alveo/src/bp.cpp:21) [30]  (2.43 ns)

 <State 3>: 1.09ns
The critical path consists of the following:
	'load' operation ('shiftreg229_load', /home/bsheh002/ADMM07/alveo/src/bp.cpp:19) on local variable 'shiftreg229' [21]  (0 ns)
	multiplexor before 'phi' operation ('empty_120', /home/bsheh002/ADMM07/alveo/src/bp.cpp:21) with incoming values : ('zext_ln19', /home/bsheh002/ADMM07/alveo/src/bp.cpp:19) ('gmem0_addr_read', /home/bsheh002/ADMM07/alveo/src/bp.cpp:21) [33]  (0.387 ns)
	'phi' operation ('empty_120', /home/bsheh002/ADMM07/alveo/src/bp.cpp:21) with incoming values : ('zext_ln19', /home/bsheh002/ADMM07/alveo/src/bp.cpp:19) ('gmem0_addr_read', /home/bsheh002/ADMM07/alveo/src/bp.cpp:21) [33]  (0 ns)
	'store' operation ('store_ln21', /home/bsheh002/ADMM07/alveo/src/bp.cpp:21) of variable 'bitcast_ln21', /home/bsheh002/ADMM07/alveo/src/bp.cpp:21 on array 'mat_p_bram' [38]  (0.699 ns)


============================================================
+ Verbose Summary: Binding
============================================================
N/A
* FSMD analyzer results:
  - Output states:
 - Input state : 
  - Chain level:
	State 1
	State 2
	State 3


============================================================
+ Verbose Summary: Datapath Resource usage 
============================================================
N/A
