

================================================================
== Vitis HLS Report for 'krnl_bp_Pipeline_l_write_bram'
================================================================
* Date:           Tue Apr 15 09:07:24 2025

* Version:        2022.2 (Build 3670227 on Oct 13 2022)
* Project:        krnl_bp
* Solution:       solution (Vitis Kernel Flow Target)
* Product family: virtexuplus
* Target device:  xcu280-fsvh2892-2L-e


================================================================
== Performance Estimates
================================================================
+ Timing: 
    * Summary: 
    +--------+---------+----------+------------+
    |  Clock |  Target | Estimated| Uncertainty|
    +--------+---------+----------+------------+
    |ap_clk  |  3.33 ns|  1.839 ns|     0.90 ns|
    +--------+---------+----------+------------+

+ Latency: 
    * Summary: 
    +---------+---------+-----------+-----------+-----+-----+---------+
    |  Latency (cycles) |   Latency (absolute)  |  Interval | Pipeline|
    |   min   |   max   |    min    |    max    | min | max |   Type  |
    +---------+---------+-----------+-----------+-----+-----+---------+
    |       10|       10|  33.330 ns|  33.330 ns|   10|   10|       no|
    +---------+---------+-----------+-----------+-----+-----+---------+

    + Detail: 
        * Instance: 
        N/A

        * Loop: 
        +----------------+---------+---------+----------+-----------+-----------+------+----------+
        |                |  Latency (cycles) | Iteration|  Initiation Interval  | Trip |          |
        |    Loop Name   |   min   |   max   |  Latency |  achieved |   target  | Count| Pipelined|
        +----------------+---------+---------+----------+-----------+-----------+------+----------+
        |- l_write_bram  |        8|        8|         2|          1|          1|     8|       yes|
        +----------------+---------+---------+----------+-----------+-----------+------+----------+

============================================================
+ Verbose Summary: Synthesis Manager
============================================================
InlineROM: 1
ExposeGlobal: 0
============================================================
+ Verbose Summary: CDFG Model
============================================================
IsTopModel: 0
ResetActiveHigh: 1
IsCombinational: 0
IsDatapathOnly: 0
HasWiredReturn: 1
HasMFsm: 2
HasVarLatency: 1
IsPipeline: 0
IsRtlPipelined: 0
IsInstanceOverlapped: 0
IsDontTouch: 0
HasImplIP: 0
IsGatedGlobalClock: 0

+ Individual pipeline summary: 
  * Pipeline-0: initiation interval (II) = 1, depth = 2


============================================================
+ Verbose Summary: Schedule
============================================================
* Number of FSM states : 2
* Pipeline : 1
  Pipeline-0 : II = 1, D = 2, States = { 1 2 }
* Dataflow Pipeline: 0

* FSM state transitions: 
1 --> 2 
2 --> 

* FSM state operations: 

State 1 <SV = 0> <Delay = 1.09>
ST_1 : Operation 5 [1/1] (0.00ns)   --->   "%i = alloca i32 1"   --->   Operation 5 'alloca' 'i' <Predicate = true> <Delay = 0.00>
ST_1 : Operation 6 [1/1] (0.00ns)   --->   "%specinterface_ln0 = specinterface void @_ssdm_op_SpecInterface, i32 %x_hat_copy_3_stream, void @empty_21, i32 0, i32 0, void @empty_17, i32 0, i32 0, void @empty_17, void @empty_17, void @empty_17, i32 0, i32 0, i32 0, i32 0, void @empty_17, void @empty_17, i32 4294967295, i32 0"   --->   Operation 6 'specinterface' 'specinterface_ln0' <Predicate = true> <Delay = 0.00>
ST_1 : Operation 7 [1/1] (0.38ns)   --->   "%store_ln0 = store i4 0, i4 %i"   --->   Operation 7 'store' 'store_ln0' <Predicate = true> <Delay = 0.38>
ST_1 : Operation 8 [1/1] (0.00ns)   --->   "%br_ln0 = br void %for.inc.i123"   --->   Operation 8 'br' 'br_ln0' <Predicate = true> <Delay = 0.00>
ST_1 : Operation 9 [1/1] (0.00ns)   --->   "%i_2 = load i4 %i" [/home/bsheh002/ADMM07/alveo/src/bp.cpp:701]   --->   Operation 9 'load' 'i_2' <Predicate = true> <Delay = 0.00>
ST_1 : Operation 10 [1/1] (0.65ns)   --->   "%icmp_ln701 = icmp_eq  i4 %i_2, i4 8" [/home/bsheh002/ADMM07/alveo/src/bp.cpp:701]   --->   Operation 10 'icmp' 'icmp_ln701' <Predicate = true> <Delay = 0.65> <CoreInst = "Cmp">   --->   Core 9 'Cmp' <Latency = 0> <II = 1> <Delay = 0.65> <FuncUnit> <Opcode : 'icmp'> <InPorts = 2> <OutPorts = 1>
ST_1 : Operation 11 [1/1] (0.00ns)   --->   "%empty = speclooptripcount i32 @_ssdm_op_SpecLoopTripCount, i64 8, i64 8, i64 8"   --->   Operation 11 'speclooptripcount' 'empty' <Predicate = true> <Delay = 0.00>
ST_1 : Operation 12 [1/1] (0.70ns)   --->   "%add_ln701 = add i4 %i_2, i4 1" [/home/bsheh002/ADMM07/alveo/src/bp.cpp:701]   --->   Operation 12 'add' 'add_ln701' <Predicate = true> <Delay = 0.70> <CoreInst = "Adder">   --->   Core 1 'Adder' <Latency = 0> <II = 1> <Delay = 0.70> <FuncUnit> <Opcode : 'add' 'sub'> <InPorts = 2> <OutPorts = 1>
ST_1 : Operation 13 [1/1] (0.00ns)   --->   "%br_ln701 = br i1 %icmp_ln701, void %for.inc.i123.split, void %_ZL10write_bramRN3hls6streamIfLi0EEEPf.exit.exitStub" [/home/bsheh002/ADMM07/alveo/src/bp.cpp:701]   --->   Operation 13 'br' 'br_ln701' <Predicate = true> <Delay = 0.00>
ST_1 : Operation 14 [1/1] (0.38ns)   --->   "%store_ln701 = store i4 %add_ln701, i4 %i" [/home/bsheh002/ADMM07/alveo/src/bp.cpp:701]   --->   Operation 14 'store' 'store_ln701' <Predicate = (!icmp_ln701)> <Delay = 0.38>
ST_1 : Operation 23 [1/1] (0.00ns)   --->   "%ret_ln0 = ret"   --->   Operation 23 'ret' 'ret_ln0' <Predicate = (icmp_ln701)> <Delay = 0.00>

State 2 <SV = 1> <Delay = 1.83>
ST_2 : Operation 15 [1/1] (0.00ns)   --->   "%zext_ln701 = zext i4 %i_2" [/home/bsheh002/ADMM07/alveo/src/bp.cpp:701]   --->   Operation 15 'zext' 'zext_ln701' <Predicate = true> <Delay = 0.00>
ST_2 : Operation 16 [1/1] (0.00ns)   --->   "%specpipeline_ln702 = specpipeline void @_ssdm_op_SpecPipeline, i32 4294967295, i32 0, i32 0, i32 0, void @empty_17" [/home/bsheh002/ADMM07/alveo/src/bp.cpp:702]   --->   Operation 16 'specpipeline' 'specpipeline_ln702' <Predicate = true> <Delay = 0.00>
ST_2 : Operation 17 [1/1] (0.00ns)   --->   "%specloopname_ln701 = specloopname void @_ssdm_op_SpecLoopName, void @empty_33" [/home/bsheh002/ADMM07/alveo/src/bp.cpp:701]   --->   Operation 17 'specloopname' 'specloopname_ln701' <Predicate = true> <Delay = 0.00>
ST_2 : Operation 18 [1/1] (1.14ns)   --->   "%x_hat_copy_3_stream_read = read i32 @_ssdm_op_Read.ap_fifo.volatile.i32P0A, i32 %x_hat_copy_3_stream" [/home/bsheh002/ADMM07/alveo/src/bp.cpp:704]   --->   Operation 18 'read' 'x_hat_copy_3_stream_read' <Predicate = true> <Delay = 1.14> <CoreInst = "FIFO">   --->   Core 78 'FIFO' <Latency = 0> <II = 1> <Delay = 1.14> <Storage> <Opcode : 'read' 'write' 'nbread' 'nbwrite'> <Ports = 0> <Width = 32> <Depth = 128> <FIFO>
ST_2 : Operation 19 [1/1] (0.00ns)   --->   "%bitcast_ln704 = bitcast i32 %x_hat_copy_3_stream_read" [/home/bsheh002/ADMM07/alveo/src/bp.cpp:704]   --->   Operation 19 'bitcast' 'bitcast_ln704' <Predicate = true> <Delay = 0.00>
ST_2 : Operation 20 [1/1] (0.00ns)   --->   "%x_bram_addr = getelementptr i32 %x_bram, i64 0, i64 %zext_ln701" [/home/bsheh002/ADMM07/alveo/src/bp.cpp:704]   --->   Operation 20 'getelementptr' 'x_bram_addr' <Predicate = true> <Delay = 0.00>
ST_2 : Operation 21 [1/1] (0.69ns)   --->   "%store_ln704 = store i32 %bitcast_ln704, i3 %x_bram_addr" [/home/bsheh002/ADMM07/alveo/src/bp.cpp:704]   --->   Operation 21 'store' 'store_ln704' <Predicate = true> <Delay = 0.69> <CoreInst = "RAM">   --->   Core 83 'RAM' <Latency = 1> <II = 1> <Delay = 0.69> <Storage> <Opcode : 'load' 'store'> <Ports = 2> <Width = 32> <Depth = 8> <RAM>
ST_2 : Operation 22 [1/1] (0.00ns)   --->   "%br_ln701 = br void %for.inc.i123" [/home/bsheh002/ADMM07/alveo/src/bp.cpp:701]   --->   Operation 22 'br' 'br_ln701' <Predicate = true> <Delay = 0.00>


============================================================
+ Verbose Summary: Binding
============================================================
STG Binding: 
---------------- STG Properties BEGIN ----------------
- Is combinational: 0
- Is one-state seq: 0
- Is datapath-only: 0
- Is pipelined: 0
- Is top level: 0
Port [ Return ] is wired: 1; IO mode=ap_ctrl_hs:ce=0
Port [ x_hat_copy_3_stream]:  wired=1; compound=1; hidden=0; nouse=0; global=1; static=1; extern=0; dir=0; type=3; pingpong=0; private_global=0; IO mode=ap_fifo:ce=0
Port [ x_bram]:  wired=1; compound=1; hidden=0; nouse=0; global=1; static=1; extern=0; dir=1; type=1; pingpong=0; private_global=0; MemPort=[03]; IO mode=ap_memory:ce=0
---------------- STG Properties END ------------------

---------------- Datapath Model BEGIN ----------------

<LifeTime>
<method=bitvector/>
i                        (alloca           ) [ 010]
specinterface_ln0        (specinterface    ) [ 000]
store_ln0                (store            ) [ 000]
br_ln0                   (br               ) [ 000]
i_2                      (load             ) [ 011]
icmp_ln701               (icmp             ) [ 010]
empty                    (speclooptripcount) [ 000]
add_ln701                (add              ) [ 000]
br_ln701                 (br               ) [ 000]
store_ln701              (store            ) [ 000]
zext_ln701               (zext             ) [ 000]
specpipeline_ln702       (specpipeline     ) [ 000]
specloopname_ln701       (specloopname     ) [ 000]
x_hat_copy_3_stream_read (read             ) [ 000]
bitcast_ln704            (bitcast          ) [ 000]
x_bram_addr              (getelementptr    ) [ 000]
store_ln704              (store            ) [ 000]
br_ln701                 (br               ) [ 000]
ret_ln0                  (ret              ) [ 000]
</LifeTime>

<model>

<comp_list>
<comp id="0" class="1000" name="x_hat_copy_3_stream">
<pin_list>
<pin id="1" dir="1" index="0" bw="1" slack="0"/>
</pin_list>
<bind>
<StgValue><ssdm name="x_hat_copy_3_stream"/></StgValue>
</bind>
</comp>

<comp id="2" class="1000" name="x_bram">
<pin_list>
<pin id="3" dir="1" index="0" bw="1" slack="0"/>
</pin_list>
<bind>
<StgValue><ssdm name="x_bram"/><MemPortTyVec>0 3 </MemPortTyVec>
</StgValue>
</bind>
</comp>

<comp id="4" class="1001" name="const_4">
<pin_list>
<pin id="5" dir="1" index="0" bw="1" slack="0"/>
</pin_list>
<bind>
<StgValue><ssdm name=""/></StgValue>
</bind>
</comp>

<comp id="6" class="1001" name="const_6">
<pin_list>
<pin id="7" dir="1" index="0" bw="1" slack="2147483647"/>
</pin_list>
<bind>
<StgValue><ssdm name="_ssdm_op_SpecInterface"/></StgValue>
</bind>
</comp>

<comp id="8" class="1001" name="const_8">
<pin_list>
<pin id="9" dir="1" index="0" bw="1" slack="2147483647"/>
</pin_list>
<bind>
<StgValue><ssdm name="empty_21"/></StgValue>
</bind>
</comp>

<comp id="10" class="1001" name="const_10">
<pin_list>
<pin id="11" dir="1" index="0" bw="1" slack="2147483647"/>
</pin_list>
<bind>
<StgValue><ssdm name=""/></StgValue>
</bind>
</comp>

<comp id="12" class="1001" name="const_12">
<pin_list>
<pin id="13" dir="1" index="0" bw="1" slack="2147483647"/>
</pin_list>
<bind>
<StgValue><ssdm name="empty_17"/></StgValue>
</bind>
</comp>

<comp id="14" class="1001" name="const_14">
<pin_list>
<pin id="15" dir="1" index="0" bw="1" slack="2147483647"/>
</pin_list>
<bind>
<StgValue><ssdm name=""/></StgValue>
</bind>
</comp>

<comp id="16" class="1001" name="const_16">
<pin_list>
<pin id="17" dir="1" index="0" bw="1" slack="0"/>
</pin_list>
<bind>
<StgValue><ssdm name=""/></StgValue>
</bind>
</comp>

<comp id="18" class="1001" name="const_18">
<pin_list>
<pin id="19" dir="1" index="0" bw="1" slack="0"/>
</pin_list>
<bind>
<StgValue><ssdm name=""/></StgValue>
</bind>
</comp>

<comp id="20" class="1001" name="const_20">
<pin_list>
<pin id="21" dir="1" index="0" bw="1" slack="2147483647"/>
</pin_list>
<bind>
<StgValue><ssdm name="_ssdm_op_SpecLoopTripCount"/></StgValue>
</bind>
</comp>

<comp id="22" class="1001" name="const_22">
<pin_list>
<pin id="23" dir="1" index="0" bw="1" slack="2147483647"/>
</pin_list>
<bind>
<StgValue><ssdm name=""/></StgValue>
</bind>
</comp>

<comp id="24" class="1001" name="const_24">
<pin_list>
<pin id="25" dir="1" index="0" bw="1" slack="0"/>
</pin_list>
<bind>
<StgValue><ssdm name=""/></StgValue>
</bind>
</comp>

<comp id="26" class="1001" name="const_26">
<pin_list>
<pin id="27" dir="1" index="0" bw="1" slack="2147483647"/>
</pin_list>
<bind>
<StgValue><ssdm name="_ssdm_op_SpecPipeline"/></StgValue>
</bind>
</comp>

<comp id="28" class="1001" name="const_28">
<pin_list>
<pin id="29" dir="1" index="0" bw="1" slack="2147483647"/>
</pin_list>
<bind>
<StgValue><ssdm name="_ssdm_op_SpecLoopName"/></StgValue>
</bind>
</comp>

<comp id="30" class="1001" name="const_30">
<pin_list>
<pin id="31" dir="1" index="0" bw="1" slack="2147483647"/>
</pin_list>
<bind>
<StgValue><ssdm name="empty_33"/></StgValue>
</bind>
</comp>

<comp id="32" class="1001" name="const_32">
<pin_list>
<pin id="33" dir="1" index="0" bw="1" slack="0"/>
</pin_list>
<bind>
<StgValue><ssdm name="_ssdm_op_Read.ap_fifo.volatile.i32P0A"/></StgValue>
</bind>
</comp>

<comp id="34" class="1001" name="const_34">
<pin_list>
<pin id="35" dir="1" index="0" bw="1" slack="0"/>
</pin_list>
<bind>
<StgValue><ssdm name=""/></StgValue>
</bind>
</comp>

<comp id="36" class="1004" name="i_fu_36">
<pin_list>
<pin id="37" dir="0" index="0" bw="1" slack="0"/>
<pin id="38" dir="1" index="1" bw="4" slack="0"/>
</pin_list>
<bind>
<opcode="alloca(26) " fcode="alloca"/>
<opset="i/1 "/>
</bind>
</comp>

<comp id="40" class="1004" name="x_hat_copy_3_stream_read_read_fu_40">
<pin_list>
<pin id="41" dir="0" index="0" bw="32" slack="0"/>
<pin id="42" dir="0" index="1" bw="32" slack="0"/>
<pin id="43" dir="1" index="2" bw="32" slack="0"/>
</pin_list>
<bind>
<opcode="read(1150) " fcode="read"/>
<opset="x_hat_copy_3_stream_read/2 "/>
</bind>
</comp>

<comp id="46" class="1004" name="x_bram_addr_gep_fu_46">
<pin_list>
<pin id="47" dir="0" index="0" bw="32" slack="0"/>
<pin id="48" dir="0" index="1" bw="1" slack="0"/>
<pin id="49" dir="0" index="2" bw="4" slack="0"/>
<pin id="50" dir="1" index="3" bw="3" slack="0"/>
</pin_list>
<bind>
<opcode="getelementptr(29) " fcode="getelementptr"/>
<opset="x_bram_addr/2 "/>
</bind>
</comp>

<comp id="53" class="1004" name="store_ln704_access_fu_53">
<pin_list>
<pin id="54" dir="0" index="0" bw="3" slack="0"/>
<pin id="55" dir="0" index="1" bw="32" slack="0"/>
<pin id="56" dir="0" index="2" bw="0" slack="2147483647"/>
<pin id="57" dir="1" index="3" bw="32" slack="2147483647"/>
</pin_list>
<bind>
<opcode="store(28) " fcode="store"/>
<opset="store_ln704/2 "/>
</bind>
</comp>

<comp id="59" class="1004" name="store_ln0_store_fu_59">
<pin_list>
<pin id="60" dir="0" index="0" bw="1" slack="0"/>
<pin id="61" dir="0" index="1" bw="4" slack="0"/>
<pin id="62" dir="1" index="2" bw="0" slack="2147483647"/>
</pin_list>
<bind>
<opcode="store(28) " fcode="store"/>
<opset="store_ln0/1 "/>
</bind>
</comp>

<comp id="64" class="1004" name="i_2_load_fu_64">
<pin_list>
<pin id="65" dir="0" index="0" bw="4" slack="0"/>
<pin id="66" dir="1" index="1" bw="4" slack="0"/>
</pin_list>
<bind>
<opcode="load(27) " fcode="load"/>
<opset="i_2/1 "/>
</bind>
</comp>

<comp id="67" class="1004" name="icmp_ln701_fu_67">
<pin_list>
<pin id="68" dir="0" index="0" bw="4" slack="0"/>
<pin id="69" dir="0" index="1" bw="4" slack="0"/>
<pin id="70" dir="1" index="2" bw="1" slack="2147483647"/>
</pin_list>
<bind>
<opcode="icmp(45) " fcode="icmp"/>
<opset="icmp_ln701/1 "/>
</bind>
</comp>

<comp id="73" class="1004" name="add_ln701_fu_73">
<pin_list>
<pin id="74" dir="0" index="0" bw="4" slack="0"/>
<pin id="75" dir="0" index="1" bw="1" slack="0"/>
<pin id="76" dir="1" index="2" bw="4" slack="0"/>
</pin_list>
<bind>
<opcode="add(8) " fcode="add"/>
<opset="add_ln701/1 "/>
</bind>
</comp>

<comp id="79" class="1004" name="store_ln701_store_fu_79">
<pin_list>
<pin id="80" dir="0" index="0" bw="4" slack="0"/>
<pin id="81" dir="0" index="1" bw="4" slack="0"/>
<pin id="82" dir="1" index="2" bw="0" slack="2147483647"/>
</pin_list>
<bind>
<opcode="store(28) " fcode="store"/>
<opset="store_ln701/1 "/>
</bind>
</comp>

<comp id="84" class="1004" name="zext_ln701_fu_84">
<pin_list>
<pin id="85" dir="0" index="0" bw="4" slack="1"/>
<pin id="86" dir="1" index="1" bw="64" slack="0"/>
</pin_list>
<bind>
<opcode="zext(34) " fcode="zext"/>
<opset="zext_ln701/2 "/>
</bind>
</comp>

<comp id="88" class="1004" name="bitcast_ln704_fu_88">
<pin_list>
<pin id="89" dir="0" index="0" bw="32" slack="0"/>
<pin id="90" dir="1" index="1" bw="32" slack="0"/>
</pin_list>
<bind>
<opcode="bitcast(44) " fcode="bitcast"/>
<opset="bitcast_ln704/2 "/>
</bind>
</comp>

<comp id="93" class="1005" name="i_reg_93">
<pin_list>
<pin id="94" dir="0" index="0" bw="4" slack="0"/>
<pin id="95" dir="1" index="1" bw="4" slack="0"/>
</pin_list>
<bind>
<opset="i "/>
</bind>
</comp>

<comp id="100" class="1005" name="i_2_reg_100">
<pin_list>
<pin id="101" dir="0" index="0" bw="4" slack="1"/>
<pin id="102" dir="1" index="1" bw="4" slack="1"/>
</pin_list>
<bind>
<opset="i_2 "/>
</bind>
</comp>

</comp_list>

<net_list>
<net id="39"><net_src comp="4" pin="0"/><net_sink comp="36" pin=0"/></net>

<net id="44"><net_src comp="32" pin="0"/><net_sink comp="40" pin=0"/></net>

<net id="45"><net_src comp="0" pin="0"/><net_sink comp="40" pin=1"/></net>

<net id="51"><net_src comp="2" pin="0"/><net_sink comp="46" pin=0"/></net>

<net id="52"><net_src comp="34" pin="0"/><net_sink comp="46" pin=1"/></net>

<net id="58"><net_src comp="46" pin="3"/><net_sink comp="53" pin=0"/></net>

<net id="63"><net_src comp="16" pin="0"/><net_sink comp="59" pin=0"/></net>

<net id="71"><net_src comp="64" pin="1"/><net_sink comp="67" pin=0"/></net>

<net id="72"><net_src comp="18" pin="0"/><net_sink comp="67" pin=1"/></net>

<net id="77"><net_src comp="64" pin="1"/><net_sink comp="73" pin=0"/></net>

<net id="78"><net_src comp="24" pin="0"/><net_sink comp="73" pin=1"/></net>

<net id="83"><net_src comp="73" pin="2"/><net_sink comp="79" pin=0"/></net>

<net id="87"><net_src comp="84" pin="1"/><net_sink comp="46" pin=2"/></net>

<net id="91"><net_src comp="40" pin="2"/><net_sink comp="88" pin=0"/></net>

<net id="92"><net_src comp="88" pin="1"/><net_sink comp="53" pin=1"/></net>

<net id="96"><net_src comp="36" pin="1"/><net_sink comp="93" pin=0"/></net>

<net id="97"><net_src comp="93" pin="1"/><net_sink comp="59" pin=1"/></net>

<net id="98"><net_src comp="93" pin="1"/><net_sink comp="64" pin=0"/></net>

<net id="99"><net_src comp="93" pin="1"/><net_sink comp="79" pin=1"/></net>

<net id="103"><net_src comp="64" pin="1"/><net_sink comp="100" pin=0"/></net>

<net id="104"><net_src comp="100" pin="1"/><net_sink comp="84" pin=0"/></net>

</net_list>

</model> 
---------------- Datapath Model END ------------------

* FSMD analyzer results:
  - Output states:
	Port: x_bram | {2 }
 - Input state : 
	Port: krnl_bp_Pipeline_l_write_bram : x_hat_copy_3_stream | {2 }
  - Chain level:
	State 1
		store_ln0 : 1
		i_2 : 1
		icmp_ln701 : 2
		add_ln701 : 2
		br_ln701 : 3
		store_ln701 : 3
	State 2
		x_bram_addr : 1
		store_ln704 : 1


============================================================
+ Verbose Summary: Datapath Resource usage 
============================================================

* Functional unit list:
|----------|-------------------------------------|---------|---------|
| Operation|           Functional Unit           |    FF   |   LUT   |
|----------|-------------------------------------|---------|---------|
|    add   |           add_ln701_fu_73           |    0    |    12   |
|----------|-------------------------------------|---------|---------|
|   icmp   |           icmp_ln701_fu_67          |    0    |    9    |
|----------|-------------------------------------|---------|---------|
|   read   | x_hat_copy_3_stream_read_read_fu_40 |    0    |    0    |
|----------|-------------------------------------|---------|---------|
|   zext   |           zext_ln701_fu_84          |    0    |    0    |
|----------|-------------------------------------|---------|---------|
|   Total  |                                     |    0    |    21   |
|----------|-------------------------------------|---------|---------|

Memories:
N/A

* Register list:
+-----------+--------+
|           |   FF   |
+-----------+--------+
|i_2_reg_100|    4   |
|  i_reg_93 |    4   |
+-----------+--------+
|   Total   |    8   |
+-----------+--------+

* Multiplexer (MUX) list: 
|--------|------|------|------|--------|
|  Comp  |  Pin | Size |  BW  | S x BW |
|--------|------|------|------|--------|
|  Total |      |      |      |    0   |
|--------|------|------|------|--------|



* Summary:
+-----------+--------+--------+
|           |   FF   |   LUT  |
+-----------+--------+--------+
|  Function |    0   |   21   |
|   Memory  |    -   |    -   |
|Multiplexer|    -   |    -   |
|  Register |    8   |    -   |
+-----------+--------+--------+
|   Total   |    8   |   21   |
+-----------+--------+--------+
