

================================================================
== Vitis HLS Report for 'krnl_bp_Pipeline_VITIS_LOOP_677_13'
================================================================
* Date:           Tue Apr 15 09:07:20 2025

* Version:        2022.2 (Build 3670227 on Oct 13 2022)
* Project:        krnl_bp
* Solution:       solution (Vitis Kernel Flow Target)
* Product family: virtexuplus
* Target device:  xcu280-fsvh2892-2L-e


================================================================
== Performance Estimates
================================================================
+ Timing: 
    * Summary: 
    +--------+---------+----------+------------+
    |  Clock |  Target | Estimated| Uncertainty|
    +--------+---------+----------+------------+
    |ap_clk  |  3.33 ns|  1.140 ns|     0.90 ns|
    +--------+---------+----------+------------+

+ Latency: 
    * Summary: 
    +---------+---------+-----------+-----------+-----+-----+---------+
    |  Latency (cycles) |   Latency (absolute)  |  Interval | Pipeline|
    |   min   |   max   |    min    |    max    | min | max |   Type  |
    +---------+---------+-----------+-----------+-----+-----+---------+
    |       10|       10|  33.330 ns|  33.330 ns|   10|   10|       no|
    +---------+---------+-----------+-----------+-----+-----+---------+

    + Detail: 
        * Instance: 
        N/A

        * Loop: 
        +--------------------+---------+---------+----------+-----------+-----------+------+----------+
        |                    |  Latency (cycles) | Iteration|  Initiation Interval  | Trip |          |
        |      Loop Name     |   min   |   max   |  Latency |  achieved |   target  | Count| Pipelined|
        +--------------------+---------+---------+----------+-----------+-----------+------+----------+
        |- VITIS_LOOP_677_1  |        8|        8|         2|          1|          1|     8|       yes|
        +--------------------+---------+---------+----------+-----------+-----------+------+----------+

============================================================
+ Verbose Summary: Synthesis Manager
============================================================
InlineROM: 1
ExposeGlobal: 0
============================================================
+ Verbose Summary: CDFG Model
============================================================
IsTopModel: 0
ResetActiveHigh: 1
IsCombinational: 0
IsDatapathOnly: 0
HasWiredReturn: 1
HasMFsm: 2
HasVarLatency: 1
IsPipeline: 0
IsRtlPipelined: 0
IsInstanceOverlapped: 0
IsDontTouch: 0
HasImplIP: 0
IsGatedGlobalClock: 0

+ Individual pipeline summary: 
  * Pipeline-0: initiation interval (II) = 1, depth = 2


============================================================
+ Verbose Summary: Schedule
============================================================
* Number of FSM states : 2
* Pipeline : 1
  Pipeline-0 : II = 1, D = 2, States = { 1 2 }
* Dataflow Pipeline: 0

* FSM state transitions: 
1 --> 2 
2 --> 

* FSM state operations: 

State 1 <SV = 0> <Delay = 1.09>
ST_1 : Operation 5 [1/1] (0.00ns)   --->   "%i_6 = alloca i32 1"   --->   Operation 5 'alloca' 'i_6' <Predicate = true> <Delay = 0.00>
ST_1 : Operation 6 [1/1] (0.00ns)   --->   "%specinterface_ln0 = specinterface void @_ssdm_op_SpecInterface, i32 %z_old_stream, void @empty_21, i32 0, i32 0, void @empty_17, i32 0, i32 0, void @empty_17, void @empty_17, void @empty_17, i32 0, i32 0, i32 0, i32 0, void @empty_17, void @empty_17, i32 4294967295, i32 0"   --->   Operation 6 'specinterface' 'specinterface_ln0' <Predicate = true> <Delay = 0.00>
ST_1 : Operation 7 [1/1] (0.38ns)   --->   "%store_ln0 = store i4 0, i4 %i_6"   --->   Operation 7 'store' 'store_ln0' <Predicate = true> <Delay = 0.38>
ST_1 : Operation 8 [1/1] (0.00ns)   --->   "%br_ln0 = br void %for.inc.i61"   --->   Operation 8 'br' 'br_ln0' <Predicate = true> <Delay = 0.00>
ST_1 : Operation 9 [1/1] (0.00ns)   --->   "%i = load i4 %i_6" [/home/bsheh002/ADMM07/alveo/src/bp.cpp:677]   --->   Operation 9 'load' 'i' <Predicate = true> <Delay = 0.00>
ST_1 : Operation 10 [1/1] (0.65ns)   --->   "%icmp_ln677 = icmp_eq  i4 %i, i4 8" [/home/bsheh002/ADMM07/alveo/src/bp.cpp:677]   --->   Operation 10 'icmp' 'icmp_ln677' <Predicate = true> <Delay = 0.65> <CoreInst = "Cmp">   --->   Core 9 'Cmp' <Latency = 0> <II = 1> <Delay = 0.65> <FuncUnit> <Opcode : 'icmp'> <InPorts = 2> <OutPorts = 1>
ST_1 : Operation 11 [1/1] (0.00ns)   --->   "%empty = speclooptripcount i32 @_ssdm_op_SpecLoopTripCount, i64 8, i64 8, i64 8"   --->   Operation 11 'speclooptripcount' 'empty' <Predicate = true> <Delay = 0.00>
ST_1 : Operation 12 [1/1] (0.70ns)   --->   "%i_10 = add i4 %i, i4 1" [/home/bsheh002/ADMM07/alveo/src/bp.cpp:677]   --->   Operation 12 'add' 'i_10' <Predicate = true> <Delay = 0.70> <CoreInst = "Adder">   --->   Core 1 'Adder' <Latency = 0> <II = 1> <Delay = 0.70> <FuncUnit> <Opcode : 'add' 'sub'> <InPorts = 2> <OutPorts = 1>
ST_1 : Operation 13 [1/1] (0.00ns)   --->   "%br_ln677 = br i1 %icmp_ln677, void %for.inc.i61.split, void %_ZL9zero_initRN3hls6streamIfLi0EEE.exit62.exitStub" [/home/bsheh002/ADMM07/alveo/src/bp.cpp:677]   --->   Operation 13 'br' 'br_ln677' <Predicate = true> <Delay = 0.00>
ST_1 : Operation 14 [1/1] (0.38ns)   --->   "%store_ln677 = store i4 %i_10, i4 %i_6" [/home/bsheh002/ADMM07/alveo/src/bp.cpp:677]   --->   Operation 14 'store' 'store_ln677' <Predicate = (!icmp_ln677)> <Delay = 0.38>
ST_1 : Operation 19 [1/1] (0.00ns)   --->   "%ret_ln0 = ret"   --->   Operation 19 'ret' 'ret_ln0' <Predicate = (icmp_ln677)> <Delay = 0.00>

State 2 <SV = 1> <Delay = 1.14>
ST_2 : Operation 15 [1/1] (0.00ns)   --->   "%specpipeline_ln678 = specpipeline void @_ssdm_op_SpecPipeline, i32 4294967295, i32 0, i32 0, i32 0, void @empty_17" [/home/bsheh002/ADMM07/alveo/src/bp.cpp:678]   --->   Operation 15 'specpipeline' 'specpipeline_ln678' <Predicate = true> <Delay = 0.00>
ST_2 : Operation 16 [1/1] (0.00ns)   --->   "%specloopname_ln677 = specloopname void @_ssdm_op_SpecLoopName, void @empty_32" [/home/bsheh002/ADMM07/alveo/src/bp.cpp:677]   --->   Operation 16 'specloopname' 'specloopname_ln677' <Predicate = true> <Delay = 0.00>
ST_2 : Operation 17 [1/1] (1.14ns)   --->   "%write_ln679 = write void @_ssdm_op_Write.ap_fifo.volatile.i32P0A, i32 %z_old_stream, i32 0" [/home/bsheh002/ADMM07/alveo/src/bp.cpp:679]   --->   Operation 17 'write' 'write_ln679' <Predicate = true> <Delay = 1.14> <CoreInst = "FIFO">   --->   Core 78 'FIFO' <Latency = 0> <II = 1> <Delay = 1.14> <Storage> <Opcode : 'read' 'write' 'nbread' 'nbwrite'> <Ports = 0> <Width = 32> <Depth = 128> <FIFO>
ST_2 : Operation 18 [1/1] (0.00ns)   --->   "%br_ln677 = br void %for.inc.i61" [/home/bsheh002/ADMM07/alveo/src/bp.cpp:677]   --->   Operation 18 'br' 'br_ln677' <Predicate = true> <Delay = 0.00>


============================================================
+ Verbose Summary: Timing violations
============================================================
Target clock period: 3.33ns, clock uncertainty: 0.9ns.

 <State 1>: 1.09ns
The critical path consists of the following:
	'alloca' operation ('i') [2]  (0 ns)
	'load' operation ('i', /home/bsheh002/ADMM07/alveo/src/bp.cpp:677) on local variable 'i' [7]  (0 ns)
	'add' operation ('i', /home/bsheh002/ADMM07/alveo/src/bp.cpp:677) [10]  (0.708 ns)
	'store' operation ('store_ln677', /home/bsheh002/ADMM07/alveo/src/bp.cpp:677) of variable 'i', /home/bsheh002/ADMM07/alveo/src/bp.cpp:677 on local variable 'i' [16]  (0.387 ns)

 <State 2>: 1.14ns
The critical path consists of the following:
	fifo write operation ('write_ln679', /home/bsheh002/ADMM07/alveo/src/bp.cpp:679) on port 'z_old_stream' (/home/bsheh002/ADMM07/alveo/src/bp.cpp:679) [15]  (1.14 ns)


============================================================
+ Verbose Summary: Binding
============================================================
N/A
* FSMD analyzer results:
  - Output states:
 - Input state : 
  - Chain level:
	State 1
	State 2


============================================================
+ Verbose Summary: Datapath Resource usage 
============================================================
N/A
