

================================================================
== Vitis HLS Report for 'krnl_bp_Pipeline_VITIS_LOOP_980_1'
================================================================
* Date:           Tue Apr 15 09:07:20 2025

* Version:        2022.2 (Build 3670227 on Oct 13 2022)
* Project:        krnl_bp
* Solution:       solution (Vitis Kernel Flow Target)
* Product family: virtexuplus
* Target device:  xcu280-fsvh2892-2L-e


================================================================
== Performance Estimates
================================================================
+ Timing: 
    * Summary: 
    +--------+---------+----------+------------+
    |  Clock |  Target | Estimated| Uncertainty|
    +--------+---------+----------+------------+
    |ap_clk  |  3.33 ns|  2.280 ns|     0.90 ns|
    +--------+---------+----------+------------+

+ Latency: 
    * Summary: 
    +---------+---------+-----------+-----------+-----+-----+---------+
    |  Latency (cycles) |   Latency (absolute)  |  Interval | Pipeline|
    |   min   |   max   |    min    |    max    | min | max |   Type  |
    +---------+---------+-----------+-----------+-----+-----+---------+
    |       10|       10|  33.330 ns|  33.330 ns|   10|   10|       no|
    +---------+---------+-----------+-----------+-----+-----+---------+

    + Detail: 
        * Instance: 
        N/A

        * Loop: 
        +--------------------+---------+---------+----------+-----------+-----------+------+----------+
        |                    |  Latency (cycles) | Iteration|  Initiation Interval  | Trip |          |
        |      Loop Name     |   min   |   max   |  Latency |  achieved |   target  | Count| Pipelined|
        +--------------------+---------+---------+----------+-----------+-----------+------+----------+
        |- VITIS_LOOP_980_1  |        8|        8|         2|          1|          1|     8|       yes|
        +--------------------+---------+---------+----------+-----------+-----------+------+----------+

============================================================
+ Verbose Summary: Synthesis Manager
============================================================
InlineROM: 1
ExposeGlobal: 0
============================================================
+ Verbose Summary: CDFG Model
============================================================
IsTopModel: 0
ResetActiveHigh: 1
IsCombinational: 0
IsDatapathOnly: 0
HasWiredReturn: 1
HasMFsm: 2
HasVarLatency: 1
IsPipeline: 0
IsRtlPipelined: 0
IsInstanceOverlapped: 0
IsDontTouch: 0
HasImplIP: 0
IsGatedGlobalClock: 0

+ Individual pipeline summary: 
  * Pipeline-0: initiation interval (II) = 1, depth = 2


============================================================
+ Verbose Summary: Schedule
============================================================
* Number of FSM states : 2
* Pipeline : 1
  Pipeline-0 : II = 1, D = 2, States = { 1 2 }
* Dataflow Pipeline: 0

* FSM state transitions: 
1 --> 2 
2 --> 

* FSM state operations: 

State 1 <SV = 0> <Delay = 1.09>
ST_1 : Operation 5 [1/1] (0.00ns)   --->   "%ii = alloca i32 1"   --->   Operation 5 'alloca' 'ii' <Predicate = true> <Delay = 0.00>
ST_1 : Operation 6 [1/1] (0.00ns)   --->   "%specinterface_ln0 = specinterface void @_ssdm_op_SpecInterface, i32 %z_u_stream, void @empty_21, i32 0, i32 0, void @empty_17, i32 0, i32 0, void @empty_17, void @empty_17, void @empty_17, i32 0, i32 0, i32 0, i32 0, void @empty_17, void @empty_17, i32 4294967295, i32 0"   --->   Operation 6 'specinterface' 'specinterface_ln0' <Predicate = true> <Delay = 0.00>
ST_1 : Operation 7 [1/1] (0.38ns)   --->   "%store_ln0 = store i4 0, i4 %ii"   --->   Operation 7 'store' 'store_ln0' <Predicate = true> <Delay = 0.38>
ST_1 : Operation 8 [1/1] (0.00ns)   --->   "%br_ln0 = br void %for.body63"   --->   Operation 8 'br' 'br_ln0' <Predicate = true> <Delay = 0.00>
ST_1 : Operation 9 [1/1] (0.00ns)   --->   "%ii_10 = load i4 %ii" [/home/bsheh002/ADMM07/alveo/src/bp.cpp:980]   --->   Operation 9 'load' 'ii_10' <Predicate = true> <Delay = 0.00>
ST_1 : Operation 10 [1/1] (0.00ns)   --->   "%specpipeline_ln0 = specpipeline void @_ssdm_op_SpecPipeline, i32 4294967295, i32 0, i32 1, i32 0, void @p_str"   --->   Operation 10 'specpipeline' 'specpipeline_ln0' <Predicate = true> <Delay = 0.00>
ST_1 : Operation 11 [1/1] (0.65ns)   --->   "%icmp_ln980 = icmp_eq  i4 %ii_10, i4 8" [/home/bsheh002/ADMM07/alveo/src/bp.cpp:980]   --->   Operation 11 'icmp' 'icmp_ln980' <Predicate = true> <Delay = 0.65> <CoreInst = "Cmp">   --->   Core 9 'Cmp' <Latency = 0> <II = 1> <Delay = 0.65> <FuncUnit> <Opcode : 'icmp'> <InPorts = 2> <OutPorts = 1>
ST_1 : Operation 12 [1/1] (0.00ns)   --->   "%empty = speclooptripcount i32 @_ssdm_op_SpecLoopTripCount, i64 8, i64 8, i64 8"   --->   Operation 12 'speclooptripcount' 'empty' <Predicate = true> <Delay = 0.00>
ST_1 : Operation 13 [1/1] (0.70ns)   --->   "%ii_11 = add i4 %ii_10, i4 1" [/home/bsheh002/ADMM07/alveo/src/bp.cpp:980]   --->   Operation 13 'add' 'ii_11' <Predicate = true> <Delay = 0.70> <CoreInst = "Adder">   --->   Core 1 'Adder' <Latency = 0> <II = 1> <Delay = 0.70> <FuncUnit> <Opcode : 'add' 'sub'> <InPorts = 2> <OutPorts = 1>
ST_1 : Operation 14 [1/1] (0.00ns)   --->   "%br_ln980 = br i1 %icmp_ln980, void %for.body63.split, void %for.body.i.preheader.exitStub" [/home/bsheh002/ADMM07/alveo/src/bp.cpp:980]   --->   Operation 14 'br' 'br_ln980' <Predicate = true> <Delay = 0.00>
ST_1 : Operation 15 [1/1] (0.38ns)   --->   "%store_ln980 = store i4 %ii_11, i4 %ii" [/home/bsheh002/ADMM07/alveo/src/bp.cpp:980]   --->   Operation 15 'store' 'store_ln980' <Predicate = (!icmp_ln980)> <Delay = 0.38>
ST_1 : Operation 16 [1/1] (0.00ns)   --->   "%br_ln980 = br void %for.body63" [/home/bsheh002/ADMM07/alveo/src/bp.cpp:980]   --->   Operation 16 'br' 'br_ln980' <Predicate = (!icmp_ln980)> <Delay = 0.00>
ST_1 : Operation 23 [1/1] (0.00ns)   --->   "%ret_ln0 = ret"   --->   Operation 23 'ret' 'ret_ln0' <Predicate = (icmp_ln980)> <Delay = 0.00>

State 2 <SV = 1> <Delay = 2.28>
ST_2 : Operation 17 [1/1] (0.00ns)   --->   "%specloopname_ln980 = specloopname void @_ssdm_op_SpecLoopName, void @empty_5" [/home/bsheh002/ADMM07/alveo/src/bp.cpp:980]   --->   Operation 17 'specloopname' 'specloopname_ln980' <Predicate = true> <Delay = 0.00>
ST_2 : Operation 18 [1/1] (0.00ns)   --->   "%tmp = nbreadreq i1 @_ssdm_op_NbReadReq.ap_fifo.i32P0A, i32 %z_u_stream, i32 1" [/home/bsheh002/ADMM07/alveo/src/bp.cpp:981]   --->   Operation 18 'nbreadreq' 'tmp' <Predicate = true> <Delay = 0.00> <CoreInst = "FIFO">   --->   Core 78 'FIFO' <Latency = 0> <II = 1> <Delay = 1.14> <Storage> <Opcode : 'read' 'write' 'nbread' 'nbwrite'> <Ports = 0> <Width = 32> <Depth = 128> <FIFO>
ST_2 : Operation 19 [1/1] (0.00ns)   --->   "%br_ln981 = br i1 %tmp, void %for.inc, void %if.then" [/home/bsheh002/ADMM07/alveo/src/bp.cpp:981]   --->   Operation 19 'br' 'br_ln981' <Predicate = true> <Delay = 0.00>
ST_2 : Operation 20 [1/1] (1.14ns)   --->   "%temp = read i32 @_ssdm_op_Read.ap_fifo.volatile.i32P0A, i32 %z_u_stream" [/home/bsheh002/ADMM07/alveo/src/bp.cpp:982]   --->   Operation 20 'read' 'temp' <Predicate = (tmp)> <Delay = 1.14> <CoreInst = "FIFO">   --->   Core 78 'FIFO' <Latency = 0> <II = 1> <Delay = 1.14> <Storage> <Opcode : 'read' 'write' 'nbread' 'nbwrite'> <Ports = 0> <Width = 32> <Depth = 128> <FIFO>
ST_2 : Operation 21 [1/1] (1.14ns)   --->   "%write_ln983 = write void @_ssdm_op_Write.ap_fifo.volatile.i32P0A, i32 %z_u_stream, i32 %temp" [/home/bsheh002/ADMM07/alveo/src/bp.cpp:983]   --->   Operation 21 'write' 'write_ln983' <Predicate = (tmp)> <Delay = 1.14> <CoreInst = "FIFO">   --->   Core 78 'FIFO' <Latency = 0> <II = 1> <Delay = 1.14> <Storage> <Opcode : 'read' 'write' 'nbread' 'nbwrite'> <Ports = 0> <Width = 32> <Depth = 128> <FIFO>
ST_2 : Operation 22 [1/1] (0.00ns)   --->   "%br_ln986 = br void %for.inc" [/home/bsheh002/ADMM07/alveo/src/bp.cpp:986]   --->   Operation 22 'br' 'br_ln986' <Predicate = (tmp)> <Delay = 0.00>


============================================================
+ Verbose Summary: Timing violations
============================================================
Target clock period: 3.33ns, clock uncertainty: 0.9ns.

 <State 1>: 1.09ns
The critical path consists of the following:
	'alloca' operation ('ii') [2]  (0 ns)
	'load' operation ('ii', /home/bsheh002/ADMM07/alveo/src/bp.cpp:980) on local variable 'ii' [7]  (0 ns)
	'add' operation ('ii', /home/bsheh002/ADMM07/alveo/src/bp.cpp:980) [11]  (0.708 ns)
	'store' operation ('store_ln980', /home/bsheh002/ADMM07/alveo/src/bp.cpp:980) of variable 'ii', /home/bsheh002/ADMM07/alveo/src/bp.cpp:980 on local variable 'ii' [22]  (0.387 ns)

 <State 2>: 2.28ns
The critical path consists of the following:
	fifo read operation ('temp', /home/bsheh002/ADMM07/alveo/src/bp.cpp:982) on port 'z_u_stream' (/home/bsheh002/ADMM07/alveo/src/bp.cpp:982) [18]  (1.14 ns)
	fifo write operation ('write_ln983', /home/bsheh002/ADMM07/alveo/src/bp.cpp:983) on port 'z_u_stream' (/home/bsheh002/ADMM07/alveo/src/bp.cpp:983) [19]  (1.14 ns)


============================================================
+ Verbose Summary: Binding
============================================================
N/A
* FSMD analyzer results:
  - Output states:
 - Input state : 
  - Chain level:
	State 1
	State 2


============================================================
+ Verbose Summary: Datapath Resource usage 
============================================================
N/A
