

================================================================
== Vitis HLS Report for 'replicate_stream'
================================================================
* Date:           Tue Apr 15 09:07:20 2025

* Version:        2022.2 (Build 3670227 on Oct 13 2022)
* Project:        krnl_bp
* Solution:       solution (Vitis Kernel Flow Target)
* Product family: virtexuplus
* Target device:  xcu280-fsvh2892-2L-e


================================================================
== Performance Estimates
================================================================
+ Timing: 
    * Summary: 
    +--------+---------+----------+------------+
    |  Clock |  Target | Estimated| Uncertainty|
    +--------+---------+----------+------------+
    |ap_clk  |  3.33 ns|  1.140 ns|     0.90 ns|
    +--------+---------+----------+------------+

+ Latency: 
    * Summary: 
    +---------+---------+-----------+-----------+-----+-----+---------+
    |  Latency (cycles) |   Latency (absolute)  |  Interval | Pipeline|
    |   min   |   max   |    min    |    max    | min | max |   Type  |
    +---------+---------+-----------+-----------+-----+-----+---------+
    |       11|       11|  36.663 ns|  36.663 ns|   11|   11|       no|
    +---------+---------+-----------+-----------+-----+-----+---------+

    + Detail: 
        * Instance: 
        N/A

        * Loop: 
        +------------------+---------+---------+----------+-----------+-----------+------+----------+
        |                  |  Latency (cycles) | Iteration|  Initiation Interval  | Trip |          |
        |     Loop Name    |   min   |   max   |  Latency |  achieved |   target  | Count| Pipelined|
        +------------------+---------+---------+----------+-----------+-----------+------+----------+
        |- l_rep_stream_1  |        9|        9|         3|          1|          1|     8|       yes|
        +------------------+---------+---------+----------+-----------+-----------+------+----------+

============================================================
+ Verbose Summary: Synthesis Manager
============================================================
InlineROM: 1
ExposeGlobal: 0
============================================================
+ Verbose Summary: CDFG Model
============================================================
IsTopModel: 0
ResetActiveHigh: 1
IsCombinational: 0
IsDatapathOnly: 0
HasWiredReturn: 1
HasMFsm: 2
HasVarLatency: 1
IsPipeline: 0
IsRtlPipelined: 0
IsInstanceOverlapped: 0
IsDontTouch: 0
HasImplIP: 0
IsGatedGlobalClock: 0

+ Individual pipeline summary: 
  * Pipeline-0: initiation interval (II) = 1, depth = 3


============================================================
+ Verbose Summary: Schedule
============================================================
* Number of FSM states : 3
* Pipeline : 1
  Pipeline-0 : II = 1, D = 3, States = { 1 2 3 }
* Dataflow Pipeline: 0

* FSM state transitions: 
1 --> 2 
2 --> 3 
3 --> 

* FSM state operations: 

State 1 <SV = 0> <Delay = 1.09>
ST_1 : Operation 6 [1/1] (0.00ns)   --->   "%ii = alloca i32 1"   --->   Operation 6 'alloca' 'ii' <Predicate = true> <Delay = 0.00>
ST_1 : Operation 7 [1/1] (0.00ns)   --->   "%specinterface_ln0 = specinterface void @_ssdm_op_SpecInterface, i32 %krnl_bp_u_copy_2_stream, void @empty_21, i32 0, i32 0, void @empty_17, i32 0, i32 0, void @empty_17, void @empty_17, void @empty_17, i32 0, i32 0, i32 0, i32 0, void @empty_17, void @empty_17, i32 4294967295, i32 0"   --->   Operation 7 'specinterface' 'specinterface_ln0' <Predicate = true> <Delay = 0.00>
ST_1 : Operation 8 [1/1] (0.00ns)   --->   "%specinterface_ln0 = specinterface void @_ssdm_op_SpecInterface, i32 %krnl_bp_u_copy_1_stream, void @empty_21, i32 0, i32 0, void @empty_17, i32 0, i32 0, void @empty_17, void @empty_17, void @empty_17, i32 0, i32 0, i32 0, i32 0, void @empty_17, void @empty_17, i32 4294967295, i32 0"   --->   Operation 8 'specinterface' 'specinterface_ln0' <Predicate = true> <Delay = 0.00>
ST_1 : Operation 9 [1/1] (0.00ns)   --->   "%specinterface_ln0 = specinterface void @_ssdm_op_SpecInterface, i32 %krnl_bp_u_copy_3_stream, void @empty_21, i32 0, i32 0, void @empty_17, i32 0, i32 0, void @empty_17, void @empty_17, void @empty_17, i32 0, i32 0, i32 0, i32 0, void @empty_17, void @empty_17, i32 4294967295, i32 0"   --->   Operation 9 'specinterface' 'specinterface_ln0' <Predicate = true> <Delay = 0.00>
ST_1 : Operation 10 [1/1] (0.00ns)   --->   "%specinterface_ln0 = specinterface void @_ssdm_op_SpecInterface, i32 %krnl_bp_u_stream, void @empty_21, i32 0, i32 0, void @empty_17, i32 0, i32 0, void @empty_17, void @empty_17, void @empty_17, i32 0, i32 0, i32 0, i32 0, void @empty_17, void @empty_17, i32 4294967295, i32 0"   --->   Operation 10 'specinterface' 'specinterface_ln0' <Predicate = true> <Delay = 0.00>
ST_1 : Operation 11 [1/1] (0.38ns)   --->   "%store_ln653 = store i4 0, i4 %ii" [/home/bsheh002/ADMM07/alveo/src/bp.cpp:653]   --->   Operation 11 'store' 'store_ln653' <Predicate = true> <Delay = 0.38>
ST_1 : Operation 12 [1/1] (0.00ns)   --->   "%br_ln653 = br void %for.body" [/home/bsheh002/ADMM07/alveo/src/bp.cpp:653]   --->   Operation 12 'br' 'br_ln653' <Predicate = true> <Delay = 0.00>
ST_1 : Operation 13 [1/1] (0.00ns)   --->   "%ii_1 = load i4 %ii" [/home/bsheh002/ADMM07/alveo/src/bp.cpp:653]   --->   Operation 13 'load' 'ii_1' <Predicate = true> <Delay = 0.00>
ST_1 : Operation 14 [1/1] (0.65ns)   --->   "%icmp_ln653 = icmp_eq  i4 %ii_1, i4 8" [/home/bsheh002/ADMM07/alveo/src/bp.cpp:653]   --->   Operation 14 'icmp' 'icmp_ln653' <Predicate = true> <Delay = 0.65> <CoreInst = "Cmp">   --->   Core 9 'Cmp' <Latency = 0> <II = 1> <Delay = 0.65> <FuncUnit> <Opcode : 'icmp'> <InPorts = 2> <OutPorts = 1>
ST_1 : Operation 15 [1/1] (0.00ns)   --->   "%empty = speclooptripcount i32 @_ssdm_op_SpecLoopTripCount, i64 8, i64 8, i64 8"   --->   Operation 15 'speclooptripcount' 'empty' <Predicate = true> <Delay = 0.00>
ST_1 : Operation 16 [1/1] (0.70ns)   --->   "%ii_2 = add i4 %ii_1, i4 1" [/home/bsheh002/ADMM07/alveo/src/bp.cpp:653]   --->   Operation 16 'add' 'ii_2' <Predicate = true> <Delay = 0.70> <CoreInst = "Adder">   --->   Core 1 'Adder' <Latency = 0> <II = 1> <Delay = 0.70> <FuncUnit> <Opcode : 'add' 'sub'> <InPorts = 2> <OutPorts = 1>
ST_1 : Operation 17 [1/1] (0.00ns)   --->   "%br_ln653 = br i1 %icmp_ln653, void %for.body.split, void %for.end" [/home/bsheh002/ADMM07/alveo/src/bp.cpp:653]   --->   Operation 17 'br' 'br_ln653' <Predicate = true> <Delay = 0.00>
ST_1 : Operation 18 [1/1] (0.38ns)   --->   "%store_ln653 = store i4 %ii_2, i4 %ii" [/home/bsheh002/ADMM07/alveo/src/bp.cpp:653]   --->   Operation 18 'store' 'store_ln653' <Predicate = (!icmp_ln653)> <Delay = 0.38>
ST_1 : Operation 19 [1/1] (0.00ns)   --->   "%br_ln653 = br void %for.body" [/home/bsheh002/ADMM07/alveo/src/bp.cpp:653]   --->   Operation 19 'br' 'br_ln653' <Predicate = (!icmp_ln653)> <Delay = 0.00>

State 2 <SV = 1> <Delay = 1.14>
ST_2 : Operation 20 [1/1] (0.00ns)   --->   "%specpipeline_ln656 = specpipeline void @_ssdm_op_SpecPipeline, i32 4294967295, i32 0, i32 0, i32 0, void @empty_17" [/home/bsheh002/ADMM07/alveo/src/bp.cpp:656]   --->   Operation 20 'specpipeline' 'specpipeline_ln656' <Predicate = true> <Delay = 0.00>
ST_2 : Operation 21 [1/1] (0.00ns)   --->   "%specloopname_ln653 = specloopname void @_ssdm_op_SpecLoopName, void @empty_6" [/home/bsheh002/ADMM07/alveo/src/bp.cpp:653]   --->   Operation 21 'specloopname' 'specloopname_ln653' <Predicate = true> <Delay = 0.00>
ST_2 : Operation 22 [1/1] (0.00ns)   --->   "%tmp = nbreadreq i1 @_ssdm_op_NbReadReq.ap_fifo.i32P0A, i32 %krnl_bp_u_stream, i32 1" [/home/bsheh002/ADMM07/alveo/src/bp.cpp:657]   --->   Operation 22 'nbreadreq' 'tmp' <Predicate = true> <Delay = 0.00> <CoreInst = "FIFO">   --->   Core 78 'FIFO' <Latency = 0> <II = 1> <Delay = 1.14> <Storage> <Opcode : 'read' 'write' 'nbread' 'nbwrite'> <Ports = 0> <Width = 32> <Depth = 128> <FIFO>
ST_2 : Operation 23 [1/1] (0.00ns)   --->   "%br_ln657 = br i1 %tmp, void %for.inc, void %if.then" [/home/bsheh002/ADMM07/alveo/src/bp.cpp:657]   --->   Operation 23 'br' 'br_ln657' <Predicate = true> <Delay = 0.00>
ST_2 : Operation 24 [1/1] (1.14ns)   --->   "%val = read i32 @_ssdm_op_Read.ap_fifo.volatile.i32P0A, i32 %krnl_bp_u_stream" [/home/bsheh002/ADMM07/alveo/src/bp.cpp:659]   --->   Operation 24 'read' 'val' <Predicate = (tmp)> <Delay = 1.14> <CoreInst = "FIFO">   --->   Core 78 'FIFO' <Latency = 0> <II = 1> <Delay = 1.14> <Storage> <Opcode : 'read' 'write' 'nbread' 'nbwrite'> <Ports = 0> <Width = 32> <Depth = 128> <FIFO>
ST_2 : Operation 29 [1/1] (0.00ns)   --->   "%ret_ln672 = ret" [/home/bsheh002/ADMM07/alveo/src/bp.cpp:672]   --->   Operation 29 'ret' 'ret_ln672' <Predicate = (icmp_ln653)> <Delay = 0.00>

State 3 <SV = 2> <Delay = 1.14>
ST_3 : Operation 25 [1/1] (1.14ns)   --->   "%write_ln661 = write void @_ssdm_op_Write.ap_fifo.volatile.i32P0A, i32 %krnl_bp_u_copy_1_stream, i32 %val" [/home/bsheh002/ADMM07/alveo/src/bp.cpp:661]   --->   Operation 25 'write' 'write_ln661' <Predicate = (tmp)> <Delay = 1.14> <CoreInst = "FIFO">   --->   Core 78 'FIFO' <Latency = 0> <II = 1> <Delay = 1.14> <Storage> <Opcode : 'read' 'write' 'nbread' 'nbwrite'> <Ports = 0> <Width = 32> <Depth = 128> <FIFO>
ST_3 : Operation 26 [1/1] (1.14ns)   --->   "%write_ln663 = write void @_ssdm_op_Write.ap_fifo.volatile.i32P0A, i32 %krnl_bp_u_copy_2_stream, i32 %val" [/home/bsheh002/ADMM07/alveo/src/bp.cpp:663]   --->   Operation 26 'write' 'write_ln663' <Predicate = (tmp)> <Delay = 1.14> <CoreInst = "FIFO">   --->   Core 78 'FIFO' <Latency = 0> <II = 1> <Delay = 1.14> <Storage> <Opcode : 'read' 'write' 'nbread' 'nbwrite'> <Ports = 0> <Width = 32> <Depth = 128> <FIFO>
ST_3 : Operation 27 [1/1] (1.14ns)   --->   "%write_ln665 = write void @_ssdm_op_Write.ap_fifo.volatile.i32P0A, i32 %krnl_bp_u_copy_3_stream, i32 %val" [/home/bsheh002/ADMM07/alveo/src/bp.cpp:665]   --->   Operation 27 'write' 'write_ln665' <Predicate = (tmp)> <Delay = 1.14> <CoreInst = "FIFO">   --->   Core 78 'FIFO' <Latency = 0> <II = 1> <Delay = 1.14> <Storage> <Opcode : 'read' 'write' 'nbread' 'nbwrite'> <Ports = 0> <Width = 32> <Depth = 128> <FIFO>
ST_3 : Operation 28 [1/1] (0.00ns)   --->   "%br_ln667 = br void %for.inc" [/home/bsheh002/ADMM07/alveo/src/bp.cpp:667]   --->   Operation 28 'br' 'br_ln667' <Predicate = (tmp)> <Delay = 0.00>


============================================================
+ Verbose Summary: Timing violations
============================================================
Target clock period: 3.33ns, clock uncertainty: 0.9ns.

 <State 1>: 1.09ns
The critical path consists of the following:
	'alloca' operation ('ii') [5]  (0 ns)
	'load' operation ('ii', /home/bsheh002/ADMM07/alveo/src/bp.cpp:653) on local variable 'ii' [13]  (0 ns)
	'add' operation ('ii', /home/bsheh002/ADMM07/alveo/src/bp.cpp:653) [16]  (0.708 ns)
	'store' operation ('store_ln653', /home/bsheh002/ADMM07/alveo/src/bp.cpp:653) of variable 'ii', /home/bsheh002/ADMM07/alveo/src/bp.cpp:653 on local variable 'ii' [30]  (0.387 ns)

 <State 2>: 1.14ns
The critical path consists of the following:
	fifo read operation ('val', /home/bsheh002/ADMM07/alveo/src/bp.cpp:659) on port 'krnl_bp_u_stream' (/home/bsheh002/ADMM07/alveo/src/bp.cpp:659) [24]  (1.14 ns)

 <State 3>: 1.14ns
The critical path consists of the following:
	fifo write operation ('write_ln661', /home/bsheh002/ADMM07/alveo/src/bp.cpp:661) on port 'krnl_bp_u_copy_1_stream' (/home/bsheh002/ADMM07/alveo/src/bp.cpp:661) [25]  (1.14 ns)


============================================================
+ Verbose Summary: Binding
============================================================
N/A
* FSMD analyzer results:
  - Output states:
 - Input state : 
  - Chain level:
	State 1
	State 2
	State 3


============================================================
+ Verbose Summary: Datapath Resource usage 
============================================================
N/A
