

================================================================
== Vitis HLS Report for 'mac_Pipeline_VITIS_LOOP_234_1'
================================================================
* Date:           Tue Apr 15 09:07:42 2025

* Version:        2022.2 (Build 3670227 on Oct 13 2022)
* Project:        krnl_bp
* Solution:       solution (Vitis Kernel Flow Target)
* Product family: virtexuplus
* Target device:  xcu280-fsvh2892-2L-e


================================================================
== Performance Estimates
================================================================
+ Timing: 
    * Summary: 
    +--------+---------+----------+------------+
    |  Clock |  Target | Estimated| Uncertainty|
    +--------+---------+----------+------------+
    |ap_clk  |  3.33 ns|  1.889 ns|     0.90 ns|
    +--------+---------+----------+------------+

+ Latency: 
    * Summary: 
    +---------+---------+----------+----------+-----+-----+---------+
    |  Latency (cycles) |  Latency (absolute) |  Interval | Pipeline|
    |   min   |   max   |    min   |    max   | min | max |   Type  |
    +---------+---------+----------+----------+-----+-----+---------+
    |       66|       66|  0.220 us|  0.220 us|   66|   66|       no|
    +---------+---------+----------+----------+-----+-----+---------+

    + Detail: 
        * Instance: 
        N/A

        * Loop: 
        +--------------------+---------+---------+----------+-----------+-----------+------+----------+
        |                    |  Latency (cycles) | Iteration|  Initiation Interval  | Trip |          |
        |      Loop Name     |   min   |   max   |  Latency |  achieved |   target  | Count| Pipelined|
        +--------------------+---------+---------+----------+-----------+-----------+------+----------+
        |- VITIS_LOOP_234_1  |       64|       64|         2|          1|          1|    64|       yes|
        +--------------------+---------+---------+----------+-----------+-----------+------+----------+



================================================================
== Utilization Estimates
================================================================
* Summary: 
+---------------------+---------+------+---------+---------+-----+
|         Name        | BRAM_18K|  DSP |    FF   |   LUT   | URAM|
+---------------------+---------+------+---------+---------+-----+
|DSP                  |        -|     -|        -|        -|    -|
|Expression           |        -|     -|        0|       35|    -|
|FIFO                 |        -|     -|        -|        -|    -|
|Instance             |        -|     -|        -|        -|    -|
|Memory               |        -|     -|        -|        -|    -|
|Multiplexer          |        -|     -|        -|       45|    -|
|Register             |        -|     -|       10|        -|    -|
+---------------------+---------+------+---------+---------+-----+
|Total                |        0|     0|       10|       80|    0|
+---------------------+---------+------+---------+---------+-----+
|Available SLR        |     1344|  3008|   869120|   434560|  320|
+---------------------+---------+------+---------+---------+-----+
|Utilization SLR (%)  |        0|     0|       ~0|       ~0|    0|
+---------------------+---------+------+---------+---------+-----+
|Available            |     4032|  9024|  2607360|  1303680|  960|
+---------------------+---------+------+---------+---------+-----+
|Utilization (%)      |        0|     0|       ~0|       ~0|    0|
+---------------------+---------+------+---------+---------+-----+

+ Detail: 
    * Instance: 
    N/A

    * DSP: 
    N/A

    * Memory: 
    N/A

    * FIFO: 
    N/A

    * Expression: 
    +---------------------------+----------+----+---+----+------------+------------+
    |       Variable Name       | Operation| DSP| FF| LUT| Bitwidth P0| Bitwidth P1|
    +---------------------------+----------+----+---+----+------------+------------+
    |add_ln234_fu_74_p2         |         +|   0|  0|  14|           7|           1|
    |ap_block_pp0_stage0_01001  |       and|   0|  0|   2|           1|           1|
    |ap_ext_blocking_n          |       and|   0|  0|   2|           2|           2|
    |ap_int_blocking_n          |       and|   0|  0|   2|           2|           2|
    |ap_str_blocking_n          |       and|   0|  0|   2|           2|           2|
    |icmp_ln234_fu_68_p2        |      icmp|   0|  0|  11|           7|           8|
    |ap_enable_pp0              |       xor|   0|  0|   2|           1|           2|
    +---------------------------+----------+----+---+----+------------+------------+
    |Total                      |          |   0|  0|  35|          22|          18|
    +---------------------------+----------+----+---+----+------------+------------+

    * Multiplexer: 
    +-------------------------+----+-----------+-----+-----------+
    |           Name          | LUT| Input Size| Bits| Total Bits|
    +-------------------------+----+-----------+-----+-----------+
    |ap_done_int              |   9|          2|    1|          2|
    |ap_enable_reg_pp0_iter1  |   9|          2|    1|          2|
    |ap_sig_allocacmp_ii_3    |   9|          2|    7|         14|
    |ii_fu_36                 |   9|          2|    7|         14|
    |p_stream_blk_n           |   9|          2|    1|          2|
    +-------------------------+----+-----------+-----+-----------+
    |Total                    |  45|         10|   17|         34|
    +-------------------------+----+-----------+-----+-----------+

    * Register: 
    +-------------------------+---+----+-----+-----------+
    |           Name          | FF| LUT| Bits| Const Bits|
    +-------------------------+---+----+-----+-----------+
    |ap_CS_fsm                |  1|   0|    1|          0|
    |ap_done_reg              |  1|   0|    1|          0|
    |ap_enable_reg_pp0_iter1  |  1|   0|    1|          0|
    |ii_fu_36                 |  7|   0|    7|          0|
    +-------------------------+---+----+-----+-----------+
    |Total                    | 10|   0|   10|          0|
    +-------------------------+---+----+-----+-----------+



================================================================
== Interface
================================================================
* Summary: 
+---------------------+-----+-----+------------+-------------------------------+--------------+
|      RTL Ports      | Dir | Bits|  Protocol  |         Source Object         |    C Type    |
+---------------------+-----+-----+------------+-------------------------------+--------------+
|ap_clk               |   in|    1|  ap_ctrl_hs|  mac_Pipeline_VITIS_LOOP_234_1|  return value|
|ap_rst               |   in|    1|  ap_ctrl_hs|  mac_Pipeline_VITIS_LOOP_234_1|  return value|
|ap_start             |   in|    1|  ap_ctrl_hs|  mac_Pipeline_VITIS_LOOP_234_1|  return value|
|ap_done              |  out|    1|  ap_ctrl_hs|  mac_Pipeline_VITIS_LOOP_234_1|  return value|
|ap_idle              |  out|    1|  ap_ctrl_hs|  mac_Pipeline_VITIS_LOOP_234_1|  return value|
|ap_ready             |  out|    1|  ap_ctrl_hs|  mac_Pipeline_VITIS_LOOP_234_1|  return value|
|ap_ext_blocking_n    |  out|    1|  ap_ctrl_hs|  mac_Pipeline_VITIS_LOOP_234_1|  return value|
|ap_str_blocking_n    |  out|    1|  ap_ctrl_hs|  mac_Pipeline_VITIS_LOOP_234_1|  return value|
|ap_int_blocking_n    |  out|    1|  ap_ctrl_hs|  mac_Pipeline_VITIS_LOOP_234_1|  return value|
|p_stream_din         |  out|   32|     ap_fifo|                       p_stream|       pointer|
|p_stream_full_n      |   in|    1|     ap_fifo|                       p_stream|       pointer|
|p_stream_write       |  out|    1|     ap_fifo|                       p_stream|       pointer|
|mat_p_bram_address0  |  out|    6|   ap_memory|                     mat_p_bram|         array|
|mat_p_bram_ce0       |  out|    1|   ap_memory|                     mat_p_bram|         array|
|mat_p_bram_q0        |   in|   32|   ap_memory|                     mat_p_bram|         array|
+---------------------+-----+-----+------------+-------------------------------+--------------+

