

================================================================
== Vitis HLS Report for 'replicate_stream'
================================================================
* Date:           Tue Aug 13 10:21:55 2024

* Version:        2022.2 (Build 3670227 on Oct 13 2022)
* Project:        krnl_bp
* Solution:       solution (Vitis Kernel Flow Target)
* Product family: virtexuplus
* Target device:  xcu250-figd2104-2L-e


================================================================
== Performance Estimates
================================================================
+ Timing: 
    * Summary: 
    +--------+---------+----------+------------+
    |  Clock |  Target | Estimated| Uncertainty|
    +--------+---------+----------+------------+
    |ap_clk  |  3.33 ns|  2.433 ns|     0.90 ns|
    +--------+---------+----------+------------+

+ Latency: 
    * Summary: 
    +---------+---------+-----------+-----------+-----+-----+---------+
    |  Latency (cycles) |   Latency (absolute)  |  Interval | Pipeline|
    |   min   |   max   |    min    |    max    | min | max |   Type  |
    +---------+---------+-----------+-----------+-----+-----+---------+
    |        7|        7|  23.331 ns|  23.331 ns|    8|    8|      yes|
    +---------+---------+-----------+-----------+-----+-----+---------+

    + Detail: 
        * Instance: 
        N/A

        * Loop: 
        N/A



================================================================
== Utilization Estimates
================================================================
* Summary: 
+---------------------+---------+-------+---------+---------+------+
|         Name        | BRAM_18K|  DSP  |    FF   |   LUT   | URAM |
+---------------------+---------+-------+---------+---------+------+
|DSP                  |        -|      -|        -|        -|     -|
|Expression           |        -|      -|        0|        4|     -|
|FIFO                 |        -|      -|        -|        -|     -|
|Instance             |        -|      -|        -|        -|     -|
|Memory               |        -|      -|        -|        -|     -|
|Multiplexer          |        -|      -|        -|       85|     -|
|Register             |        -|      -|        8|        -|     -|
+---------------------+---------+-------+---------+---------+------+
|Total                |        0|      0|        8|       89|     0|
+---------------------+---------+-------+---------+---------+------+
|Available SLR        |     1344|   3072|   864000|   432000|   320|
+---------------------+---------+-------+---------+---------+------+
|Utilization SLR (%)  |        0|      0|       ~0|       ~0|     0|
+---------------------+---------+-------+---------+---------+------+
|Available            |     5376|  12288|  3456000|  1728000|  1280|
+---------------------+---------+-------+---------+---------+------+
|Utilization (%)      |        0|      0|       ~0|       ~0|     0|
+---------------------+---------+-------+---------+---------+------+

+ Detail: 
    * Instance: 
    N/A

    * DSP: 
    N/A

    * Memory: 
    N/A

    * FIFO: 
    N/A

    * Expression: 
    +-----------------+----------+----+---+----+------------+------------+
    |  Variable Name  | Operation| DSP| FF| LUT| Bitwidth P0| Bitwidth P1|
    +-----------------+----------+----+---+----+------------+------------+
    |ap_block_state1  |        or|   0|  0|   2|           1|           1|
    |ap_block_state2  |        or|   0|  0|   2|           1|           1|
    +-----------------+----------+----+---+----+------------+------------+
    |Total            |          |   0|  0|   4|           2|           2|
    +-----------------+----------+----+---+----+------------+------------+

    * Multiplexer: 
    +-------------------------------+----+-----------+-----+-----------+
    |              Name             | LUT| Input Size| Bits| Total Bits|
    +-------------------------------+----+-----------+-----+-----------+
    |ap_NS_fsm                      |  49|          9|    1|          9|
    |krnl_bp_u_copy_1_stream_blk_n  |   9|          2|    1|          2|
    |krnl_bp_u_copy_2_stream_blk_n  |   9|          2|    1|          2|
    |krnl_bp_u_copy_3_stream_blk_n  |   9|          2|    1|          2|
    |krnl_bp_u_stream_blk_n         |   9|          2|    1|          2|
    +-------------------------------+----+-----------+-----+-----------+
    |Total                          |  85|         17|    5|         17|
    +-------------------------------+----+-----------+-----+-----------+

    * Register: 
    +-----------+---+----+-----+-----------+
    |    Name   | FF| LUT| Bits| Const Bits|
    +-----------+---+----+-----+-----------+
    |ap_CS_fsm  |  8|   0|    8|          0|
    +-----------+---+----+-----+-----------+
    |Total      |  8|   0|    8|          0|
    +-----------+---+----+-----+-----------+



================================================================
== Interface
================================================================
* Summary: 
+--------------------------------+-----+-----+------------+-------------------------+--------------+
|            RTL Ports           | Dir | Bits|  Protocol  |      Source Object      |    C Type    |
+--------------------------------+-----+-----+------------+-------------------------+--------------+
|ap_clk                          |   in|    1|  ap_ctrl_hs|         replicate_stream|  return value|
|ap_rst                          |   in|    1|  ap_ctrl_hs|         replicate_stream|  return value|
|ap_start                        |   in|    1|  ap_ctrl_hs|         replicate_stream|  return value|
|ap_done                         |  out|    1|  ap_ctrl_hs|         replicate_stream|  return value|
|ap_idle                         |  out|    1|  ap_ctrl_hs|         replicate_stream|  return value|
|ap_ready                        |  out|    1|  ap_ctrl_hs|         replicate_stream|  return value|
|krnl_bp_u_stream_blk_n          |  out|    1|  ap_ctrl_hs|         replicate_stream|  return value|
|krnl_bp_u_copy_1_stream_blk_n   |  out|    1|  ap_ctrl_hs|         replicate_stream|  return value|
|krnl_bp_u_copy_2_stream_blk_n   |  out|    1|  ap_ctrl_hs|         replicate_stream|  return value|
|krnl_bp_u_copy_3_stream_blk_n   |  out|    1|  ap_ctrl_hs|         replicate_stream|  return value|
|ap_ce                           |   in|    1|  ap_ctrl_hs|         replicate_stream|  return value|
|krnl_bp_u_stream_dout           |   in|   32|     ap_fifo|         krnl_bp_u_stream|       pointer|
|krnl_bp_u_stream_empty_n        |   in|    1|     ap_fifo|         krnl_bp_u_stream|       pointer|
|krnl_bp_u_stream_read           |  out|    1|     ap_fifo|         krnl_bp_u_stream|       pointer|
|krnl_bp_u_copy_1_stream_din     |  out|   32|     ap_fifo|  krnl_bp_u_copy_1_stream|       pointer|
|krnl_bp_u_copy_1_stream_full_n  |   in|    1|     ap_fifo|  krnl_bp_u_copy_1_stream|       pointer|
|krnl_bp_u_copy_1_stream_write   |  out|    1|     ap_fifo|  krnl_bp_u_copy_1_stream|       pointer|
|krnl_bp_u_copy_2_stream_din     |  out|   32|     ap_fifo|  krnl_bp_u_copy_2_stream|       pointer|
|krnl_bp_u_copy_2_stream_full_n  |   in|    1|     ap_fifo|  krnl_bp_u_copy_2_stream|       pointer|
|krnl_bp_u_copy_2_stream_write   |  out|    1|     ap_fifo|  krnl_bp_u_copy_2_stream|       pointer|
|krnl_bp_u_copy_3_stream_din     |  out|   32|     ap_fifo|  krnl_bp_u_copy_3_stream|       pointer|
|krnl_bp_u_copy_3_stream_full_n  |   in|    1|     ap_fifo|  krnl_bp_u_copy_3_stream|       pointer|
|krnl_bp_u_copy_3_stream_write   |  out|    1|     ap_fifo|  krnl_bp_u_copy_3_stream|       pointer|
+--------------------------------+-----+-----+------------+-------------------------+--------------+

