

================================================================
== Vitis HLS Report for 'krnl_bp_Pipeline_l_load_input1'
================================================================
* Date:           Tue Aug 13 10:21:55 2024

* Version:        2022.2 (Build 3670227 on Oct 13 2022)
* Project:        krnl_bp
* Solution:       solution (Vitis Kernel Flow Target)
* Product family: virtexuplus
* Target device:  xcu250-figd2104-2L-e


================================================================
== Performance Estimates
================================================================
+ Timing: 
    * Summary: 
    +--------+---------+----------+------------+
    |  Clock |  Target | Estimated| Uncertainty|
    +--------+---------+----------+------------+
    |ap_clk  |  3.33 ns|  1.355 ns|     0.90 ns|
    +--------+---------+----------+------------+

+ Latency: 
    * Summary: 
    +---------+---------+-----------+-----------+-----+-----+---------+
    |  Latency (cycles) |   Latency (absolute)  |  Interval | Pipeline|
    |   min   |   max   |    min    |    max    | min | max |   Type  |
    +---------+---------+-----------+-----------+-----+-----+---------+
    |       10|       10|  33.330 ns|  33.330 ns|   10|   10|       no|
    +---------+---------+-----------+-----------+-----+-----+---------+

    + Detail: 
        * Instance: 
        N/A

        * Loop: 
        +----------------+---------+---------+----------+-----------+-----------+------+----------+
        |                |  Latency (cycles) | Iteration|  Initiation Interval  | Trip |          |
        |    Loop Name   |   min   |   max   |  Latency |  achieved |   target  | Count| Pipelined|
        +----------------+---------+---------+----------+-----------+-----------+------+----------+
        |- l_load_input  |        8|        8|         1|          1|          1|     8|       yes|
        +----------------+---------+---------+----------+-----------+-----------+------+----------+



================================================================
== Utilization Estimates
================================================================
* Summary: 
+---------------------+---------+-------+---------+---------+------+
|         Name        | BRAM_18K|  DSP  |    FF   |   LUT   | URAM |
+---------------------+---------+-------+---------+---------+------+
|DSP                  |        -|      -|        -|        -|     -|
|Expression           |        -|      -|        0|       23|     -|
|FIFO                 |        -|      -|        -|        -|     -|
|Instance             |        -|      -|        -|        -|     -|
|Memory               |        -|      -|        -|        -|     -|
|Multiplexer          |        -|      -|        -|       36|     -|
|Register             |        -|      -|      263|        -|     -|
+---------------------+---------+-------+---------+---------+------+
|Total                |        0|      0|      263|       59|     0|
+---------------------+---------+-------+---------+---------+------+
|Available SLR        |     1344|   3072|   864000|   432000|   320|
+---------------------+---------+-------+---------+---------+------+
|Utilization SLR (%)  |        0|      0|       ~0|       ~0|     0|
+---------------------+---------+-------+---------+---------+------+
|Available            |     5376|  12288|  3456000|  1728000|  1280|
+---------------------+---------+-------+---------+---------+------+
|Utilization (%)      |        0|      0|       ~0|       ~0|     0|
+---------------------+---------+-------+---------+---------+------+

+ Detail: 
    * Instance: 
    N/A

    * DSP: 
    N/A

    * Memory: 
    N/A

    * FIFO: 
    N/A

    * Expression: 
    +--------------------+----------+----+---+----+------------+------------+
    |    Variable Name   | Operation| DSP| FF| LUT| Bitwidth P0| Bitwidth P1|
    +--------------------+----------+----+---+----+------------+------------+
    |add_ln15_fu_84_p2   |         +|   0|  0|  12|           4|           1|
    |icmp_ln15_fu_78_p2  |      icmp|   0|  0|   9|           4|           5|
    |ap_enable_pp0       |       xor|   0|  0|   2|           1|           2|
    +--------------------+----------+----+---+----+------------+------------+
    |Total               |          |   0|  0|  23|           9|           8|
    +--------------------+----------+----+---+----+------------+------------+

    * Multiplexer: 
    +-------------------------+----+-----------+-----+-----------+
    |           Name          | LUT| Input Size| Bits| Total Bits|
    +-------------------------+----+-----------+-----+-----------+
    |ap_done_int              |   9|          2|    1|          2|
    |ap_enable_reg_pp0_iter1  |   9|          2|    1|          2|
    |i_1_fu_42                |   9|          2|    4|          8|
    |shiftreg126_fu_38        |   9|          2|  256|        512|
    +-------------------------+----+-----------+-----+-----------+
    |Total                    |  36|          8|  262|        524|
    +-------------------------+----+-----------+-----+-----------+

    * Register: 
    +-------------------------+-----+----+-----+-----------+
    |           Name          |  FF | LUT| Bits| Const Bits|
    +-------------------------+-----+----+-----+-----------+
    |ap_CS_fsm                |    1|   0|    1|          0|
    |ap_done_reg              |    1|   0|    1|          0|
    |ap_enable_reg_pp0_iter1  |    1|   0|    1|          0|
    |i_1_fu_42                |    4|   0|    4|          0|
    |shiftreg126_fu_38        |  256|   0|  256|          0|
    +-------------------------+-----+----+-----+-----------+
    |Total                    |  263|   0|  263|          0|
    +-------------------------+-----+----+-----+-----------+



================================================================
== Interface
================================================================
* Summary: 
+---------------------+-----+-----+------------+--------------------------------+--------------+
|      RTL Ports      | Dir | Bits|  Protocol  |          Source Object         |    C Type    |
+---------------------+-----+-----+------------+--------------------------------+--------------+
|ap_clk               |   in|    1|  ap_ctrl_hs|  krnl_bp_Pipeline_l_load_input1|  return value|
|ap_rst               |   in|    1|  ap_ctrl_hs|  krnl_bp_Pipeline_l_load_input1|  return value|
|ap_start             |   in|    1|  ap_ctrl_hs|  krnl_bp_Pipeline_l_load_input1|  return value|
|ap_done              |  out|    1|  ap_ctrl_hs|  krnl_bp_Pipeline_l_load_input1|  return value|
|ap_idle              |  out|    1|  ap_ctrl_hs|  krnl_bp_Pipeline_l_load_input1|  return value|
|ap_ready             |  out|    1|  ap_ctrl_hs|  krnl_bp_Pipeline_l_load_input1|  return value|
|gmem1_load           |   in|  256|     ap_none|                      gmem1_load|        scalar|
|vec_q_bram_address0  |  out|    3|   ap_memory|                      vec_q_bram|         array|
|vec_q_bram_ce0       |  out|    1|   ap_memory|                      vec_q_bram|         array|
|vec_q_bram_we0       |  out|    1|   ap_memory|                      vec_q_bram|         array|
|vec_q_bram_d0        |  out|   32|   ap_memory|                      vec_q_bram|         array|
+---------------------+-----+-----+------------+--------------------------------+--------------+

