

================================================================
== Vitis HLS Report for 'mac'
================================================================
* Date:           Tue Apr 15 09:07:43 2025

* Version:        2022.2 (Build 3670227 on Oct 13 2022)
* Project:        krnl_bp
* Solution:       solution (Vitis Kernel Flow Target)
* Product family: virtexuplus
* Target device:  xcu280-fsvh2892-2L-e


================================================================
== Performance Estimates
================================================================
+ Timing: 
    * Summary: 
    +--------+---------+----------+------------+
    |  Clock |  Target | Estimated| Uncertainty|
    +--------+---------+----------+------------+
    |ap_clk  |  3.33 ns|  2.342 ns|     0.90 ns|
    +--------+---------+----------+------------+

+ Latency: 
    * Summary: 
    +---------+---------+----------+----------+-----+-----+---------+
    |  Latency (cycles) |  Latency (absolute) |  Interval | Pipeline|
    |   min   |   max   |    min   |    max   | min | max |   Type  |
    +---------+---------+----------+----------+-----+-----+---------+
    |      618|      618|  2.060 us|  2.060 us|  618|  618|       no|
    +---------+---------+----------+----------+-----+-----+---------+

    + Detail: 
        * Instance: 
        +-----------------------------------------+-------------------------------+---------+---------+-----------+-----------+-----+-----+---------+
        |                                         |                               |  Latency (cycles) |   Latency (absolute)  |  Interval | Pipeline|
        |                 Instance                |             Module            |   min   |   max   |    min    |    max    | min | max |   Type  |
        +-----------------------------------------+-------------------------------+---------+---------+-----------+-----------+-----+-----+---------+
        |grp_mac_Pipeline_VITIS_LOOP_234_1_fu_83  |mac_Pipeline_VITIS_LOOP_234_1  |       66|       66|   0.220 us|   0.220 us|   66|   66|       no|
        |grp_mac_Pipeline_VITIS_LOOP_242_2_fu_91  |mac_Pipeline_VITIS_LOOP_242_2  |       10|       10|  33.330 ns|  33.330 ns|   10|   10|       no|
        |grp_mac_Pipeline_VITIS_LOOP_259_4_fu_98  |mac_Pipeline_VITIS_LOOP_259_4  |       64|       64|   0.213 us|   0.213 us|   64|   64|       no|
        +-----------------------------------------+-------------------------------+---------+---------+-----------+-----------+-----+-----+---------+

        * Loop: 
        +--------------------+---------+---------+----------+-----------+-----------+------+----------+
        |                    |  Latency (cycles) | Iteration|  Initiation Interval  | Trip |          |
        |      Loop Name     |   min   |   max   |  Latency |  achieved |   target  | Count| Pipelined|
        +--------------------+---------+---------+----------+-----------+-----------+------+----------+
        |- VITIS_LOOP_256_3  |      536|      536|        67|          -|          -|     8|        no|
        +--------------------+---------+---------+----------+-----------+-----------+------+----------+



================================================================
== Utilization Estimates
================================================================
* Summary: 
+---------------------+---------+------+---------+---------+-----+
|         Name        | BRAM_18K|  DSP |    FF   |   LUT   | URAM|
+---------------------+---------+------+---------+---------+-----+
|DSP                  |        -|     -|        -|        -|    -|
|Expression           |        -|     -|        0|       29|    -|
|FIFO                 |        1|     -|       92|       70|    -|
|Instance             |        -|     -|      198|      342|    -|
|Memory               |        0|     -|       32|       33|    0|
|Multiplexer          |        -|     -|        -|      154|    -|
|Register             |        -|     -|       20|        -|    -|
+---------------------+---------+------+---------+---------+-----+
|Total                |        1|     0|      342|      628|    0|
+---------------------+---------+------+---------+---------+-----+
|Available SLR        |     1344|  3008|   869120|   434560|  320|
+---------------------+---------+------+---------+---------+-----+
|Utilization SLR (%)  |       ~0|     0|       ~0|       ~0|    0|
+---------------------+---------+------+---------+---------+-----+
|Available            |     4032|  9024|  2607360|  1303680|  960|
+---------------------+---------+------+---------+---------+-----+
|Utilization (%)      |       ~0|     0|       ~0|       ~0|    0|
+---------------------+---------+------+---------+---------+-----+

+ Detail: 
    * Instance: 
    +-----------------------------------------+-------------------------------+---------+----+-----+-----+-----+
    |                 Instance                |             Module            | BRAM_18K| DSP|  FF | LUT | URAM|
    +-----------------------------------------+-------------------------------+---------+----+-----+-----+-----+
    |grp_mac_Pipeline_VITIS_LOOP_234_1_fu_83  |mac_Pipeline_VITIS_LOOP_234_1  |        0|   0|   10|   80|    0|
    |grp_mac_Pipeline_VITIS_LOOP_242_2_fu_91  |mac_Pipeline_VITIS_LOOP_242_2  |        0|   0|   11|  110|    0|
    |grp_mac_Pipeline_VITIS_LOOP_259_4_fu_98  |mac_Pipeline_VITIS_LOOP_259_4  |        0|   0|  177|  152|    0|
    +-----------------------------------------+-------------------------------+---------+----+-----+-----+-----+
    |Total                                    |                               |        0|   0|  198|  342|    0|
    +-----------------------------------------+-------------------------------+---------+----+-----+-----+-----+

    * DSP: 
    N/A

    * Memory: 
    +-------------+-----------------------------+---------+----+----+-----+------+-----+------+-------------+
    |    Memory   |            Module           | BRAM_18K| FF | LUT| URAM| Words| Bits| Banks| W*Bits*Banks|
    +-------------+-----------------------------+---------+----+----+-----+------+-----+------+-------------+
    |z_u_local_U  |mac_z_u_local_RAM_AUTO_1R1W  |        0|  32|  33|    0|     8|   32|     1|          256|
    +-------------+-----------------------------+---------+----+----+-----+------+-----+------+-------------+
    |Total        |                             |        0|  32|  33|    0|     8|   32|     1|          256|
    +-------------+-----------------------------+---------+----+----+-----+------+-----+------+-------------+

    * FIFO: 
    +-----------------+---------+----+----+-----+------+-----+---------+
    |       Name      | BRAM_18K| FF | LUT| URAM| Depth| Bits| Size:D*B|
    +-----------------+---------+----+----+-----+------+-----+---------+
    |p_stream_fifo_U  |        1|  92|   0|    -|   256|   32|     8192|
    +-----------------+---------+----+----+-----+------+-----+---------+
    |Total            |        1|  92|   0|    0|   256|   32|     8192|
    +-----------------+---------+----+----+-----+------+-----+---------+

    * Expression: 
    +----------------------+----------+----+---+----+------------+------------+
    |     Variable Name    | Operation| DSP| FF| LUT| Bitwidth P0| Bitwidth P1|
    +----------------------+----------+----+---+----+------------+------------+
    |ii_4_fu_120_p2        |         +|   0|  0|  12|           4|           1|
    |ap_block_state9       |       and|   0|  0|   2|           1|           1|
    |ap_ext_blocking_n     |       and|   0|  0|   2|           1|           2|
    |ap_int_blocking_n     |       and|   0|  0|   2|           1|           2|
    |ap_str_blocking_n     |       and|   0|  0|   2|           1|           2|
    |icmp_ln256_fu_114_p2  |      icmp|   0|  0|   9|           4|           5|
    +----------------------+----------+----+---+----+------------+------------+
    |Total                 |          |   0|  0|  29|          12|          13|
    +----------------------+----------+----+---+----+------------+------------+

    * Multiplexer: 
    +----------------------+----+-----------+-----+-----------+
    |         Name         | LUT| Input Size| Bits| Total Bits|
    +----------------------+----+-----------+-----+-----------+
    |ap_NS_fsm             |  54|         10|    1|         10|
    |grp_fu_162_ce         |   9|          2|    1|          2|
    |grp_fu_166_ce         |   9|          2|    1|          2|
    |ii_3_fu_56            |   9|          2|    4|          8|
    |mac_res_stream_blk_n  |   9|          2|    1|          2|
    |p_stream_read         |   9|          2|    1|          2|
    |p_stream_write        |   9|          2|    1|          2|
    |z_u_local_address0    |  14|          3|    3|          9|
    |z_u_local_ce0         |  14|          3|    1|          3|
    |z_u_local_we0         |   9|          2|    1|          2|
    |z_u_stream_read       |   9|          2|    1|          2|
    +----------------------+----+-----------+-----+-----------+
    |Total                 | 154|         32|   16|         44|
    +----------------------+----+-----------+-----+-----------+

    * Register: 
    +------------------------------------------------------+---+----+-----+-----------+
    |                         Name                         | FF| LUT| Bits| Const Bits|
    +------------------------------------------------------+---+----+-----+-----------+
    |ap_CS_fsm                                             |  9|   0|    9|          0|
    |grp_mac_Pipeline_VITIS_LOOP_234_1_fu_83_ap_start_reg  |  1|   0|    1|          0|
    |grp_mac_Pipeline_VITIS_LOOP_242_2_fu_91_ap_start_reg  |  1|   0|    1|          0|
    |grp_mac_Pipeline_VITIS_LOOP_259_4_fu_98_ap_start_reg  |  1|   0|    1|          0|
    |ii_3_fu_56                                            |  4|   0|    4|          0|
    |ii_4_reg_154                                          |  4|   0|    4|          0|
    +------------------------------------------------------+---+----+-----+-----------+
    |Total                                                 | 20|   0|   20|          0|
    +------------------------------------------------------+---+----+-----+-----------+



================================================================
== Interface
================================================================
* Summary: 
+-----------------------+-----+-----+------------+----------------+--------------+
|       RTL Ports       | Dir | Bits|  Protocol  |  Source Object |    C Type    |
+-----------------------+-----+-----+------------+----------------+--------------+
|ap_clk                 |   in|    1|  ap_ctrl_hs|             mac|  return value|
|ap_rst                 |   in|    1|  ap_ctrl_hs|             mac|  return value|
|ap_start               |   in|    1|  ap_ctrl_hs|             mac|  return value|
|ap_done                |  out|    1|  ap_ctrl_hs|             mac|  return value|
|ap_idle                |  out|    1|  ap_ctrl_hs|             mac|  return value|
|ap_ready               |  out|    1|  ap_ctrl_hs|             mac|  return value|
|ap_ext_blocking_n      |  out|    1|  ap_ctrl_hs|             mac|  return value|
|ap_str_blocking_n      |  out|    1|  ap_ctrl_hs|             mac|  return value|
|ap_int_blocking_n      |  out|    1|  ap_ctrl_hs|             mac|  return value|
|grp_fu_626_p_din0      |  out|   32|  ap_ctrl_hs|             mac|  return value|
|grp_fu_626_p_din1      |  out|   32|  ap_ctrl_hs|             mac|  return value|
|grp_fu_626_p_opcode    |  out|    1|  ap_ctrl_hs|             mac|  return value|
|grp_fu_626_p_dout0     |   in|   32|  ap_ctrl_hs|             mac|  return value|
|grp_fu_626_p_ce        |  out|    1|  ap_ctrl_hs|             mac|  return value|
|grp_fu_631_p_din0      |  out|   32|  ap_ctrl_hs|             mac|  return value|
|grp_fu_631_p_din1      |  out|   32|  ap_ctrl_hs|             mac|  return value|
|grp_fu_631_p_dout0     |   in|   32|  ap_ctrl_hs|             mac|  return value|
|grp_fu_631_p_ce        |  out|    1|  ap_ctrl_hs|             mac|  return value|
|mat_p_bram_address0    |  out|    6|   ap_memory|      mat_p_bram|         array|
|mat_p_bram_ce0         |  out|    1|   ap_memory|      mat_p_bram|         array|
|mat_p_bram_q0          |   in|   32|   ap_memory|      mat_p_bram|         array|
|z_u_stream_dout        |   in|   32|     ap_fifo|      z_u_stream|       pointer|
|z_u_stream_empty_n     |   in|    1|     ap_fifo|      z_u_stream|       pointer|
|z_u_stream_read        |  out|    1|     ap_fifo|      z_u_stream|       pointer|
|mac_res_stream_din     |  out|   32|     ap_fifo|  mac_res_stream|       pointer|
|mac_res_stream_full_n  |   in|    1|     ap_fifo|  mac_res_stream|       pointer|
|mac_res_stream_write   |  out|    1|     ap_fifo|  mac_res_stream|       pointer|
+-----------------------+-----+-----+------------+----------------+--------------+

