

================================================================
== Vitis HLS Report for 'krnl_bp_Pipeline_l_load_input'
================================================================
* Date:           Tue Aug 13 10:21:30 2024

* Version:        2022.2 (Build 3670227 on Oct 13 2022)
* Project:        krnl_bp
* Solution:       solution (Vitis Kernel Flow Target)
* Product family: virtexuplus
* Target device:  xcu250-figd2104-2L-e


================================================================
== Performance Estimates
================================================================
+ Timing: 
    * Summary: 
    +--------+---------+----------+------------+
    |  Clock |  Target | Estimated| Uncertainty|
    +--------+---------+----------+------------+
    |ap_clk  |  3.33 ns|  2.433 ns|     0.90 ns|
    +--------+---------+----------+------------+

+ Latency: 
    * Summary: 
    +---------+---------+----------+----------+-----+-----+---------+
    |  Latency (cycles) |  Latency (absolute) |  Interval | Pipeline|
    |   min   |   max   |    min   |    max   | min | max |   Type  |
    +---------+---------+----------+----------+-----+-----+---------+
    |       67|       67|  0.223 us|  0.223 us|   67|   67|       no|
    +---------+---------+----------+----------+-----+-----+---------+

    + Detail: 
        * Instance: 
        N/A

        * Loop: 
        +----------------+---------+---------+----------+-----------+-----------+------+----------+
        |                |  Latency (cycles) | Iteration|  Initiation Interval  | Trip |          |
        |    Loop Name   |   min   |   max   |  Latency |  achieved |   target  | Count| Pipelined|
        +----------------+---------+---------+----------+-----------+-----------+------+----------+
        |- l_load_input  |       65|       65|         3|          1|          1|    64|       yes|
        +----------------+---------+---------+----------+-----------+-----------+------+----------+

============================================================
+ Verbose Summary: Synthesis Manager
============================================================
InlineROM: 1
ExposeGlobal: 0
============================================================
+ Verbose Summary: CDFG Model
============================================================
IsTopModel: 0
ResetActiveHigh: 1
IsCombinational: 0
IsDatapathOnly: 0
HasWiredReturn: 1
HasMFsm: 2
HasVarLatency: 1
IsPipeline: 0
IsRtlPipelined: 0
IsInstanceOverlapped: 0
IsDontTouch: 0
HasImplIP: 0
IsGatedGlobalClock: 0

+ Individual pipeline summary: 
  * Pipeline-0: initiation interval (II) = 1, depth = 3


============================================================
+ Verbose Summary: Schedule
============================================================
* Number of FSM states : 3
* Pipeline : 1
  Pipeline-0 : II = 1, D = 3, States = { 1 2 3 }
* Dataflow Pipeline: 0

* FSM state transitions: 
1 --> 2 
2 --> 3 
3 --> 

* FSM state operations: 

State 1 <SV = 0> <Delay = 1.09>
ST_1 : Operation 6 [1/1] (0.00ns)   --->   "%shiftreg128 = alloca i32 1"   --->   Operation 6 'alloca' 'shiftreg128' <Predicate = true> <Delay = 0.00>
ST_1 : Operation 7 [1/1] (0.00ns)   --->   "%i = alloca i32 1"   --->   Operation 7 'alloca' 'i' <Predicate = true> <Delay = 0.00>
ST_1 : Operation 8 [1/1] (0.00ns)   --->   "%sext_ln15_read = read i58 @_ssdm_op_Read.ap_auto.i58, i58 %sext_ln15"   --->   Operation 8 'read' 'sext_ln15_read' <Predicate = true> <Delay = 0.00>
ST_1 : Operation 9 [1/1] (0.00ns)   --->   "%sext_ln15_cast = sext i58 %sext_ln15_read"   --->   Operation 9 'sext' 'sext_ln15_cast' <Predicate = true> <Delay = 0.00>
ST_1 : Operation 10 [1/1] (0.00ns)   --->   "%specinterface_ln0 = specinterface void @_ssdm_op_SpecInterface, i512 %gmem0, void @empty_3, i32 0, i32 0, void @empty_22, i32 64, i32 0, void @empty_1, void @empty_0, void @empty_22, i32 16, i32 16, i32 16, i32 16, void @empty_22, void @empty_22, i32 4294967295, i32 0"   --->   Operation 10 'specinterface' 'specinterface_ln0' <Predicate = true> <Delay = 0.00>
ST_1 : Operation 11 [1/1] (0.38ns)   --->   "%store_ln0 = store i7 0, i7 %i"   --->   Operation 11 'store' 'store_ln0' <Predicate = true> <Delay = 0.38>
ST_1 : Operation 12 [1/1] (0.38ns)   --->   "%store_ln0 = store i480 0, i480 %shiftreg128"   --->   Operation 12 'store' 'store_ln0' <Predicate = true> <Delay = 0.38>
ST_1 : Operation 13 [1/1] (0.00ns)   --->   "%br_ln0 = br void %for.inc.i"   --->   Operation 13 'br' 'br_ln0' <Predicate = true> <Delay = 0.00>
ST_1 : Operation 14 [1/1] (0.00ns)   --->   "%i_4 = load i7 %i" [/home/bsheh002/ADMM07/alveo/src/bp.cpp:15]   --->   Operation 14 'load' 'i_4' <Predicate = true> <Delay = 0.00>
ST_1 : Operation 15 [1/1] (0.59ns)   --->   "%icmp_ln15 = icmp_eq  i7 %i_4, i7 64" [/home/bsheh002/ADMM07/alveo/src/bp.cpp:15]   --->   Operation 15 'icmp' 'icmp_ln15' <Predicate = true> <Delay = 0.59> <CoreInst = "Cmp">   --->   Core 9 'Cmp' <Latency = 0> <II = 1> <Delay = 0.59> <FuncUnit> <Opcode : 'icmp'> <InPorts = 2> <OutPorts = 1>
ST_1 : Operation 16 [1/1] (0.70ns)   --->   "%add_ln15 = add i7 %i_4, i7 1" [/home/bsheh002/ADMM07/alveo/src/bp.cpp:15]   --->   Operation 16 'add' 'add_ln15' <Predicate = true> <Delay = 0.70> <CoreInst = "Adder">   --->   Core 1 'Adder' <Latency = 0> <II = 1> <Delay = 0.70> <FuncUnit> <Opcode : 'add' 'sub'> <InPorts = 2> <OutPorts = 1>
ST_1 : Operation 17 [1/1] (0.00ns)   --->   "%br_ln15 = br i1 %icmp_ln15, void %for.inc.i.split, void %_ZL10load_inputPfS_i.exit.exitStub" [/home/bsheh002/ADMM07/alveo/src/bp.cpp:15]   --->   Operation 17 'br' 'br_ln15' <Predicate = true> <Delay = 0.00>
ST_1 : Operation 18 [1/1] (0.00ns)   --->   "%trunc_ln15 = trunc i7 %i_4" [/home/bsheh002/ADMM07/alveo/src/bp.cpp:15]   --->   Operation 18 'trunc' 'trunc_ln15' <Predicate = (!icmp_ln15)> <Delay = 0.00>
ST_1 : Operation 19 [1/1] (0.65ns)   --->   "%icmp_ln17 = icmp_eq  i4 %trunc_ln15, i4 0" [/home/bsheh002/ADMM07/alveo/src/bp.cpp:17]   --->   Operation 19 'icmp' 'icmp_ln17' <Predicate = (!icmp_ln15)> <Delay = 0.65> <CoreInst = "Cmp">   --->   Core 9 'Cmp' <Latency = 0> <II = 1> <Delay = 0.65> <FuncUnit> <Opcode : 'icmp'> <InPorts = 2> <OutPorts = 1>
ST_1 : Operation 20 [1/1] (0.38ns)   --->   "%store_ln15 = store i7 %add_ln15, i7 %i" [/home/bsheh002/ADMM07/alveo/src/bp.cpp:15]   --->   Operation 20 'store' 'store_ln15' <Predicate = (!icmp_ln15)> <Delay = 0.38>

State 2 <SV = 1> <Delay = 2.43>
ST_2 : Operation 21 [1/1] (0.00ns)   --->   "%specbitsmap_ln0 = specbitsmap void @_ssdm_op_SpecBitsMap, i512 %gmem0"   --->   Operation 21 'specbitsmap' 'specbitsmap_ln0' <Predicate = true> <Delay = 0.00>
ST_2 : Operation 22 [1/1] (0.00ns)   --->   "%gmem0_addr = getelementptr i512 %gmem0, i64 %sext_ln15_cast" [/home/bsheh002/ADMM07/alveo/src/bp.cpp:15]   --->   Operation 22 'getelementptr' 'gmem0_addr' <Predicate = true> <Delay = 0.00>
ST_2 : Operation 23 [1/1] (0.00ns)   --->   "%empty = speclooptripcount i32 @_ssdm_op_SpecLoopTripCount, i64 64, i64 64, i64 64"   --->   Operation 23 'speclooptripcount' 'empty' <Predicate = true> <Delay = 0.00>
ST_2 : Operation 24 [1/1] (2.43ns)   --->   "%gmem0_addr_read = read i512 @_ssdm_op_Read.m_axi.p1i512, i512 %gmem0_addr" [/home/bsheh002/ADMM07/alveo/src/bp.cpp:17]   --->   Operation 24 'read' 'gmem0_addr_read' <Predicate = (!icmp_ln15 & icmp_ln17)> <Delay = 2.43> <CoreInst = "m_axi">   --->   Core 121 'm_axi' <Latency = 0> <II = 1> <Delay = 1.00> <Adapter> <Opcode : 'read' 'write' 'readreq' 'writereq' 'writeresp'>
ST_2 : Operation 40 [1/1] (0.00ns)   --->   "%ret_ln0 = ret"   --->   Operation 40 'ret' 'ret_ln0' <Predicate = (icmp_ln15)> <Delay = 0.00>

State 3 <SV = 2> <Delay = 1.08>
ST_3 : Operation 25 [1/1] (0.00ns)   --->   "%shiftreg128_load = load i480 %shiftreg128" [/home/bsheh002/ADMM07/alveo/src/bp.cpp:15]   --->   Operation 25 'load' 'shiftreg128_load' <Predicate = (!icmp_ln15)> <Delay = 0.00>
ST_3 : Operation 26 [1/1] (0.00ns)   --->   "%zext_ln15 = zext i480 %shiftreg128_load" [/home/bsheh002/ADMM07/alveo/src/bp.cpp:15]   --->   Operation 26 'zext' 'zext_ln15' <Predicate = (!icmp_ln15)> <Delay = 0.00>
ST_3 : Operation 27 [1/1] (0.00ns)   --->   "%zext_ln15_1 = zext i7 %i_4" [/home/bsheh002/ADMM07/alveo/src/bp.cpp:15]   --->   Operation 27 'zext' 'zext_ln15_1' <Predicate = (!icmp_ln15)> <Delay = 0.00>
ST_3 : Operation 28 [1/1] (0.00ns)   --->   "%specpipeline_ln16 = specpipeline void @_ssdm_op_SpecPipeline, i32 4294967295, i32 0, i32 0, i32 0, void @empty_22" [/home/bsheh002/ADMM07/alveo/src/bp.cpp:16]   --->   Operation 28 'specpipeline' 'specpipeline_ln16' <Predicate = (!icmp_ln15)> <Delay = 0.00>
ST_3 : Operation 29 [1/1] (0.00ns)   --->   "%specloopname_ln15 = specloopname void @_ssdm_op_SpecLoopName, void @empty_10" [/home/bsheh002/ADMM07/alveo/src/bp.cpp:15]   --->   Operation 29 'specloopname' 'specloopname_ln15' <Predicate = (!icmp_ln15)> <Delay = 0.00>
ST_3 : Operation 30 [1/1] (0.38ns)   --->   "%br_ln17 = br i1 %icmp_ln17, void %for.inc.i.split._crit_edge, void" [/home/bsheh002/ADMM07/alveo/src/bp.cpp:17]   --->   Operation 30 'br' 'br_ln17' <Predicate = (!icmp_ln15)> <Delay = 0.38>
ST_3 : Operation 31 [1/1] (0.38ns)   --->   "%br_ln17 = br void %for.inc.i.split._crit_edge" [/home/bsheh002/ADMM07/alveo/src/bp.cpp:17]   --->   Operation 31 'br' 'br_ln17' <Predicate = (!icmp_ln15 & icmp_ln17)> <Delay = 0.38>
ST_3 : Operation 32 [1/1] (0.00ns)   --->   "%empty_51 = phi i512 %gmem0_addr_read, void, i512 %zext_ln15, void %for.inc.i.split" [/home/bsheh002/ADMM07/alveo/src/bp.cpp:17]   --->   Operation 32 'phi' 'empty_51' <Predicate = true> <Delay = 0.00>
ST_3 : Operation 33 [1/1] (0.00ns)   --->   "%trunc_ln17 = trunc i512 %empty_51" [/home/bsheh002/ADMM07/alveo/src/bp.cpp:17]   --->   Operation 33 'trunc' 'trunc_ln17' <Predicate = true> <Delay = 0.00>
ST_3 : Operation 34 [1/1] (0.00ns)   --->   "%bitcast_ln17 = bitcast i32 %trunc_ln17" [/home/bsheh002/ADMM07/alveo/src/bp.cpp:17]   --->   Operation 34 'bitcast' 'bitcast_ln17' <Predicate = true> <Delay = 0.00>
ST_3 : Operation 35 [1/1] (0.00ns)   --->   "%trunc_ln17_2 = partselect i480 @_ssdm_op_PartSelect.i480.i512.i32.i32, i512 %empty_51, i32 32, i32 511" [/home/bsheh002/ADMM07/alveo/src/bp.cpp:17]   --->   Operation 35 'partselect' 'trunc_ln17_2' <Predicate = true> <Delay = 0.00>
ST_3 : Operation 36 [1/1] (0.00ns)   --->   "%mat_p_bram_addr = getelementptr i32 %mat_p_bram, i64 0, i64 %zext_ln15_1" [/home/bsheh002/ADMM07/alveo/src/bp.cpp:17]   --->   Operation 36 'getelementptr' 'mat_p_bram_addr' <Predicate = true> <Delay = 0.00>
ST_3 : Operation 37 [1/1] (0.69ns)   --->   "%store_ln17 = store i32 %bitcast_ln17, i6 %mat_p_bram_addr" [/home/bsheh002/ADMM07/alveo/src/bp.cpp:17]   --->   Operation 37 'store' 'store_ln17' <Predicate = true> <Delay = 0.69> <CoreInst = "RAM">   --->   Core 83 'RAM' <Latency = 1> <II = 1> <Delay = 0.69> <Storage> <Opcode : 'load' 'store'> <Ports = 2> <Width = 32> <Depth = 64> <RAM>
ST_3 : Operation 38 [1/1] (0.38ns)   --->   "%store_ln15 = store i480 %trunc_ln17_2, i480 %shiftreg128" [/home/bsheh002/ADMM07/alveo/src/bp.cpp:15]   --->   Operation 38 'store' 'store_ln15' <Predicate = true> <Delay = 0.38>
ST_3 : Operation 39 [1/1] (0.00ns)   --->   "%br_ln15 = br void %for.inc.i" [/home/bsheh002/ADMM07/alveo/src/bp.cpp:15]   --->   Operation 39 'br' 'br_ln15' <Predicate = true> <Delay = 0.00>


============================================================
+ Verbose Summary: Binding
============================================================
STG Binding: 
---------------- STG Properties BEGIN ----------------
- Is combinational: 0
- Is one-state seq: 0
- Is datapath-only: 0
- Is pipelined: 0
- Is top level: 0
Port [ Return ] is wired: 1; IO mode=ap_ctrl_hs:ce=0
Port [ gmem0]:  wired=1; compound=1; hidden=0; nouse=0; global=0; static=0; extern=0; dir=0; type=4; pingpong=0; private_global=0; IO mode=m_axi:ce=0
Port [ sext_ln15]:  wired=1; compound=0; hidden=0; nouse=0; global=0; static=0; extern=0; dir=0; type=0; pingpong=0; private_global=0; IO mode=ap_none:ce=0
Port [ mat_p_bram]:  wired=1; compound=1; hidden=0; nouse=0; global=1; static=1; extern=0; dir=1; type=1; pingpong=0; private_global=0; MemPort=[03]; IO mode=ap_memory:ce=0
---------------- STG Properties END ------------------

---------------- Datapath Model BEGIN ----------------

<LifeTime>
<method=bitvector/>
shiftreg128       (alloca           ) [ 0111]
i                 (alloca           ) [ 0100]
sext_ln15_read    (read             ) [ 0000]
sext_ln15_cast    (sext             ) [ 0110]
specinterface_ln0 (specinterface    ) [ 0000]
store_ln0         (store            ) [ 0000]
store_ln0         (store            ) [ 0000]
br_ln0            (br               ) [ 0000]
i_4               (load             ) [ 0111]
icmp_ln15         (icmp             ) [ 0111]
add_ln15          (add              ) [ 0000]
br_ln15           (br               ) [ 0000]
trunc_ln15        (trunc            ) [ 0000]
icmp_ln17         (icmp             ) [ 0111]
store_ln15        (store            ) [ 0000]
specbitsmap_ln0   (specbitsmap      ) [ 0000]
gmem0_addr        (getelementptr    ) [ 0000]
empty             (speclooptripcount) [ 0000]
gmem0_addr_read   (read             ) [ 0101]
shiftreg128_load  (load             ) [ 0000]
zext_ln15         (zext             ) [ 0000]
zext_ln15_1       (zext             ) [ 0000]
specpipeline_ln16 (specpipeline     ) [ 0000]
specloopname_ln15 (specloopname     ) [ 0000]
br_ln17           (br               ) [ 0000]
br_ln17           (br               ) [ 0000]
empty_51          (phi              ) [ 0101]
trunc_ln17        (trunc            ) [ 0000]
bitcast_ln17      (bitcast          ) [ 0000]
trunc_ln17_2      (partselect       ) [ 0000]
mat_p_bram_addr   (getelementptr    ) [ 0000]
store_ln17        (store            ) [ 0000]
store_ln15        (store            ) [ 0000]
br_ln15           (br               ) [ 0000]
ret_ln0           (ret              ) [ 0000]
</LifeTime>

<model>

<comp_list>
<comp id="0" class="1000" name="gmem0">
<pin_list>
<pin id="1" dir="1" index="0" bw="1" slack="0"/>
</pin_list>
<bind>
<StgValue><ssdm name="gmem0"/></StgValue>
</bind>
</comp>

<comp id="2" class="1000" name="sext_ln15">
<pin_list>
<pin id="3" dir="1" index="0" bw="1" slack="0"/>
</pin_list>
<bind>
<StgValue><ssdm name="sext_ln15"/></StgValue>
</bind>
</comp>

<comp id="4" class="1000" name="mat_p_bram">
<pin_list>
<pin id="5" dir="1" index="0" bw="1" slack="0"/>
</pin_list>
<bind>
<StgValue><ssdm name="mat_p_bram"/><MemPortTyVec>0 3 </MemPortTyVec>
</StgValue>
</bind>
</comp>

<comp id="6" class="1001" name="const_6">
<pin_list>
<pin id="7" dir="1" index="0" bw="1" slack="0"/>
</pin_list>
<bind>
<StgValue><ssdm name=""/></StgValue>
</bind>
</comp>

<comp id="8" class="1001" name="const_8">
<pin_list>
<pin id="9" dir="1" index="0" bw="1" slack="0"/>
</pin_list>
<bind>
<StgValue><ssdm name="_ssdm_op_Read.ap_auto.i58"/></StgValue>
</bind>
</comp>

<comp id="10" class="1001" name="const_10">
<pin_list>
<pin id="11" dir="1" index="0" bw="1" slack="2147483647"/>
</pin_list>
<bind>
<StgValue><ssdm name="_ssdm_op_SpecInterface"/></StgValue>
</bind>
</comp>

<comp id="12" class="1001" name="const_12">
<pin_list>
<pin id="13" dir="1" index="0" bw="1" slack="2147483647"/>
</pin_list>
<bind>
<StgValue><ssdm name="empty_3"/></StgValue>
</bind>
</comp>

<comp id="14" class="1001" name="const_14">
<pin_list>
<pin id="15" dir="1" index="0" bw="1" slack="2147483647"/>
</pin_list>
<bind>
<StgValue><ssdm name=""/></StgValue>
</bind>
</comp>

<comp id="16" class="1001" name="const_16">
<pin_list>
<pin id="17" dir="1" index="0" bw="1" slack="2147483647"/>
</pin_list>
<bind>
<StgValue><ssdm name="empty_22"/></StgValue>
</bind>
</comp>

<comp id="18" class="1001" name="const_18">
<pin_list>
<pin id="19" dir="1" index="0" bw="1" slack="2147483647"/>
</pin_list>
<bind>
<StgValue><ssdm name=""/></StgValue>
</bind>
</comp>

<comp id="20" class="1001" name="const_20">
<pin_list>
<pin id="21" dir="1" index="0" bw="1" slack="2147483647"/>
</pin_list>
<bind>
<StgValue><ssdm name="empty_1"/></StgValue>
</bind>
</comp>

<comp id="22" class="1001" name="const_22">
<pin_list>
<pin id="23" dir="1" index="0" bw="1" slack="2147483647"/>
</pin_list>
<bind>
<StgValue><ssdm name="empty_0"/></StgValue>
</bind>
</comp>

<comp id="24" class="1001" name="const_24">
<pin_list>
<pin id="25" dir="1" index="0" bw="1" slack="2147483647"/>
</pin_list>
<bind>
<StgValue><ssdm name=""/></StgValue>
</bind>
</comp>

<comp id="26" class="1001" name="const_26">
<pin_list>
<pin id="27" dir="1" index="0" bw="1" slack="2147483647"/>
</pin_list>
<bind>
<StgValue><ssdm name=""/></StgValue>
</bind>
</comp>

<comp id="28" class="1001" name="const_28">
<pin_list>
<pin id="29" dir="1" index="0" bw="1" slack="0"/>
</pin_list>
<bind>
<StgValue><ssdm name=""/></StgValue>
</bind>
</comp>

<comp id="30" class="1001" name="const_30">
<pin_list>
<pin id="31" dir="1" index="0" bw="1" slack="0"/>
</pin_list>
<bind>
<StgValue><ssdm name=""/></StgValue>
</bind>
</comp>

<comp id="32" class="1001" name="const_32">
<pin_list>
<pin id="33" dir="1" index="0" bw="1" slack="0"/>
</pin_list>
<bind>
<StgValue><ssdm name=""/></StgValue>
</bind>
</comp>

<comp id="34" class="1001" name="const_34">
<pin_list>
<pin id="35" dir="1" index="0" bw="1" slack="0"/>
</pin_list>
<bind>
<StgValue><ssdm name=""/></StgValue>
</bind>
</comp>

<comp id="36" class="1001" name="const_36">
<pin_list>
<pin id="37" dir="1" index="0" bw="1" slack="0"/>
</pin_list>
<bind>
<StgValue><ssdm name=""/></StgValue>
</bind>
</comp>

<comp id="38" class="1001" name="const_38">
<pin_list>
<pin id="39" dir="1" index="0" bw="1" slack="2147483647"/>
</pin_list>
<bind>
<StgValue><ssdm name="_ssdm_op_SpecBitsMap"/></StgValue>
</bind>
</comp>

<comp id="40" class="1001" name="const_40">
<pin_list>
<pin id="41" dir="1" index="0" bw="1" slack="2147483647"/>
</pin_list>
<bind>
<StgValue><ssdm name="_ssdm_op_SpecLoopTripCount"/></StgValue>
</bind>
</comp>

<comp id="42" class="1001" name="const_42">
<pin_list>
<pin id="43" dir="1" index="0" bw="1" slack="2147483647"/>
</pin_list>
<bind>
<StgValue><ssdm name=""/></StgValue>
</bind>
</comp>

<comp id="44" class="1001" name="const_44">
<pin_list>
<pin id="45" dir="1" index="0" bw="1" slack="0"/>
</pin_list>
<bind>
<StgValue><ssdm name="_ssdm_op_Read.m_axi.p1i512"/></StgValue>
</bind>
</comp>

<comp id="46" class="1001" name="const_46">
<pin_list>
<pin id="47" dir="1" index="0" bw="1" slack="2147483647"/>
</pin_list>
<bind>
<StgValue><ssdm name="_ssdm_op_SpecPipeline"/></StgValue>
</bind>
</comp>

<comp id="48" class="1001" name="const_48">
<pin_list>
<pin id="49" dir="1" index="0" bw="1" slack="2147483647"/>
</pin_list>
<bind>
<StgValue><ssdm name="_ssdm_op_SpecLoopName"/></StgValue>
</bind>
</comp>

<comp id="50" class="1001" name="const_50">
<pin_list>
<pin id="51" dir="1" index="0" bw="1" slack="2147483647"/>
</pin_list>
<bind>
<StgValue><ssdm name="empty_10"/></StgValue>
</bind>
</comp>

<comp id="52" class="1001" name="const_52">
<pin_list>
<pin id="53" dir="1" index="0" bw="1" slack="0"/>
</pin_list>
<bind>
<StgValue><ssdm name="_ssdm_op_PartSelect.i480.i512.i32.i32"/></StgValue>
</bind>
</comp>

<comp id="54" class="1001" name="const_54">
<pin_list>
<pin id="55" dir="1" index="0" bw="1" slack="0"/>
</pin_list>
<bind>
<StgValue><ssdm name=""/></StgValue>
</bind>
</comp>

<comp id="56" class="1001" name="const_56">
<pin_list>
<pin id="57" dir="1" index="0" bw="1" slack="0"/>
</pin_list>
<bind>
<StgValue><ssdm name=""/></StgValue>
</bind>
</comp>

<comp id="58" class="1001" name="const_58">
<pin_list>
<pin id="59" dir="1" index="0" bw="1" slack="0"/>
</pin_list>
<bind>
<StgValue><ssdm name=""/></StgValue>
</bind>
</comp>

<comp id="60" class="1004" name="shiftreg128_fu_60">
<pin_list>
<pin id="61" dir="0" index="0" bw="1" slack="0"/>
<pin id="62" dir="1" index="1" bw="480" slack="0"/>
</pin_list>
<bind>
<opcode="alloca(26) " fcode="alloca"/>
<opset="shiftreg128/1 "/>
</bind>
</comp>

<comp id="64" class="1004" name="i_fu_64">
<pin_list>
<pin id="65" dir="0" index="0" bw="1" slack="0"/>
<pin id="66" dir="1" index="1" bw="7" slack="0"/>
</pin_list>
<bind>
<opcode="alloca(26) " fcode="alloca"/>
<opset="i/1 "/>
</bind>
</comp>

<comp id="68" class="1004" name="sext_ln15_read_read_fu_68">
<pin_list>
<pin id="69" dir="0" index="0" bw="58" slack="0"/>
<pin id="70" dir="0" index="1" bw="58" slack="0"/>
<pin id="71" dir="1" index="2" bw="58" slack="0"/>
</pin_list>
<bind>
<opcode="read(1150) " fcode="read"/>
<opset="sext_ln15_read/1 "/>
</bind>
</comp>

<comp id="74" class="1004" name="gmem0_addr_read_read_fu_74">
<pin_list>
<pin id="75" dir="0" index="0" bw="512" slack="0"/>
<pin id="76" dir="0" index="1" bw="512" slack="0"/>
<pin id="77" dir="1" index="2" bw="512" slack="1"/>
</pin_list>
<bind>
<opcode="read(1150) " fcode="read"/>
<opset="gmem0_addr_read/2 "/>
</bind>
</comp>

<comp id="79" class="1004" name="mat_p_bram_addr_gep_fu_79">
<pin_list>
<pin id="80" dir="0" index="0" bw="32" slack="0"/>
<pin id="81" dir="0" index="1" bw="1" slack="0"/>
<pin id="82" dir="0" index="2" bw="7" slack="0"/>
<pin id="83" dir="1" index="3" bw="6" slack="0"/>
</pin_list>
<bind>
<opcode="getelementptr(29) " fcode="getelementptr"/>
<opset="mat_p_bram_addr/3 "/>
</bind>
</comp>

<comp id="86" class="1004" name="store_ln17_access_fu_86">
<pin_list>
<pin id="87" dir="0" index="0" bw="6" slack="0"/>
<pin id="88" dir="0" index="1" bw="32" slack="0"/>
<pin id="89" dir="0" index="2" bw="0" slack="2147483647"/>
<pin id="90" dir="1" index="3" bw="32" slack="2147483647"/>
</pin_list>
<bind>
<opcode="store(28) " fcode="store"/>
<opset="store_ln17/3 "/>
</bind>
</comp>

<comp id="92" class="1005" name="empty_51_reg_92">
<pin_list>
<pin id="93" dir="0" index="0" bw="512" slack="2147483647"/>
<pin id="94" dir="1" index="1" bw="512" slack="2147483647"/>
</pin_list>
<bind>
<opset="empty_51 (phireg) "/>
</bind>
</comp>

<comp id="95" class="1004" name="empty_51_phi_fu_95">
<pin_list>
<pin id="96" dir="0" index="0" bw="512" slack="1"/>
<pin id="97" dir="0" index="1" bw="0" slack="2147483647"/>
<pin id="98" dir="0" index="2" bw="480" slack="0"/>
<pin id="99" dir="0" index="3" bw="0" slack="2147483647"/>
<pin id="100" dir="1" index="4" bw="512" slack="0"/>
</pin_list>
<bind>
<opcode="phi(47) " fcode="phi"/>
<opset="empty_51/3 "/>
</bind>
</comp>

<comp id="101" class="1004" name="sext_ln15_cast_fu_101">
<pin_list>
<pin id="102" dir="0" index="0" bw="58" slack="0"/>
<pin id="103" dir="1" index="1" bw="64" slack="1"/>
</pin_list>
<bind>
<opcode="sext(35) " fcode="sext"/>
<opset="sext_ln15_cast/1 "/>
</bind>
</comp>

<comp id="105" class="1004" name="store_ln0_store_fu_105">
<pin_list>
<pin id="106" dir="0" index="0" bw="1" slack="0"/>
<pin id="107" dir="0" index="1" bw="7" slack="0"/>
<pin id="108" dir="1" index="2" bw="0" slack="2147483647"/>
</pin_list>
<bind>
<opcode="store(28) " fcode="store"/>
<opset="store_ln0/1 "/>
</bind>
</comp>

<comp id="110" class="1004" name="store_ln0_store_fu_110">
<pin_list>
<pin id="111" dir="0" index="0" bw="1" slack="0"/>
<pin id="112" dir="0" index="1" bw="480" slack="0"/>
<pin id="113" dir="1" index="2" bw="0" slack="2147483647"/>
</pin_list>
<bind>
<opcode="store(28) " fcode="store"/>
<opset="store_ln0/1 "/>
</bind>
</comp>

<comp id="115" class="1004" name="i_4_load_fu_115">
<pin_list>
<pin id="116" dir="0" index="0" bw="7" slack="0"/>
<pin id="117" dir="1" index="1" bw="7" slack="0"/>
</pin_list>
<bind>
<opcode="load(27) " fcode="load"/>
<opset="i_4/1 "/>
</bind>
</comp>

<comp id="118" class="1004" name="icmp_ln15_fu_118">
<pin_list>
<pin id="119" dir="0" index="0" bw="7" slack="0"/>
<pin id="120" dir="0" index="1" bw="7" slack="0"/>
<pin id="121" dir="1" index="2" bw="1" slack="1"/>
</pin_list>
<bind>
<opcode="icmp(45) " fcode="icmp"/>
<opset="icmp_ln15/1 "/>
</bind>
</comp>

<comp id="124" class="1004" name="add_ln15_fu_124">
<pin_list>
<pin id="125" dir="0" index="0" bw="7" slack="0"/>
<pin id="126" dir="0" index="1" bw="1" slack="0"/>
<pin id="127" dir="1" index="2" bw="7" slack="0"/>
</pin_list>
<bind>
<opcode="add(8) " fcode="add"/>
<opset="add_ln15/1 "/>
</bind>
</comp>

<comp id="130" class="1004" name="trunc_ln15_fu_130">
<pin_list>
<pin id="131" dir="0" index="0" bw="7" slack="0"/>
<pin id="132" dir="1" index="1" bw="4" slack="0"/>
</pin_list>
<bind>
<opcode="trunc(33) " fcode="trunc"/>
<opset="trunc_ln15/1 "/>
</bind>
</comp>

<comp id="134" class="1004" name="icmp_ln17_fu_134">
<pin_list>
<pin id="135" dir="0" index="0" bw="4" slack="0"/>
<pin id="136" dir="0" index="1" bw="1" slack="0"/>
<pin id="137" dir="1" index="2" bw="1" slack="1"/>
</pin_list>
<bind>
<opcode="icmp(45) " fcode="icmp"/>
<opset="icmp_ln17/1 "/>
</bind>
</comp>

<comp id="140" class="1004" name="store_ln15_store_fu_140">
<pin_list>
<pin id="141" dir="0" index="0" bw="7" slack="0"/>
<pin id="142" dir="0" index="1" bw="7" slack="0"/>
<pin id="143" dir="1" index="2" bw="0" slack="2147483647"/>
</pin_list>
<bind>
<opcode="store(28) " fcode="store"/>
<opset="store_ln15/1 "/>
</bind>
</comp>

<comp id="145" class="1004" name="gmem0_addr_fu_145">
<pin_list>
<pin id="146" dir="0" index="0" bw="512" slack="0"/>
<pin id="147" dir="0" index="1" bw="58" slack="1"/>
<pin id="148" dir="1" index="2" bw="512" slack="0"/>
</pin_list>
<bind>
<opcode="getelementptr(29) " fcode="getelementptr"/>
<opset="gmem0_addr/2 "/>
</bind>
</comp>

<comp id="151" class="1004" name="shiftreg128_load_load_fu_151">
<pin_list>
<pin id="152" dir="0" index="0" bw="480" slack="2"/>
<pin id="153" dir="1" index="1" bw="480" slack="0"/>
</pin_list>
<bind>
<opcode="load(27) " fcode="load"/>
<opset="shiftreg128_load/3 "/>
</bind>
</comp>

<comp id="154" class="1004" name="zext_ln15_fu_154">
<pin_list>
<pin id="155" dir="0" index="0" bw="480" slack="0"/>
<pin id="156" dir="1" index="1" bw="512" slack="0"/>
</pin_list>
<bind>
<opcode="zext(34) " fcode="zext"/>
<opset="zext_ln15/3 "/>
</bind>
</comp>

<comp id="159" class="1004" name="zext_ln15_1_fu_159">
<pin_list>
<pin id="160" dir="0" index="0" bw="7" slack="2"/>
<pin id="161" dir="1" index="1" bw="64" slack="0"/>
</pin_list>
<bind>
<opcode="zext(34) " fcode="zext"/>
<opset="zext_ln15_1/3 "/>
</bind>
</comp>

<comp id="163" class="1004" name="trunc_ln17_fu_163">
<pin_list>
<pin id="164" dir="0" index="0" bw="512" slack="0"/>
<pin id="165" dir="1" index="1" bw="32" slack="0"/>
</pin_list>
<bind>
<opcode="trunc(33) " fcode="trunc"/>
<opset="trunc_ln17/3 "/>
</bind>
</comp>

<comp id="167" class="1004" name="bitcast_ln17_fu_167">
<pin_list>
<pin id="168" dir="0" index="0" bw="32" slack="0"/>
<pin id="169" dir="1" index="1" bw="32" slack="0"/>
</pin_list>
<bind>
<opcode="bitcast(44) " fcode="bitcast"/>
<opset="bitcast_ln17/3 "/>
</bind>
</comp>

<comp id="172" class="1004" name="trunc_ln17_2_fu_172">
<pin_list>
<pin id="173" dir="0" index="0" bw="480" slack="0"/>
<pin id="174" dir="0" index="1" bw="512" slack="0"/>
<pin id="175" dir="0" index="2" bw="7" slack="0"/>
<pin id="176" dir="0" index="3" bw="10" slack="0"/>
<pin id="177" dir="1" index="4" bw="480" slack="0"/>
</pin_list>
<bind>
<opcode="partselect(1002) " fcode="partselect"/>
<opset="trunc_ln17_2/3 "/>
</bind>
</comp>

<comp id="182" class="1004" name="store_ln15_store_fu_182">
<pin_list>
<pin id="183" dir="0" index="0" bw="480" slack="0"/>
<pin id="184" dir="0" index="1" bw="480" slack="2"/>
<pin id="185" dir="1" index="2" bw="0" slack="2147483647"/>
</pin_list>
<bind>
<opcode="store(28) " fcode="store"/>
<opset="store_ln15/3 "/>
</bind>
</comp>

<comp id="187" class="1005" name="shiftreg128_reg_187">
<pin_list>
<pin id="188" dir="0" index="0" bw="480" slack="0"/>
<pin id="189" dir="1" index="1" bw="480" slack="0"/>
</pin_list>
<bind>
<opset="shiftreg128 "/>
</bind>
</comp>

<comp id="194" class="1005" name="i_reg_194">
<pin_list>
<pin id="195" dir="0" index="0" bw="7" slack="0"/>
<pin id="196" dir="1" index="1" bw="7" slack="0"/>
</pin_list>
<bind>
<opset="i "/>
</bind>
</comp>

<comp id="201" class="1005" name="sext_ln15_cast_reg_201">
<pin_list>
<pin id="202" dir="0" index="0" bw="64" slack="1"/>
<pin id="203" dir="1" index="1" bw="64" slack="1"/>
</pin_list>
<bind>
<opset="sext_ln15_cast "/>
</bind>
</comp>

<comp id="206" class="1005" name="i_4_reg_206">
<pin_list>
<pin id="207" dir="0" index="0" bw="7" slack="2"/>
<pin id="208" dir="1" index="1" bw="7" slack="2"/>
</pin_list>
<bind>
<opset="i_4 "/>
</bind>
</comp>

<comp id="211" class="1005" name="icmp_ln15_reg_211">
<pin_list>
<pin id="212" dir="0" index="0" bw="1" slack="1"/>
<pin id="213" dir="1" index="1" bw="1" slack="2147483647"/>
</pin_list>
<bind>
<opset="icmp_ln15 "/>
</bind>
</comp>

<comp id="215" class="1005" name="icmp_ln17_reg_215">
<pin_list>
<pin id="216" dir="0" index="0" bw="1" slack="1"/>
<pin id="217" dir="1" index="1" bw="1" slack="2147483647"/>
</pin_list>
<bind>
<opset="icmp_ln17 "/>
</bind>
</comp>

<comp id="219" class="1005" name="gmem0_addr_read_reg_219">
<pin_list>
<pin id="220" dir="0" index="0" bw="512" slack="1"/>
<pin id="221" dir="1" index="1" bw="512" slack="1"/>
</pin_list>
<bind>
<opset="gmem0_addr_read "/>
</bind>
</comp>

</comp_list>

<net_list>
<net id="63"><net_src comp="6" pin="0"/><net_sink comp="60" pin=0"/></net>

<net id="67"><net_src comp="6" pin="0"/><net_sink comp="64" pin=0"/></net>

<net id="72"><net_src comp="8" pin="0"/><net_sink comp="68" pin=0"/></net>

<net id="73"><net_src comp="2" pin="0"/><net_sink comp="68" pin=1"/></net>

<net id="78"><net_src comp="44" pin="0"/><net_sink comp="74" pin=0"/></net>

<net id="84"><net_src comp="4" pin="0"/><net_sink comp="79" pin=0"/></net>

<net id="85"><net_src comp="58" pin="0"/><net_sink comp="79" pin=1"/></net>

<net id="91"><net_src comp="79" pin="3"/><net_sink comp="86" pin=0"/></net>

<net id="104"><net_src comp="68" pin="2"/><net_sink comp="101" pin=0"/></net>

<net id="109"><net_src comp="28" pin="0"/><net_sink comp="105" pin=0"/></net>

<net id="114"><net_src comp="30" pin="0"/><net_sink comp="110" pin=0"/></net>

<net id="122"><net_src comp="115" pin="1"/><net_sink comp="118" pin=0"/></net>

<net id="123"><net_src comp="32" pin="0"/><net_sink comp="118" pin=1"/></net>

<net id="128"><net_src comp="115" pin="1"/><net_sink comp="124" pin=0"/></net>

<net id="129"><net_src comp="34" pin="0"/><net_sink comp="124" pin=1"/></net>

<net id="133"><net_src comp="115" pin="1"/><net_sink comp="130" pin=0"/></net>

<net id="138"><net_src comp="130" pin="1"/><net_sink comp="134" pin=0"/></net>

<net id="139"><net_src comp="36" pin="0"/><net_sink comp="134" pin=1"/></net>

<net id="144"><net_src comp="124" pin="2"/><net_sink comp="140" pin=0"/></net>

<net id="149"><net_src comp="0" pin="0"/><net_sink comp="145" pin=0"/></net>

<net id="150"><net_src comp="145" pin="2"/><net_sink comp="74" pin=1"/></net>

<net id="157"><net_src comp="151" pin="1"/><net_sink comp="154" pin=0"/></net>

<net id="158"><net_src comp="154" pin="1"/><net_sink comp="95" pin=2"/></net>

<net id="162"><net_src comp="159" pin="1"/><net_sink comp="79" pin=2"/></net>

<net id="166"><net_src comp="95" pin="4"/><net_sink comp="163" pin=0"/></net>

<net id="170"><net_src comp="163" pin="1"/><net_sink comp="167" pin=0"/></net>

<net id="171"><net_src comp="167" pin="1"/><net_sink comp="86" pin=1"/></net>

<net id="178"><net_src comp="52" pin="0"/><net_sink comp="172" pin=0"/></net>

<net id="179"><net_src comp="95" pin="4"/><net_sink comp="172" pin=1"/></net>

<net id="180"><net_src comp="54" pin="0"/><net_sink comp="172" pin=2"/></net>

<net id="181"><net_src comp="56" pin="0"/><net_sink comp="172" pin=3"/></net>

<net id="186"><net_src comp="172" pin="4"/><net_sink comp="182" pin=0"/></net>

<net id="190"><net_src comp="60" pin="1"/><net_sink comp="187" pin=0"/></net>

<net id="191"><net_src comp="187" pin="1"/><net_sink comp="110" pin=1"/></net>

<net id="192"><net_src comp="187" pin="1"/><net_sink comp="151" pin=0"/></net>

<net id="193"><net_src comp="187" pin="1"/><net_sink comp="182" pin=1"/></net>

<net id="197"><net_src comp="64" pin="1"/><net_sink comp="194" pin=0"/></net>

<net id="198"><net_src comp="194" pin="1"/><net_sink comp="105" pin=1"/></net>

<net id="199"><net_src comp="194" pin="1"/><net_sink comp="115" pin=0"/></net>

<net id="200"><net_src comp="194" pin="1"/><net_sink comp="140" pin=1"/></net>

<net id="204"><net_src comp="101" pin="1"/><net_sink comp="201" pin=0"/></net>

<net id="205"><net_src comp="201" pin="1"/><net_sink comp="145" pin=1"/></net>

<net id="209"><net_src comp="115" pin="1"/><net_sink comp="206" pin=0"/></net>

<net id="210"><net_src comp="206" pin="1"/><net_sink comp="159" pin=0"/></net>

<net id="214"><net_src comp="118" pin="2"/><net_sink comp="211" pin=0"/></net>

<net id="218"><net_src comp="134" pin="2"/><net_sink comp="215" pin=0"/></net>

<net id="222"><net_src comp="74" pin="2"/><net_sink comp="219" pin=0"/></net>

<net id="223"><net_src comp="219" pin="1"/><net_sink comp="95" pin=0"/></net>

</net_list>

</model> 
---------------- Datapath Model END ------------------

* FSMD analyzer results:
  - Output states:
	Port: mat_p_bram | {3 }
 - Input state : 
	Port: krnl_bp_Pipeline_l_load_input : gmem0 | {2 }
	Port: krnl_bp_Pipeline_l_load_input : sext_ln15 | {1 }
  - Chain level:
	State 1
		store_ln0 : 1
		store_ln0 : 1
		i_4 : 1
		icmp_ln15 : 2
		add_ln15 : 2
		br_ln15 : 3
		trunc_ln15 : 2
		icmp_ln17 : 3
		store_ln15 : 3
	State 2
		gmem0_addr_read : 1
	State 3
		zext_ln15 : 1
		empty_51 : 2
		trunc_ln17 : 3
		bitcast_ln17 : 4
		trunc_ln17_2 : 3
		mat_p_bram_addr : 1
		store_ln17 : 5
		store_ln15 : 4


============================================================
+ Verbose Summary: Datapath Resource usage 
============================================================

* Functional unit list:
|----------|----------------------------|---------|---------|
| Operation|       Functional Unit      |    FF   |   LUT   |
|----------|----------------------------|---------|---------|
|   icmp   |      icmp_ln15_fu_118      |    0    |    10   |
|          |      icmp_ln17_fu_134      |    0    |    9    |
|----------|----------------------------|---------|---------|
|    add   |       add_ln15_fu_124      |    0    |    14   |
|----------|----------------------------|---------|---------|
|   read   |  sext_ln15_read_read_fu_68 |    0    |    0    |
|          | gmem0_addr_read_read_fu_74 |    0    |    0    |
|----------|----------------------------|---------|---------|
|   sext   |    sext_ln15_cast_fu_101   |    0    |    0    |
|----------|----------------------------|---------|---------|
|   trunc  |      trunc_ln15_fu_130     |    0    |    0    |
|          |      trunc_ln17_fu_163     |    0    |    0    |
|----------|----------------------------|---------|---------|
|   zext   |      zext_ln15_fu_154      |    0    |    0    |
|          |     zext_ln15_1_fu_159     |    0    |    0    |
|----------|----------------------------|---------|---------|
|partselect|     trunc_ln17_2_fu_172    |    0    |    0    |
|----------|----------------------------|---------|---------|
|   Total  |                            |    0    |    33   |
|----------|----------------------------|---------|---------|

Memories:
N/A

* Register list:
+-----------------------+--------+
|                       |   FF   |
+-----------------------+--------+
|    empty_51_reg_92    |   512  |
|gmem0_addr_read_reg_219|   512  |
|      i_4_reg_206      |    7   |
|       i_reg_194       |    7   |
|   icmp_ln15_reg_211   |    1   |
|   icmp_ln17_reg_215   |    1   |
| sext_ln15_cast_reg_201|   64   |
|  shiftreg128_reg_187  |   480  |
+-----------------------+--------+
|         Total         |  1584  |
+-----------------------+--------+

* Multiplexer (MUX) list: 
|--------|------|------|------|--------|
|  Comp  |  Pin | Size |  BW  | S x BW |
|--------|------|------|------|--------|
|  Total |      |      |      |    0   |
|--------|------|------|------|--------|



* Summary:
+-----------+--------+--------+
|           |   FF   |   LUT  |
+-----------+--------+--------+
|  Function |    0   |   33   |
|   Memory  |    -   |    -   |
|Multiplexer|    -   |    -   |
|  Register |  1584  |    -   |
+-----------+--------+--------+
|   Total   |  1584  |   33   |
+-----------+--------+--------+
