

================================================================
== Vitis HLS Report for 'replicate_stream'
================================================================
* Date:           Tue Aug 13 10:21:31 2024

* Version:        2022.2 (Build 3670227 on Oct 13 2022)
* Project:        krnl_bp
* Solution:       solution (Vitis Kernel Flow Target)
* Product family: virtexuplus
* Target device:  xcu250-figd2104-2L-e


================================================================
== Performance Estimates
================================================================
+ Timing: 
    * Summary: 
    +--------+---------+----------+------------+
    |  Clock |  Target | Estimated| Uncertainty|
    +--------+---------+----------+------------+
    |ap_clk  |  3.33 ns|  2.433 ns|     0.90 ns|
    +--------+---------+----------+------------+

+ Latency: 
    * Summary: 
    +---------+---------+-----------+-----------+-----+-----+---------+
    |  Latency (cycles) |   Latency (absolute)  |  Interval | Pipeline|
    |   min   |   max   |    min    |    max    | min | max |   Type  |
    +---------+---------+-----------+-----------+-----+-----+---------+
    |        7|        7|  23.331 ns|  23.331 ns|    8|    8|      yes|
    +---------+---------+-----------+-----------+-----+-----+---------+

    + Detail: 
        * Instance: 
        N/A

        * Loop: 
        N/A

============================================================
+ Verbose Summary: Synthesis Manager
============================================================
InlineROM: 1
ExposeGlobal: 0
============================================================
+ Verbose Summary: CDFG Model
============================================================
IsTopModel: 0
ResetActiveHigh: 1
IsCombinational: 0
IsDatapathOnly: 0
HasWiredReturn: 1
HasMFsm: 2
HasVarLatency: 0
IsPipeline: 1
IsRtlPipelined: 0
IsInstanceOverlapped: 0
IsDontTouch: 0
HasImplIP: 0
IsGatedGlobalClock: 0

+ Individual pipeline summary: 
  * Pipeline-0: initiation interval (II) = 8, depth = 8


============================================================
+ Verbose Summary: Schedule
============================================================
* Number of FSM states : 8
* Pipeline : 1
  Pipeline-0 : II = 8, D = 8, States = { 1 2 3 4 5 6 7 8 }
* Dataflow Pipeline: 0

* FSM state transitions: 
1 --> 2 
2 --> 3 
3 --> 4 
4 --> 5 
5 --> 6 
6 --> 7 
7 --> 8 
8 --> 

* FSM state operations: 

State 1 <SV = 0> <Delay = 2.43>
ST_1 : Operation 9 [1/1] (1.21ns)   --->   "%val = read i32 @_ssdm_op_Read.ap_fifo.volatile.i32P0A, i32 %krnl_bp_u_stream" [/home/bsheh002/ADMM07/alveo/src/bp.cpp:219]   --->   Operation 9 'read' 'val' <Predicate = true> <Delay = 1.21> <CoreInst = "FIFO">   --->   Core 78 'FIFO' <Latency = 0> <II = 1> <Delay = 1.31> <Storage> <Opcode : 'read' 'write' 'nbread' 'nbwrite'> <Ports = 0> <Width = 32> <Depth = 36> <FIFO>
ST_1 : Operation 10 [1/1] (1.21ns)   --->   "%write_ln220 = write void @_ssdm_op_Write.ap_fifo.volatile.i32P0A, i32 %krnl_bp_u_copy_1_stream, i32 %val" [/home/bsheh002/ADMM07/alveo/src/bp.cpp:220]   --->   Operation 10 'write' 'write_ln220' <Predicate = true> <Delay = 1.21> <CoreInst = "FIFO">   --->   Core 78 'FIFO' <Latency = 0> <II = 1> <Delay = 1.31> <Storage> <Opcode : 'read' 'write' 'nbread' 'nbwrite'> <Ports = 0> <Width = 32> <Depth = 36> <FIFO>
ST_1 : Operation 11 [1/1] (1.21ns)   --->   "%write_ln221 = write void @_ssdm_op_Write.ap_fifo.volatile.i32P0A, i32 %krnl_bp_u_copy_2_stream, i32 %val" [/home/bsheh002/ADMM07/alveo/src/bp.cpp:221]   --->   Operation 11 'write' 'write_ln221' <Predicate = true> <Delay = 1.21> <CoreInst = "FIFO">   --->   Core 78 'FIFO' <Latency = 0> <II = 1> <Delay = 1.31> <Storage> <Opcode : 'read' 'write' 'nbread' 'nbwrite'> <Ports = 0> <Width = 32> <Depth = 36> <FIFO>
ST_1 : Operation 12 [1/1] (1.21ns)   --->   "%write_ln222 = write void @_ssdm_op_Write.ap_fifo.volatile.i32P0A, i32 %krnl_bp_u_copy_3_stream, i32 %val" [/home/bsheh002/ADMM07/alveo/src/bp.cpp:222]   --->   Operation 12 'write' 'write_ln222' <Predicate = true> <Delay = 1.21> <CoreInst = "FIFO">   --->   Core 78 'FIFO' <Latency = 0> <II = 1> <Delay = 1.31> <Storage> <Opcode : 'read' 'write' 'nbread' 'nbwrite'> <Ports = 0> <Width = 32> <Depth = 36> <FIFO>

State 2 <SV = 1> <Delay = 2.43>
ST_2 : Operation 13 [1/1] (1.21ns)   --->   "%val_1 = read i32 @_ssdm_op_Read.ap_fifo.volatile.i32P0A, i32 %krnl_bp_u_stream" [/home/bsheh002/ADMM07/alveo/src/bp.cpp:219]   --->   Operation 13 'read' 'val_1' <Predicate = true> <Delay = 1.21> <CoreInst = "FIFO">   --->   Core 78 'FIFO' <Latency = 0> <II = 1> <Delay = 1.31> <Storage> <Opcode : 'read' 'write' 'nbread' 'nbwrite'> <Ports = 0> <Width = 32> <Depth = 36> <FIFO>
ST_2 : Operation 14 [1/1] (1.21ns)   --->   "%write_ln220 = write void @_ssdm_op_Write.ap_fifo.volatile.i32P0A, i32 %krnl_bp_u_copy_1_stream, i32 %val_1" [/home/bsheh002/ADMM07/alveo/src/bp.cpp:220]   --->   Operation 14 'write' 'write_ln220' <Predicate = true> <Delay = 1.21> <CoreInst = "FIFO">   --->   Core 78 'FIFO' <Latency = 0> <II = 1> <Delay = 1.31> <Storage> <Opcode : 'read' 'write' 'nbread' 'nbwrite'> <Ports = 0> <Width = 32> <Depth = 36> <FIFO>
ST_2 : Operation 15 [1/1] (1.21ns)   --->   "%write_ln221 = write void @_ssdm_op_Write.ap_fifo.volatile.i32P0A, i32 %krnl_bp_u_copy_2_stream, i32 %val_1" [/home/bsheh002/ADMM07/alveo/src/bp.cpp:221]   --->   Operation 15 'write' 'write_ln221' <Predicate = true> <Delay = 1.21> <CoreInst = "FIFO">   --->   Core 78 'FIFO' <Latency = 0> <II = 1> <Delay = 1.31> <Storage> <Opcode : 'read' 'write' 'nbread' 'nbwrite'> <Ports = 0> <Width = 32> <Depth = 36> <FIFO>
ST_2 : Operation 16 [1/1] (1.21ns)   --->   "%write_ln222 = write void @_ssdm_op_Write.ap_fifo.volatile.i32P0A, i32 %krnl_bp_u_copy_3_stream, i32 %val_1" [/home/bsheh002/ADMM07/alveo/src/bp.cpp:222]   --->   Operation 16 'write' 'write_ln222' <Predicate = true> <Delay = 1.21> <CoreInst = "FIFO">   --->   Core 78 'FIFO' <Latency = 0> <II = 1> <Delay = 1.31> <Storage> <Opcode : 'read' 'write' 'nbread' 'nbwrite'> <Ports = 0> <Width = 32> <Depth = 36> <FIFO>

State 3 <SV = 2> <Delay = 2.43>
ST_3 : Operation 17 [1/1] (1.21ns)   --->   "%val_2 = read i32 @_ssdm_op_Read.ap_fifo.volatile.i32P0A, i32 %krnl_bp_u_stream" [/home/bsheh002/ADMM07/alveo/src/bp.cpp:219]   --->   Operation 17 'read' 'val_2' <Predicate = true> <Delay = 1.21> <CoreInst = "FIFO">   --->   Core 78 'FIFO' <Latency = 0> <II = 1> <Delay = 1.31> <Storage> <Opcode : 'read' 'write' 'nbread' 'nbwrite'> <Ports = 0> <Width = 32> <Depth = 36> <FIFO>
ST_3 : Operation 18 [1/1] (1.21ns)   --->   "%write_ln220 = write void @_ssdm_op_Write.ap_fifo.volatile.i32P0A, i32 %krnl_bp_u_copy_1_stream, i32 %val_2" [/home/bsheh002/ADMM07/alveo/src/bp.cpp:220]   --->   Operation 18 'write' 'write_ln220' <Predicate = true> <Delay = 1.21> <CoreInst = "FIFO">   --->   Core 78 'FIFO' <Latency = 0> <II = 1> <Delay = 1.31> <Storage> <Opcode : 'read' 'write' 'nbread' 'nbwrite'> <Ports = 0> <Width = 32> <Depth = 36> <FIFO>
ST_3 : Operation 19 [1/1] (1.21ns)   --->   "%write_ln221 = write void @_ssdm_op_Write.ap_fifo.volatile.i32P0A, i32 %krnl_bp_u_copy_2_stream, i32 %val_2" [/home/bsheh002/ADMM07/alveo/src/bp.cpp:221]   --->   Operation 19 'write' 'write_ln221' <Predicate = true> <Delay = 1.21> <CoreInst = "FIFO">   --->   Core 78 'FIFO' <Latency = 0> <II = 1> <Delay = 1.31> <Storage> <Opcode : 'read' 'write' 'nbread' 'nbwrite'> <Ports = 0> <Width = 32> <Depth = 36> <FIFO>
ST_3 : Operation 20 [1/1] (1.21ns)   --->   "%write_ln222 = write void @_ssdm_op_Write.ap_fifo.volatile.i32P0A, i32 %krnl_bp_u_copy_3_stream, i32 %val_2" [/home/bsheh002/ADMM07/alveo/src/bp.cpp:222]   --->   Operation 20 'write' 'write_ln222' <Predicate = true> <Delay = 1.21> <CoreInst = "FIFO">   --->   Core 78 'FIFO' <Latency = 0> <II = 1> <Delay = 1.31> <Storage> <Opcode : 'read' 'write' 'nbread' 'nbwrite'> <Ports = 0> <Width = 32> <Depth = 36> <FIFO>

State 4 <SV = 3> <Delay = 2.43>
ST_4 : Operation 21 [1/1] (1.21ns)   --->   "%val_3 = read i32 @_ssdm_op_Read.ap_fifo.volatile.i32P0A, i32 %krnl_bp_u_stream" [/home/bsheh002/ADMM07/alveo/src/bp.cpp:219]   --->   Operation 21 'read' 'val_3' <Predicate = true> <Delay = 1.21> <CoreInst = "FIFO">   --->   Core 78 'FIFO' <Latency = 0> <II = 1> <Delay = 1.31> <Storage> <Opcode : 'read' 'write' 'nbread' 'nbwrite'> <Ports = 0> <Width = 32> <Depth = 36> <FIFO>
ST_4 : Operation 22 [1/1] (1.21ns)   --->   "%write_ln220 = write void @_ssdm_op_Write.ap_fifo.volatile.i32P0A, i32 %krnl_bp_u_copy_1_stream, i32 %val_3" [/home/bsheh002/ADMM07/alveo/src/bp.cpp:220]   --->   Operation 22 'write' 'write_ln220' <Predicate = true> <Delay = 1.21> <CoreInst = "FIFO">   --->   Core 78 'FIFO' <Latency = 0> <II = 1> <Delay = 1.31> <Storage> <Opcode : 'read' 'write' 'nbread' 'nbwrite'> <Ports = 0> <Width = 32> <Depth = 36> <FIFO>
ST_4 : Operation 23 [1/1] (1.21ns)   --->   "%write_ln221 = write void @_ssdm_op_Write.ap_fifo.volatile.i32P0A, i32 %krnl_bp_u_copy_2_stream, i32 %val_3" [/home/bsheh002/ADMM07/alveo/src/bp.cpp:221]   --->   Operation 23 'write' 'write_ln221' <Predicate = true> <Delay = 1.21> <CoreInst = "FIFO">   --->   Core 78 'FIFO' <Latency = 0> <II = 1> <Delay = 1.31> <Storage> <Opcode : 'read' 'write' 'nbread' 'nbwrite'> <Ports = 0> <Width = 32> <Depth = 36> <FIFO>
ST_4 : Operation 24 [1/1] (1.21ns)   --->   "%write_ln222 = write void @_ssdm_op_Write.ap_fifo.volatile.i32P0A, i32 %krnl_bp_u_copy_3_stream, i32 %val_3" [/home/bsheh002/ADMM07/alveo/src/bp.cpp:222]   --->   Operation 24 'write' 'write_ln222' <Predicate = true> <Delay = 1.21> <CoreInst = "FIFO">   --->   Core 78 'FIFO' <Latency = 0> <II = 1> <Delay = 1.31> <Storage> <Opcode : 'read' 'write' 'nbread' 'nbwrite'> <Ports = 0> <Width = 32> <Depth = 36> <FIFO>

State 5 <SV = 4> <Delay = 2.43>
ST_5 : Operation 25 [1/1] (1.21ns)   --->   "%val_4 = read i32 @_ssdm_op_Read.ap_fifo.volatile.i32P0A, i32 %krnl_bp_u_stream" [/home/bsheh002/ADMM07/alveo/src/bp.cpp:219]   --->   Operation 25 'read' 'val_4' <Predicate = true> <Delay = 1.21> <CoreInst = "FIFO">   --->   Core 78 'FIFO' <Latency = 0> <II = 1> <Delay = 1.31> <Storage> <Opcode : 'read' 'write' 'nbread' 'nbwrite'> <Ports = 0> <Width = 32> <Depth = 36> <FIFO>
ST_5 : Operation 26 [1/1] (1.21ns)   --->   "%write_ln220 = write void @_ssdm_op_Write.ap_fifo.volatile.i32P0A, i32 %krnl_bp_u_copy_1_stream, i32 %val_4" [/home/bsheh002/ADMM07/alveo/src/bp.cpp:220]   --->   Operation 26 'write' 'write_ln220' <Predicate = true> <Delay = 1.21> <CoreInst = "FIFO">   --->   Core 78 'FIFO' <Latency = 0> <II = 1> <Delay = 1.31> <Storage> <Opcode : 'read' 'write' 'nbread' 'nbwrite'> <Ports = 0> <Width = 32> <Depth = 36> <FIFO>
ST_5 : Operation 27 [1/1] (1.21ns)   --->   "%write_ln221 = write void @_ssdm_op_Write.ap_fifo.volatile.i32P0A, i32 %krnl_bp_u_copy_2_stream, i32 %val_4" [/home/bsheh002/ADMM07/alveo/src/bp.cpp:221]   --->   Operation 27 'write' 'write_ln221' <Predicate = true> <Delay = 1.21> <CoreInst = "FIFO">   --->   Core 78 'FIFO' <Latency = 0> <II = 1> <Delay = 1.31> <Storage> <Opcode : 'read' 'write' 'nbread' 'nbwrite'> <Ports = 0> <Width = 32> <Depth = 36> <FIFO>
ST_5 : Operation 28 [1/1] (1.21ns)   --->   "%write_ln222 = write void @_ssdm_op_Write.ap_fifo.volatile.i32P0A, i32 %krnl_bp_u_copy_3_stream, i32 %val_4" [/home/bsheh002/ADMM07/alveo/src/bp.cpp:222]   --->   Operation 28 'write' 'write_ln222' <Predicate = true> <Delay = 1.21> <CoreInst = "FIFO">   --->   Core 78 'FIFO' <Latency = 0> <II = 1> <Delay = 1.31> <Storage> <Opcode : 'read' 'write' 'nbread' 'nbwrite'> <Ports = 0> <Width = 32> <Depth = 36> <FIFO>

State 6 <SV = 5> <Delay = 2.43>
ST_6 : Operation 29 [1/1] (1.21ns)   --->   "%val_5 = read i32 @_ssdm_op_Read.ap_fifo.volatile.i32P0A, i32 %krnl_bp_u_stream" [/home/bsheh002/ADMM07/alveo/src/bp.cpp:219]   --->   Operation 29 'read' 'val_5' <Predicate = true> <Delay = 1.21> <CoreInst = "FIFO">   --->   Core 78 'FIFO' <Latency = 0> <II = 1> <Delay = 1.31> <Storage> <Opcode : 'read' 'write' 'nbread' 'nbwrite'> <Ports = 0> <Width = 32> <Depth = 36> <FIFO>
ST_6 : Operation 30 [1/1] (1.21ns)   --->   "%write_ln220 = write void @_ssdm_op_Write.ap_fifo.volatile.i32P0A, i32 %krnl_bp_u_copy_1_stream, i32 %val_5" [/home/bsheh002/ADMM07/alveo/src/bp.cpp:220]   --->   Operation 30 'write' 'write_ln220' <Predicate = true> <Delay = 1.21> <CoreInst = "FIFO">   --->   Core 78 'FIFO' <Latency = 0> <II = 1> <Delay = 1.31> <Storage> <Opcode : 'read' 'write' 'nbread' 'nbwrite'> <Ports = 0> <Width = 32> <Depth = 36> <FIFO>
ST_6 : Operation 31 [1/1] (1.21ns)   --->   "%write_ln221 = write void @_ssdm_op_Write.ap_fifo.volatile.i32P0A, i32 %krnl_bp_u_copy_2_stream, i32 %val_5" [/home/bsheh002/ADMM07/alveo/src/bp.cpp:221]   --->   Operation 31 'write' 'write_ln221' <Predicate = true> <Delay = 1.21> <CoreInst = "FIFO">   --->   Core 78 'FIFO' <Latency = 0> <II = 1> <Delay = 1.31> <Storage> <Opcode : 'read' 'write' 'nbread' 'nbwrite'> <Ports = 0> <Width = 32> <Depth = 36> <FIFO>
ST_6 : Operation 32 [1/1] (1.21ns)   --->   "%write_ln222 = write void @_ssdm_op_Write.ap_fifo.volatile.i32P0A, i32 %krnl_bp_u_copy_3_stream, i32 %val_5" [/home/bsheh002/ADMM07/alveo/src/bp.cpp:222]   --->   Operation 32 'write' 'write_ln222' <Predicate = true> <Delay = 1.21> <CoreInst = "FIFO">   --->   Core 78 'FIFO' <Latency = 0> <II = 1> <Delay = 1.31> <Storage> <Opcode : 'read' 'write' 'nbread' 'nbwrite'> <Ports = 0> <Width = 32> <Depth = 36> <FIFO>

State 7 <SV = 6> <Delay = 2.43>
ST_7 : Operation 33 [1/1] (1.21ns)   --->   "%val_6 = read i32 @_ssdm_op_Read.ap_fifo.volatile.i32P0A, i32 %krnl_bp_u_stream" [/home/bsheh002/ADMM07/alveo/src/bp.cpp:219]   --->   Operation 33 'read' 'val_6' <Predicate = true> <Delay = 1.21> <CoreInst = "FIFO">   --->   Core 78 'FIFO' <Latency = 0> <II = 1> <Delay = 1.31> <Storage> <Opcode : 'read' 'write' 'nbread' 'nbwrite'> <Ports = 0> <Width = 32> <Depth = 36> <FIFO>
ST_7 : Operation 34 [1/1] (1.21ns)   --->   "%write_ln220 = write void @_ssdm_op_Write.ap_fifo.volatile.i32P0A, i32 %krnl_bp_u_copy_1_stream, i32 %val_6" [/home/bsheh002/ADMM07/alveo/src/bp.cpp:220]   --->   Operation 34 'write' 'write_ln220' <Predicate = true> <Delay = 1.21> <CoreInst = "FIFO">   --->   Core 78 'FIFO' <Latency = 0> <II = 1> <Delay = 1.31> <Storage> <Opcode : 'read' 'write' 'nbread' 'nbwrite'> <Ports = 0> <Width = 32> <Depth = 36> <FIFO>
ST_7 : Operation 35 [1/1] (1.21ns)   --->   "%write_ln221 = write void @_ssdm_op_Write.ap_fifo.volatile.i32P0A, i32 %krnl_bp_u_copy_2_stream, i32 %val_6" [/home/bsheh002/ADMM07/alveo/src/bp.cpp:221]   --->   Operation 35 'write' 'write_ln221' <Predicate = true> <Delay = 1.21> <CoreInst = "FIFO">   --->   Core 78 'FIFO' <Latency = 0> <II = 1> <Delay = 1.31> <Storage> <Opcode : 'read' 'write' 'nbread' 'nbwrite'> <Ports = 0> <Width = 32> <Depth = 36> <FIFO>
ST_7 : Operation 36 [1/1] (1.21ns)   --->   "%write_ln222 = write void @_ssdm_op_Write.ap_fifo.volatile.i32P0A, i32 %krnl_bp_u_copy_3_stream, i32 %val_6" [/home/bsheh002/ADMM07/alveo/src/bp.cpp:222]   --->   Operation 36 'write' 'write_ln222' <Predicate = true> <Delay = 1.21> <CoreInst = "FIFO">   --->   Core 78 'FIFO' <Latency = 0> <II = 1> <Delay = 1.31> <Storage> <Opcode : 'read' 'write' 'nbread' 'nbwrite'> <Ports = 0> <Width = 32> <Depth = 36> <FIFO>

State 8 <SV = 7> <Delay = 2.43>
ST_8 : Operation 37 [1/1] (0.00ns)   --->   "%specinterface_ln0 = specinterface void @_ssdm_op_SpecInterface, i32 %krnl_bp_u_copy_2_stream, void @empty_19, i32 0, i32 0, void @empty_22, i32 0, i32 0, void @empty_22, void @empty_22, void @empty_22, i32 0, i32 0, i32 0, i32 0, void @empty_22, void @empty_22, i32 4294967295, i32 0"   --->   Operation 37 'specinterface' 'specinterface_ln0' <Predicate = true> <Delay = 0.00>
ST_8 : Operation 38 [1/1] (0.00ns)   --->   "%specinterface_ln0 = specinterface void @_ssdm_op_SpecInterface, i32 %krnl_bp_u_copy_1_stream, void @empty_19, i32 0, i32 0, void @empty_22, i32 0, i32 0, void @empty_22, void @empty_22, void @empty_22, i32 0, i32 0, i32 0, i32 0, void @empty_22, void @empty_22, i32 4294967295, i32 0"   --->   Operation 38 'specinterface' 'specinterface_ln0' <Predicate = true> <Delay = 0.00>
ST_8 : Operation 39 [1/1] (0.00ns)   --->   "%specinterface_ln0 = specinterface void @_ssdm_op_SpecInterface, i32 %krnl_bp_u_copy_3_stream, void @empty_19, i32 0, i32 0, void @empty_22, i32 0, i32 0, void @empty_22, void @empty_22, void @empty_22, i32 0, i32 0, i32 0, i32 0, void @empty_22, void @empty_22, i32 4294967295, i32 0"   --->   Operation 39 'specinterface' 'specinterface_ln0' <Predicate = true> <Delay = 0.00>
ST_8 : Operation 40 [1/1] (0.00ns)   --->   "%specinterface_ln0 = specinterface void @_ssdm_op_SpecInterface, i32 %krnl_bp_u_stream, void @empty_19, i32 0, i32 0, void @empty_22, i32 0, i32 0, void @empty_22, void @empty_22, void @empty_22, i32 0, i32 0, i32 0, i32 0, void @empty_22, void @empty_22, i32 4294967295, i32 0"   --->   Operation 40 'specinterface' 'specinterface_ln0' <Predicate = true> <Delay = 0.00>
ST_8 : Operation 41 [1/1] (1.21ns)   --->   "%val_7 = read i32 @_ssdm_op_Read.ap_fifo.volatile.i32P0A, i32 %krnl_bp_u_stream" [/home/bsheh002/ADMM07/alveo/src/bp.cpp:219]   --->   Operation 41 'read' 'val_7' <Predicate = true> <Delay = 1.21> <CoreInst = "FIFO">   --->   Core 78 'FIFO' <Latency = 0> <II = 1> <Delay = 1.31> <Storage> <Opcode : 'read' 'write' 'nbread' 'nbwrite'> <Ports = 0> <Width = 32> <Depth = 36> <FIFO>
ST_8 : Operation 42 [1/1] (1.21ns)   --->   "%write_ln220 = write void @_ssdm_op_Write.ap_fifo.volatile.i32P0A, i32 %krnl_bp_u_copy_1_stream, i32 %val_7" [/home/bsheh002/ADMM07/alveo/src/bp.cpp:220]   --->   Operation 42 'write' 'write_ln220' <Predicate = true> <Delay = 1.21> <CoreInst = "FIFO">   --->   Core 78 'FIFO' <Latency = 0> <II = 1> <Delay = 1.31> <Storage> <Opcode : 'read' 'write' 'nbread' 'nbwrite'> <Ports = 0> <Width = 32> <Depth = 36> <FIFO>
ST_8 : Operation 43 [1/1] (1.21ns)   --->   "%write_ln221 = write void @_ssdm_op_Write.ap_fifo.volatile.i32P0A, i32 %krnl_bp_u_copy_2_stream, i32 %val_7" [/home/bsheh002/ADMM07/alveo/src/bp.cpp:221]   --->   Operation 43 'write' 'write_ln221' <Predicate = true> <Delay = 1.21> <CoreInst = "FIFO">   --->   Core 78 'FIFO' <Latency = 0> <II = 1> <Delay = 1.31> <Storage> <Opcode : 'read' 'write' 'nbread' 'nbwrite'> <Ports = 0> <Width = 32> <Depth = 36> <FIFO>
ST_8 : Operation 44 [1/1] (1.21ns)   --->   "%write_ln222 = write void @_ssdm_op_Write.ap_fifo.volatile.i32P0A, i32 %krnl_bp_u_copy_3_stream, i32 %val_7" [/home/bsheh002/ADMM07/alveo/src/bp.cpp:222]   --->   Operation 44 'write' 'write_ln222' <Predicate = true> <Delay = 1.21> <CoreInst = "FIFO">   --->   Core 78 'FIFO' <Latency = 0> <II = 1> <Delay = 1.31> <Storage> <Opcode : 'read' 'write' 'nbread' 'nbwrite'> <Ports = 0> <Width = 32> <Depth = 36> <FIFO>
ST_8 : Operation 45 [1/1] (0.00ns)   --->   "%ret_ln224 = ret" [/home/bsheh002/ADMM07/alveo/src/bp.cpp:224]   --->   Operation 45 'ret' 'ret_ln224' <Predicate = true> <Delay = 0.00>


============================================================
+ Verbose Summary: Timing violations
============================================================
Target clock period: 3.33ns, clock uncertainty: 0.9ns.

 <State 1>: 2.43ns
The critical path consists of the following:
	fifo read operation ('val', /home/bsheh002/ADMM07/alveo/src/bp.cpp:219) on port 'krnl_bp_u_stream' (/home/bsheh002/ADMM07/alveo/src/bp.cpp:219) [9]  (1.22 ns)
	fifo write operation ('write_ln220', /home/bsheh002/ADMM07/alveo/src/bp.cpp:220) on port 'krnl_bp_u_copy_1_stream' (/home/bsheh002/ADMM07/alveo/src/bp.cpp:220) [10]  (1.22 ns)

 <State 2>: 2.43ns
The critical path consists of the following:
	fifo read operation ('val', /home/bsheh002/ADMM07/alveo/src/bp.cpp:219) on port 'krnl_bp_u_stream' (/home/bsheh002/ADMM07/alveo/src/bp.cpp:219) [13]  (1.22 ns)
	fifo write operation ('write_ln220', /home/bsheh002/ADMM07/alveo/src/bp.cpp:220) on port 'krnl_bp_u_copy_1_stream' (/home/bsheh002/ADMM07/alveo/src/bp.cpp:220) [14]  (1.22 ns)

 <State 3>: 2.43ns
The critical path consists of the following:
	fifo read operation ('val', /home/bsheh002/ADMM07/alveo/src/bp.cpp:219) on port 'krnl_bp_u_stream' (/home/bsheh002/ADMM07/alveo/src/bp.cpp:219) [17]  (1.22 ns)
	fifo write operation ('write_ln220', /home/bsheh002/ADMM07/alveo/src/bp.cpp:220) on port 'krnl_bp_u_copy_1_stream' (/home/bsheh002/ADMM07/alveo/src/bp.cpp:220) [18]  (1.22 ns)

 <State 4>: 2.43ns
The critical path consists of the following:
	fifo read operation ('val', /home/bsheh002/ADMM07/alveo/src/bp.cpp:219) on port 'krnl_bp_u_stream' (/home/bsheh002/ADMM07/alveo/src/bp.cpp:219) [21]  (1.22 ns)
	fifo write operation ('write_ln220', /home/bsheh002/ADMM07/alveo/src/bp.cpp:220) on port 'krnl_bp_u_copy_1_stream' (/home/bsheh002/ADMM07/alveo/src/bp.cpp:220) [22]  (1.22 ns)

 <State 5>: 2.43ns
The critical path consists of the following:
	fifo read operation ('val', /home/bsheh002/ADMM07/alveo/src/bp.cpp:219) on port 'krnl_bp_u_stream' (/home/bsheh002/ADMM07/alveo/src/bp.cpp:219) [25]  (1.22 ns)
	fifo write operation ('write_ln220', /home/bsheh002/ADMM07/alveo/src/bp.cpp:220) on port 'krnl_bp_u_copy_1_stream' (/home/bsheh002/ADMM07/alveo/src/bp.cpp:220) [26]  (1.22 ns)

 <State 6>: 2.43ns
The critical path consists of the following:
	fifo read operation ('val', /home/bsheh002/ADMM07/alveo/src/bp.cpp:219) on port 'krnl_bp_u_stream' (/home/bsheh002/ADMM07/alveo/src/bp.cpp:219) [29]  (1.22 ns)
	fifo write operation ('write_ln220', /home/bsheh002/ADMM07/alveo/src/bp.cpp:220) on port 'krnl_bp_u_copy_1_stream' (/home/bsheh002/ADMM07/alveo/src/bp.cpp:220) [30]  (1.22 ns)

 <State 7>: 2.43ns
The critical path consists of the following:
	fifo read operation ('val', /home/bsheh002/ADMM07/alveo/src/bp.cpp:219) on port 'krnl_bp_u_stream' (/home/bsheh002/ADMM07/alveo/src/bp.cpp:219) [33]  (1.22 ns)
	fifo write operation ('write_ln220', /home/bsheh002/ADMM07/alveo/src/bp.cpp:220) on port 'krnl_bp_u_copy_1_stream' (/home/bsheh002/ADMM07/alveo/src/bp.cpp:220) [34]  (1.22 ns)

 <State 8>: 2.43ns
The critical path consists of the following:
	fifo read operation ('val', /home/bsheh002/ADMM07/alveo/src/bp.cpp:219) on port 'krnl_bp_u_stream' (/home/bsheh002/ADMM07/alveo/src/bp.cpp:219) [37]  (1.22 ns)
	fifo write operation ('write_ln220', /home/bsheh002/ADMM07/alveo/src/bp.cpp:220) on port 'krnl_bp_u_copy_1_stream' (/home/bsheh002/ADMM07/alveo/src/bp.cpp:220) [38]  (1.22 ns)


============================================================
+ Verbose Summary: Binding
============================================================
N/A
* FSMD analyzer results:
  - Output states:
 - Input state : 
  - Chain level:
	State 1
	State 2
	State 3
	State 4
	State 5
	State 6
	State 7
	State 8


============================================================
+ Verbose Summary: Datapath Resource usage 
============================================================
N/A
