

================================================================
== Vitis HLS Report for 'krnl_bp_Pipeline_l_load_input1'
================================================================
* Date:           Wed Aug  7 14:53:41 2024

* Version:        2022.2 (Build 3670227 on Oct 13 2022)
* Project:        krnl_bp
* Solution:       solution (Vitis Kernel Flow Target)
* Product family: virtexuplus
* Target device:  xcu250-figd2104-2L-e


================================================================
== Performance Estimates
================================================================
+ Timing: 
    * Summary: 
    +--------+---------+----------+------------+
    |  Clock |  Target | Estimated| Uncertainty|
    +--------+---------+----------+------------+
    |ap_clk  |  3.33 ns|  1.355 ns|     0.90 ns|
    +--------+---------+----------+------------+

+ Latency: 
    * Summary: 
    +---------+---------+-----------+-----------+-----+-----+---------+
    |  Latency (cycles) |   Latency (absolute)  |  Interval | Pipeline|
    |   min   |   max   |    min    |    max    | min | max |   Type  |
    +---------+---------+-----------+-----------+-----+-----+---------+
    |       10|       10|  33.330 ns|  33.330 ns|   10|   10|       no|
    +---------+---------+-----------+-----------+-----+-----+---------+

    + Detail: 
        * Instance: 
        N/A

        * Loop: 
        +----------------+---------+---------+----------+-----------+-----------+------+----------+
        |                |  Latency (cycles) | Iteration|  Initiation Interval  | Trip |          |
        |    Loop Name   |   min   |   max   |  Latency |  achieved |   target  | Count| Pipelined|
        +----------------+---------+---------+----------+-----------+-----------+------+----------+
        |- l_load_input  |        8|        8|         1|          1|          1|     8|       yes|
        +----------------+---------+---------+----------+-----------+-----------+------+----------+

============================================================
+ Verbose Summary: Synthesis Manager
============================================================
InlineROM: 1
ExposeGlobal: 0
============================================================
+ Verbose Summary: CDFG Model
============================================================
IsTopModel: 0
ResetActiveHigh: 1
IsCombinational: 0
IsDatapathOnly: 0
HasWiredReturn: 1
HasMFsm: 2
HasVarLatency: 1
IsPipeline: 0
IsRtlPipelined: 0
IsInstanceOverlapped: 0
IsDontTouch: 0
HasImplIP: 0
IsGatedGlobalClock: 0

+ Individual pipeline summary: 
  * Pipeline-0: initiation interval (II) = 1, depth = 2


============================================================
+ Verbose Summary: Schedule
============================================================
* Number of FSM states : 2
* Pipeline : 1
  Pipeline-0 : II = 1, D = 2, States = { 1 2 }
* Dataflow Pipeline: 0

* FSM state transitions: 
1 --> 2 
2 --> 

* FSM state operations: 

State 1 <SV = 0> <Delay = 0.38>
ST_1 : Operation 4 [1/1] (0.00ns)   --->   "%shiftreg126 = alloca i32 1"   --->   Operation 4 'alloca' 'shiftreg126' <Predicate = true> <Delay = 0.00>
ST_1 : Operation 5 [1/1] (0.00ns)   --->   "%i_1 = alloca i32 1"   --->   Operation 5 'alloca' 'i_1' <Predicate = true> <Delay = 0.00>
ST_1 : Operation 6 [1/1] (0.00ns)   --->   "%gmem1_load_read = read i256 @_ssdm_op_Read.ap_auto.i256, i256 %gmem1_load"   --->   Operation 6 'read' 'gmem1_load_read' <Predicate = true> <Delay = 0.00>
ST_1 : Operation 7 [1/1] (0.38ns)   --->   "%store_ln0 = store i4 0, i4 %i_1"   --->   Operation 7 'store' 'store_ln0' <Predicate = true> <Delay = 0.38>
ST_1 : Operation 8 [1/1] (0.38ns)   --->   "%store_ln0 = store i256 %gmem1_load_read, i256 %shiftreg126"   --->   Operation 8 'store' 'store_ln0' <Predicate = true> <Delay = 0.38>
ST_1 : Operation 9 [1/1] (0.00ns)   --->   "%br_ln0 = br void %for.inc.i26"   --->   Operation 9 'br' 'br_ln0' <Predicate = true> <Delay = 0.00>

State 2 <SV = 1> <Delay = 1.35>
ST_2 : Operation 10 [1/1] (0.00ns)   --->   "%i = load i4 %i_1" [/home/bsheh002/ADMM07/alveo/src/bp.cpp:15]   --->   Operation 10 'load' 'i' <Predicate = true> <Delay = 0.00>
ST_2 : Operation 11 [1/1] (0.65ns)   --->   "%icmp_ln15 = icmp_eq  i4 %i, i4 8" [/home/bsheh002/ADMM07/alveo/src/bp.cpp:15]   --->   Operation 11 'icmp' 'icmp_ln15' <Predicate = true> <Delay = 0.65> <CoreInst = "Cmp">   --->   Core 9 'Cmp' <Latency = 0> <II = 1> <Delay = 0.65> <FuncUnit> <Opcode : 'icmp'> <InPorts = 2> <OutPorts = 1>
ST_2 : Operation 12 [1/1] (0.00ns)   --->   "%empty = speclooptripcount i32 @_ssdm_op_SpecLoopTripCount, i64 8, i64 8, i64 8"   --->   Operation 12 'speclooptripcount' 'empty' <Predicate = true> <Delay = 0.00>
ST_2 : Operation 13 [1/1] (0.70ns)   --->   "%add_ln15 = add i4 %i, i4 1" [/home/bsheh002/ADMM07/alveo/src/bp.cpp:15]   --->   Operation 13 'add' 'add_ln15' <Predicate = true> <Delay = 0.70> <CoreInst = "Adder">   --->   Core 1 'Adder' <Latency = 0> <II = 1> <Delay = 0.70> <FuncUnit> <Opcode : 'add' 'sub'> <InPorts = 2> <OutPorts = 1>
ST_2 : Operation 14 [1/1] (0.00ns)   --->   "%br_ln15 = br i1 %icmp_ln15, void %for.inc.i26.split, void %for.inc.i30.preheader.exitStub" [/home/bsheh002/ADMM07/alveo/src/bp.cpp:15]   --->   Operation 14 'br' 'br_ln15' <Predicate = true> <Delay = 0.00>
ST_2 : Operation 15 [1/1] (0.00ns)   --->   "%shiftreg126_load = load i256 %shiftreg126" [/home/bsheh002/ADMM07/alveo/src/bp.cpp:17]   --->   Operation 15 'load' 'shiftreg126_load' <Predicate = (!icmp_ln15)> <Delay = 0.00>
ST_2 : Operation 16 [1/1] (0.00ns)   --->   "%zext_ln15 = zext i4 %i" [/home/bsheh002/ADMM07/alveo/src/bp.cpp:15]   --->   Operation 16 'zext' 'zext_ln15' <Predicate = (!icmp_ln15)> <Delay = 0.00>
ST_2 : Operation 17 [1/1] (0.00ns)   --->   "%specpipeline_ln16 = specpipeline void @_ssdm_op_SpecPipeline, i32 4294967295, i32 0, i32 0, i32 0, void @empty_22" [/home/bsheh002/ADMM07/alveo/src/bp.cpp:16]   --->   Operation 17 'specpipeline' 'specpipeline_ln16' <Predicate = (!icmp_ln15)> <Delay = 0.00>
ST_2 : Operation 18 [1/1] (0.00ns)   --->   "%specloopname_ln15 = specloopname void @_ssdm_op_SpecLoopName, void @empty_10" [/home/bsheh002/ADMM07/alveo/src/bp.cpp:15]   --->   Operation 18 'specloopname' 'specloopname_ln15' <Predicate = (!icmp_ln15)> <Delay = 0.00>
ST_2 : Operation 19 [1/1] (0.00ns)   --->   "%trunc_ln17 = trunc i256 %shiftreg126_load" [/home/bsheh002/ADMM07/alveo/src/bp.cpp:17]   --->   Operation 19 'trunc' 'trunc_ln17' <Predicate = (!icmp_ln15)> <Delay = 0.00>
ST_2 : Operation 20 [1/1] (0.00ns)   --->   "%bitcast_ln17 = bitcast i32 %trunc_ln17" [/home/bsheh002/ADMM07/alveo/src/bp.cpp:17]   --->   Operation 20 'bitcast' 'bitcast_ln17' <Predicate = (!icmp_ln15)> <Delay = 0.00>
ST_2 : Operation 21 [1/1] (0.00ns)   --->   "%lshr_ln17_1 = partselect i224 @_ssdm_op_PartSelect.i224.i256.i32.i32, i256 %shiftreg126_load, i32 32, i32 255" [/home/bsheh002/ADMM07/alveo/src/bp.cpp:17]   --->   Operation 21 'partselect' 'lshr_ln17_1' <Predicate = (!icmp_ln15)> <Delay = 0.00>
ST_2 : Operation 22 [1/1] (0.00ns)   --->   "%zext_ln17 = zext i224 %lshr_ln17_1" [/home/bsheh002/ADMM07/alveo/src/bp.cpp:17]   --->   Operation 22 'zext' 'zext_ln17' <Predicate = (!icmp_ln15)> <Delay = 0.00>
ST_2 : Operation 23 [1/1] (0.00ns)   --->   "%vec_q_bram_addr = getelementptr i32 %vec_q_bram, i64 0, i64 %zext_ln15" [/home/bsheh002/ADMM07/alveo/src/bp.cpp:17]   --->   Operation 23 'getelementptr' 'vec_q_bram_addr' <Predicate = (!icmp_ln15)> <Delay = 0.00>
ST_2 : Operation 24 [1/1] (0.69ns)   --->   "%store_ln17 = store i32 %bitcast_ln17, i3 %vec_q_bram_addr" [/home/bsheh002/ADMM07/alveo/src/bp.cpp:17]   --->   Operation 24 'store' 'store_ln17' <Predicate = (!icmp_ln15)> <Delay = 0.69> <CoreInst = "RAM">   --->   Core 83 'RAM' <Latency = 1> <II = 1> <Delay = 0.69> <Storage> <Opcode : 'load' 'store'> <Ports = 2> <Width = 32> <Depth = 8> <RAM>
ST_2 : Operation 25 [1/1] (0.38ns)   --->   "%store_ln15 = store i4 %add_ln15, i4 %i_1" [/home/bsheh002/ADMM07/alveo/src/bp.cpp:15]   --->   Operation 25 'store' 'store_ln15' <Predicate = (!icmp_ln15)> <Delay = 0.38>
ST_2 : Operation 26 [1/1] (0.38ns)   --->   "%store_ln15 = store i256 %zext_ln17, i256 %shiftreg126" [/home/bsheh002/ADMM07/alveo/src/bp.cpp:15]   --->   Operation 26 'store' 'store_ln15' <Predicate = (!icmp_ln15)> <Delay = 0.38>
ST_2 : Operation 27 [1/1] (0.00ns)   --->   "%br_ln15 = br void %for.inc.i26" [/home/bsheh002/ADMM07/alveo/src/bp.cpp:15]   --->   Operation 27 'br' 'br_ln15' <Predicate = (!icmp_ln15)> <Delay = 0.00>
ST_2 : Operation 28 [1/1] (0.00ns)   --->   "%ret_ln0 = ret"   --->   Operation 28 'ret' 'ret_ln0' <Predicate = (icmp_ln15)> <Delay = 0.00>


============================================================
+ Verbose Summary: Timing violations
============================================================
Target clock period: 3.33ns, clock uncertainty: 0.9ns.

 <State 1>: 0.387ns
The critical path consists of the following:
	'alloca' operation ('i') [4]  (0 ns)
	'store' operation ('store_ln0') of constant 0 on local variable 'i' [6]  (0.387 ns)

 <State 2>: 1.35ns
The critical path consists of the following:
	'load' operation ('i', /home/bsheh002/ADMM07/alveo/src/bp.cpp:15) on local variable 'i' [10]  (0 ns)
	'add' operation ('add_ln15', /home/bsheh002/ADMM07/alveo/src/bp.cpp:15) [13]  (0.708 ns)
	'store' operation ('store_ln15', /home/bsheh002/ADMM07/alveo/src/bp.cpp:15) of variable 'add_ln15', /home/bsheh002/ADMM07/alveo/src/bp.cpp:15 on local variable 'i' [26]  (0.387 ns)
	blocking operation 0.26 ns on control path)


============================================================
+ Verbose Summary: Binding
============================================================
N/A
* FSMD analyzer results:
  - Output states:
 - Input state : 
  - Chain level:
	State 1
	State 2


============================================================
+ Verbose Summary: Datapath Resource usage 
============================================================
N/A
