

================================================================
== Vitis HLS Report for 'krnl_bp_Pipeline_VITIS_LOOP_1045_3'
================================================================
* Date:           Tue Apr 15 09:07:50 2025

* Version:        2022.2 (Build 3670227 on Oct 13 2022)
* Project:        krnl_bp
* Solution:       solution (Vitis Kernel Flow Target)
* Product family: virtexuplus
* Target device:  xcu280-fsvh2892-2L-e


================================================================
== Performance Estimates
================================================================
+ Timing: 
    * Summary: 
    +--------+---------+----------+------------+
    |  Clock |  Target | Estimated| Uncertainty|
    +--------+---------+----------+------------+
    |ap_clk  |  3.33 ns|  2.420 ns|     0.90 ns|
    +--------+---------+----------+------------+

+ Latency: 
    * Summary: 
    +---------+---------+----------+----------+-----+-----+---------+
    |  Latency (cycles) |  Latency (absolute) |  Interval | Pipeline|
    |   min   |   max   |    min   |    max   | min | max |   Type  |
    +---------+---------+----------+----------+-----+-----+---------+
    |      193|      193|  0.643 us|  0.643 us|  193|  193|       no|
    +---------+---------+----------+----------+-----+-----+---------+

    + Detail: 
        * Instance: 
        +---------------------------------+----------------------+---------+---------+----------+----------+-----+-----+---------+
        |                                 |                      |  Latency (cycles) |  Latency (absolute) |  Interval | Pipeline|
        |             Instance            |        Module        |   min   |   max   |    min   |    max   | min | max |   Type  |
        +---------------------------------+----------------------+---------+---------+----------+----------+-----+-----+---------+
        |grp_pow_generic_double_s_fu_283  |pow_generic_double_s  |       78|       78|  0.260 us|  0.260 us|    1|    1|      yes|
        +---------------------------------+----------------------+---------+---------+----------+----------+-----+-----+---------+

        * Loop: 
        +---------------------+---------+---------+----------+-----------+-----------+------+----------+
        |                     |  Latency (cycles) | Iteration|  Initiation Interval  | Trip |          |
        |      Loop Name      |   min   |   max   |  Latency |  achieved |   target  | Count| Pipelined|
        +---------------------+---------+---------+----------+-----------+-----------+------+----------+
        |- VITIS_LOOP_1045_3  |      191|      191|       108|         12|          1|     8|       yes|
        +---------------------+---------+---------+----------+-----------+-----------+------+----------+



================================================================
== Utilization Estimates
================================================================
* Summary: 
+---------------------+---------+------+---------+---------+-----+
|         Name        | BRAM_18K|  DSP |    FF   |   LUT   | URAM|
+---------------------+---------+------+---------+---------+-----+
|DSP                  |        -|     -|        -|        -|    -|
|Expression           |        -|     -|        0|       75|    -|
|FIFO                 |        -|     -|        -|        -|    -|
|Instance             |        5|    58|    12962|     9281|    -|
|Memory               |        -|     -|        -|        -|    -|
|Multiplexer          |        -|     -|        -|      420|    -|
|Register             |        -|     -|     1483|       32|    -|
+---------------------+---------+------+---------+---------+-----+
|Total                |        5|    58|    14445|     9808|    0|
+---------------------+---------+------+---------+---------+-----+
|Available SLR        |     1344|  3008|   869120|   434560|  320|
+---------------------+---------+------+---------+---------+-----+
|Utilization SLR (%)  |       ~0|     1|        1|        2|    0|
+---------------------+---------+------+---------+---------+-----+
|Available            |     4032|  9024|  2607360|  1303680|  960|
+---------------------+---------+------+---------+---------+-----+
|Utilization (%)      |       ~0|    ~0|       ~0|       ~0|    0|
+---------------------+---------+------+---------+---------+-----+

+ Detail: 
    * Instance: 
    +---------------------------------+----------------------+---------+----+-------+------+-----+
    |             Instance            |        Module        | BRAM_18K| DSP|   FF  |  LUT | URAM|
    +---------------------------------+----------------------+---------+----+-------+------+-----+
    |grp_pow_generic_double_s_fu_283  |pow_generic_double_s  |        5|  58|  12962|  9281|    0|
    +---------------------------------+----------------------+---------+----+-------+------+-----+
    |Total                            |                      |        5|  58|  12962|  9281|    0|
    +---------------------------------+----------------------+---------+----+-------+------+-----+

    * DSP: 
    N/A

    * Memory: 
    N/A

    * FIFO: 
    N/A

    * Expression: 
    +----------------------------------+----------+----+---+----+------------+------------+
    |           Variable Name          | Operation| DSP| FF| LUT| Bitwidth P0| Bitwidth P1|
    +----------------------------------+----------+----+---+----+------------+------------+
    |add_ln1045_fu_391_p2              |         +|   0|  0|  12|           4|           1|
    |ap_block_pp0_stage1_00001         |       and|   0|  0|   2|           1|           1|
    |ap_block_pp0_stage2_00001         |       and|   0|  0|   2|           1|           1|
    |ap_block_pp0_stage5_01001         |       and|   0|  0|   2|           1|           1|
    |ap_block_pp0_stage6_00001         |       and|   0|  0|   2|           1|           1|
    |ap_block_state2_pp0_stage1_iter0  |       and|   0|  0|   2|           1|           1|
    |ap_block_state7_pp0_stage6_iter0  |       and|   0|  0|   2|           1|           1|
    |ap_condition_1513                 |       and|   0|  0|   2|           1|           1|
    |ap_condition_1519                 |       and|   0|  0|   2|           1|           1|
    |ap_condition_1528                 |       and|   0|  0|   2|           1|           1|
    |ap_condition_1537                 |       and|   0|  0|   2|           1|           1|
    |ap_condition_1540                 |       and|   0|  0|   2|           1|           1|
    |ap_condition_1545                 |       and|   0|  0|   2|           1|           1|
    |ap_condition_523                  |       and|   0|  0|   2|           1|           1|
    |ap_condition_552                  |       and|   0|  0|   2|           1|           1|
    |ap_ext_blocking_n                 |       and|   0|  0|   2|           1|           2|
    |ap_int_blocking_n                 |       and|   0|  0|   2|           1|           2|
    |ap_predicate_op147_read_state2    |       and|   0|  0|   2|           1|           1|
    |ap_predicate_op152_read_state3    |       and|   0|  0|   2|           1|           1|
    |ap_predicate_op168_read_state6    |       and|   0|  0|   2|           1|           1|
    |ap_predicate_op175_write_state7   |       and|   0|  0|   2|           1|           1|
    |ap_str_blocking_n                 |       and|   0|  0|   2|           1|           2|
    |grp_nbreadreq_fu_122_p3           |       and|   0|  0|   2|           1|           0|
    |tmp_15_nbreadreq_fu_130_p3        |       and|   0|  0|   2|           1|           0|
    |tmp_16_nbreadreq_fu_138_p3        |       and|   0|  0|   2|           1|           0|
    |icmp_ln1045_fu_385_p2             |      icmp|   0|  0|   9|           4|           5|
    |ap_block_state3_pp0_stage2_iter0  |        or|   0|  0|   2|           1|           1|
    |ap_block_state6_pp0_stage5_iter0  |        or|   0|  0|   2|           1|           1|
    |ap_enable_pp0                     |       xor|   0|  0|   2|           1|           2|
    +----------------------------------+----------+----+---+----+------------+------------+
    |Total                             |          |   0|  0|  75|          35|          34|
    +----------------------------------+----------+----+---+----+------------+------------+

    * Multiplexer: 
    +------------------------------------------+----+-----------+-----+-----------+
    |                   Name                   | LUT| Input Size| Bits| Total Bits|
    +------------------------------------------+----+-----------+-----+-----------+
    |ap_NS_fsm                                 |  65|         13|    1|         13|
    |ap_done_int                               |   9|          2|    1|          2|
    |ap_enable_reg_pp0_iter0                   |   9|          2|    1|          2|
    |ap_enable_reg_pp0_iter1                   |   9|          2|    1|          2|
    |ap_phi_reg_pp0_iter0_cond_reg_247         |   9|          2|   64|        128|
    |ap_phi_reg_pp0_iter0_u_val_1_reg_235      |   9|          2|   32|         64|
    |ap_phi_reg_pp0_iter0_z_old_val_1_reg_271  |   9|          2|   32|         64|
    |ap_phi_reg_pp0_iter0_z_val_1_reg_259      |   9|          2|   32|         64|
    |ap_sig_allocacmp_ii_18                    |   9|          2|    4|          8|
    |grp_fu_312_p0                             |  14|          3|   32|         96|
    |grp_fu_312_p1                             |  14|          3|   32|         96|
    |grp_fu_323_p0                             |  20|          4|   64|        256|
    |grp_fu_327_p0                             |  65|         12|   32|        384|
    |grp_fu_333_p0                             |  31|          6|   64|        384|
    |grp_fu_333_p1                             |  31|          6|   64|        384|
    |ii_fu_112                                 |   9|          2|    4|          8|
    |norm_u_fu_92                              |   9|          2|   32|         64|
    |norm_x_fu_100                             |   9|          2|   32|         64|
    |norm_z_fu_96                              |   9|          2|   32|         64|
    |r_norm_fu_108                             |   9|          2|   32|         64|
    |s_norm_fu_104                             |   9|          2|   32|         64|
    |u_stream_i_blk_n                          |   9|          2|    1|          2|
    |u_stream_o_blk_n                          |   9|          2|    1|          2|
    |z_copy_2_stream_i_blk_n                   |   9|          2|    1|          2|
    |z_copy_2_stream_o_blk_n                   |   9|          2|    1|          2|
    |z_old_stream_i_blk_n                      |   9|          2|    1|          2|
    |z_old_stream_o_blk_n                      |   9|          2|    1|          2|
    +------------------------------------------+----+-----------+-----+-----------+
    |Total                                     | 420|         87|  626|       2287|
    +------------------------------------------+----+-----------+-----+-----------+

    * Register: 
    +----------------------------------------------+----+----+-----+-----------+
    |                     Name                     | FF | LUT| Bits| Const Bits|
    +----------------------------------------------+----+----+-----+-----------+
    |add_ln1045_reg_543                            |   4|   0|    4|          0|
    |ap_CS_fsm                                     |  12|   0|   12|          0|
    |ap_done_reg                                   |   1|   0|    1|          0|
    |ap_enable_reg_pp0_iter0_reg                   |   1|   0|    1|          0|
    |ap_enable_reg_pp0_iter1                       |   1|   0|    1|          0|
    |ap_enable_reg_pp0_iter2                       |   1|   0|    1|          0|
    |ap_enable_reg_pp0_iter3                       |   1|   0|    1|          0|
    |ap_enable_reg_pp0_iter4                       |   1|   0|    1|          0|
    |ap_enable_reg_pp0_iter5                       |   1|   0|    1|          0|
    |ap_enable_reg_pp0_iter6                       |   1|   0|    1|          0|
    |ap_enable_reg_pp0_iter7                       |   1|   0|    1|          0|
    |ap_enable_reg_pp0_iter8                       |   1|   0|    1|          0|
    |ap_loop_exit_ready_pp0_iter1_reg              |   1|   0|    1|          0|
    |ap_loop_exit_ready_pp0_iter2_reg              |   1|   0|    1|          0|
    |ap_loop_exit_ready_pp0_iter3_reg              |   1|   0|    1|          0|
    |ap_loop_exit_ready_pp0_iter4_reg              |   1|   0|    1|          0|
    |ap_loop_exit_ready_pp0_iter5_reg              |   1|   0|    1|          0|
    |ap_loop_exit_ready_pp0_iter6_reg              |   1|   0|    1|          0|
    |ap_loop_exit_ready_pp0_iter7_reg              |   1|   0|    1|          0|
    |ap_phi_reg_pp0_iter0_cond_reg_247             |  64|   0|   64|          0|
    |ap_phi_reg_pp0_iter0_u_val_1_reg_235          |  32|   0|   32|          0|
    |ap_phi_reg_pp0_iter0_z_old_val_1_reg_271      |  32|   0|   32|          0|
    |ap_phi_reg_pp0_iter0_z_val_1_reg_259          |  32|   0|   32|          0|
    |conv1_reg_691                                 |  64|   0|   64|          0|
    |conv2_reg_631                                 |  64|   0|   64|          0|
    |conv3_reg_661                                 |  64|   0|   64|          0|
    |conv4_reg_646                                 |  64|   0|   64|          0|
    |conv8_reg_681                                 |  64|   0|   64|          0|
    |grp_pow_generic_double_s_fu_283_ap_start_reg  |   1|   0|    1|          0|
    |icmp_ln1045_reg_539                           |   1|   0|    1|          0|
    |ii_fu_112                                     |   4|   0|    4|          0|
    |mul_reg_616                                   |  32|   0|   32|          0|
    |norm_u_fu_92                                  |  32|   0|   32|          0|
    |norm_x_fu_100                                 |  32|   0|   32|          0|
    |norm_z_fu_96                                  |  32|   0|   32|          0|
    |r_norm_fu_108                                 |  32|   0|   32|          0|
    |reg_337                                       |  64|   0|   64|          0|
    |reg_342                                       |  64|   0|   64|          0|
    |reg_347                                       |  64|   0|   64|          0|
    |s_norm_fu_104                                 |  32|   0|   32|          0|
    |sub2_reg_606                                  |  32|   0|   32|          0|
    |sub_reg_611                                   |  32|   0|   32|          0|
    |tmp_13_reg_553                                |   1|   0|    1|          0|
    |tmp_14_reg_557                                |   1|   0|    1|          0|
    |tmp_15_reg_561                                |   1|   0|    1|          0|
    |tmp_16_reg_565                                |   1|   0|    1|          0|
    |tmp_17_reg_676                                |  64|   0|   64|          0|
    |tmp_18_reg_686                                |  64|   0|   64|          0|
    |tmp_19_reg_626                                |  64|   0|   64|          0|
    |tmp_20_reg_641                                |  64|   0|   64|          0|
    |tmp_s_reg_651                                 |  64|   0|   64|          0|
    |x_val_reg_569                                 |  32|   0|   32|          0|
    |z_copy_2_stream_read_reg_575                  |  32|   0|   32|          0|
    |z_val_1_reg_259                               |  32|   0|   32|          0|
    |z_val_reg_595                                 |  32|   0|   32|          0|
    |icmp_ln1045_reg_539                           |  64|  32|    1|          0|
    +----------------------------------------------+----+----+-----+-----------+
    |Total                                         |1483|  32| 1420|          0|
    +----------------------------------------------+----+----+-----+-----------+



================================================================
== Interface
================================================================
* Summary: 
+-------------------------+-----+-----+------------+------------------------------------+--------------+
|        RTL Ports        | Dir | Bits|  Protocol  |            Source Object           |    C Type    |
+-------------------------+-----+-----+------------+------------------------------------+--------------+
|ap_clk                   |   in|    1|  ap_ctrl_hs|  krnl_bp_Pipeline_VITIS_LOOP_1045_3|  return value|
|ap_rst                   |   in|    1|  ap_ctrl_hs|  krnl_bp_Pipeline_VITIS_LOOP_1045_3|  return value|
|ap_start                 |   in|    1|  ap_ctrl_hs|  krnl_bp_Pipeline_VITIS_LOOP_1045_3|  return value|
|ap_done                  |  out|    1|  ap_ctrl_hs|  krnl_bp_Pipeline_VITIS_LOOP_1045_3|  return value|
|ap_idle                  |  out|    1|  ap_ctrl_hs|  krnl_bp_Pipeline_VITIS_LOOP_1045_3|  return value|
|ap_ready                 |  out|    1|  ap_ctrl_hs|  krnl_bp_Pipeline_VITIS_LOOP_1045_3|  return value|
|ap_ext_blocking_n        |  out|    1|  ap_ctrl_hs|  krnl_bp_Pipeline_VITIS_LOOP_1045_3|  return value|
|ap_str_blocking_n        |  out|    1|  ap_ctrl_hs|  krnl_bp_Pipeline_VITIS_LOOP_1045_3|  return value|
|ap_int_blocking_n        |  out|    1|  ap_ctrl_hs|  krnl_bp_Pipeline_VITIS_LOOP_1045_3|  return value|
|grp_fu_626_p_din0        |  out|   32|  ap_ctrl_hs|  krnl_bp_Pipeline_VITIS_LOOP_1045_3|  return value|
|grp_fu_626_p_din1        |  out|   32|  ap_ctrl_hs|  krnl_bp_Pipeline_VITIS_LOOP_1045_3|  return value|
|grp_fu_626_p_opcode      |  out|    1|  ap_ctrl_hs|  krnl_bp_Pipeline_VITIS_LOOP_1045_3|  return value|
|grp_fu_626_p_dout0       |   in|   32|  ap_ctrl_hs|  krnl_bp_Pipeline_VITIS_LOOP_1045_3|  return value|
|grp_fu_626_p_ce          |  out|    1|  ap_ctrl_hs|  krnl_bp_Pipeline_VITIS_LOOP_1045_3|  return value|
|grp_fu_631_p_din0        |  out|   32|  ap_ctrl_hs|  krnl_bp_Pipeline_VITIS_LOOP_1045_3|  return value|
|grp_fu_631_p_din1        |  out|   32|  ap_ctrl_hs|  krnl_bp_Pipeline_VITIS_LOOP_1045_3|  return value|
|grp_fu_631_p_dout0       |   in|   32|  ap_ctrl_hs|  krnl_bp_Pipeline_VITIS_LOOP_1045_3|  return value|
|grp_fu_631_p_ce          |  out|    1|  ap_ctrl_hs|  krnl_bp_Pipeline_VITIS_LOOP_1045_3|  return value|
|grp_fu_640_p_din0        |  out|   64|  ap_ctrl_hs|  krnl_bp_Pipeline_VITIS_LOOP_1045_3|  return value|
|grp_fu_640_p_dout0       |   in|   32|  ap_ctrl_hs|  krnl_bp_Pipeline_VITIS_LOOP_1045_3|  return value|
|grp_fu_640_p_ce          |  out|    1|  ap_ctrl_hs|  krnl_bp_Pipeline_VITIS_LOOP_1045_3|  return value|
|grp_fu_646_p_din0        |  out|   32|  ap_ctrl_hs|  krnl_bp_Pipeline_VITIS_LOOP_1045_3|  return value|
|grp_fu_646_p_dout0       |   in|   64|  ap_ctrl_hs|  krnl_bp_Pipeline_VITIS_LOOP_1045_3|  return value|
|grp_fu_646_p_ce          |  out|    1|  ap_ctrl_hs|  krnl_bp_Pipeline_VITIS_LOOP_1045_3|  return value|
|grp_fu_670_p_din0        |  out|   64|  ap_ctrl_hs|  krnl_bp_Pipeline_VITIS_LOOP_1045_3|  return value|
|grp_fu_670_p_din1        |  out|   64|  ap_ctrl_hs|  krnl_bp_Pipeline_VITIS_LOOP_1045_3|  return value|
|grp_fu_670_p_opcode      |  out|    2|  ap_ctrl_hs|  krnl_bp_Pipeline_VITIS_LOOP_1045_3|  return value|
|grp_fu_670_p_dout0       |   in|   64|  ap_ctrl_hs|  krnl_bp_Pipeline_VITIS_LOOP_1045_3|  return value|
|grp_fu_670_p_ce          |  out|    1|  ap_ctrl_hs|  krnl_bp_Pipeline_VITIS_LOOP_1045_3|  return value|
|sub1                     |   in|   32|     ap_none|                                sub1|        scalar|
|r_norm_1_out             |  out|   32|      ap_vld|                        r_norm_1_out|       pointer|
|r_norm_1_out_ap_vld      |  out|    1|      ap_vld|                        r_norm_1_out|       pointer|
|s_norm_1_out             |  out|   32|      ap_vld|                        s_norm_1_out|       pointer|
|s_norm_1_out_ap_vld      |  out|    1|      ap_vld|                        s_norm_1_out|       pointer|
|norm_x_1_out             |  out|   32|      ap_vld|                        norm_x_1_out|       pointer|
|norm_x_1_out_ap_vld      |  out|    1|      ap_vld|                        norm_x_1_out|       pointer|
|norm_z_1_out             |  out|   32|      ap_vld|                        norm_z_1_out|       pointer|
|norm_z_1_out_ap_vld      |  out|    1|      ap_vld|                        norm_z_1_out|       pointer|
|norm_u_out               |  out|   32|      ap_vld|                          norm_u_out|       pointer|
|norm_u_out_ap_vld        |  out|    1|      ap_vld|                          norm_u_out|       pointer|
|z_old_stream_dout        |   in|   32|     ap_fifo|                        z_old_stream|       pointer|
|z_old_stream_empty_n     |   in|    1|     ap_fifo|                        z_old_stream|       pointer|
|z_old_stream_read        |  out|    1|     ap_fifo|                        z_old_stream|       pointer|
|z_old_stream_din         |  out|   32|     ap_fifo|                        z_old_stream|       pointer|
|z_old_stream_full_n      |   in|    1|     ap_fifo|                        z_old_stream|       pointer|
|z_old_stream_write       |  out|    1|     ap_fifo|                        z_old_stream|       pointer|
|u_stream_dout            |   in|   32|     ap_fifo|                            u_stream|       pointer|
|u_stream_empty_n         |   in|    1|     ap_fifo|                            u_stream|       pointer|
|u_stream_read            |  out|    1|     ap_fifo|                            u_stream|       pointer|
|u_stream_din             |  out|   32|     ap_fifo|                            u_stream|       pointer|
|u_stream_full_n          |   in|    1|     ap_fifo|                            u_stream|       pointer|
|u_stream_write           |  out|    1|     ap_fifo|                            u_stream|       pointer|
|x_bram_address0          |  out|    3|   ap_memory|                              x_bram|         array|
|x_bram_ce0               |  out|    1|   ap_memory|                              x_bram|         array|
|x_bram_q0                |   in|   32|   ap_memory|                              x_bram|         array|
|z_copy_2_stream_dout     |   in|   32|     ap_fifo|                     z_copy_2_stream|       pointer|
|z_copy_2_stream_empty_n  |   in|    1|     ap_fifo|                     z_copy_2_stream|       pointer|
|z_copy_2_stream_read     |  out|    1|     ap_fifo|                     z_copy_2_stream|       pointer|
|z_copy_2_stream_din      |  out|   32|     ap_fifo|                     z_copy_2_stream|       pointer|
|z_copy_2_stream_full_n   |   in|    1|     ap_fifo|                     z_copy_2_stream|       pointer|
|z_copy_2_stream_write    |  out|    1|     ap_fifo|                     z_copy_2_stream|       pointer|
+-------------------------+-----+-----+------------+------------------------------------+--------------+

